Removed Parameter Arena Prefix:120 from Part C1
Removed Parameter Arena Prefix:120 from Part C2
Removed Parameter Arena Prefix:120 from Part C3
Removed Parameter Arena Prefix:120 from Part C4
Removed Parameter Arena Prefix:120 from Part C5
Removed Parameter Arena Prefix:120 from Part C6
Removed Parameter Arena Prefix:120 from Part C7
Removed Parameter Arena Prefix:120 from Part C8
Removed Parameter Arena Prefix:120 from Part C9
Removed Parameter Arena Prefix:120 from Part C10
Removed Parameter Arena Prefix:125 from Part J3
Removed Parameter Arena Prefix:140 from Part D2
Removed Parameter Arena Prefix:150 from Part U2
Removed Parameter Arena Prefix:150 from Part U3
Removed Parameter Arena Prefix:180 from Part R1
Removed Parameter Arena Prefix:180 from Part R2
Removed Parameter Arena Prefix:180 from Part R5
Removed Parameter Arena Prefix:180 from Part R6
Removed Parameter Arena Prefix:185 from Part P2
Removed Parameter Arena Prefix:185 from Part P6
Removed Parameter Arena Prefix:185 from Part S1
Removed Parameter Arena Prefix:185 from Part S2
Removed Parameter Arena Prefix:185 from Part SW1
Added Parameter LCO p/n=120-00002 to Part C3
Added Parameter LCO p/n=120-00002 to Part C4
Added Parameter LCO p/n=120-00002 to Part C6
Added Parameter LCO p/n=120-00002 to Part C7
Added Parameter LCO p/n=120-00002 to Part C9
Added Parameter LCO p/n=120-00002 to Part C10
Added Parameter LCO p/n=120-00005 to Part C2
Added Parameter LCO p/n=120-00006 to Part C1
Added Parameter LCO p/n=120-00006 to Part C5
Added Parameter LCO p/n=120-00006 to Part C8
Added Parameter LCO p/n=125-00004 to Part P2
Added Parameter LCO p/n=125-00005 to Part P6
Added Parameter LCO p/n=125-00007 to Part J3
Added Parameter LCO p/n=140-00001 to Part D2
Added Parameter LCO p/n=150-00004 to Part U2
Added Parameter LCO p/n=150-00008 to Part U3
Added Parameter LCO p/n=180-00013 to Part R6
Added Parameter LCO p/n=181-01002 to Part R1
Added Parameter LCO p/n=181-01002 to Part R2
Added Parameter LCO p/n=181-01003 to Part R5
Added Parameter LCO p/n=185-00002 to Part SW1
Added Parameter LCO p/n=185-00003 to Part S2
Added Parameter LCO p/n=185-00005 to Part S1
