Added Parameter Arena Prefix=120 to Part C1
Added Parameter Arena Prefix=120 to Part C2
Added Parameter Arena Prefix=120 to Part C3
Added Parameter Arena Prefix=120 to Part C4
Added Parameter Arena Prefix=120 to Part C5
Added Parameter Arena Prefix=120 to Part C6
Added Parameter Arena Prefix=120 to Part C7
Added Parameter Arena Prefix=120 to Part C8
Added Parameter Arena Prefix=120 to Part C9
Added Parameter Arena Prefix=120 to Part C10
Added Parameter Arena Prefix=125 to Part J3
Added Parameter Arena Prefix=140 to Part D2
Added Parameter Arena Prefix=150 to Part U2
Added Parameter Arena Prefix=150 to Part U3
Added Parameter Arena Prefix=180 to Part R1
Added Parameter Arena Prefix=180 to Part R2
Added Parameter Arena Prefix=180 to Part R5
Added Parameter Arena Prefix=180 to Part R6
Added Parameter Arena Prefix=185 to Part P2
Added Parameter Arena Prefix=185 to Part P6
Added Parameter Arena Prefix=185 to Part S1
Added Parameter Arena Prefix=185 to Part S2
Added Parameter Arena Prefix=185 to Part SW1
Added Parameter Arena Type=Capacitor to Part C1
Added Parameter Arena Type=Capacitor to Part C2
Added Parameter Arena Type=Capacitor to Part C3
Added Parameter Arena Type=Capacitor to Part C4
Added Parameter Arena Type=Capacitor to Part C5
Added Parameter Arena Type=Capacitor to Part C6
Added Parameter Arena Type=Capacitor to Part C7
Added Parameter Arena Type=Capacitor to Part C8
Added Parameter Arena Type=Capacitor to Part C9
Added Parameter Arena Type=Capacitor to Part C10
Added Parameter Arena Type=Connector to Part J3
Added Parameter Arena Type=Diode to Part D2
Added Parameter Arena Type=IC to Part U2
Added Parameter Arena Type=IC to Part U3
Added Parameter Arena Type=Resistor to Part R1
Added Parameter Arena Type=Resistor to Part R2
Added Parameter Arena Type=Resistor to Part R5
Added Parameter Arena Type=Resistor to Part R6
Added Parameter Arena Type=Switch to Part P2
Added Parameter Arena Type=Switch to Part P6
Added Parameter Arena Type=Switch to Part S1
Added Parameter Arena Type=Switch to Part S2
Added Parameter Arena Type=Switch to Part SW1
