Added Parameter Arena Prefix=120 to Part C12
Added Parameter Arena Prefix=120 to Part C13
Added Parameter Arena Prefix=120 to Part C14
Added Parameter Arena Prefix=120 to Part C15
Added Parameter Arena Prefix=120 to Part C16
Added Parameter Arena Prefix=120 to Part C17
Added Parameter Arena Prefix=120 to Part C18
Added Parameter Arena Prefix=120 to Part C19
Added Parameter Arena Prefix=120 to Part C20
Added Parameter Arena Prefix=120 to Part C21
Added Parameter Arena Prefix=120 to Part C22
Added Parameter Arena Prefix=120 to Part C23
Added Parameter Arena Prefix=120 to Part C54
Added Parameter Arena Prefix=120 to Part C55
Added Parameter Arena Prefix=120 to Part C65
Added Parameter Arena Prefix=125 to Part TP1
Added Parameter Arena Prefix=125 to Part TP2
Added Parameter Arena Prefix=125 to Part TP3
Added Parameter Arena Prefix=125 to Part TP4
Added Parameter Arena Prefix=125 to Part TP5
Added Parameter Arena Prefix=125 to Part TP6
Added Parameter Arena Prefix=125 to Part TP7
Added Parameter Arena Prefix=125 to Part TP8
Added Parameter Arena Prefix=125 to Part TP9
Added Parameter Arena Prefix=125 to Part TP10
Added Parameter Arena Prefix=125 to Part TP11
Added Parameter Arena Prefix=125 to Part TP12
Added Parameter Arena Prefix=125 to Part TP13
Added Parameter Arena Prefix=125 to Part TP14
Added Parameter Arena Prefix=125 to Part TP15
Added Parameter Arena Prefix=125 to Part TP16
Added Parameter Arena Prefix=125 to Part TP17
Added Parameter Arena Prefix=140 to Part D3
Added Parameter Arena Prefix=140 to Part D4
Added Parameter Arena Prefix=140 to Part D5
Added Parameter Arena Prefix=150 to Part U5
Added Parameter Arena Prefix=150 to Part U6
Added Parameter Arena Prefix=150 to Part U7
Added Parameter Arena Prefix=150 to Part U8
Added Parameter Arena Prefix=150 to Part U9
Added Parameter Arena Prefix=150 to Part U20
Added Parameter Arena Prefix=150 to Part U20
Added Parameter Arena Prefix=155 to Part L1
Added Parameter Arena Prefix=180 to Part R8
Added Parameter Arena Prefix=180 to Part R9
Added Parameter Arena Prefix=180 to Part R10
Added Parameter Arena Prefix=180 to Part R11
Added Parameter Arena Prefix=180 to Part R12
Added Parameter Arena Prefix=180 to Part R27
Added Parameter Arena Prefix=180 to Part R32
Added Parameter Arena Prefix=185 to Part K1
Added Parameter Arena Prefix=185 to Part K1
Added Parameter Arena Prefix=185 to Part K1
Added Parameter Arena Prefix=185 to Part L2
Added Parameter Arena Prefix=185 to Part L3
Added Parameter Arena Prefix=195 to Part Q1
Added Parameter Arena Prefix=195 to Part Q2
Added Parameter Arena Prefix=195 to Part Q3
Added Parameter Arena Prefix=195 to Part Q5
Added Parameter Arena Prefix=195 to Part Q6
Added Parameter Arena Type=Capacitor to Part C12
Added Parameter Arena Type=Capacitor to Part C13
Added Parameter Arena Type=Capacitor to Part C14
Added Parameter Arena Type=Capacitor to Part C15
Added Parameter Arena Type=Capacitor to Part C16
Added Parameter Arena Type=Capacitor to Part C17
Added Parameter Arena Type=Capacitor to Part C18
Added Parameter Arena Type=Capacitor to Part C19
Added Parameter Arena Type=Capacitor to Part C20
Added Parameter Arena Type=Capacitor to Part C21
Added Parameter Arena Type=Capacitor to Part C22
Added Parameter Arena Type=Capacitor to Part C23
Added Parameter Arena Type=Capacitor to Part C54
Added Parameter Arena Type=Capacitor to Part C55
Added Parameter Arena Type=Capacitor to Part C65
Added Parameter Arena Type=Connector to Part TP1
Added Parameter Arena Type=Connector to Part TP2
Added Parameter Arena Type=Connector to Part TP3
Added Parameter Arena Type=Connector to Part TP4
Added Parameter Arena Type=Connector to Part TP5
Added Parameter Arena Type=Connector to Part TP6
Added Parameter Arena Type=Connector to Part TP7
Added Parameter Arena Type=Connector to Part TP8
Added Parameter Arena Type=Connector to Part TP9
Added Parameter Arena Type=Connector to Part TP10
Added Parameter Arena Type=Connector to Part TP11
Added Parameter Arena Type=Connector to Part TP12
Added Parameter Arena Type=Connector to Part TP13
Added Parameter Arena Type=Connector to Part TP14
Added Parameter Arena Type=Connector to Part TP15
Added Parameter Arena Type=Connector to Part TP16
Added Parameter Arena Type=Connector to Part TP17
Added Parameter Arena Type=Diode to Part D3
Added Parameter Arena Type=Diode to Part D4
Added Parameter Arena Type=Diode to Part D5
Added Parameter Arena Type=IC to Part U5
Added Parameter Arena Type=IC to Part U6
Added Parameter Arena Type=IC to Part U7
Added Parameter Arena Type=IC to Part U8
Added Parameter Arena Type=IC to Part U9
Added Parameter Arena Type=IC to Part U20
Added Parameter Arena Type=IC to Part U20
Added Parameter Arena Type=Inductor to Part L1
Added Parameter Arena Type=Resistor to Part R8
Added Parameter Arena Type=Resistor to Part R9
Added Parameter Arena Type=Resistor to Part R10
Added Parameter Arena Type=Resistor to Part R11
Added Parameter Arena Type=Resistor to Part R12
Added Parameter Arena Type=Resistor to Part R27
Added Parameter Arena Type=Resistor to Part R32
Added Parameter Arena Type=Switch to Part K1
Added Parameter Arena Type=Switch to Part K1
Added Parameter Arena Type=Switch to Part K1
Added Parameter Arena Type=Switch to Part L2
Added Parameter Arena Type=Switch to Part L3
Added Parameter Arena Type=Transistor to Part Q1
Added Parameter Arena Type=Transistor to Part Q2
Added Parameter Arena Type=Transistor to Part Q3
Added Parameter Arena Type=Transistor to Part Q5
Added Parameter Arena Type=Transistor to Part Q6
