Removed Parameter Arena Prefix:120 from Part C12
Removed Parameter Arena Prefix:120 from Part C13
Removed Parameter Arena Prefix:120 from Part C14
Removed Parameter Arena Prefix:120 from Part C15
Removed Parameter Arena Prefix:120 from Part C16
Removed Parameter Arena Prefix:120 from Part C17
Removed Parameter Arena Prefix:120 from Part C18
Removed Parameter Arena Prefix:120 from Part C19
Removed Parameter Arena Prefix:120 from Part C20
Removed Parameter Arena Prefix:120 from Part C21
Removed Parameter Arena Prefix:120 from Part C22
Removed Parameter Arena Prefix:120 from Part C23
Removed Parameter Arena Prefix:120 from Part C54
Removed Parameter Arena Prefix:120 from Part C55
Removed Parameter Arena Prefix:120 from Part C65
Removed Parameter Arena Prefix:125 from Part TP1
Removed Parameter Arena Prefix:125 from Part TP2
Removed Parameter Arena Prefix:125 from Part TP3
Removed Parameter Arena Prefix:125 from Part TP4
Removed Parameter Arena Prefix:125 from Part TP5
Removed Parameter Arena Prefix:125 from Part TP6
Removed Parameter Arena Prefix:125 from Part TP7
Removed Parameter Arena Prefix:125 from Part TP8
Removed Parameter Arena Prefix:125 from Part TP9
Removed Parameter Arena Prefix:125 from Part TP10
Removed Parameter Arena Prefix:125 from Part TP11
Removed Parameter Arena Prefix:125 from Part TP12
Removed Parameter Arena Prefix:125 from Part TP13
Removed Parameter Arena Prefix:125 from Part TP14
Removed Parameter Arena Prefix:125 from Part TP15
Removed Parameter Arena Prefix:125 from Part TP16
Removed Parameter Arena Prefix:125 from Part TP17
Removed Parameter Arena Prefix:140 from Part D3
Removed Parameter Arena Prefix:140 from Part D4
Removed Parameter Arena Prefix:140 from Part D5
Removed Parameter Arena Prefix:150 from Part U5
Removed Parameter Arena Prefix:150 from Part U6
Removed Parameter Arena Prefix:150 from Part U7
Removed Parameter Arena Prefix:150 from Part U8
Removed Parameter Arena Prefix:150 from Part U9
Removed Parameter Arena Prefix:150 from Part U20
Removed Parameter Arena Prefix:150 from Part U20
Removed Parameter Arena Prefix:155 from Part L1
Removed Parameter Arena Prefix:180 from Part R8
Removed Parameter Arena Prefix:180 from Part R9
Removed Parameter Arena Prefix:180 from Part R10
Removed Parameter Arena Prefix:180 from Part R11
Removed Parameter Arena Prefix:180 from Part R12
Removed Parameter Arena Prefix:180 from Part R27
Removed Parameter Arena Prefix:180 from Part R32
Removed Parameter Arena Prefix:185 from Part K1
Removed Parameter Arena Prefix:185 from Part K1
Removed Parameter Arena Prefix:185 from Part K1
Removed Parameter Arena Prefix:185 from Part L2
Removed Parameter Arena Prefix:185 from Part L3
Removed Parameter Arena Prefix:195 from Part Q1
Removed Parameter Arena Prefix:195 from Part Q2
Removed Parameter Arena Prefix:195 from Part Q3
Removed Parameter Arena Prefix:195 from Part Q5
Removed Parameter Arena Prefix:195 from Part Q6
Added Parameter LCO p/n=120-00002 to Part C12
Added Parameter LCO p/n=120-00002 to Part C13
Added Parameter LCO p/n=120-00002 to Part C14
Added Parameter LCO p/n=120-00002 to Part C15
Added Parameter LCO p/n=120-00002 to Part C16
Added Parameter LCO p/n=120-00002 to Part C18
Added Parameter LCO p/n=120-00002 to Part C19
Added Parameter LCO p/n=120-00002 to Part C20
Added Parameter LCO p/n=120-00002 to Part C22
Added Parameter LCO p/n=120-00002 to Part C23
Added Parameter LCO p/n=120-00002 to Part C65
Added Parameter LCO p/n=120-00005 to Part C17
Added Parameter LCO p/n=120-00006 to Part C21
Added Parameter LCO p/n=120-00007 to Part C54
Added Parameter LCO p/n=120-00007 to Part C55
Added Parameter LCO p/n=140-00002 to Part D3
Added Parameter LCO p/n=140-00002 to Part D4
Added Parameter LCO p/n=140-00002 to Part D5
Added Parameter LCO p/n=150-00002 to Part U5
Added Parameter LCO p/n=150-00002 to Part U6
Added Parameter LCO p/n=150-00002 to Part U8
Added Parameter LCO p/n=150-00005 to Part U20
Added Parameter LCO p/n=150-00005 to Part U20
Added Parameter LCO p/n=150-00006 to Part U9
Added Parameter LCO p/n=150-00010 to Part U7
Added Parameter LCO p/n=155-00002 to Part L2
Added Parameter LCO p/n=155-00004 to Part L1
Added Parameter LCO p/n=155-00004 to Part L3
Added Parameter LCO p/n=160-00001 to Part TP1
Added Parameter LCO p/n=160-00001 to Part TP2
Added Parameter LCO p/n=160-00001 to Part TP3
Added Parameter LCO p/n=160-00001 to Part TP4
Added Parameter LCO p/n=160-00001 to Part TP5
Added Parameter LCO p/n=160-00001 to Part TP6
Added Parameter LCO p/n=160-00001 to Part TP7
Added Parameter LCO p/n=160-00001 to Part TP8
Added Parameter LCO p/n=160-00001 to Part TP9
Added Parameter LCO p/n=160-00001 to Part TP10
Added Parameter LCO p/n=160-00001 to Part TP11
Added Parameter LCO p/n=160-00001 to Part TP12
Added Parameter LCO p/n=160-00001 to Part TP13
Added Parameter LCO p/n=160-00001 to Part TP14
Added Parameter LCO p/n=160-00001 to Part TP15
Added Parameter LCO p/n=160-00001 to Part TP16
Added Parameter LCO p/n=160-00001 to Part TP17
Added Parameter LCO p/n=180-00001 to Part R8
Added Parameter LCO p/n=180-00001 to Part R10
Added Parameter LCO p/n=180-00002 to Part R9
Added Parameter LCO p/n=180-00009 to Part R27
Added Parameter LCO p/n=180-00009 to Part R32
Added Parameter LCO p/n=181-01003 to Part R12
Added Parameter LCO p/n=181-02001 to Part R11
Added Parameter LCO p/n=185-00006 to Part K1
Added Parameter LCO p/n=185-00006 to Part K1
Added Parameter LCO p/n=185-00006 to Part K1
Added Parameter LCO p/n=195-00002 to Part Q1
Added Parameter LCO p/n=195-00002 to Part Q2
Added Parameter LCO p/n=195-00002 to Part Q3
Added Parameter LCO p/n=195-00002 to Part Q5
Added Parameter LCO p/n=195-00002 to Part Q6
