Added Parameter Arena Prefix=120 to Part C24
Added Parameter Arena Prefix=120 to Part C25
Added Parameter Arena Prefix=120 to Part C26
Added Parameter Arena Prefix=120 to Part C27
Added Parameter Arena Prefix=120 to Part C28
Added Parameter Arena Prefix=120 to Part C29
Added Parameter Arena Prefix=120 to Part C30
Added Parameter Arena Prefix=120 to Part C31
Added Parameter Arena Prefix=120 to Part C32
Added Parameter Arena Prefix=120 to Part C33
Added Parameter Arena Prefix=120 to Part C34
Added Parameter Arena Prefix=120 to Part C35
Added Parameter Arena Prefix=120 to Part C36
Added Parameter Arena Prefix=120 to Part C37
Added Parameter Arena Prefix=120 to Part C38
Added Parameter Arena Prefix=120 to Part C39
Added Parameter Arena Prefix=125 to Part TP18
Added Parameter Arena Prefix=125 to Part TP19
Added Parameter Arena Prefix=125 to Part TP20
Added Parameter Arena Prefix=125 to Part TP21
Added Parameter Arena Prefix=125 to Part TP22
Added Parameter Arena Prefix=125 to Part TP23
Added Parameter Arena Prefix=125 to Part TP24
Added Parameter Arena Prefix=125 to Part TP25
Added Parameter Arena Prefix=125 to Part TP26
Added Parameter Arena Prefix=125 to Part TP27
Added Parameter Arena Prefix=125 to Part TP28
Added Parameter Arena Prefix=125 to Part TP29
Added Parameter Arena Prefix=125 to Part TP30
Added Parameter Arena Prefix=125 to Part TP31
Added Parameter Arena Prefix=140 to Part D6
Added Parameter Arena Prefix=140 to Part D7
Added Parameter Arena Prefix=140 to Part D8
Added Parameter Arena Prefix=140 to Part D9
Added Parameter Arena Prefix=150 to Part U9
Added Parameter Arena Prefix=150 to Part U10
Added Parameter Arena Prefix=150 to Part U11
Added Parameter Arena Prefix=150 to Part U12
Added Parameter Arena Prefix=155 to Part F1
Added Parameter Arena Prefix=155 to Part FER1
Added Parameter Arena Prefix=155 to Part FER2
Added Parameter Arena Prefix=155 to Part FER3
Added Parameter Arena Prefix=180 to Part R13
Added Parameter Arena Prefix=180 to Part R14
Added Parameter Arena Prefix=180 to Part R15
Added Parameter Arena Prefix=195 to Part Q4
Added Parameter Arena Type=Capacitor to Part C24
Added Parameter Arena Type=Capacitor to Part C25
Added Parameter Arena Type=Capacitor to Part C26
Added Parameter Arena Type=Capacitor to Part C27
Added Parameter Arena Type=Capacitor to Part C28
Added Parameter Arena Type=Capacitor to Part C29
Added Parameter Arena Type=Capacitor to Part C30
Added Parameter Arena Type=Capacitor to Part C31
Added Parameter Arena Type=Capacitor to Part C32
Added Parameter Arena Type=Capacitor to Part C33
Added Parameter Arena Type=Capacitor to Part C34
Added Parameter Arena Type=Capacitor to Part C35
Added Parameter Arena Type=Capacitor to Part C36
Added Parameter Arena Type=Capacitor to Part C37
Added Parameter Arena Type=Capacitor to Part C38
Added Parameter Arena Type=Capacitor to Part C39
Added Parameter Arena Type=Connector to Part TP18
Added Parameter Arena Type=Connector to Part TP19
Added Parameter Arena Type=Connector to Part TP20
Added Parameter Arena Type=Connector to Part TP21
Added Parameter Arena Type=Connector to Part TP22
Added Parameter Arena Type=Connector to Part TP23
Added Parameter Arena Type=Connector to Part TP24
Added Parameter Arena Type=Connector to Part TP25
Added Parameter Arena Type=Connector to Part TP26
Added Parameter Arena Type=Connector to Part TP27
Added Parameter Arena Type=Connector to Part TP28
Added Parameter Arena Type=Connector to Part TP29
Added Parameter Arena Type=Connector to Part TP30
Added Parameter Arena Type=Connector to Part TP31
Added Parameter Arena Type=Diode to Part D6
Added Parameter Arena Type=Diode to Part D7
Added Parameter Arena Type=Diode to Part D8
Added Parameter Arena Type=Diode to Part D9
Added Parameter Arena Type=IC to Part U9
Added Parameter Arena Type=IC to Part U10
Added Parameter Arena Type=IC to Part U11
Added Parameter Arena Type=IC to Part U12
Added Parameter Arena Type=Inductor to Part F1
Added Parameter Arena Type=Inductor to Part FER1
Added Parameter Arena Type=Inductor to Part FER2
Added Parameter Arena Type=Inductor to Part FER3
Added Parameter Arena Type=Resistor to Part R13
Added Parameter Arena Type=Resistor to Part R14
Added Parameter Arena Type=Resistor to Part R15
Added Parameter Arena Type=Transistor to Part Q4
