Removed Parameter Arena Prefix:120 from Part C24
Removed Parameter Arena Prefix:120 from Part C25
Removed Parameter Arena Prefix:120 from Part C26
Removed Parameter Arena Prefix:120 from Part C27
Removed Parameter Arena Prefix:120 from Part C28
Removed Parameter Arena Prefix:120 from Part C29
Removed Parameter Arena Prefix:120 from Part C30
Removed Parameter Arena Prefix:120 from Part C31
Removed Parameter Arena Prefix:120 from Part C32
Removed Parameter Arena Prefix:120 from Part C33
Removed Parameter Arena Prefix:120 from Part C34
Removed Parameter Arena Prefix:120 from Part C35
Removed Parameter Arena Prefix:120 from Part C36
Removed Parameter Arena Prefix:120 from Part C37
Removed Parameter Arena Prefix:120 from Part C38
Removed Parameter Arena Prefix:120 from Part C39
Removed Parameter Arena Prefix:125 from Part TP18
Removed Parameter Arena Prefix:125 from Part TP19
Removed Parameter Arena Prefix:125 from Part TP20
Removed Parameter Arena Prefix:125 from Part TP21
Removed Parameter Arena Prefix:125 from Part TP22
Removed Parameter Arena Prefix:125 from Part TP23
Removed Parameter Arena Prefix:125 from Part TP24
Removed Parameter Arena Prefix:125 from Part TP25
Removed Parameter Arena Prefix:125 from Part TP26
Removed Parameter Arena Prefix:125 from Part TP27
Removed Parameter Arena Prefix:125 from Part TP28
Removed Parameter Arena Prefix:125 from Part TP29
Removed Parameter Arena Prefix:125 from Part TP30
Removed Parameter Arena Prefix:125 from Part TP31
Removed Parameter Arena Prefix:140 from Part D6
Removed Parameter Arena Prefix:140 from Part D7
Removed Parameter Arena Prefix:140 from Part D8
Removed Parameter Arena Prefix:140 from Part D9
Removed Parameter Arena Prefix:150 from Part U9
Removed Parameter Arena Prefix:150 from Part U10
Removed Parameter Arena Prefix:150 from Part U11
Removed Parameter Arena Prefix:150 from Part U12
Removed Parameter Arena Prefix:155 from Part F1
Removed Parameter Arena Prefix:155 from Part FER1
Removed Parameter Arena Prefix:155 from Part FER2
Removed Parameter Arena Prefix:155 from Part FER3
Removed Parameter Arena Prefix:180 from Part R13
Removed Parameter Arena Prefix:180 from Part R14
Removed Parameter Arena Prefix:180 from Part R15
Removed Parameter Arena Prefix:195 from Part Q4
Added Parameter LCO p/n=120-00001 to Part C27
Added Parameter LCO p/n=120-00001 to Part C29
Added Parameter LCO p/n=120-00001 to Part C36
Added Parameter LCO p/n=120-00002 to Part C28
Added Parameter LCO p/n=120-00002 to Part C30
Added Parameter LCO p/n=120-00002 to Part C31
Added Parameter LCO p/n=120-00002 to Part C35
Added Parameter LCO p/n=120-00005 to Part C24
Added Parameter LCO p/n=120-00006 to Part C25
Added Parameter LCO p/n=120-00006 to Part C26
Added Parameter LCO p/n=120-00006 to Part C32
Added Parameter LCO p/n=120-00006 to Part C33
Added Parameter LCO p/n=120-00006 to Part C34
Added Parameter LCO p/n=120-00009 to Part C37
Added Parameter LCO p/n=120-00009 to Part C38
Added Parameter LCO p/n=120-00009 to Part C39
Added Parameter LCO p/n=140-00003 to Part D6
Added Parameter LCO p/n=140-00003 to Part D7
Added Parameter LCO p/n=140-00004 to Part D9
Added Parameter LCO p/n=140-00005 to Part D8
Added Parameter LCO p/n=145-00002 to Part F1
Added Parameter LCO p/n=150-00006 to Part U9
Added Parameter LCO p/n=150-00007 to Part U10
Added Parameter LCO p/n=150-00013 to Part U11
Added Parameter LCO p/n=150-00014 to Part U12
Added Parameter LCO p/n=155-00001 to Part FER1
Added Parameter LCO p/n=155-00001 to Part FER2
Added Parameter LCO p/n=155-00003 to Part FER3
Added Parameter LCO p/n=160-00001 to Part TP18
Added Parameter LCO p/n=160-00001 to Part TP19
Added Parameter LCO p/n=160-00001 to Part TP20
Added Parameter LCO p/n=160-00001 to Part TP21
Added Parameter LCO p/n=160-00001 to Part TP22
Added Parameter LCO p/n=160-00001 to Part TP23
Added Parameter LCO p/n=160-00001 to Part TP24
Added Parameter LCO p/n=160-00001 to Part TP25
Added Parameter LCO p/n=160-00001 to Part TP26
Added Parameter LCO p/n=160-00001 to Part TP27
Added Parameter LCO p/n=160-00001 to Part TP28
Added Parameter LCO p/n=160-00001 to Part TP29
Added Parameter LCO p/n=160-00001 to Part TP30
Added Parameter LCO p/n=160-00001 to Part TP31
Added Parameter LCO p/n=181-010R0 to Part R13
Added Parameter LCO p/n=181-01002 to Part R15
Added Parameter LCO p/n=181-01003 to Part R14
Added Parameter LCO p/n=195-00001 to Part Q4
