Removed Parameter Arena Prefix:120 from Part C40
Removed Parameter Arena Prefix:120 from Part C41
Removed Parameter Arena Prefix:120 from Part C42
Removed Parameter Arena Prefix:120 from Part C43
Removed Parameter Arena Prefix:120 from Part C44
Removed Parameter Arena Prefix:120 from Part C45
Removed Parameter Arena Prefix:120 from Part C46
Removed Parameter Arena Prefix:120 from Part C47
Removed Parameter Arena Prefix:120 from Part C48
Removed Parameter Arena Prefix:120 from Part C49
Removed Parameter Arena Prefix:120 from Part C50
Removed Parameter Arena Prefix:120 from Part C51
Removed Parameter Arena Prefix:120 from Part C52
Removed Parameter Arena Prefix:120 from Part C53
Removed Parameter Arena Prefix:120 from Part C63
Removed Parameter Arena Prefix:120 from Part C64
Removed Parameter Arena Prefix:125 from Part TP32
Removed Parameter Arena Prefix:125 from Part TP33
Removed Parameter Arena Prefix:125 from Part TP34
Removed Parameter Arena Prefix:125 from Part TP35
Removed Parameter Arena Prefix:125 from Part TP44
Removed Parameter Arena Prefix:125 from Part TP45
Removed Parameter Arena Prefix:150 from Part U13
Removed Parameter Arena Prefix:150 from Part U13
Removed Parameter Arena Prefix:150 from Part U13
Removed Parameter Arena Prefix:150 from Part U13
Removed Parameter Arena Prefix:150 from Part U13
Removed Parameter Arena Prefix:150 from Part U14
Removed Parameter Arena Prefix:150 from Part U17
Removed Parameter Arena Prefix:150 from Part U18
Removed Parameter Arena Prefix:180 from Part R29
Removed Parameter Arena Prefix:180 from Part R30
Removed Parameter Arena Prefix:180 from Part R31
Removed Parameter Arena Prefix:180 from Part R33
Removed Parameter Arena Prefix:180 from Part R34
Removed Parameter Arena Prefix:195 from Part Q8
Removed Parameter Arena Prefix:195 from Part Q9
Removed Parameter Arena Prefix:195 from Part Q10
Added Parameter LCO p/n=120-00001 to Part C42
Added Parameter LCO p/n=120-00002 to Part C40
Added Parameter LCO p/n=120-00002 to Part C41
Added Parameter LCO p/n=120-00002 to Part C43
Added Parameter LCO p/n=120-00002 to Part C44
Added Parameter LCO p/n=120-00002 to Part C45
Added Parameter LCO p/n=120-00002 to Part C46
Added Parameter LCO p/n=120-00002 to Part C47
Added Parameter LCO p/n=120-00002 to Part C48
Added Parameter LCO p/n=120-00002 to Part C49
Added Parameter LCO p/n=120-00002 to Part C50
Added Parameter LCO p/n=120-00002 to Part C51
Added Parameter LCO p/n=120-00002 to Part C52
Added Parameter LCO p/n=120-00002 to Part C53
Added Parameter LCO p/n=120-00003 to Part C64
Added Parameter LCO p/n=120-00004 to Part C63
Added Parameter LCO p/n=150-00003 to Part U17
Added Parameter LCO p/n=150-00003 to Part U18
Added Parameter LCO p/n=150-00009 to Part U14
Added Parameter LCO p/n=150-00011 to Part U13
Added Parameter LCO p/n=150-00011 to Part U13
Added Parameter LCO p/n=150-00011 to Part U13
Added Parameter LCO p/n=150-00011 to Part U13
Added Parameter LCO p/n=150-00011 to Part U13
Added Parameter LCO p/n=160-00001 to Part TP32
Added Parameter LCO p/n=160-00001 to Part TP33
Added Parameter LCO p/n=160-00001 to Part TP34
Added Parameter LCO p/n=160-00001 to Part TP35
Added Parameter LCO p/n=160-00001 to Part TP44
Added Parameter LCO p/n=160-00001 to Part TP45
Added Parameter LCO p/n=180-00012 to Part R29
Added Parameter LCO p/n=180-00012 to Part R30
Added Parameter LCO p/n=180-00012 to Part R31
Added Parameter LCO p/n=181-024R9 to Part R34
Added Parameter LCO p/n=181-01210 to Part R33
Added Parameter LCO p/n=195-00002 to Part Q8
Added Parameter LCO p/n=195-00002 to Part Q9
Added Parameter LCO p/n=195-00002 to Part Q10
