Added Parameter Arena Prefix=120 to Part C40
Added Parameter Arena Prefix=120 to Part C41
Added Parameter Arena Prefix=120 to Part C42
Added Parameter Arena Prefix=120 to Part C43
Added Parameter Arena Prefix=120 to Part C44
Added Parameter Arena Prefix=120 to Part C45
Added Parameter Arena Prefix=120 to Part C46
Added Parameter Arena Prefix=120 to Part C47
Added Parameter Arena Prefix=120 to Part C48
Added Parameter Arena Prefix=120 to Part C49
Added Parameter Arena Prefix=120 to Part C50
Added Parameter Arena Prefix=120 to Part C51
Added Parameter Arena Prefix=120 to Part C52
Added Parameter Arena Prefix=120 to Part C53
Added Parameter Arena Prefix=120 to Part C63
Added Parameter Arena Prefix=120 to Part C64
Added Parameter Arena Prefix=125 to Part TP32
Added Parameter Arena Prefix=125 to Part TP33
Added Parameter Arena Prefix=125 to Part TP34
Added Parameter Arena Prefix=125 to Part TP35
Added Parameter Arena Prefix=125 to Part TP44
Added Parameter Arena Prefix=125 to Part TP45
Added Parameter Arena Prefix=150 to Part U13
Added Parameter Arena Prefix=150 to Part U13
Added Parameter Arena Prefix=150 to Part U13
Added Parameter Arena Prefix=150 to Part U13
Added Parameter Arena Prefix=150 to Part U13
Added Parameter Arena Prefix=150 to Part U14
Added Parameter Arena Prefix=150 to Part U17
Added Parameter Arena Prefix=150 to Part U18
Added Parameter Arena Prefix=180 to Part R29
Added Parameter Arena Prefix=180 to Part R30
Added Parameter Arena Prefix=180 to Part R31
Added Parameter Arena Prefix=180 to Part R33
Added Parameter Arena Prefix=180 to Part R34
Added Parameter Arena Prefix=195 to Part Q8
Added Parameter Arena Prefix=195 to Part Q9
Added Parameter Arena Prefix=195 to Part Q10
Added Parameter Arena Type=Capacitor to Part C40
Added Parameter Arena Type=Capacitor to Part C41
Added Parameter Arena Type=Capacitor to Part C42
Added Parameter Arena Type=Capacitor to Part C43
Added Parameter Arena Type=Capacitor to Part C44
Added Parameter Arena Type=Capacitor to Part C45
Added Parameter Arena Type=Capacitor to Part C46
Added Parameter Arena Type=Capacitor to Part C47
Added Parameter Arena Type=Capacitor to Part C48
Added Parameter Arena Type=Capacitor to Part C49
Added Parameter Arena Type=Capacitor to Part C50
Added Parameter Arena Type=Capacitor to Part C51
Added Parameter Arena Type=Capacitor to Part C52
Added Parameter Arena Type=Capacitor to Part C53
Added Parameter Arena Type=Capacitor to Part C63
Added Parameter Arena Type=Capacitor to Part C64
Added Parameter Arena Type=Connector to Part TP32
Added Parameter Arena Type=Connector to Part TP33
Added Parameter Arena Type=Connector to Part TP34
Added Parameter Arena Type=Connector to Part TP35
Added Parameter Arena Type=Connector to Part TP44
Added Parameter Arena Type=Connector to Part TP45
Added Parameter Arena Type=IC to Part U13
Added Parameter Arena Type=IC to Part U13
Added Parameter Arena Type=IC to Part U13
Added Parameter Arena Type=IC to Part U13
Added Parameter Arena Type=IC to Part U13
Added Parameter Arena Type=IC to Part U14
Added Parameter Arena Type=IC to Part U17
Added Parameter Arena Type=IC to Part U18
Added Parameter Arena Type=Resistor to Part R29
Added Parameter Arena Type=Resistor to Part R30
Added Parameter Arena Type=Resistor to Part R31
Added Parameter Arena Type=Resistor to Part R33
Added Parameter Arena Type=Resistor to Part R34
Added Parameter Arena Type=Transistor to Part Q8
Added Parameter Arena Type=Transistor to Part Q9
Added Parameter Arena Type=Transistor to Part Q10
