Removed Parameter Arena Prefix:120 from Part C11
Removed Parameter Arena Prefix:125 from Part J1
Removed Parameter Arena Prefix:125 from Part J2
Removed Parameter Arena Prefix:125 from Part P1
Removed Parameter Arena Prefix:125 from Part TP36
Removed Parameter Arena Prefix:125 from Part TP37
Removed Parameter Arena Prefix:125 from Part TP38
Removed Parameter Arena Prefix:125 from Part TP39
Removed Parameter Arena Prefix:125 from Part TP40
Removed Parameter Arena Prefix:125 from Part TP41
Removed Parameter Arena Prefix:125 from Part TP42
Removed Parameter Arena Prefix:125 from Part TP43
Removed Parameter Arena Prefix:140 from Part D1
Removed Parameter Arena Prefix:150 from Part U4
Removed Parameter Arena Prefix:150 from Part U15
Removed Parameter Arena Prefix:150 from Part U15
Removed Parameter Arena Prefix:150 from Part U15
Removed Parameter Arena Prefix:150 from Part U15
Removed Parameter Arena Prefix:150 from Part U16
Removed Parameter Arena Prefix:150 from Part U16
Removed Parameter Arena Prefix:150 from Part U16
Removed Parameter Arena Prefix:150 from Part U16
Removed Parameter Arena Prefix:155 from Part F2
Removed Parameter Arena Prefix:180 from Part R4
Removed Parameter Arena Prefix:180 from Part R7
Removed Parameter Arena Prefix:180 from Part R16
Removed Parameter Arena Prefix:180 from Part R17
Removed Parameter Arena Prefix:180 from Part R18
Removed Parameter Arena Prefix:180 from Part R19
Removed Parameter Arena Prefix:180 from Part R20
Removed Parameter Arena Prefix:180 from Part R21
Removed Parameter Arena Prefix:180 from Part R22
Removed Parameter Arena Prefix:180 from Part R23
Removed Parameter Arena Prefix:180 from Part R24
Removed Parameter Arena Prefix:180 from Part R25
Removed Parameter Arena Prefix:180 from Part R26
Removed Parameter Arena Prefix:180 from Part R28
Removed Parameter Arena Prefix:185 from Part P3
Removed Parameter Arena Prefix:185 from Part P4
Removed Parameter Arena Prefix:185 from Part P5
Added Parameter LCO p/n=120-00008 to Part C11
Added Parameter LCO p/n=125-00002 to Part P1
Added Parameter LCO p/n=125-00003 to Part J1
Added Parameter LCO p/n=125-00006 to Part P3
Added Parameter LCO p/n=125-00006 to Part P4
Added Parameter LCO p/n=125-00006 to Part P5
Added Parameter LCO p/n=125-00008 to Part J2
Added Parameter LCO p/n=140-00001 to Part D1
Added Parameter LCO p/n=145-00001 to Part F2
Added Parameter LCO p/n=150-00012 to Part U15
Added Parameter LCO p/n=150-00012 to Part U15
Added Parameter LCO p/n=150-00012 to Part U15
Added Parameter LCO p/n=150-00012 to Part U15
Added Parameter LCO p/n=150-00012 to Part U16
Added Parameter LCO p/n=150-00012 to Part U16
Added Parameter LCO p/n=150-00012 to Part U16
Added Parameter LCO p/n=150-00012 to Part U16
Added Parameter LCO p/n=150-00015 to Part U4
Added Parameter LCO p/n=160-00001 to Part TP36
Added Parameter LCO p/n=160-00001 to Part TP37
Added Parameter LCO p/n=160-00001 to Part TP38
Added Parameter LCO p/n=160-00001 to Part TP39
Added Parameter LCO p/n=160-00001 to Part TP40
Added Parameter LCO p/n=160-00001 to Part TP41
Added Parameter LCO p/n=160-00001 to Part TP42
Added Parameter LCO p/n=160-00001 to Part TP43
Added Parameter LCO p/n=180-00013 to Part R18
Added Parameter LCO p/n=180-00013 to Part R19
Added Parameter LCO p/n=180-00013 to Part R22
Added Parameter LCO p/n=180-00013 to Part R24
Added Parameter LCO p/n=180-00013 to Part R26
Added Parameter LCO p/n=181-01002 to Part R4
Added Parameter LCO p/n=181-01002 to Part R7
Added Parameter LCO p/n=181-01002 to Part R16
Added Parameter LCO p/n=181-02491 to Part R28
Added Parameter LCO p/n=181-03011 to Part R21
Added Parameter LCO p/n=181-04991 to Part R17
Added Parameter LCO p/n=181-04991 to Part R20
Added Parameter LCO p/n=181-04991 to Part R23
Added Parameter LCO p/n=181-04991 to Part R25
