Change Value of Parameter COST in Part U16 Old= New=3.15
Change Value of Parameter Manufacturer in Part U16 Old= New=NEC
Change Value of Parameter Manuf p/n in Part U16 Old= New=PS2811-4-A
Change Value of Parameter VALUE in Part U16 Old= New=OPTO 4CH
Change Value of Parameter Vendor in Part U16 Old= New=DigiKey
Change Value of Parameter Vendor Mult. in Part U16 Old= New=1
Change Value of Parameter Vendor p/n in Part U16 Old= New=PS2811-4A-ND
Change Value of Parameter COST in Part U16 Old= New=3.15
Change Value of Parameter Manufacturer in Part U16 Old= New=NEC
Change Value of Parameter Manuf p/n in Part U16 Old= New=PS2811-4-A
Change Value of Parameter VALUE in Part U16 Old= New=OPTO 4CH
Change Value of Parameter Vendor in Part U16 Old= New=DigiKey
Change Value of Parameter Vendor Mult. in Part U16 Old= New=1
Change Value of Parameter Vendor p/n in Part U16 Old= New=PS2811-4A-ND
Change Value of Parameter COST in Part U16 Old= New=3.15
Change Value of Parameter Manufacturer in Part U16 Old= New=NEC
Change Value of Parameter Manuf p/n in Part U16 Old= New=PS2811-4-A
Change Value of Parameter VALUE in Part U16 Old= New=OPTO 4CH
Change Value of Parameter Vendor in Part U16 Old= New=DigiKey
Change Value of Parameter Vendor Mult. in Part U16 Old= New=1
Change Value of Parameter Vendor p/n in Part U16 Old= New=PS2811-4A-ND
