Added Parameter Arena Prefix=120 to Part C11
Added Parameter Arena Prefix=125 to Part J1
Added Parameter Arena Prefix=125 to Part J2
Added Parameter Arena Prefix=125 to Part P1
Added Parameter Arena Prefix=125 to Part TP36
Added Parameter Arena Prefix=125 to Part TP37
Added Parameter Arena Prefix=125 to Part TP38
Added Parameter Arena Prefix=125 to Part TP39
Added Parameter Arena Prefix=125 to Part TP40
Added Parameter Arena Prefix=125 to Part TP41
Added Parameter Arena Prefix=125 to Part TP42
Added Parameter Arena Prefix=125 to Part TP43
Added Parameter Arena Prefix=140 to Part D1
Added Parameter Arena Prefix=150 to Part U4
Added Parameter Arena Prefix=150 to Part U15
Added Parameter Arena Prefix=150 to Part U15
Added Parameter Arena Prefix=150 to Part U15
Added Parameter Arena Prefix=150 to Part U15
Added Parameter Arena Prefix=150 to Part U16
Added Parameter Arena Prefix=150 to Part U16
Added Parameter Arena Prefix=150 to Part U16
Added Parameter Arena Prefix=150 to Part U16
Added Parameter Arena Prefix=155 to Part F2
Added Parameter Arena Prefix=180 to Part R4
Added Parameter Arena Prefix=180 to Part R7
Added Parameter Arena Prefix=180 to Part R16
Added Parameter Arena Prefix=180 to Part R17
Added Parameter Arena Prefix=180 to Part R18
Added Parameter Arena Prefix=180 to Part R19
Added Parameter Arena Prefix=180 to Part R20
Added Parameter Arena Prefix=180 to Part R21
Added Parameter Arena Prefix=180 to Part R22
Added Parameter Arena Prefix=180 to Part R23
Added Parameter Arena Prefix=180 to Part R24
Added Parameter Arena Prefix=180 to Part R25
Added Parameter Arena Prefix=180 to Part R26
Added Parameter Arena Prefix=180 to Part R28
Added Parameter Arena Prefix=185 to Part P3
Added Parameter Arena Prefix=185 to Part P4
Added Parameter Arena Prefix=185 to Part P5
Added Parameter Arena Type=Capacitor to Part C11
Added Parameter Arena Type=Connector to Part J1
Added Parameter Arena Type=Connector to Part J2
Added Parameter Arena Type=Connector to Part P1
Added Parameter Arena Type=Connector to Part TP36
Added Parameter Arena Type=Connector to Part TP37
Added Parameter Arena Type=Connector to Part TP38
Added Parameter Arena Type=Connector to Part TP39
Added Parameter Arena Type=Connector to Part TP40
Added Parameter Arena Type=Connector to Part TP41
Added Parameter Arena Type=Connector to Part TP42
Added Parameter Arena Type=Connector to Part TP43
Added Parameter Arena Type=Diode to Part D1
Added Parameter Arena Type=IC to Part U4
Added Parameter Arena Type=IC to Part U15
Added Parameter Arena Type=IC to Part U15
Added Parameter Arena Type=IC to Part U15
Added Parameter Arena Type=IC to Part U15
Added Parameter Arena Type=IC to Part U16
Added Parameter Arena Type=IC to Part U16
Added Parameter Arena Type=IC to Part U16
Added Parameter Arena Type=IC to Part U16
Added Parameter Arena Type=Inductor to Part F2
Added Parameter Arena Type=Resistor to Part R4
Added Parameter Arena Type=Resistor to Part R7
Added Parameter Arena Type=Resistor to Part R16
Added Parameter Arena Type=Resistor to Part R17
Added Parameter Arena Type=Resistor to Part R18
Added Parameter Arena Type=Resistor to Part R19
Added Parameter Arena Type=Resistor to Part R20
Added Parameter Arena Type=Resistor to Part R21
Added Parameter Arena Type=Resistor to Part R22
Added Parameter Arena Type=Resistor to Part R23
Added Parameter Arena Type=Resistor to Part R24
Added Parameter Arena Type=Resistor to Part R25
Added Parameter Arena Type=Resistor to Part R26
Added Parameter Arena Type=Resistor to Part R28
Added Parameter Arena Type=Switch to Part P3
Added Parameter Arena Type=Switch to Part P4
Added Parameter Arena Type=Switch to Part P5
