Change Component Comment: Designator=R5 Old Comment=1W, 1% WW New Comment=
Change Component Comment: Designator=R6 Old Comment=1W, 1% WW New Comment=
Change Component Comment: Designator=R7 Old Comment=1W, 1% WW New Comment=
Change Component Comment: Designator=R8 Old Comment=1W, 1% WW New Comment=
Change Component Comment: Designator=C1 Old Comment=Cap SMD New Comment=
Change Component Comment: Designator=C2 Old Comment=Cap SMD New Comment=
Change Component Comment: Designator=C3 Old Comment=Cap SMD New Comment=
Change Component Comment: Designator=C4 Old Comment=Cap SMD New Comment=
Change Component Comment: Designator=C5 Old Comment=Cap SMD New Comment=
Change Component Comment: Designator=C6 Old Comment=Cap SMD New Comment=
Change Component Comment: Designator=C7 Old Comment=Cap SMD New Comment=
Change Component Comment: Designator=C8 Old Comment=Cap SMD New Comment=
Change Component Comment: Designator=C9 Old Comment=Cap SMD New Comment=
Change Component Comment: Designator=C10 Old Comment=Cap SMD New Comment=
Change Component Comment: Designator=C11 Old Comment=Cap SMD New Comment=
Change Component Comment: Designator=C12 Old Comment=Cap SMD New Comment=
Change Component Comment: Designator=CCD1 Old Comment=Fairchild 486 New Comment=
Change Component Comment: Designator=CCD1 Old Comment=Fairchild 486 New Comment=
Change Component Comment: Designator=P1 Old Comment=FX11LA-68S New Comment=
Change Component Comment: Designator=R1 Old Comment=Res 0805 New Comment=
Change Component Comment: Designator=R2 Old Comment=Res 0805 New Comment=
Change Component Comment: Designator=R3 Old Comment=Res 0805 New Comment=
Change Component Comment: Designator=R4 Old Comment=Res 0805 New Comment=
Change Component Comment: Designator=RTD1 Old Comment=RTD 2-wire, 1x15mm New Comment=
Change Component Comment: Designator=RTD2 Old Comment=RTD 2-wire, 1x15mm New Comment=
Change Component Comment: Designator=RTD3 Old Comment=RTD 2-wire, 1x15mm New Comment=
Change Component Comment: Designator=RTD4 Old Comment=RTD 2-wire, 1x15mm New Comment=
