Change Value of Parameter COST in Part C1 Old= New=0.088
Change Value of Parameter LCO p/n in Part C1 Old= New=120-00002
Change Value of Parameter Manufacturer in Part C1 Old= New=AVX
Change Value of Parameter Manuf p/n in Part C1 Old= New=08055C104KAT2A
Change Value of Parameter Vendor in Part C1 Old= New=DigiKey
Change Value of Parameter Vendor Mult. in Part C1 Old= New=10
Change Value of Parameter Vendor p/n in Part C1 Old= New=478-1395-1-ND
Change Value of Parameter COST in Part C2 Old= New=0.088
Change Value of Parameter LCO p/n in Part C2 Old= New=120-00002
Change Value of Parameter Manufacturer in Part C2 Old= New=AVX
Change Value of Parameter Manuf p/n in Part C2 Old= New=08055C104KAT2A
Change Value of Parameter Vendor in Part C2 Old= New=DigiKey
Change Value of Parameter Vendor Mult. in Part C2 Old= New=10
Change Value of Parameter Vendor p/n in Part C2 Old= New=478-1395-1-ND
Change Value of Parameter COST in Part C3 Old= New=0.088
Change Value of Parameter LCO p/n in Part C3 Old= New=120-00002
Change Value of Parameter Manufacturer in Part C3 Old= New=AVX
Change Value of Parameter Manuf p/n in Part C3 Old= New=08055C104KAT2A
Change Value of Parameter Vendor in Part C3 Old= New=DigiKey
Change Value of Parameter Vendor Mult. in Part C3 Old= New=10
Change Value of Parameter Vendor p/n in Part C3 Old= New=478-1395-1-ND
Change Value of Parameter COST in Part C4 Old= New=0.088
Change Value of Parameter LCO p/n in Part C4 Old= New=120-00002
Change Value of Parameter Manufacturer in Part C4 Old= New=AVX
Change Value of Parameter Manuf p/n in Part C4 Old= New=08055C104KAT2A
Change Value of Parameter Vendor in Part C4 Old= New=DigiKey
Change Value of Parameter Vendor Mult. in Part C4 Old= New=10
Change Value of Parameter Vendor p/n in Part C4 Old= New=478-1395-1-ND
Change Value of Parameter COST in Part C5 Old= New=0.088
Change Value of Parameter LCO p/n in Part C5 Old= New=120-00002
Change Value of Parameter Manufacturer in Part C5 Old= New=AVX
Change Value of Parameter Manuf p/n in Part C5 Old= New=08055C104KAT2A
Change Value of Parameter Vendor in Part C5 Old= New=DigiKey
Change Value of Parameter Vendor Mult. in Part C5 Old= New=10
Change Value of Parameter Vendor p/n in Part C5 Old= New=478-1395-1-ND
Change Value of Parameter COST in Part C6 Old= New=0.088
Change Value of Parameter LCO p/n in Part C6 Old= New=120-00002
Change Value of Parameter Manufacturer in Part C6 Old= New=AVX
Change Value of Parameter Manuf p/n in Part C6 Old= New=08055C104KAT2A
Change Value of Parameter Vendor in Part C6 Old= New=DigiKey
Change Value of Parameter Vendor Mult. in Part C6 Old= New=10
Change Value of Parameter Vendor p/n in Part C6 Old= New=478-1395-1-ND
Change Value of Parameter COST in Part C7 Old= New=0.088
Change Value of Parameter LCO p/n in Part C7 Old= New=120-00002
Change Value of Parameter Manufacturer in Part C7 Old= New=AVX
Change Value of Parameter Manuf p/n in Part C7 Old= New=08055C104KAT2A
Change Value of Parameter Vendor in Part C7 Old= New=DigiKey
Change Value of Parameter Vendor Mult. in Part C7 Old= New=10
Change Value of Parameter Vendor p/n in Part C7 Old= New=478-1395-1-ND
Change Value of Parameter COST in Part C8 Old= New=0.088
Change Value of Parameter LCO p/n in Part C8 Old= New=120-00002
Change Value of Parameter Manufacturer in Part C8 Old= New=AVX
Change Value of Parameter Manuf p/n in Part C8 Old= New=08055C104KAT2A
Change Value of Parameter Vendor in Part C8 Old= New=DigiKey
Change Value of Parameter Vendor Mult. in Part C8 Old= New=10
Change Value of Parameter Vendor p/n in Part C8 Old= New=478-1395-1-ND
Change Value of Parameter COST in Part C9 Old= New=0.088
Change Value of Parameter LCO p/n in Part C9 Old= New=120-00002
Change Value of Parameter Manufacturer in Part C9 Old= New=AVX
Change Value of Parameter Manuf p/n in Part C9 Old= New=08055C104KAT2A
Change Value of Parameter Vendor in Part C9 Old= New=DigiKey
Change Value of Parameter Vendor Mult. in Part C9 Old= New=10
Change Value of Parameter Vendor p/n in Part C9 Old= New=478-1395-1-ND
Change Value of Parameter COST in Part C10 Old= New=0.088
Change Value of Parameter LCO p/n in Part C10 Old= New=120-00002
Change Value of Parameter Manufacturer in Part C10 Old= New=AVX
Change Value of Parameter Manuf p/n in Part C10 Old= New=08055C104KAT2A
Change Value of Parameter Vendor in Part C10 Old= New=DigiKey
Change Value of Parameter Vendor Mult. in Part C10 Old= New=10
Change Value of Parameter Vendor p/n in Part C10 Old= New=478-1395-1-ND
Change Value of Parameter COST in Part C11 Old= New=0.088
Change Value of Parameter LCO p/n in Part C11 Old= New=120-00002
Change Value of Parameter Manufacturer in Part C11 Old= New=AVX
Change Value of Parameter Manuf p/n in Part C11 Old= New=08055C104KAT2A
Change Value of Parameter Vendor in Part C11 Old= New=DigiKey
Change Value of Parameter Vendor Mult. in Part C11 Old= New=10
Change Value of Parameter Vendor p/n in Part C11 Old= New=478-1395-1-ND
Change Value of Parameter COST in Part C12 Old= New=0.088
Change Value of Parameter LCO p/n in Part C12 Old= New=120-00002
Change Value of Parameter Manufacturer in Part C12 Old= New=AVX
Change Value of Parameter Manuf p/n in Part C12 Old= New=08055C104KAT2A
Change Value of Parameter Vendor in Part C12 Old= New=DigiKey
Change Value of Parameter Vendor Mult. in Part C12 Old= New=10
Change Value of Parameter Vendor p/n in Part C12 Old= New=478-1395-1-ND
Change Value of Parameter LCO p/n in Part C13 Old= New=120-00065
Change Value of Parameter LCO p/n in Part C14 Old= New=120-00065
Change Value of Parameter LCO p/n in Part C15 Old= New=120-00065
Change Value of Parameter LCO p/n in Part C16 Old= New=120-00065
Change Value of Parameter LCO p/n in Part C17 Old= New=120-00065
Change Value of Parameter LCO p/n in Part C18 Old= New=120-00065
Change Value of Parameter LCO p/n in Part C19 Old= New=120-00065
Change Value of Parameter LCO p/n in Part C20 Old= New=120-00065
