Added Parameter LCO p/n= to Part C1
Added Parameter LCO p/n= to Part C2
Added Parameter LCO p/n= to Part C3
Added Parameter LCO p/n= to Part C4
Added Parameter LCO p/n= to Part C5
Added Parameter LCO p/n= to Part C6
Added Parameter LCO p/n= to Part C7
Added Parameter LCO p/n= to Part C8
Added Parameter LCO p/n= to Part C9
Added Parameter LCO p/n= to Part C10
Added Parameter LCO p/n= to Part C11
Added Parameter LCO p/n= to Part C12
Added Parameter LCO p/n= to Part C13
Added Parameter LCO p/n= to Part C14
Added Parameter LCO p/n= to Part C15
Added Parameter LCO p/n= to Part C16
Added Parameter LCO p/n= to Part C17
Added Parameter LCO p/n= to Part C18
Added Parameter LCO p/n= to Part C19
Added Parameter LCO p/n= to Part C20
Added Parameter LCO p/n= to Part CCD1
Added Parameter LCO p/n= to Part CCD1
Added Parameter LCO p/n= to Part P1
Added Parameter LCO p/n= to Part R1
Added Parameter LCO p/n= to Part R2
Added Parameter LCO p/n= to Part R3
Added Parameter LCO p/n= to Part R4
Added Parameter LCO p/n= to Part R5
Added Parameter LCO p/n= to Part R6
Added Parameter LCO p/n= to Part R7
Added Parameter LCO p/n= to Part R8
Added Parameter LCO p/n= to Part RTD1
Added Parameter LCO p/n= to Part RTD2
Added Parameter LCO p/n= to Part RTD3
Added Parameter LCO p/n= to Part RTD4
