Added Component: Designator=P1(FX11LA-68S)
Added Pin To Net: NetName=A4OUT Pin=P1-1
Added Pin To Net: NetName=VOD Pin=P1-2
Added Pin To Net: NetName=AGND Pin=P1-3
Added Pin To Net: NetName=AGND Pin=P1-4
Added Pin To Net: NetName=AGND Pin=P1-5
Added Pin To Net: NetName=VOG Pin=P1-6
Added Pin To Net: NetName=A1OUT Pin=P1-7
Added Pin To Net: NetName=AGND Pin=P1-8
Added Pin To Net: NetName=AGND Pin=P1-9
Added Pin To Net: NetName=S1Q4 Pin=P1-10
Added Pin To Net: NetName=AGND Pin=P1-11
Added Pin To Net: NetName=AGND Pin=P1-12
Added Pin To Net: NetName=P1B Pin=P1-13
Added Pin To Net: NetName=S2Q4 Pin=P1-14
Added Pin To Net: NetName=AGND Pin=P1-15
Added Pin To Net: NetName=RTD(+) Pin=P1-16
Added Pin To Net: NetName=P2A Pin=P1-17
Added Pin To Net: NetName=HEATER(-) Pin=P1-18
Added Pin To Net: NetName=AGND Pin=P1-19
Added Pin To Net: NetName=HEATER(-) Pin=P1-20
Added Pin To Net: NetName=P3B Pin=P1-21
Added Pin To Net: NetName=HEATER(-) Pin=P1-22
Added Pin To Net: NetName=AGND Pin=P1-23
Added Pin To Net: NetName=HEATER(-) Pin=P1-24
Added Pin To Net: NetName=TGA Pin=P1-25
Added Pin To Net: NetName=RTD(-) Pin=P1-26
Added Pin To Net: NetName=AGND Pin=P1-27
Added Pin To Net: NetName=HEATER(+) Pin=P1-28
Added Pin To Net: NetName=S1Q1 Pin=P1-29
Added Pin To Net: NetName=HEATER(+) Pin=P1-30
Added Pin To Net: NetName=AGND Pin=P1-31
Added Pin To Net: NetName=HEATER(+) Pin=P1-32
Added Pin To Net: NetName=S2Q1 Pin=P1-33
Added Pin To Net: NetName=HEATER(+) Pin=P1-34
Added Pin To Net: NetName=AGND Pin=P1-35
Added Pin To Net: NetName=AGND Pin=P1-36
Added Pin To Net: NetName=TGB Pin=P1-38
Added Pin To Net: NetName=AGND Pin=P1-39
Added Pin To Net: NetName=AGND Pin=P1-40
Added Pin To Net: NetName=SG Pin=P1-42
Added Pin To Net: NetName=AGND Pin=P1-43
Added Pin To Net: NetName=AGND Pin=P1-44
Added Pin To Net: NetName=P3A Pin=P1-45
Added Pin To Net: NetName=P2B Pin=P1-46
Added Pin To Net: NetName=AGND Pin=P1-47
Added Pin To Net: NetName=AGND Pin=P1-48
Added Pin To Net: NetName=VRD Pin=P1-49
Added Pin To Net: NetName=S2Q2 Pin=P1-50
Added Pin To Net: NetName=AGND Pin=P1-51
Added Pin To Net: NetName=AGND Pin=P1-52
Added Pin To Net: NetName=P1A Pin=P1-53
Added Pin To Net: NetName=S3 Pin=P1-54
Added Pin To Net: NetName=AGND Pin=P1-55
Added Pin To Net: NetName=AGND Pin=P1-56
Added Pin To Net: NetName=RG Pin=P1-57
Added Pin To Net: NetName=S2Q3 Pin=P1-58
Added Pin To Net: NetName=AGND Pin=P1-59
Added Pin To Net: NetName=AGND Pin=P1-60
Added Pin To Net: NetName=A2OUT Pin=P1-61
Added Pin To Net: NetName=S1Q2 Pin=P1-62
Added Pin To Net: NetName=AGND Pin=P1-63
Added Pin To Net: NetName=AGND Pin=P1-64
Added Pin To Net: NetName=AGND Pin=P1-65
Added Pin To Net: NetName=S1Q3 Pin=P1-66
Added Pin To Net: NetName=A3OUT Pin=P1-67
Added Pin To Net: NetName=AGND Pin=P1-68
Added Member To Class: ClassName=486 board Member=Component P1 FX11LA-68S
