Change Value of Parameter COST in Part J1 Old= New=18.36
Change Value of Parameter Manufacturer in Part J1 Old= New=SAMETC
Change Value of Parameter Manuf p/n in Part J1 Old= New=QMSS-078-06.75-L-D-PC4
Change Value of Parameter Vendor in Part J1 Old= New=SAMETC
Change Value of Parameter COST in Part J1 Old= New=18.36
Change Value of Parameter Manufacturer in Part J1 Old= New=SAMETC
Change Value of Parameter Manuf p/n in Part J1 Old= New=QMSS-078-06.75-L-D-PC4
Change Value of Parameter Vendor in Part J1 Old= New=SAMETC
Change Value of Parameter COST in Part J1 Old= New=18.36
Change Value of Parameter Manufacturer in Part J1 Old= New=SAMETC
Change Value of Parameter Manuf p/n in Part J1 Old= New=QMSS-078-06.75-L-D-PC4
Change Value of Parameter Vendor in Part J1 Old= New=SAMETC
Change Value of Parameter COST in Part J1 Old= New=18.36
Change Value of Parameter Manufacturer in Part J1 Old= New=SAMETC
Change Value of Parameter Manuf p/n in Part J1 Old= New=QMSS-078-06.75-L-D-PC4
Change Value of Parameter Vendor in Part J1 Old= New=SAMETC
Change Value of Parameter COST in Part J1 Old= New=18.36
Change Value of Parameter Manufacturer in Part J1 Old= New=SAMETC
Change Value of Parameter Manuf p/n in Part J1 Old= New=QMSS-078-06.75-L-D-PC4
Change Value of Parameter Vendor in Part J1 Old= New=SAMETC
Change Value of Parameter COST in Part TP2 Old=0.18 New=
Change Value of Parameter Manufacturer in Part TP2 Old=Keystone New=
Change Value of Parameter Manuf p/n in Part TP2 Old=1249 New=
Change Value of Parameter VALUE in Part TP2 Old=Test point New=
Change Value of Parameter Vendor in Part TP2 Old=Bisco Ind. New=
Change Value of Parameter Vendor p/n in Part TP2 Old=1249 New=
Change Value of Parameter COST in Part TP3 Old=0.18 New=
Change Value of Parameter Manufacturer in Part TP3 Old=Keystone New=
Change Value of Parameter Manuf p/n in Part TP3 Old=1249 New=
Change Value of Parameter VALUE in Part TP3 Old=Test point New=
Change Value of Parameter Vendor in Part TP3 Old=Bisco Ind. New=
Change Value of Parameter Vendor p/n in Part TP3 Old=1249 New=
