Change Value of Parameter COST in Part C3 Old= New=0.061
Change Value of Parameter Manufacturer in Part C3 Old= New=Murata
Change Value of Parameter Manuf p/n in Part C3 Old= New=GRM188R71H104KA93D
Change Value of Parameter Vendor in Part C3 Old= New=DigiKey
Change Value of Parameter Vendor p/n in Part C3 Old= New=490-1519-1-ND
Change Value of Parameter COST in Part C4 Old= New=0.25
Change Value of Parameter Manufacturer in Part C4 Old= New=Murata
Change Value of Parameter Manuf p/n in Part C4 Old= New=GRM21BR71H154KA01L
Change Value of Parameter Vendor in Part C4 Old= New=DigiKey
Change Value of Parameter Vendor p/n in Part C4 Old= New=490-1667-1-ND
Change Value of Parameter COST in Part C5 Old= New=0.061
Change Value of Parameter Manufacturer in Part C5 Old= New=Murata
Change Value of Parameter Manuf p/n in Part C5 Old= New=GRM188R71H104KA93D
Change Value of Parameter Vendor in Part C5 Old= New=DigiKey
Change Value of Parameter Vendor p/n in Part C5 Old= New=490-1519-1-ND
Change Value of Parameter COST in Part C6 Old= New=0.25
Change Value of Parameter Manufacturer in Part C6 Old= New=Murata
Change Value of Parameter Manuf p/n in Part C6 Old= New=GRM21BR71H154KA01L
Change Value of Parameter Vendor in Part C6 Old= New=DigiKey
Change Value of Parameter Vendor p/n in Part C6 Old= New=490-1667-1-ND
Change Value of Parameter COST in Part C7 Old= New=0.061
Change Value of Parameter Manufacturer in Part C7 Old= New=Murata
Change Value of Parameter Manuf p/n in Part C7 Old= New=GRM188R71H104KA93D
Change Value of Parameter Vendor in Part C7 Old= New=DigiKey
Change Value of Parameter Vendor p/n in Part C7 Old= New=490-1519-1-ND
Change Value of Parameter COST in Part C9 Old= New=0.061
Change Value of Parameter Manufacturer in Part C9 Old= New=Murata
Change Value of Parameter Manuf p/n in Part C9 Old= New=GRM188R71H104KA93D
Change Value of Parameter Vendor in Part C9 Old= New=DigiKey
Change Value of Parameter Vendor p/n in Part C9 Old= New=490-1519-1-ND
Change Value of Parameter COST in Part C15 Old= New=0.061
Change Value of Parameter Manufacturer in Part C15 Old= New=Murata
Change Value of Parameter Manuf p/n in Part C15 Old= New=GRM188R71H104KA93D
Change Value of Parameter Vendor in Part C15 Old= New=DigiKey
Change Value of Parameter Vendor p/n in Part C15 Old= New=490-1519-1-ND
Change Value of Parameter COST in Part C16 Old= New=0.25
Change Value of Parameter Manufacturer in Part C16 Old= New=Murata
Change Value of Parameter Manuf p/n in Part C16 Old= New=GRM21BR71H154KA01L
Change Value of Parameter Vendor in Part C16 Old= New=DigiKey
Change Value of Parameter Vendor p/n in Part C16 Old= New=490-1667-1-ND
Change Value of Parameter COST in Part C17 Old= New=0.25
Change Value of Parameter Manufacturer in Part C17 Old= New=Murata
Change Value of Parameter Manuf p/n in Part C17 Old= New=GRM21BR71H154KA01L
Change Value of Parameter Vendor in Part C17 Old= New=DigiKey
Change Value of Parameter Vendor p/n in Part C17 Old= New=490-1667-1-ND
Change Value of Parameter COST in Part C18 Old= New=0.061
Change Value of Parameter Manufacturer in Part C18 Old= New=Murata
Change Value of Parameter Manuf p/n in Part C18 Old= New=GRM188R71H104KA93D
Change Value of Parameter Vendor in Part C18 Old= New=DigiKey
Change Value of Parameter Vendor p/n in Part C18 Old= New=490-1519-1-ND
Change Value of Parameter COST in Part C19 Old= New=0.25
Change Value of Parameter Manufacturer in Part C19 Old= New=Murata
Change Value of Parameter Manuf p/n in Part C19 Old= New=GRM21BR71H154KA01L
Change Value of Parameter Vendor in Part C19 Old= New=DigiKey
Change Value of Parameter Vendor p/n in Part C19 Old= New=490-1667-1-ND
Change Value of Parameter COST in Part C20 Old= New=0.061
Change Value of Parameter Manufacturer in Part C20 Old= New=Murata
Change Value of Parameter Manuf p/n in Part C20 Old= New=GRM188R71H104KA93D
Change Value of Parameter Vendor in Part C20 Old= New=DigiKey
Change Value of Parameter Vendor p/n in Part C20 Old= New=490-1519-1-ND
Change Value of Parameter COST in Part C22 Old= New=0.061
Change Value of Parameter Manufacturer in Part C22 Old= New=Murata
Change Value of Parameter Manuf p/n in Part C22 Old= New=GRM188R71H104KA93D
Change Value of Parameter Vendor in Part C22 Old= New=DigiKey
Change Value of Parameter Vendor p/n in Part C22 Old= New=490-1519-1-ND
Change Value of Parameter COST in Part C24 Old= New=0.061
Change Value of Parameter Manufacturer in Part C24 Old= New=Murata
Change Value of Parameter Manuf p/n in Part C24 Old= New=GRM188R71H104KA93D
Change Value of Parameter Vendor in Part C24 Old= New=DigiKey
Change Value of Parameter Vendor p/n in Part C24 Old= New=490-1519-1-ND
Change Value of Parameter COST in Part C25 Old= New=0.061
Change Value of Parameter Manufacturer in Part C25 Old= New=Murata
Change Value of Parameter Manuf p/n in Part C25 Old= New=GRM188R71H104KA93D
Change Value of Parameter Vendor in Part C25 Old= New=DigiKey
Change Value of Parameter Vendor p/n in Part C25 Old= New=490-1519-1-ND
Change Value of Parameter COST in Part C26 Old= New=0.061
Change Value of Parameter Manufacturer in Part C26 Old= New=Murata
Change Value of Parameter Manuf p/n in Part C26 Old= New=GRM188R71H104KA93D
Change Value of Parameter Vendor in Part C26 Old= New=DigiKey
Change Value of Parameter Vendor p/n in Part C26 Old= New=490-1519-1-ND
Change Value of Parameter COST in Part C27 Old= New=0.061
Change Value of Parameter Manufacturer in Part C27 Old= New=Murata
Change Value of Parameter Manuf p/n in Part C27 Old= New=GRM188R71H104KA93D
Change Value of Parameter Vendor in Part C27 Old= New=DigiKey
Change Value of Parameter Vendor p/n in Part C27 Old= New=490-1519-1-ND
Change Value of Parameter COST in Part C28 Old= New=0.061
Change Value of Parameter Manufacturer in Part C28 Old= New=Murata
Change Value of Parameter Manuf p/n in Part C28 Old= New=GRM188R71H104KA93D
Change Value of Parameter Vendor in Part C28 Old= New=DigiKey
Change Value of Parameter Vendor p/n in Part C28 Old= New=490-1519-1-ND
Change Value of Parameter COST in Part C30 Old= New=0.061
Change Value of Parameter Manufacturer in Part C30 Old= New=Murata
Change Value of Parameter Manuf p/n in Part C30 Old= New=GRM188R71H104KA93D
Change Value of Parameter Vendor in Part C30 Old= New=DigiKey
Change Value of Parameter Vendor p/n in Part C30 Old= New=490-1519-1-ND
Change Value of Parameter COST in Part C34 Old= New=0.061
Change Value of Parameter Manufacturer in Part C34 Old= New=Murata
Change Value of Parameter Manuf p/n in Part C34 Old= New=GRM188R71H104KA93D
Change Value of Parameter Vendor in Part C34 Old= New=DigiKey
Change Value of Parameter Vendor p/n in Part C34 Old= New=490-1519-1-ND
Change Value of Parameter COST in Part C35 Old= New=0.061
Change Value of Parameter Manufacturer in Part C35 Old= New=Murata
Change Value of Parameter Manuf p/n in Part C35 Old= New=GRM188R71H104KA93D
Change Value of Parameter Vendor in Part C35 Old= New=DigiKey
Change Value of Parameter Vendor p/n in Part C35 Old= New=490-1519-1-ND
Change Value of Parameter COST in Part C37 Old= New=0.035
Change Value of Parameter Manufacturer in Part C37 Old= New=Murata
Change Value of Parameter Manuf p/n in Part C37 Old= New=GRM188R71H103KA01D
Change Value of Parameter Vendor in Part C37 Old= New=DigiKey
Change Value of Parameter Vendor p/n in Part C37 Old= New=490-1512-1-ND
Change Value of Parameter COST in Part C38 Old= New=0.035
Change Value of Parameter Manufacturer in Part C38 Old= New=Murata
Change Value of Parameter Manuf p/n in Part C38 Old= New=GRM188R71H103KA01D
Change Value of Parameter Vendor in Part C38 Old= New=DigiKey
Change Value of Parameter Vendor p/n in Part C38 Old= New=490-1512-1-ND
Change Value of Parameter COST in Part C39 Old= New=0.061
Change Value of Parameter Manufacturer in Part C39 Old= New=Murata
Change Value of Parameter Manuf p/n in Part C39 Old= New=GRM188R71H104KA93D
Change Value of Parameter Vendor in Part C39 Old= New=DigiKey
Change Value of Parameter Vendor p/n in Part C39 Old= New=490-1519-1-ND
Change Value of Parameter COST in Part C42 Old= New=0.061
Change Value of Parameter Manufacturer in Part C42 Old= New=Murata
Change Value of Parameter Manuf p/n in Part C42 Old= New=GRM188R71H104KA93D
Change Value of Parameter Vendor in Part C42 Old= New=DigiKey
Change Value of Parameter Vendor p/n in Part C42 Old= New=490-1519-1-ND
Change Value of Parameter COST in Part C43 Old= New=0.061
Change Value of Parameter Manufacturer in Part C43 Old= New=Murata
Change Value of Parameter Manuf p/n in Part C43 Old= New=GRM188R71H104KA93D
Change Value of Parameter Vendor in Part C43 Old= New=DigiKey
Change Value of Parameter Vendor p/n in Part C43 Old= New=490-1519-1-ND
Change Value of Parameter COST in Part C44 Old= New=0.061
Change Value of Parameter Manufacturer in Part C44 Old= New=Murata
Change Value of Parameter Manuf p/n in Part C44 Old= New=GRM188R71H104KA93D
Change Value of Parameter Vendor in Part C44 Old= New=DigiKey
Change Value of Parameter Vendor p/n in Part C44 Old= New=490-1519-1-ND
Change Value of Parameter COST in Part C45 Old= New=0.061
Change Value of Parameter Manufacturer in Part C45 Old= New=Murata
Change Value of Parameter Manuf p/n in Part C45 Old= New=GRM188R71H104KA93D
Change Value of Parameter Vendor in Part C45 Old= New=DigiKey
Change Value of Parameter Vendor p/n in Part C45 Old= New=490-1519-1-ND
Change Value of Parameter COST in Part C47 Old= New=0.061
Change Value of Parameter Manufacturer in Part C47 Old= New=Murata
Change Value of Parameter Manuf p/n in Part C47 Old= New=GRM188R71H104KA93D
Change Value of Parameter Vendor in Part C47 Old= New=DigiKey
Change Value of Parameter Vendor p/n in Part C47 Old= New=490-1519-1-ND
Change Value of Parameter COST in Part C48 Old= New=0.061
Change Value of Parameter Manufacturer in Part C48 Old= New=Murata
Change Value of Parameter Manuf p/n in Part C48 Old= New=GRM188R71H104KA93D
Change Value of Parameter Vendor in Part C48 Old= New=DigiKey
Change Value of Parameter Vendor p/n in Part C48 Old= New=490-1519-1-ND
Change Value of Parameter COST in Part C50 Old= New=0.061
Change Value of Parameter Manufacturer in Part C50 Old= New=Murata
Change Value of Parameter Manuf p/n in Part C50 Old= New=GRM188R71H104KA93D
Change Value of Parameter Vendor in Part C50 Old= New=DigiKey
Change Value of Parameter Vendor p/n in Part C50 Old= New=490-1519-1-ND
Change Value of Parameter COST in Part C51 Old= New=0.061
Change Value of Parameter Manufacturer in Part C51 Old= New=Murata
Change Value of Parameter Manuf p/n in Part C51 Old= New=GRM188R71H104KA93D
Change Value of Parameter Vendor in Part C51 Old= New=DigiKey
Change Value of Parameter Vendor p/n in Part C51 Old= New=490-1519-1-ND
Change Value of Parameter COST in Part C52 Old= New=0.061
Change Value of Parameter Manufacturer in Part C52 Old= New=Murata
Change Value of Parameter Manuf p/n in Part C52 Old= New=GRM188R71H104KA93D
Change Value of Parameter Vendor in Part C52 Old= New=DigiKey
Change Value of Parameter Vendor p/n in Part C52 Old= New=490-1519-1-ND
Change Value of Parameter COST in Part C53 Old= New=0.061
Change Value of Parameter Manufacturer in Part C53 Old= New=Murata
Change Value of Parameter Manuf p/n in Part C53 Old= New=GRM188R71H104KA93D
Change Value of Parameter Vendor in Part C53 Old= New=DigiKey
Change Value of Parameter Vendor p/n in Part C53 Old= New=490-1519-1-ND
Change Value of Parameter COST in Part C57 Old= New=0.061
Change Value of Parameter Manufacturer in Part C57 Old= New=Murata
Change Value of Parameter Manuf p/n in Part C57 Old= New=GRM188R71H104KA93D
Change Value of Parameter Vendor in Part C57 Old= New=DigiKey
Change Value of Parameter Vendor p/n in Part C57 Old= New=490-1519-1-ND
Change Value of Parameter COST in Part C58 Old= New=0.061
Change Value of Parameter Manufacturer in Part C58 Old= New=Murata
Change Value of Parameter Manuf p/n in Part C58 Old= New=GRM188R71H104KA93D
Change Value of Parameter Vendor in Part C58 Old= New=DigiKey
Change Value of Parameter Vendor p/n in Part C58 Old= New=490-1519-1-ND
Change Value of Parameter COST in Part C59 Old= New=0.061
Change Value of Parameter Manufacturer in Part C59 Old= New=Murata
Change Value of Parameter Manuf p/n in Part C59 Old= New=GRM188R71H104KA93D
Change Value of Parameter Vendor in Part C59 Old= New=DigiKey
Change Value of Parameter Vendor p/n in Part C59 Old= New=490-1519-1-ND
Change Value of Parameter COST in Part C60 Old= New=0.061
Change Value of Parameter Manufacturer in Part C60 Old= New=Murata
Change Value of Parameter Manuf p/n in Part C60 Old= New=GRM188R71H104KA93D
Change Value of Parameter Vendor in Part C60 Old= New=DigiKey
Change Value of Parameter Vendor p/n in Part C60 Old= New=490-1519-1-ND
Change Value of Parameter COST in Part C61 Old= New=0.061
Change Value of Parameter Manufacturer in Part C61 Old= New=Murata
Change Value of Parameter Manuf p/n in Part C61 Old= New=GRM188R71H104KA93D
Change Value of Parameter Vendor in Part C61 Old= New=DigiKey
Change Value of Parameter Vendor p/n in Part C61 Old= New=490-1519-1-ND
Change Value of Parameter COST in Part C62 Old= New=0.061
Change Value of Parameter Manufacturer in Part C62 Old= New=Murata
Change Value of Parameter Manuf p/n in Part C62 Old= New=GRM188R71H104KA93D
Change Value of Parameter Vendor in Part C62 Old= New=DigiKey
Change Value of Parameter Vendor p/n in Part C62 Old= New=490-1519-1-ND
Change Value of Parameter COST in Part C64 Old= New=0.061
Change Value of Parameter Manufacturer in Part C64 Old= New=Murata
Change Value of Parameter Manuf p/n in Part C64 Old= New=GRM188R71H104KA93D
Change Value of Parameter Vendor in Part C64 Old= New=DigiKey
Change Value of Parameter Vendor p/n in Part C64 Old= New=490-1519-1-ND
Change Value of Parameter COST in Part C65 Old= New=0.061
Change Value of Parameter Manufacturer in Part C65 Old= New=Murata
Change Value of Parameter Manuf p/n in Part C65 Old= New=GRM188R71H104KA93D
Change Value of Parameter Vendor in Part C65 Old= New=DigiKey
Change Value of Parameter Vendor p/n in Part C65 Old= New=490-1519-1-ND
Change Value of Parameter COST in Part C66 Old= New=0.061
Change Value of Parameter Manufacturer in Part C66 Old= New=Murata
Change Value of Parameter Manuf p/n in Part C66 Old= New=GRM188R71H104KA93D
Change Value of Parameter Vendor in Part C66 Old= New=DigiKey
Change Value of Parameter Vendor p/n in Part C66 Old= New=490-1519-1-ND
Change Value of Parameter COST in Part C67 Old= New=0.061
Change Value of Parameter Manufacturer in Part C67 Old= New=Murata
Change Value of Parameter Manuf p/n in Part C67 Old= New=GRM188R71H104KA93D
Change Value of Parameter Vendor in Part C67 Old= New=DigiKey
Change Value of Parameter Vendor p/n in Part C67 Old= New=490-1519-1-ND
Change Value of Parameter COST in Part C68 Old= New=0.061
Change Value of Parameter Manufacturer in Part C68 Old= New=Murata
Change Value of Parameter Manuf p/n in Part C68 Old= New=GRM188R71H104KA93D
Change Value of Parameter Vendor in Part C68 Old= New=DigiKey
Change Value of Parameter Vendor p/n in Part C68 Old= New=490-1519-1-ND
Change Value of Parameter COST in Part C72 Old= New=0.061
Change Value of Parameter Manufacturer in Part C72 Old= New=Murata
Change Value of Parameter Manuf p/n in Part C72 Old= New=GRM188R71H104KA93D
Change Value of Parameter Vendor in Part C72 Old= New=DigiKey
Change Value of Parameter Vendor p/n in Part C72 Old= New=490-1519-1-ND
Change Value of Parameter COST in Part C73 Old= New=0.061
Change Value of Parameter Manufacturer in Part C73 Old= New=Murata
Change Value of Parameter Manuf p/n in Part C73 Old= New=GRM188R71H104KA93D
Change Value of Parameter Vendor in Part C73 Old= New=DigiKey
Change Value of Parameter Vendor p/n in Part C73 Old= New=490-1519-1-ND
Change Value of Parameter COST in Part C74 Old= New=0.061
Change Value of Parameter Manufacturer in Part C74 Old= New=Murata
Change Value of Parameter Manuf p/n in Part C74 Old= New=GRM188R71H104KA93D
Change Value of Parameter Vendor in Part C74 Old= New=DigiKey
Change Value of Parameter Vendor p/n in Part C74 Old= New=490-1519-1-ND
Change Value of Parameter COST in Part C79 Old= New=0.061
Change Value of Parameter Manufacturer in Part C79 Old= New=Murata
Change Value of Parameter Manuf p/n in Part C79 Old= New=GRM188R71H104KA93D
Change Value of Parameter Vendor in Part C79 Old= New=DigiKey
Change Value of Parameter Vendor p/n in Part C79 Old= New=490-1519-1-ND
Change Value of Parameter COST in Part C80 Old= New=0.061
Change Value of Parameter Manufacturer in Part C80 Old= New=Murata
Change Value of Parameter Manuf p/n in Part C80 Old= New=GRM188R71H104KA93D
Change Value of Parameter Vendor in Part C80 Old= New=DigiKey
Change Value of Parameter Vendor p/n in Part C80 Old= New=490-1519-1-ND
Change Value of Parameter COST in Part C108 Old= New=0.061
Change Value of Parameter Manufacturer in Part C108 Old= New=Murata
Change Value of Parameter Manuf p/n in Part C108 Old= New=GRM188R71H104KA93D
Change Value of Parameter Vendor in Part C108 Old= New=DigiKey
Change Value of Parameter Vendor p/n in Part C108 Old= New=490-1519-1-ND
Change Value of Parameter COST in Part C110 Old= New=0.37
Change Value of Parameter Manufacturer in Part C110 Old= New=Murata
Change Value of Parameter Manuf p/n in Part C110 Old= New=	GRM21BR71H474KA88L
Change Value of Parameter Vendor in Part C110 Old= New=DigiKey
Change Value of Parameter Vendor p/n in Part C110 Old= New=490-3328-1-ND
Change Value of Parameter COST in Part C113 Old= New=0.061
Change Value of Parameter Manufacturer in Part C113 Old= New=Murata
Change Value of Parameter Manuf p/n in Part C113 Old= New=GRM188R71H104KA93D
Change Value of Parameter Vendor in Part C113 Old= New=DigiKey
Change Value of Parameter Vendor p/n in Part C113 Old= New=490-1519-1-ND
Change Value of Parameter COST in Part C138 Old= New=0.061
Change Value of Parameter Manufacturer in Part C138 Old= New=Murata
Change Value of Parameter Manuf p/n in Part C138 Old= New=GRM188R71H104KA93D
Change Value of Parameter Vendor in Part C138 Old= New=DigiKey
Change Value of Parameter Vendor p/n in Part C138 Old= New=490-1519-1-ND
