Change Value of Parameter Manuf p/n in Part U10 Old= New=SN74ALVC125DR
Change Value of Parameter Manuf p/n in Part U17 Old= New=SN74ALVC125DR
Change Value of Parameter COST in Part U22 Old= New=0.39
Change Value of Parameter Manufacturer in Part U22 Old= New=TI
Change Value of Parameter Manuf p/n in Part U22 Old= New=SN74AHC02DR
Change Value of Parameter Value in Part U22 Old=SN74ACH02N New=SN74AHC02DR
Change Value of Parameter Vendor p/n in Part U22 Old= New=296-4511-1-ND
Change Value of Parameter COST in Part U22 Old= New=0.39
Change Value of Parameter Manufacturer in Part U22 Old= New=TI
Change Value of Parameter Manuf p/n in Part U22 Old= New=SN74AHC02DR
Change Value of Parameter Value in Part U22 Old=SN74ACH02N New=SN74AHC02DR
Change Value of Parameter Vendor p/n in Part U22 Old= New=296-4511-1-ND
Change Value of Parameter COST in Part U22 Old= New=0.39
Change Value of Parameter Manufacturer in Part U22 Old= New=TI
Change Value of Parameter Manuf p/n in Part U22 Old= New=SN74AHC02DR
Change Value of Parameter Value in Part U22 Old=SN74ACH02N New=SN74AHC02DR
Change Value of Parameter Vendor p/n in Part U22 Old= New=296-4511-1-ND
Change Value of Parameter COST in Part U22 Old= New=0.39
Change Value of Parameter Manufacturer in Part U22 Old= New=TI
Change Value of Parameter Manuf p/n in Part U22 Old= New=SN74AHC02DR
Change Value of Parameter Value in Part U22 Old=SN74ACH02N New=SN74AHC02DR
Change Value of Parameter Vendor p/n in Part U22 Old= New=296-4511-1-ND
Change Component Parameter Comment in U24 Old= New=MC74HC125A
Change Value of Parameter COST in Part U24 Old= New=0.50
Change Value of Parameter Manufacturer in Part U24 Old= New=ON Semi
Change Value of Parameter Manuf p/n in Part U24 Old= New=MC74HC125ADG
Change Value of Parameter Value in Part U24 Old=74ALVC125-DC New=MC74HC125A
Change Value of Parameter Vendor p/n in Part U24 Old= New=MC74HC125ADGOS-ND
Change Value of Parameter COST in Part U25 Old= New=0.96
Change Value of Parameter Manufacturer in Part U25 Old= New=TI
Change Value of Parameter Manuf p/n in Part U25 Old= New=SN7406DR
Change Value of Parameter Vendor p/n in Part U25 Old= New=296-1017-1-ND
Change Value of Parameter COST in Part U25 Old= New=0.96
Change Value of Parameter Manufacturer in Part U25 Old= New=TI
Change Value of Parameter Manuf p/n in Part U25 Old= New=SN7406DR
Change Value of Parameter Vendor p/n in Part U25 Old= New=296-1017-1-ND
Change Value of Parameter COST in Part U25 Old= New=0.96
Change Value of Parameter Manufacturer in Part U25 Old= New=TI
Change Value of Parameter Manuf p/n in Part U25 Old= New=SN7406DR
Change Value of Parameter Vendor p/n in Part U25 Old= New=296-1017-1-ND
Change Value of Parameter COST in Part U25 Old= New=0.96
Change Value of Parameter Manufacturer in Part U25 Old= New=TI
Change Value of Parameter Manuf p/n in Part U25 Old= New=SN7406DR
Change Value of Parameter Vendor p/n in Part U25 Old= New=296-1017-1-ND
Change Value of Parameter COST in Part U25 Old= New=0.96
Change Value of Parameter Manufacturer in Part U25 Old= New=TI
Change Value of Parameter Manuf p/n in Part U25 Old= New=SN7406DR
Change Value of Parameter Vendor p/n in Part U25 Old= New=296-1017-1-ND
Change Value of Parameter COST in Part U25 Old= New=0.96
Change Value of Parameter Manufacturer in Part U25 Old= New=TI
Change Value of Parameter Manuf p/n in Part U25 Old= New=SN7406DR
Change Value of Parameter Vendor p/n in Part U25 Old= New=296-1017-1-ND
