Added Parameter Arena Prefix=120 to Part C10
Added Parameter Arena Prefix=120 to Part C11
Added Parameter Arena Prefix=120 to Part C12
Added Parameter Arena Prefix=120 to Part C14
Added Parameter Arena Prefix=120 to Part C21
Added Parameter Arena Prefix=120 to Part C23
Added Parameter Arena Prefix=120 to Part C29
Added Parameter Arena Prefix=120 to Part C33
Added Parameter Arena Prefix=120 to Part C36
Added Parameter Arena Prefix=120 to Part C46
Added Parameter Arena Prefix=120 to Part C49
Added Parameter Arena Prefix=120 to Part C54
Added Parameter Arena Prefix=120 to Part C63
Added Parameter Arena Prefix=120 to Part C71
Added Parameter Arena Prefix=120 to Part C75
Added Parameter Arena Prefix=120 to Part C76
Added Parameter Arena Prefix=120 to Part C77
Added Parameter Arena Prefix=120 to Part C78
Added Parameter Arena Prefix=120 to Part C81
Added Parameter Arena Prefix=120 to Part C82
Added Parameter Arena Prefix=120 to Part C83
Added Parameter Arena Prefix=120 to Part C84
Added Parameter Arena Prefix=120 to Part C85
Added Parameter Arena Prefix=120 to Part C86
Added Parameter Arena Prefix=120 to Part C87
Added Parameter Arena Prefix=120 to Part C88
Added Parameter Arena Prefix=120 to Part C89
Added Parameter Arena Prefix=120 to Part C90
Added Parameter Arena Prefix=120 to Part C91
Added Parameter Arena Prefix=120 to Part C92
Added Parameter Arena Prefix=120 to Part C93
Added Parameter Arena Prefix=120 to Part C94
Added Parameter Arena Prefix=120 to Part C95
Added Parameter Arena Prefix=120 to Part C96
Added Parameter Arena Prefix=120 to Part C97
Added Parameter Arena Prefix=120 to Part C98
Added Parameter Arena Prefix=120 to Part C99
Added Parameter Arena Prefix=120 to Part C100
Added Parameter Arena Prefix=120 to Part C101
Added Parameter Arena Prefix=120 to Part C102
Added Parameter Arena Prefix=120 to Part C103
Added Parameter Arena Prefix=120 to Part C104
Added Parameter Arena Prefix=120 to Part C105
Added Parameter Arena Prefix=120 to Part C106
Added Parameter Arena Prefix=120 to Part C107
Added Parameter Arena Prefix=120 to Part C109
Added Parameter Arena Prefix=120 to Part C111
Added Parameter Arena Prefix=120 to Part C114
Added Parameter Arena Prefix=120 to Part C115
Added Parameter Arena Prefix=120 to Part C116
Added Parameter Arena Prefix=120 to Part C117
Added Parameter Arena Prefix=120 to Part C118
Added Parameter Arena Prefix=120 to Part C119
Added Parameter Arena Prefix=120 to Part C120
Added Parameter Arena Prefix=120 to Part C121
Added Parameter Arena Prefix=120 to Part C122
Added Parameter Arena Prefix=120 to Part C123
Added Parameter Arena Prefix=120 to Part C124
Added Parameter Arena Prefix=120 to Part C125
Added Parameter Arena Prefix=120 to Part C126
Added Parameter Arena Prefix=120 to Part C127
Added Parameter Arena Prefix=120 to Part C128
Added Parameter Arena Prefix=120 to Part C129
Added Parameter Arena Prefix=120 to Part C130
Added Parameter Arena Prefix=120 to Part C131
Added Parameter Arena Prefix=120 to Part C132
Added Parameter Arena Prefix=120 to Part C133
Added Parameter Arena Prefix=120 to Part C134
Added Parameter Arena Prefix=120 to Part C135
Added Parameter Arena Prefix=120 to Part C136
Added Parameter Arena Prefix=120 to Part C137
Added Parameter Arena Prefix=120 to Part C140
Added Parameter Arena Prefix=120 to Part C141
Added Parameter Arena Prefix=120 to Part C142
Added Parameter Arena Prefix=125 to Part J1
Added Parameter Arena Prefix=125 to Part J1
Added Parameter Arena Prefix=125 to Part J1
Added Parameter Arena Prefix=125 to Part J1
Added Parameter Arena Prefix=125 to Part J1
Added Parameter Arena Prefix=125 to Part J2
Added Parameter Arena Prefix=125 to Part J2
Added Parameter Arena Prefix=125 to Part J2
Added Parameter Arena Prefix=125 to Part J2
Added Parameter Arena Prefix=125 to Part J2
Added Parameter Arena Prefix=125 to Part J3
Added Parameter Arena Prefix=125 to Part J5
Added Parameter Arena Prefix=125 to Part JP1
Added Parameter Arena Prefix=125 to Part JP2
Added Parameter Arena Prefix=125 to Part TP2
Added Parameter Arena Prefix=125 to Part TP3
Added Parameter Arena Prefix=140 to Part D3
Added Parameter Arena Prefix=140 to Part D4
Added Parameter Arena Prefix=150 to Part U1
Added Parameter Arena Prefix=150 to Part U9
Added Parameter Arena Prefix=150 to Part U9
Added Parameter Arena Prefix=150 to Part U9
Added Parameter Arena Prefix=150 to Part U9
Added Parameter Arena Prefix=150 to Part U9
Added Parameter Arena Prefix=150 to Part U9
Added Parameter Arena Prefix=150 to Part U9
Added Parameter Arena Prefix=150 to Part U9
Added Parameter Arena Prefix=150 to Part U9
Added Parameter Arena Prefix=150 to Part U9
Added Parameter Arena Prefix=150 to Part U9
Added Parameter Arena Prefix=150 to Part U9
Added Parameter Arena Prefix=150 to Part U9
Added Parameter Arena Prefix=150 to Part U10
Added Parameter Arena Prefix=150 to Part U13
Added Parameter Arena Prefix=150 to Part U13
Added Parameter Arena Prefix=150 to Part U17
Added Parameter Arena Prefix=150 to Part U22
Added Parameter Arena Prefix=150 to Part U22
Added Parameter Arena Prefix=150 to Part U22
Added Parameter Arena Prefix=150 to Part U22
Added Parameter Arena Prefix=150 to Part U24
Added Parameter Arena Prefix=150 to Part U25
Added Parameter Arena Prefix=150 to Part U25
Added Parameter Arena Prefix=150 to Part U25
Added Parameter Arena Prefix=150 to Part U25
Added Parameter Arena Prefix=150 to Part U25
Added Parameter Arena Prefix=150 to Part U25
Added Parameter Arena Prefix=150 to Part U26
Added Parameter Arena Prefix=150 to Part U27
Added Parameter Arena Prefix=150 to Part U30
Added Parameter Arena Prefix=150 to Part U32
Added Parameter Arena Prefix=150 to Part U33
Added Parameter Arena Prefix=150 to Part U44
Added Parameter Arena Prefix=150 to Part U44
Added Parameter Arena Prefix=150 to Part U44
Added Parameter Arena Prefix=155 to Part L6
Added Parameter Arena Prefix=155 to Part L7
Added Parameter Arena Prefix=180 to Part R2
Added Parameter Arena Prefix=180 to Part R19
Added Parameter Arena Prefix=180 to Part R20
Added Parameter Arena Prefix=180 to Part R21
Added Parameter Arena Prefix=180 to Part R23
Added Parameter Arena Prefix=180 to Part R33
Added Parameter Arena Prefix=180 to Part R34
Added Parameter Arena Prefix=180 to Part R35
Added Parameter Arena Prefix=180 to Part R36
Added Parameter Arena Prefix=180 to Part R37
Added Parameter Arena Prefix=180 to Part R38
Added Parameter Arena Prefix=180 to Part R43
Added Parameter Arena Prefix=180 to Part R44
Added Parameter Arena Prefix=180 to Part R45
Added Parameter Arena Prefix=180 to Part R46
Added Parameter Arena Prefix=180 to Part R47
Added Parameter Arena Prefix=180 to Part R48
Added Parameter Arena Prefix=180 to Part R49
Added Parameter Arena Prefix=180 to Part R50
Added Parameter Arena Prefix=180 to Part R51
Added Parameter Arena Prefix=180 to Part R52
Added Parameter Arena Prefix=180 to Part R53
Added Parameter Arena Prefix=180 to Part R54
Added Parameter Arena Prefix=180 to Part R55
Added Parameter Arena Prefix=180 to Part RN1
Added Parameter Arena Prefix=180 to Part RN2
Added Parameter Arena Type=Capacitor to Part C10
Added Parameter Arena Type=Capacitor to Part C11
Added Parameter Arena Type=Capacitor to Part C12
Added Parameter Arena Type=Capacitor to Part C14
Added Parameter Arena Type=Capacitor to Part C21
Added Parameter Arena Type=Capacitor to Part C23
Added Parameter Arena Type=Capacitor to Part C29
Added Parameter Arena Type=Capacitor to Part C33
Added Parameter Arena Type=Capacitor to Part C36
Added Parameter Arena Type=Capacitor to Part C46
Added Parameter Arena Type=Capacitor to Part C49
Added Parameter Arena Type=Capacitor to Part C54
Added Parameter Arena Type=Capacitor to Part C63
Added Parameter Arena Type=Capacitor to Part C71
Added Parameter Arena Type=Capacitor to Part C75
Added Parameter Arena Type=Capacitor to Part C76
Added Parameter Arena Type=Capacitor to Part C77
Added Parameter Arena Type=Capacitor to Part C78
Added Parameter Arena Type=Capacitor to Part C81
Added Parameter Arena Type=Capacitor to Part C82
Added Parameter Arena Type=Capacitor to Part C83
Added Parameter Arena Type=Capacitor to Part C84
Added Parameter Arena Type=Capacitor to Part C85
Added Parameter Arena Type=Capacitor to Part C86
Added Parameter Arena Type=Capacitor to Part C87
Added Parameter Arena Type=Capacitor to Part C88
Added Parameter Arena Type=Capacitor to Part C89
Added Parameter Arena Type=Capacitor to Part C90
Added Parameter Arena Type=Capacitor to Part C91
Added Parameter Arena Type=Capacitor to Part C92
Added Parameter Arena Type=Capacitor to Part C93
Added Parameter Arena Type=Capacitor to Part C94
Added Parameter Arena Type=Capacitor to Part C95
Added Parameter Arena Type=Capacitor to Part C96
Added Parameter Arena Type=Capacitor to Part C97
Added Parameter Arena Type=Capacitor to Part C98
Added Parameter Arena Type=Capacitor to Part C99
Added Parameter Arena Type=Capacitor to Part C100
Added Parameter Arena Type=Capacitor to Part C101
Added Parameter Arena Type=Capacitor to Part C102
Added Parameter Arena Type=Capacitor to Part C103
Added Parameter Arena Type=Capacitor to Part C104
Added Parameter Arena Type=Capacitor to Part C105
Added Parameter Arena Type=Capacitor to Part C106
Added Parameter Arena Type=Capacitor to Part C107
Added Parameter Arena Type=Capacitor to Part C109
Added Parameter Arena Type=Capacitor to Part C111
Added Parameter Arena Type=Capacitor to Part C114
Added Parameter Arena Type=Capacitor to Part C115
Added Parameter Arena Type=Capacitor to Part C116
Added Parameter Arena Type=Capacitor to Part C117
Added Parameter Arena Type=Capacitor to Part C118
Added Parameter Arena Type=Capacitor to Part C119
Added Parameter Arena Type=Capacitor to Part C120
Added Parameter Arena Type=Capacitor to Part C121
Added Parameter Arena Type=Capacitor to Part C122
Added Parameter Arena Type=Capacitor to Part C123
Added Parameter Arena Type=Capacitor to Part C124
Added Parameter Arena Type=Capacitor to Part C125
Added Parameter Arena Type=Capacitor to Part C126
Added Parameter Arena Type=Capacitor to Part C127
Added Parameter Arena Type=Capacitor to Part C128
Added Parameter Arena Type=Capacitor to Part C129
Added Parameter Arena Type=Capacitor to Part C130
Added Parameter Arena Type=Capacitor to Part C131
Added Parameter Arena Type=Capacitor to Part C132
Added Parameter Arena Type=Capacitor to Part C133
Added Parameter Arena Type=Capacitor to Part C134
Added Parameter Arena Type=Capacitor to Part C135
Added Parameter Arena Type=Capacitor to Part C136
Added Parameter Arena Type=Capacitor to Part C137
Added Parameter Arena Type=Capacitor to Part C140
Added Parameter Arena Type=Capacitor to Part C141
Added Parameter Arena Type=Capacitor to Part C142
Added Parameter Arena Type=Connector to Part J1
Added Parameter Arena Type=Connector to Part J1
Added Parameter Arena Type=Connector to Part J1
Added Parameter Arena Type=Connector to Part J1
Added Parameter Arena Type=Connector to Part J1
Added Parameter Arena Type=Connector to Part J2
Added Parameter Arena Type=Connector to Part J2
Added Parameter Arena Type=Connector to Part J2
Added Parameter Arena Type=Connector to Part J2
Added Parameter Arena Type=Connector to Part J2
Added Parameter Arena Type=Connector to Part J3
Added Parameter Arena Type=Connector to Part J5
Added Parameter Arena Type=Connector to Part JP1
Added Parameter Arena Type=Connector to Part JP2
Added Parameter Arena Type=Connector to Part TP2
Added Parameter Arena Type=Connector to Part TP3
Added Parameter Arena Type=Diode to Part D3
Added Parameter Arena Type=Diode to Part D4
Added Parameter Arena Type=IC to Part U1
Added Parameter Arena Type=IC to Part U9
Added Parameter Arena Type=IC to Part U9
Added Parameter Arena Type=IC to Part U9
Added Parameter Arena Type=IC to Part U9
Added Parameter Arena Type=IC to Part U9
Added Parameter Arena Type=IC to Part U9
Added Parameter Arena Type=IC to Part U9
Added Parameter Arena Type=IC to Part U9
Added Parameter Arena Type=IC to Part U9
Added Parameter Arena Type=IC to Part U9
Added Parameter Arena Type=IC to Part U9
Added Parameter Arena Type=IC to Part U9
Added Parameter Arena Type=IC to Part U9
Added Parameter Arena Type=IC to Part U10
Added Parameter Arena Type=IC to Part U13
Added Parameter Arena Type=IC to Part U13
Added Parameter Arena Type=IC to Part U17
Added Parameter Arena Type=IC to Part U22
Added Parameter Arena Type=IC to Part U22
Added Parameter Arena Type=IC to Part U22
Added Parameter Arena Type=IC to Part U22
Added Parameter Arena Type=IC to Part U24
Added Parameter Arena Type=IC to Part U25
Added Parameter Arena Type=IC to Part U25
Added Parameter Arena Type=IC to Part U25
Added Parameter Arena Type=IC to Part U25
Added Parameter Arena Type=IC to Part U25
Added Parameter Arena Type=IC to Part U25
Added Parameter Arena Type=IC to Part U26
Added Parameter Arena Type=IC to Part U27
Added Parameter Arena Type=IC to Part U30
Added Parameter Arena Type=IC to Part U32
Added Parameter Arena Type=IC to Part U33
Added Parameter Arena Type=IC to Part U44
Added Parameter Arena Type=IC to Part U44
Added Parameter Arena Type=IC to Part U44
Added Parameter Arena Type=Inductor to Part L6
Added Parameter Arena Type=Inductor to Part L7
Added Parameter Arena Type=Resistor to Part R2
Added Parameter Arena Type=Resistor to Part R19
Added Parameter Arena Type=Resistor to Part R20
Added Parameter Arena Type=Resistor to Part R21
Added Parameter Arena Type=Resistor to Part R23
Added Parameter Arena Type=Resistor to Part R33
Added Parameter Arena Type=Resistor to Part R34
Added Parameter Arena Type=Resistor to Part R35
Added Parameter Arena Type=Resistor to Part R36
Added Parameter Arena Type=Resistor to Part R37
Added Parameter Arena Type=Resistor to Part R38
Added Parameter Arena Type=Resistor to Part R43
Added Parameter Arena Type=Resistor to Part R44
Added Parameter Arena Type=Resistor to Part R45
Added Parameter Arena Type=Resistor to Part R46
Added Parameter Arena Type=Resistor to Part R47
Added Parameter Arena Type=Resistor to Part R48
Added Parameter Arena Type=Resistor to Part R49
Added Parameter Arena Type=Resistor to Part R50
Added Parameter Arena Type=Resistor to Part R51
Added Parameter Arena Type=Resistor to Part R52
Added Parameter Arena Type=Resistor to Part R53
Added Parameter Arena Type=Resistor to Part R54
Added Parameter Arena Type=Resistor to Part R55
Added Parameter Arena Type=Resistor to Part RN1
Added Parameter Arena Type=Resistor to Part RN2
