Removed Parameter Value1:0.1uF from Part C138
Change Value of Parameter Value in Part C1 Old= New=10uF 6V
Change Value of Parameter Value in Part C2 Old= New=1uF
Change Value of Parameter Value in Part C3 Old= New=0.1uF
Change Value of Parameter Value in Part C4 Old= New=0.15uF
Change Value of Parameter Value in Part C5 Old= New=0.1uF
Change Value of Parameter Value in Part C6 Old= New=0.15uF
Change Value of Parameter Value in Part C7 Old= New=0.1uF
Change Value of Parameter Value in Part C9 Old= New=0.1uF
Change Value of Parameter Value in Part C13 Old= New=22uF 10V
Change Value of Parameter Value in Part C15 Old= New=0.1uF
Change Value of Parameter Value in Part C16 Old= New=0.15uF
Change Value of Parameter Value in Part C17 Old= New=0.15uF
Change Value of Parameter Value in Part C18 Old= New=0.1uF
Change Value of Parameter Value in Part C19 Old= New=0.15uF
Change Value of Parameter Value in Part C20 Old= New=0.1uF
Change Value of Parameter Value in Part C22 Old= New=0.1uF
Change Value of Parameter Value in Part C24 Old= New=0.1uF
Change Value of Parameter Value in Part C25 Old= New=0.1uF
Change Value of Parameter Value in Part C26 Old= New=0.1uF
Change Value of Parameter Value in Part C27 Old= New=0.1uF
Change Value of Parameter Value in Part C28 Old= New=0.1uF
Change Value of Parameter Value in Part C30 Old= New=0.1uF
Change Value of Parameter Value in Part C31 Old= New=10uF 6V
Change Value of Parameter Value in Part C32 Old= New=22uF 10V
Change Value of Parameter Value in Part C35 Old= New=0.1uF
Change Value of Parameter Value in Part C37 Old= New=0.01uF
Change Value of Parameter Value in Part C38 Old= New=0.01uF
Change Value of Parameter Value in Part C39 Old= New=0.1uF
Change Value of Parameter Value in Part C40 Old= New=22uF 6V
Change Value of Parameter Value in Part C41 Old= New=22uF 6V
Change Value of Parameter Value in Part C42 Old= New=0.1uF
Change Value of Parameter Value in Part C43 Old= New=0.1uF
Change Value of Parameter Value in Part C44 Old= New=0.1uF
Change Value of Parameter Value in Part C45 Old= New=0.1uF
Change Value of Parameter Value in Part C47 Old= New=0.1uF
Change Value of Parameter Value in Part C48 Old= New=0.1uF
Change Value of Parameter Value in Part C50 Old= New=0.1uF
Change Value of Parameter Value in Part C51 Old= New=0.1uF
Change Value of Parameter Value in Part C52 Old= New=0.1uF
Change Value of Parameter Value in Part C53 Old= New=0.1uF
Change Value of Parameter Value in Part C55 Old= New=22uF 6V
Change Value of Parameter Value in Part C56 Old= New=22uF 6V
Change Value of Parameter Value in Part C57 Old= New=0.1uF
Change Value of Parameter Value in Part C58 Old= New=0.1uF
Change Value of Parameter Value in Part C59 Old= New=0.1uF
Change Value of Parameter Value in Part C60 Old= New=0.1uF
Change Value of Parameter Value in Part C61 Old= New=0.1uF
Change Value of Parameter Value in Part C62 Old= New=0.1uF
Change Value of Parameter Value in Part C64 Old= New=0.1uF
Change Value of Parameter Value in Part C65 Old= New=0.1uF
Change Value of Parameter Value in Part C66 Old= New=0.1uF
Change Value of Parameter Value in Part C67 Old= New=0.1uF
Change Value of Parameter Value in Part C68 Old= New=0.1uF
Change Value of Parameter Value in Part C69 Old= New=10uF 6V
Change Value of Parameter Value in Part C70 Old= New=10uF 6V
Change Value of Parameter Value in Part C72 Old= New=0.1uF
Change Value of Parameter Value in Part C73 Old= New=0.1uF
Change Value of Parameter Value in Part C74 Old= New=0.1uF
Change Value of Parameter Value in Part C79 Old= New=0.1uF
Change Value of Parameter Value in Part C80 Old= New=0.1uF
Change Value of Parameter Value in Part C108 Old= New=0.1uF
Change Value of Parameter Value in Part C110 Old= New=0.47uF
Change Value of Parameter Value in Part C112 Old= New=10uF 6V
Change Value of Parameter Value in Part C113 Old= New=0.1uF
Change Value of Parameter Value in Part C138 Old= New=0.1uF
Change Value of Parameter Value in Part D1 Old= New=MMBD914
Change Value of Parameter Value in Part D2 Old= New=SML10G4-TR
Change Value of Parameter Value in Part D5 Old= New=SML10G4-TR
Change Value of Parameter Value in Part J4 Old= New=USB_B
Change Value of Parameter Value in Part J6 Old= New=AMP5103310-02
Change Value of Parameter Value in Part J8 Old= New=CON3
Change Value of Parameter Value in Part L1 Old= New=56uHn
Change Value of Parameter Value in Part L2 Old= New=600R
Change Value of Parameter Value in Part L3 Old= New=56uHn
Change Value of Parameter Value in Part L4 Old= New=56uHn
Change Value of Parameter Value in Part L5 Old= New=600R
Change Value of Parameter Value in Part R13 Old= New=10K
Change Value of Parameter Value in Part R14 Old= New=100K
Change Value of Parameter Value in Part R15 Old= New=36K
Change Value of Parameter Value in Part R18 Old= New=100K
Change Value of Parameter Value in Part R22 Old= New=22R
Change Value of Parameter Value in Part R24 Old= New=22R
Change Value of Parameter Value in Part R25 Old= New=3K
Change Value of Parameter Value in Part R26 Old= New=3K
Change Value of Parameter Value in Part R27 Old= New=3K
Change Value of Parameter Value in Part R28 Old= New=3K
Change Value of Parameter Value in Part R29 Old= New=390R
Change Value of Parameter Value in Part R30 Old= New=1K
Change Value of Parameter Value in Part R31 Old= New=10K
Change Value of Parameter Value in Part R32 Old= New=100K
Change Value of Parameter Value in Part R39 Old= New=1K02
Change Value of Parameter Value in Part R40 Old= New=1K78
Change Value of Parameter Value in Part R41 Old= New=1K10
Change Value of Parameter Value in Part R42 Old= New=1K02
Change Value of Parameter Value in Part R56 Old= New=1K5
Change Value of Parameter Value in Part R57 Old= New=1K5
Change Value of Parameter Value in Part R58 Old= New=1K5
Change Value of Parameter Value in Part RN3 Old= New=1K
Change Value of Parameter Value in Part RN4 Old= New=10K
Change Value of Parameter Value in Part RN5 Old= New=1K
Change Value of Parameter Value in Part TP1 Old= New=CON1
Change Value of Parameter Value in Part U2 Old= New=24MHz, SMT 3.3V
Change Value of Parameter Value in Part U3 Old= New=FIN1002M5
Change Value of Parameter Value in Part U4 Old= New=LTC2630A_LM12
Change Value of Parameter Value in Part U5 Old= New=MAX3226ECAE(16-SSOP)
Change Value of Parameter Value in Part U6 Old= New=TPS3836K33DBVT
Change Value of Parameter Value in Part U7 Old= New=PGB102ST323WR
Change Value of Parameter Value in Part U8 Old= New=LT6003CS5
Change Value of Parameter Value in Part U11 Old= New=CY7C68013A-128AXC
Change Value of Parameter Value in Part U12 Old= New=INA122
Change Value of Parameter Value in Part U14 Old= New=C5310-D105-SV033-RFL-A1-100
Change Value of Parameter Value in Part U15 Old= New=72V2105
Change Value of Parameter Value in Part U16 Old= New=72V2105
Change Value of Parameter Value in Part U18 Old= New=IDT72V2111L15PF
Change Value of Parameter Value in Part U19 Old= New=72V2105
Change Value of Parameter Value in Part U20 Old= New=DS2411R
Change Value of Parameter Value in Part U21 Old= New=TPS3836K33DBVT
Change Value of Parameter Value in Part U23 Old= New=MC74HC125A
Change Value of Parameter Value in Part U28 Old= New=INA122
Change Value of Parameter Value in Part U29 Old= New=MSP430F5438
