Change Value of Parameter COST in Part U3 Old= New=0.84
Change Value of Parameter Manufacturer in Part U3 Old= New=Fairchild
Change Value of Parameter Manuf p/n in Part U3 Old= New=FIN1002M5X
Change Value of Parameter Vendor p/n in Part U3 Old= New=FIN1002M5XCT-ND
Change Value of Parameter COST in Part U11 Old= New=16.88
Change Value of Parameter Manufacturer in Part U11 Old= New=Cypress
Change Value of Parameter Manuf p/n in Part U11 Old= New=CY7C68013A-128AXC
Change Value of Parameter Vendor p/n in Part U11 Old= New=428-1668-ND
Change Value of Parameter Manufacturer in Part U18 Old= New=IDT
Change Value of Parameter Manuf p/n in Part U18 Old= New=IDT72V2105L10PFG
Change Value of Parameter Vendor p/n in Part U18 Old= New=800-1511-ND
Change Value of Parameter COST in Part U20 Old= New=1.25
Change Value of Parameter Manufacturer in Part U20 Old= New=Maxim
Change Value of Parameter Manuf p/n in Part U20 Old= New=DS2411R+T&R
Change Value of Parameter Vendor p/n in Part U20 Old= New=DS2411R+CT-ND
Added Parameter Notes= to Part C1
Added Parameter Notes= to Part C2
Added Parameter Notes= to Part C3
Added Parameter Notes= to Part C4
Added Parameter Notes= to Part C5
Added Parameter Notes= to Part C6
Added Parameter Notes= to Part C7
Added Parameter Notes= to Part C8
Added Parameter Notes= to Part C9
Added Parameter Notes= to Part C13
Added Parameter Notes= to Part C15
Added Parameter Notes= to Part C16
Added Parameter Notes= to Part C17
Added Parameter Notes= to Part C18
Added Parameter Notes= to Part C19
Added Parameter Notes= to Part C20
Added Parameter Notes= to Part C22
Added Parameter Notes= to Part C24
Added Parameter Notes= to Part C25
Added Parameter Notes= to Part C26
Added Parameter Notes= to Part C27
Added Parameter Notes= to Part C28
Added Parameter Notes= to Part C30
Added Parameter Notes= to Part C31
Added Parameter Notes= to Part C32
Added Parameter Notes= to Part C34
Added Parameter Notes= to Part C35
Added Parameter Notes= to Part C37
Added Parameter Notes= to Part C38
Added Parameter Notes= to Part C39
Added Parameter Notes= to Part C40
Added Parameter Notes= to Part C41
Added Parameter Notes= to Part C42
Added Parameter Notes= to Part C43
Added Parameter Notes= to Part C44
Added Parameter Notes= to Part C45
Added Parameter Notes= to Part C47
Added Parameter Notes= to Part C48
Added Parameter Notes= to Part C50
Added Parameter Notes= to Part C51
Added Parameter Notes= to Part C52
Added Parameter Notes= to Part C53
Added Parameter Notes= to Part C55
Added Parameter Notes= to Part C56
Added Parameter Notes= to Part C57
Added Parameter Notes= to Part C58
Added Parameter Notes= to Part C59
Added Parameter Notes= to Part C60
Added Parameter Notes= to Part C61
Added Parameter Notes= to Part C62
Added Parameter Notes= to Part C64
Added Parameter Notes= to Part C65
Added Parameter Notes= to Part C66
Added Parameter Notes= to Part C67
Added Parameter Notes= to Part C68
Added Parameter Notes= to Part C69
Added Parameter Notes= to Part C70
Added Parameter Notes= to Part C72
Added Parameter Notes= to Part C73
Added Parameter Notes= to Part C74
Added Parameter Notes= to Part C79
Added Parameter Notes= to Part C80
Added Parameter Notes= to Part C108
Added Parameter Notes= to Part C110
Added Parameter Notes= to Part C112
Added Parameter Notes= to Part C113
Added Parameter Notes= to Part C138
Added Parameter Notes= to Part D1
Added Parameter Notes= to Part D2
Added Parameter Notes= to Part D5
Added Parameter Notes= to Part J4
Added Parameter Notes= to Part J6
Added Parameter Notes= to Part J8
Added Parameter Notes= to Part L1
Added Parameter Notes= to Part L2
Added Parameter Notes= to Part L3
Added Parameter Notes= to Part L4
Added Parameter Notes= to Part L5
Added Parameter Notes= to Part R1
Added Parameter Notes= to Part R3
Added Parameter Notes= to Part R4
Added Parameter Notes= to Part R5
Added Parameter Notes= to Part R6
Added Parameter Notes= to Part R7
Added Parameter Notes= to Part R8
Added Parameter Notes= to Part R9
Added Parameter Notes= to Part R10
Added Parameter Notes= to Part R11
Added Parameter Notes= to Part R12
Added Parameter Notes= to Part R13
Added Parameter Notes= to Part R14
Added Parameter Notes= to Part R15
Added Parameter Notes= to Part R16
Added Parameter Notes= to Part R17
Added Parameter Notes= to Part R18
Added Parameter Notes= to Part R22
Added Parameter Notes= to Part R24
Added Parameter Notes= to Part R25
Added Parameter Notes= to Part R26
Added Parameter Notes= to Part R27
Added Parameter Notes= to Part R28
Added Parameter Notes= to Part R29
Added Parameter Notes= to Part R30
Added Parameter Notes= to Part R31
Added Parameter Notes= to Part R32
Added Parameter Notes= to Part R39
Added Parameter Notes= to Part R40
Added Parameter Notes= to Part R41
Added Parameter Notes= to Part R42
Added Parameter Notes= to Part R56
Added Parameter Notes= to Part R57
Added Parameter Notes= to Part R58
Added Parameter Notes= to Part RN3
Added Parameter Notes= to Part RN4
Added Parameter Notes= to Part RN5
Added Parameter Notes= to Part TP1
Added Parameter Notes= to Part U2
Added Parameter Notes= to Part U3
Added Parameter Notes= to Part U4
Added Parameter Notes= to Part U5
Added Parameter Notes= to Part U6
Added Parameter Notes= to Part U7
Added Parameter Notes= to Part U8
Added Parameter Notes= to Part U11
Added Parameter Notes= to Part U12
Added Parameter Notes= to Part U14
Added Parameter Notes= to Part U15
Added Parameter Notes= to Part U16
Added Parameter Notes= to Part U18
Added Parameter Notes= to Part U19
Added Parameter Notes= to Part U20
Added Parameter Notes= to Part U21
Added Parameter Notes= to Part U23
Added Parameter Notes= to Part U28
Added Parameter Notes= to Part U29
