Change Value of Parameter COST in Part C1 Old= New=0.20
Change Component Parameter Footprint in C1 Old=size a New=3216-18
Change Value of Parameter Manufacturer in Part C1 Old= New=Kemet
Change Value of Parameter Manuf p/n in Part C1 Old= New=T491A106K006AT
Change Value of Parameter Vendor p/n in Part C1 Old= New=399-3683-1-ND
Change Value of Parameter COST in Part C13 Old= New=.39
Change Component Parameter Footprint in C13 Old=Size B New=6032-28
Change Value of Parameter Manufacturer in Part C13 Old= New=Kemet
Change Value of Parameter Manuf p/n in Part C13 Old= New=T491C226K010AT
Change Value of Parameter Vendor p/n in Part C13 Old= New=399-3743-1-ND
Change Value of Parameter COST in Part C31 Old= New=0.20
Change Component Parameter Footprint in C31 Old=size a New=3216-18
Change Value of Parameter Manufacturer in Part C31 Old= New=Kemet
Change Value of Parameter Manuf p/n in Part C31 Old= New=T491A106K006AT
Change Value of Parameter Vendor p/n in Part C31 Old= New=399-3683-1-ND
Change Value of Parameter COST in Part C32 Old= New=.39
Change Component Parameter Footprint in C32 Old=Size B New=6032-28
Change Value of Parameter Manufacturer in Part C32 Old= New=Kemet
Change Value of Parameter Manuf p/n in Part C32 Old= New=T491C226K010AT
Change Value of Parameter Vendor p/n in Part C32 Old= New=399-3743-1-ND
Change Value of Parameter COST in Part C40 Old= New=.39
Change Component Parameter Footprint in C40 Old=B-Size New=6032-28
Change Value of Parameter Manufacturer in Part C40 Old= New=Kemet
Change Value of Parameter Manuf p/n in Part C40 Old= New=T491C226K010AT
Change Value of Parameter Vendor p/n in Part C40 Old= New=399-3743-1-ND
Change Value of Parameter COST in Part C41 Old= New=.39
Change Component Parameter Footprint in C41 Old=B-Size New=6032-28
Change Value of Parameter Manufacturer in Part C41 Old= New=Kemet
Change Value of Parameter Manuf p/n in Part C41 Old= New=T491C226K010AT
Change Value of Parameter Vendor p/n in Part C41 Old= New=399-3743-1-ND
Change Value of Parameter COST in Part C55 Old= New=.39
Change Component Parameter Footprint in C55 Old=B-Size New=6032-28
Change Value of Parameter Manufacturer in Part C55 Old= New=Kemet
Change Value of Parameter Manuf p/n in Part C55 Old= New=T491C226K010AT
Change Value of Parameter Vendor p/n in Part C55 Old= New=399-3743-1-ND
Change Value of Parameter COST in Part C56 Old= New=.39
Change Component Parameter Footprint in C56 Old=B-Size New=6032-28
Change Value of Parameter Manufacturer in Part C56 Old= New=Kemet
Change Value of Parameter Manuf p/n in Part C56 Old= New=T491C226K010AT
Change Value of Parameter Vendor p/n in Part C56 Old= New=399-3743-1-ND
Change Value of Parameter COST in Part C69 Old= New=0.20
Change Component Parameter Footprint in C69 Old=size a New=3216-18
Change Value of Parameter Manufacturer in Part C69 Old= New=Kemet
Change Value of Parameter Manuf p/n in Part C69 Old= New=T491A106K006AT
Change Value of Parameter Vendor p/n in Part C69 Old= New=399-3683-1-ND
Change Value of Parameter COST in Part C70 Old= New=0.20
Change Component Parameter Footprint in C70 Old=size a New=3216-18
Change Value of Parameter Manufacturer in Part C70 Old= New=Kemet
Change Value of Parameter Manuf p/n in Part C70 Old= New=T491A106K006AT
Change Value of Parameter Vendor p/n in Part C70 Old= New=399-3683-1-ND
Change Value of Parameter COST in Part C112 Old= New=0.20
Change Component Parameter Footprint in C112 Old=size a New=3216-18
Change Value of Parameter Manufacturer in Part C112 Old= New=Kemet
Change Value of Parameter Manuf p/n in Part C112 Old= New=T491A106K006AT
Change Value of Parameter Vendor p/n in Part C112 Old= New=399-3683-1-ND
