Change Value of Parameter Vendor in Part C1 Old= New=DigiKey
Change Value of Parameter Vendor in Part C8 Old= New=DigiKey
Change Value of Parameter Vendor in Part C13 Old= New=DigiKey
Change Value of Parameter Vendor in Part C31 Old= New=DigiKey
Change Value of Parameter Vendor in Part C32 Old= New=DigiKey
Change Value of Parameter Vendor in Part C40 Old= New=DigiKey
Change Value of Parameter Vendor in Part C41 Old= New=DigiKey
Change Value of Parameter Vendor in Part C55 Old= New=DigiKey
Change Value of Parameter Vendor in Part C56 Old= New=DigiKey
Change Value of Parameter Vendor in Part C69 Old= New=DigiKey
Change Value of Parameter Vendor in Part C70 Old= New=DigiKey
Change Value of Parameter Vendor in Part C112 Old= New=DigiKey
Change Value of Parameter Vendor in Part D1 Old= New=DigiKey
Change Value of Parameter Vendor in Part L1 Old= New=DigiKey
Change Value of Parameter Vendor in Part L2 Old= New=DigiKey
Change Value of Parameter Vendor in Part L3 Old= New=DigiKey
Change Value of Parameter Vendor in Part L4 Old= New=DigiKey
Change Value of Parameter Vendor in Part L5 Old= New=DigiKey
Change Value of Parameter Vendor in Part R3 Old= New=DigiKey
Change Value of Parameter Vendor in Part R4 Old= New=DigiKey
Change Value of Parameter Vendor in Part R5 Old= New=DigiKey
Change Value of Parameter Vendor in Part R6 Old= New=DigiKey
Change Value of Parameter Vendor in Part R12 Old= New=DigiKey
Change Value of Parameter Vendor in Part R14 Old= New=DigiKey
Change Value of Parameter Vendor in Part R15 Old= New=DigiKey
Change Value of Parameter Vendor in Part R16 Old= New=DigiKey
Change Value of Parameter Vendor in Part R18 Old= New=DigiKey
Change Value of Parameter Vendor in Part R22 Old= New=DigiKey
Change Value of Parameter Vendor in Part R24 Old= New=DigiKey
Change Value of Parameter Vendor in Part R29 Old= New=DigiKey
Change Value of Parameter Vendor in Part R32 Old= New=DigiKey
Change Value of Parameter Vendor in Part RN4 Old= New=DigiKey
Change Value of Parameter Vendor in Part U3 Old= New=DigiKey
Change Value of Parameter Vendor in Part U4 Old= New=DigiKey
Change Value of Parameter Vendor in Part U5 Old= New=DigiKey
Change Value of Parameter Vendor in Part U8 Old= New=DigiKey
Change Value of Parameter Vendor in Part U11 Old= New=DigiKey
Change Value of Parameter Vendor in Part U15 Old= New=DigiKey
Change Value of Parameter Vendor in Part U16 Old= New=DigiKey
Change Value of Parameter Vendor in Part U18 Old= New=DigiKey
Change Value of Parameter Vendor in Part U19 Old= New=DigiKey
Change Value of Parameter Vendor in Part U20 Old= New=DigiKey
Change Value of Parameter Vendor in Part U23 Old= New=DigiKey
