Change Value of Parameter COST in Part L1 Old= New=0.98
Change Value of Parameter Manuf p/n in Part L1 Old= New=B82432T1563K
Change Value of Parameter Vendor p/n in Part L1 Old= New=495-1982-1-ND
Change Value of Parameter COST in Part L2 Old= New=0.28
Change Value of Parameter Manufacturer in Part L2 Old= New=Wurth
Change Value of Parameter Manuf p/n in Part L2 Old= New=74279218
Change Value of Parameter Vendor p/n in Part L2 Old= New=732-1623-1-ND
Change Value of Parameter COST in Part L3 Old= New=0.98
Change Value of Parameter Manuf p/n in Part L3 Old= New=B82432T1563K
Change Value of Parameter Vendor p/n in Part L3 Old= New=495-1982-1-ND
Change Value of Parameter COST in Part L4 Old= New=0.98
Change Value of Parameter Manuf p/n in Part L4 Old= New=B82432T1563K
Change Value of Parameter Vendor p/n in Part L4 Old= New=495-1982-1-ND
Change Value of Parameter COST in Part L5 Old= New=0.28
Change Value of Parameter Manufacturer in Part L5 Old= New=Wurth
Change Value of Parameter Manuf p/n in Part L5 Old= New=74279218
Change Value of Parameter Vendor p/n in Part L5 Old= New=732-1623-1-ND
Change Value of Parameter Manufacturer in Part R3 Old= New=Vishay
Change Value of Parameter Manufacturer in Part R4 Old= New=Vishay
Change Value of Parameter Manufacturer in Part R5 Old= New=Vishay
Change Value of Parameter Manufacturer in Part R6 Old= New=Vishay
Change Value of Parameter Manufacturer in Part R12 Old= New=Vishay
Change Value of Parameter Manufacturer in Part R14 Old= New=Vishay
Change Value of Parameter Manufacturer in Part R15 Old= New=Vishay
Change Value of Parameter Manufacturer in Part R16 Old= New=Vishay
Change Value of Parameter Manufacturer in Part R18 Old= New=Vishay
Change Value of Parameter Manufacturer in Part R22 Old= New=Vishay
Change Value of Parameter Manufacturer in Part R24 Old= New=Vishay
Change Value of Parameter COST in Part R29 Old= New=0.081
Change Value of Parameter Manufacturer in Part R29 Old= New=Vishay
Change Value of Parameter Manufacturer in Part R32 Old= New=Vishay
Change Value of Parameter COST in Part R39 Old= New=0.081
Change Value of Parameter COST in Part R40 Old= New=0.081
Change Value of Parameter COST in Part R41 Old= New=0.081
Change Value of Parameter COST in Part R42 Old= New=0.081
Change Value of Parameter COST in Part R56 Old= New=0.081
Change Value of Parameter COST in Part R57 Old= New=0.081
Change Value of Parameter COST in Part R58 Old= New=0.081
