Change Value of Parameter COST in Part C10 Old= New=0.061
Change Value of Parameter Manufacturer in Part C10 Old= New=Murata
Change Value of Parameter Manuf p/n in Part C10 Old= New=GRM188R71H104KA93D
Change Value of Parameter Vendor in Part C10 Old= New=DigiKey
Change Value of Parameter Vendor p/n in Part C10 Old= New=490-1519-1-ND
Change Value of Parameter COST in Part C11 Old= New=0.061
Change Value of Parameter Manufacturer in Part C11 Old= New=Murata
Change Value of Parameter Manuf p/n in Part C11 Old= New=GRM188R71H104KA93D
Change Value of Parameter Vendor in Part C11 Old= New=DigiKey
Change Value of Parameter Vendor p/n in Part C11 Old= New=490-1519-1-ND
Change Value of Parameter COST in Part C12 Old= New=0.061
Change Value of Parameter Manufacturer in Part C12 Old= New=Murata
Change Value of Parameter Manuf p/n in Part C12 Old= New=GRM188R71H104KA93D
Change Value of Parameter Vendor in Part C12 Old= New=DigiKey
Change Value of Parameter Vendor p/n in Part C12 Old= New=490-1519-1-ND
Change Value of Parameter COST in Part C23 Old= New=0.061
Change Value of Parameter Manufacturer in Part C23 Old= New=Murata
Change Value of Parameter Manuf p/n in Part C23 Old= New=GRM188R71H104KA93D
Change Value of Parameter Vendor in Part C23 Old= New=DigiKey
Change Value of Parameter Vendor p/n in Part C23 Old= New=490-1519-1-ND
Change Value of Parameter COST in Part C33 Old= New=0.061
Change Value of Parameter Manufacturer in Part C33 Old= New=Murata
Change Value of Parameter Manuf p/n in Part C33 Old= New=GRM188R71H104KA93D
Change Value of Parameter Vendor in Part C33 Old= New=DigiKey
Change Value of Parameter Vendor p/n in Part C33 Old= New=490-1519-1-ND
Change Value of Parameter COST in Part C36 Old= New=0.061
Change Value of Parameter Manufacturer in Part C36 Old= New=Murata
Change Value of Parameter Manuf p/n in Part C36 Old= New=GRM188R71H104KA93D
Change Value of Parameter Vendor in Part C36 Old= New=DigiKey
Change Value of Parameter Vendor p/n in Part C36 Old= New=490-1519-1-ND
Change Value of Parameter COST in Part C49 Old= New=0.061
Change Value of Parameter Manufacturer in Part C49 Old= New=Murata
Change Value of Parameter Manuf p/n in Part C49 Old= New=GRM188R71H104KA93D
Change Value of Parameter Vendor in Part C49 Old= New=DigiKey
Change Value of Parameter Vendor p/n in Part C49 Old= New=490-1519-1-ND
Change Value of Parameter COST in Part C63 Old= New=0.061
Change Value of Parameter Manufacturer in Part C63 Old= New=Murata
Change Value of Parameter Manuf p/n in Part C63 Old= New=GRM188R71H104KA93D
Change Value of Parameter Vendor in Part C63 Old= New=DigiKey
Change Value of Parameter Vendor p/n in Part C63 Old= New=490-1519-1-ND
Change Value of Parameter COST in Part C71 Old= New=0.061
Change Value of Parameter Manufacturer in Part C71 Old= New=Murata
Change Value of Parameter Manuf p/n in Part C71 Old= New=GRM188R71H104KA93D
Change Value of Parameter Vendor in Part C71 Old= New=DigiKey
Change Value of Parameter Vendor p/n in Part C71 Old= New=490-1519-1-ND
Change Value of Parameter COST in Part C75 Old= New=0.061
Change Value of Parameter Manufacturer in Part C75 Old= New=Murata
Change Value of Parameter Manuf p/n in Part C75 Old= New=GRM188R71H104KA93D
Change Value of Parameter Vendor in Part C75 Old= New=DigiKey
Change Value of Parameter Vendor p/n in Part C75 Old= New=490-1519-1-ND
Change Value of Parameter COST in Part C76 Old= New=0.061
Change Value of Parameter Manufacturer in Part C76 Old= New=Murata
Change Value of Parameter Manuf p/n in Part C76 Old= New=GRM188R71H104KA93D
Change Value of Parameter Vendor in Part C76 Old= New=DigiKey
Change Value of Parameter Vendor p/n in Part C76 Old= New=490-1519-1-ND
Change Value of Parameter COST in Part C81 Old= New=0.061
Change Value of Parameter Manufacturer in Part C81 Old= New=Murata
Change Value of Parameter Manuf p/n in Part C81 Old= New=GRM188R71H104KA93D
Change Value of Parameter Vendor in Part C81 Old= New=DigiKey
Change Value of Parameter Vendor p/n in Part C81 Old= New=490-1519-1-ND
Change Value of Parameter COST in Part C82 Old= New=0.061
Change Value of Parameter Manufacturer in Part C82 Old= New=Murata
Change Value of Parameter Manuf p/n in Part C82 Old= New=GRM188R71H104KA93D
Change Value of Parameter Vendor in Part C82 Old= New=DigiKey
Change Value of Parameter Vendor p/n in Part C82 Old= New=490-1519-1-ND
Change Value of Parameter COST in Part C83 Old= New=0.061
Change Value of Parameter Manufacturer in Part C83 Old= New=Murata
Change Value of Parameter Manuf p/n in Part C83 Old= New=GRM188R71H104KA93D
Change Value of Parameter Vendor in Part C83 Old= New=DigiKey
Change Value of Parameter Vendor p/n in Part C83 Old= New=490-1519-1-ND
Change Value of Parameter COST in Part C84 Old= New=0.061
Change Value of Parameter Manufacturer in Part C84 Old= New=Murata
Change Value of Parameter Manuf p/n in Part C84 Old= New=GRM188R71H104KA93D
Change Value of Parameter Vendor in Part C84 Old= New=DigiKey
Change Value of Parameter Vendor p/n in Part C84 Old= New=490-1519-1-ND
Change Value of Parameter COST in Part C85 Old= New=0.061
Change Value of Parameter Manufacturer in Part C85 Old= New=Murata
Change Value of Parameter Manuf p/n in Part C85 Old= New=GRM188R71H104KA93D
Change Value of Parameter Vendor in Part C85 Old= New=DigiKey
Change Value of Parameter Vendor p/n in Part C85 Old= New=490-1519-1-ND
Change Value of Parameter COST in Part C86 Old= New=0.061
Change Value of Parameter Manufacturer in Part C86 Old= New=Murata
Change Value of Parameter Manuf p/n in Part C86 Old= New=GRM188R71H104KA93D
Change Value of Parameter Vendor in Part C86 Old= New=DigiKey
Change Value of Parameter Vendor p/n in Part C86 Old= New=490-1519-1-ND
Change Value of Parameter COST in Part C87 Old= New=0.061
Change Value of Parameter Manufacturer in Part C87 Old= New=Murata
Change Value of Parameter Manuf p/n in Part C87 Old= New=GRM188R71H104KA93D
Change Value of Parameter Vendor in Part C87 Old= New=DigiKey
Change Value of Parameter Vendor p/n in Part C87 Old= New=490-1519-1-ND
Change Value of Parameter COST in Part C88 Old= New=0.061
Change Value of Parameter Manufacturer in Part C88 Old= New=Murata
Change Value of Parameter Manuf p/n in Part C88 Old= New=GRM188R71H104KA93D
Change Value of Parameter Vendor in Part C88 Old= New=DigiKey
Change Value of Parameter Vendor p/n in Part C88 Old= New=490-1519-1-ND
Change Value of Parameter COST in Part C89 Old= New=0.061
Change Value of Parameter Manufacturer in Part C89 Old= New=Murata
Change Value of Parameter Manuf p/n in Part C89 Old= New=GRM188R71H104KA93D
Change Value of Parameter Vendor in Part C89 Old= New=DigiKey
Change Value of Parameter Vendor p/n in Part C89 Old= New=490-1519-1-ND
Change Value of Parameter COST in Part C90 Old= New=0.061
Change Value of Parameter Manufacturer in Part C90 Old= New=Murata
Change Value of Parameter Manuf p/n in Part C90 Old= New=GRM188R71H104KA93D
Change Value of Parameter Vendor in Part C90 Old= New=DigiKey
Change Value of Parameter Vendor p/n in Part C90 Old= New=490-1519-1-ND
Change Value of Parameter COST in Part C91 Old= New=0.061
Change Value of Parameter Manufacturer in Part C91 Old= New=Murata
Change Value of Parameter Manuf p/n in Part C91 Old= New=GRM188R71H104KA93D
Change Value of Parameter Vendor in Part C91 Old= New=DigiKey
Change Value of Parameter Vendor p/n in Part C91 Old= New=490-1519-1-ND
Change Value of Parameter COST in Part C92 Old= New=0.061
Change Value of Parameter Manufacturer in Part C92 Old= New=Murata
Change Value of Parameter Manuf p/n in Part C92 Old= New=GRM188R71H104KA93D
Change Value of Parameter Vendor in Part C92 Old= New=DigiKey
Change Value of Parameter Vendor p/n in Part C92 Old= New=490-1519-1-ND
Change Value of Parameter COST in Part C93 Old= New=0.061
Change Value of Parameter Manufacturer in Part C93 Old= New=Murata
Change Value of Parameter Manuf p/n in Part C93 Old= New=GRM188R71H104KA93D
Change Value of Parameter Vendor in Part C93 Old= New=DigiKey
Change Value of Parameter Vendor p/n in Part C93 Old= New=490-1519-1-ND
Change Value of Parameter COST in Part C94 Old= New=0.061
Change Value of Parameter Manufacturer in Part C94 Old= New=Murata
Change Value of Parameter Manuf p/n in Part C94 Old= New=GRM188R71H104KA93D
Change Value of Parameter Vendor in Part C94 Old= New=DigiKey
Change Value of Parameter Vendor p/n in Part C94 Old= New=490-1519-1-ND
Change Value of Parameter COST in Part C95 Old= New=0.061
Change Value of Parameter Manufacturer in Part C95 Old= New=Murata
Change Value of Parameter Manuf p/n in Part C95 Old= New=GRM188R71H104KA93D
Change Value of Parameter Vendor in Part C95 Old= New=DigiKey
Change Value of Parameter Vendor p/n in Part C95 Old= New=490-1519-1-ND
Change Value of Parameter COST in Part C96 Old= New=0.061
Change Value of Parameter Manufacturer in Part C96 Old= New=Murata
Change Value of Parameter Manuf p/n in Part C96 Old= New=GRM188R71H104KA93D
Change Value of Parameter Vendor in Part C96 Old= New=DigiKey
Change Value of Parameter Vendor p/n in Part C96 Old= New=490-1519-1-ND
Change Value of Parameter COST in Part C97 Old= New=0.061
Change Value of Parameter Manufacturer in Part C97 Old= New=Murata
Change Value of Parameter Manuf p/n in Part C97 Old= New=GRM188R71H104KA93D
Change Value of Parameter Vendor in Part C97 Old= New=DigiKey
Change Value of Parameter Vendor p/n in Part C97 Old= New=490-1519-1-ND
Change Value of Parameter COST in Part C98 Old= New=0.061
Change Value of Parameter Manufacturer in Part C98 Old= New=Murata
Change Value of Parameter Manuf p/n in Part C98 Old= New=GRM188R71H104KA93D
Change Value of Parameter Vendor in Part C98 Old= New=DigiKey
Change Value of Parameter Vendor p/n in Part C98 Old= New=490-1519-1-ND
Change Value of Parameter COST in Part C99 Old= New=0.061
Change Value of Parameter Manufacturer in Part C99 Old= New=Murata
Change Value of Parameter Manuf p/n in Part C99 Old= New=GRM188R71H104KA93D
Change Value of Parameter Vendor in Part C99 Old= New=DigiKey
Change Value of Parameter Vendor p/n in Part C99 Old= New=490-1519-1-ND
Change Value of Parameter COST in Part C100 Old= New=0.061
Change Value of Parameter Manufacturer in Part C100 Old= New=Murata
Change Value of Parameter Manuf p/n in Part C100 Old= New=GRM188R71H104KA93D
Change Value of Parameter Vendor in Part C100 Old= New=DigiKey
Change Value of Parameter Vendor p/n in Part C100 Old= New=490-1519-1-ND
Change Value of Parameter COST in Part C103 Old= New=0.061
Change Value of Parameter Manufacturer in Part C103 Old= New=Murata
Change Value of Parameter Manuf p/n in Part C103 Old= New=GRM188R71H104KA93D
Change Value of Parameter Vendor in Part C103 Old= New=DigiKey
Change Value of Parameter Vendor p/n in Part C103 Old= New=490-1519-1-ND
Change Value of Parameter COST in Part C105 Old= New=0.061
Change Value of Parameter Manufacturer in Part C105 Old= New=Murata
Change Value of Parameter Manuf p/n in Part C105 Old= New=GRM188R71H104KA93D
Change Value of Parameter Vendor in Part C105 Old= New=DigiKey
Change Value of Parameter Vendor p/n in Part C105 Old= New=490-1519-1-ND
Change Value of Parameter COST in Part C106 Old= New=0.061
Change Value of Parameter Manufacturer in Part C106 Old= New=Murata
Change Value of Parameter Manuf p/n in Part C106 Old= New=GRM188R71H104KA93D
Change Value of Parameter Vendor in Part C106 Old= New=DigiKey
Change Value of Parameter Vendor p/n in Part C106 Old= New=490-1519-1-ND
Change Value of Parameter COST in Part C114 Old= New=0.061
Change Value of Parameter Manufacturer in Part C114 Old= New=Murata
Change Value of Parameter Manuf p/n in Part C114 Old= New=GRM188R71H104KA93D
Change Value of Parameter Vendor in Part C114 Old= New=DigiKey
Change Value of Parameter Vendor p/n in Part C114 Old= New=490-1519-1-ND
Change Value of Parameter COST in Part C115 Old= New=0.061
Change Value of Parameter Manufacturer in Part C115 Old= New=Murata
Change Value of Parameter Manuf p/n in Part C115 Old= New=GRM188R71H104KA93D
Change Value of Parameter Vendor in Part C115 Old= New=DigiKey
Change Value of Parameter Vendor p/n in Part C115 Old= New=490-1519-1-ND
Change Value of Parameter COST in Part C116 Old= New=0.061
Change Value of Parameter Manufacturer in Part C116 Old= New=Murata
Change Value of Parameter Manuf p/n in Part C116 Old= New=GRM188R71H104KA93D
Change Value of Parameter Vendor in Part C116 Old= New=DigiKey
Change Value of Parameter Vendor p/n in Part C116 Old= New=490-1519-1-ND
Change Value of Parameter COST in Part C117 Old= New=0.061
Change Value of Parameter Manufacturer in Part C117 Old= New=Murata
Change Value of Parameter Manuf p/n in Part C117 Old= New=GRM188R71H104KA93D
Change Value of Parameter Vendor in Part C117 Old= New=DigiKey
Change Value of Parameter Vendor p/n in Part C117 Old= New=490-1519-1-ND
Change Value of Parameter COST in Part C118 Old= New=0.061
Change Value of Parameter Manufacturer in Part C118 Old= New=Murata
Change Value of Parameter Manuf p/n in Part C118 Old= New=GRM188R71H104KA93D
Change Value of Parameter Vendor in Part C118 Old= New=DigiKey
Change Value of Parameter Vendor p/n in Part C118 Old= New=490-1519-1-ND
Change Value of Parameter COST in Part C119 Old= New=0.061
Change Value of Parameter Manufacturer in Part C119 Old= New=Murata
Change Value of Parameter Manuf p/n in Part C119 Old= New=GRM188R71H104KA93D
Change Value of Parameter Vendor in Part C119 Old= New=DigiKey
Change Value of Parameter Vendor p/n in Part C119 Old= New=490-1519-1-ND
Change Value of Parameter COST in Part C120 Old= New=0.061
Change Value of Parameter Manufacturer in Part C120 Old= New=Murata
Change Value of Parameter Manuf p/n in Part C120 Old= New=GRM188R71H104KA93D
Change Value of Parameter Vendor in Part C120 Old= New=DigiKey
Change Value of Parameter Vendor p/n in Part C120 Old= New=490-1519-1-ND
Change Value of Parameter COST in Part C121 Old= New=0.061
Change Value of Parameter Manufacturer in Part C121 Old= New=Murata
Change Value of Parameter Manuf p/n in Part C121 Old= New=GRM188R71H104KA93D
Change Value of Parameter Vendor in Part C121 Old= New=DigiKey
Change Value of Parameter Vendor p/n in Part C121 Old= New=490-1519-1-ND
Change Value of Parameter COST in Part C122 Old= New=0.061
Change Value of Parameter Manufacturer in Part C122 Old= New=Murata
Change Value of Parameter Manuf p/n in Part C122 Old= New=GRM188R71H104KA93D
Change Value of Parameter Vendor in Part C122 Old= New=DigiKey
Change Value of Parameter Vendor p/n in Part C122 Old= New=490-1519-1-ND
Change Value of Parameter COST in Part C123 Old= New=0.061
Change Value of Parameter Manufacturer in Part C123 Old= New=Murata
Change Value of Parameter Manuf p/n in Part C123 Old= New=GRM188R71H104KA93D
Change Value of Parameter Vendor in Part C123 Old= New=DigiKey
Change Value of Parameter Vendor p/n in Part C123 Old= New=490-1519-1-ND
Change Value of Parameter COST in Part C124 Old= New=0.061
Change Value of Parameter Manufacturer in Part C124 Old= New=Murata
Change Value of Parameter Manuf p/n in Part C124 Old= New=GRM188R71H104KA93D
Change Value of Parameter Vendor in Part C124 Old= New=DigiKey
Change Value of Parameter Vendor p/n in Part C124 Old= New=490-1519-1-ND
Change Value of Parameter COST in Part C125 Old= New=0.061
Change Value of Parameter Manufacturer in Part C125 Old= New=Murata
Change Value of Parameter Manuf p/n in Part C125 Old= New=GRM188R71H104KA93D
Change Value of Parameter Vendor in Part C125 Old= New=DigiKey
Change Value of Parameter Vendor p/n in Part C125 Old= New=490-1519-1-ND
Change Value of Parameter COST in Part C128 Old= New=0.061
Change Value of Parameter Manufacturer in Part C128 Old= New=Murata
Change Value of Parameter Manuf p/n in Part C128 Old= New=GRM188R71H104KA93D
Change Value of Parameter Vendor in Part C128 Old= New=DigiKey
Change Value of Parameter Vendor p/n in Part C128 Old= New=490-1519-1-ND
Change Value of Parameter COST in Part C129 Old= New=0.061
Change Value of Parameter Manufacturer in Part C129 Old= New=Murata
Change Value of Parameter Manuf p/n in Part C129 Old= New=GRM188R71H104KA93D
Change Value of Parameter Vendor in Part C129 Old= New=DigiKey
Change Value of Parameter Vendor p/n in Part C129 Old= New=490-1519-1-ND
Change Value of Parameter COST in Part C130 Old= New=0.061
Change Value of Parameter Manufacturer in Part C130 Old= New=Murata
Change Value of Parameter Manuf p/n in Part C130 Old= New=GRM188R71H104KA93D
Change Value of Parameter Vendor in Part C130 Old= New=DigiKey
Change Value of Parameter Vendor p/n in Part C130 Old= New=490-1519-1-ND
Change Value of Parameter COST in Part C131 Old= New=0.061
Change Value of Parameter Manufacturer in Part C131 Old= New=Murata
Change Value of Parameter Manuf p/n in Part C131 Old= New=GRM188R71H104KA93D
Change Value of Parameter Vendor in Part C131 Old= New=DigiKey
Change Value of Parameter Vendor p/n in Part C131 Old= New=490-1519-1-ND
Change Value of Parameter COST in Part C132 Old= New=0.061
Change Value of Parameter Manufacturer in Part C132 Old= New=Murata
Change Value of Parameter Manuf p/n in Part C132 Old= New=GRM188R71H104KA93D
Change Value of Parameter Vendor in Part C132 Old= New=DigiKey
Change Value of Parameter Vendor p/n in Part C132 Old= New=490-1519-1-ND
Change Value of Parameter COST in Part C133 Old= New=0.061
Change Value of Parameter Manufacturer in Part C133 Old= New=Murata
Change Value of Parameter Manuf p/n in Part C133 Old= New=GRM188R71H104KA93D
Change Value of Parameter Vendor in Part C133 Old= New=DigiKey
Change Value of Parameter Vendor p/n in Part C133 Old= New=490-1519-1-ND
Change Value of Parameter COST in Part C134 Old= New=0.061
Change Value of Parameter Manufacturer in Part C134 Old= New=Murata
Change Value of Parameter Manuf p/n in Part C134 Old= New=GRM188R71H104KA93D
Change Value of Parameter Vendor in Part C134 Old= New=DigiKey
Change Value of Parameter Vendor p/n in Part C134 Old= New=490-1519-1-ND
Change Value of Parameter COST in Part C135 Old= New=0.061
Change Value of Parameter Manufacturer in Part C135 Old= New=Murata
Change Value of Parameter Manuf p/n in Part C135 Old= New=GRM188R71H104KA93D
Change Value of Parameter Vendor in Part C135 Old= New=DigiKey
Change Value of Parameter Vendor p/n in Part C135 Old= New=490-1519-1-ND
Change Value of Parameter COST in Part C137 Old= New=0.061
Change Value of Parameter Manufacturer in Part C137 Old= New=Murata
Change Value of Parameter Manuf p/n in Part C137 Old= New=GRM188R71H104KA93D
Change Value of Parameter Vendor in Part C137 Old= New=DigiKey
Change Value of Parameter Vendor p/n in Part C137 Old= New=490-1519-1-ND
Change Value of Parameter COST in Part C140 Old= New=0.061
Change Value of Parameter Manufacturer in Part C140 Old= New=Murata
Change Value of Parameter Manuf p/n in Part C140 Old= New=GRM188R71H104KA93D
Change Value of Parameter Vendor in Part C140 Old= New=DigiKey
Change Value of Parameter Vendor p/n in Part C140 Old= New=490-1519-1-ND
Change Value of Parameter COST in Part C141 Old= New=0.061
Change Value of Parameter Manufacturer in Part C141 Old= New=Murata
Change Value of Parameter Manuf p/n in Part C141 Old= New=GRM188R71H104KA93D
Change Value of Parameter Vendor in Part C141 Old= New=DigiKey
Change Value of Parameter Vendor p/n in Part C141 Old= New=490-1519-1-ND
Change Value of Parameter COST in Part C142 Old= New=0.061
Change Value of Parameter Manufacturer in Part C142 Old= New=Murata
Change Value of Parameter Manuf p/n in Part C142 Old= New=GRM188R71H104KA93D
Change Value of Parameter Vendor in Part C142 Old= New=DigiKey
Change Value of Parameter Vendor p/n in Part C142 Old= New=490-1519-1-ND
