Added Parameter LCO p/n=120-00012 to Part C14
Added Parameter LCO p/n=120-00012 to Part C21
Added Parameter LCO p/n=120-00012 to Part C46
Added Parameter LCO p/n=120-00012 to Part C54
Added Parameter LCO p/n=120-00015 to Part C10
Added Parameter LCO p/n=120-00015 to Part C11
Added Parameter LCO p/n=120-00015 to Part C12
Added Parameter LCO p/n=120-00015 to Part C23
Added Parameter LCO p/n=120-00015 to Part C33
Added Parameter LCO p/n=120-00015 to Part C36
Added Parameter LCO p/n=120-00015 to Part C49
Added Parameter LCO p/n=120-00015 to Part C63
Added Parameter LCO p/n=120-00015 to Part C71
Added Parameter LCO p/n=120-00015 to Part C75
Added Parameter LCO p/n=120-00015 to Part C76
Added Parameter LCO p/n=120-00015 to Part C81
Added Parameter LCO p/n=120-00015 to Part C82
Added Parameter LCO p/n=120-00015 to Part C83
Added Parameter LCO p/n=120-00015 to Part C84
Added Parameter LCO p/n=120-00015 to Part C85
Added Parameter LCO p/n=120-00015 to Part C86
Added Parameter LCO p/n=120-00015 to Part C87
Added Parameter LCO p/n=120-00015 to Part C88
Added Parameter LCO p/n=120-00015 to Part C89
Added Parameter LCO p/n=120-00015 to Part C90
Added Parameter LCO p/n=120-00015 to Part C91
Added Parameter LCO p/n=120-00015 to Part C92
Added Parameter LCO p/n=120-00015 to Part C93
Added Parameter LCO p/n=120-00015 to Part C94
Added Parameter LCO p/n=120-00015 to Part C95
Added Parameter LCO p/n=120-00015 to Part C96
Added Parameter LCO p/n=120-00015 to Part C97
Added Parameter LCO p/n=120-00015 to Part C98
Added Parameter LCO p/n=120-00015 to Part C99
Added Parameter LCO p/n=120-00015 to Part C100
Added Parameter LCO p/n=120-00015 to Part C103
Added Parameter LCO p/n=120-00015 to Part C105
Added Parameter LCO p/n=120-00015 to Part C106
Added Parameter LCO p/n=120-00015 to Part C114
Added Parameter LCO p/n=120-00015 to Part C115
Added Parameter LCO p/n=120-00015 to Part C116
Added Parameter LCO p/n=120-00015 to Part C117
Added Parameter LCO p/n=120-00015 to Part C118
Added Parameter LCO p/n=120-00015 to Part C119
Added Parameter LCO p/n=120-00015 to Part C120
Added Parameter LCO p/n=120-00015 to Part C121
Added Parameter LCO p/n=120-00015 to Part C122
Added Parameter LCO p/n=120-00015 to Part C123
Added Parameter LCO p/n=120-00015 to Part C124
Added Parameter LCO p/n=120-00015 to Part C125
Added Parameter LCO p/n=120-00015 to Part C128
Added Parameter LCO p/n=120-00015 to Part C129
Added Parameter LCO p/n=120-00015 to Part C130
Added Parameter LCO p/n=120-00015 to Part C131
Added Parameter LCO p/n=120-00015 to Part C132
Added Parameter LCO p/n=120-00015 to Part C133
Added Parameter LCO p/n=120-00015 to Part C134
Added Parameter LCO p/n=120-00015 to Part C135
Added Parameter LCO p/n=120-00015 to Part C137
Added Parameter LCO p/n=120-00015 to Part C140
Added Parameter LCO p/n=120-00015 to Part C141
Added Parameter LCO p/n=120-00015 to Part C142
Added Parameter LCO p/n=120-00022 to Part C29
Added Parameter LCO p/n=120-00022 to Part C77
Added Parameter LCO p/n=120-00022 to Part C78
Added Parameter LCO p/n=120-00022 to Part C101
Added Parameter LCO p/n=120-00022 to Part C102
Added Parameter LCO p/n=120-00022 to Part C109
Added Parameter LCO p/n=120-00022 to Part C111
Added Parameter LCO p/n=120-00022 to Part C126
Added Parameter LCO p/n=120-00022 to Part C127
Added Parameter LCO p/n=120-00022 to Part C136
Added Parameter LCO p/n=120-00024 to Part C104
Added Parameter LCO p/n=120-00024 to Part C107
Added Parameter LCO p/n=125-00010 to Part J3
Added Parameter LCO p/n=125-00010 to Part J5
Added Parameter LCO p/n=125-00014 to Part TP2
Added Parameter LCO p/n=125-00014 to Part TP3
Added Parameter LCO p/n=125-00023 to Part J2
Added Parameter LCO p/n=125-00023 to Part J2
Added Parameter LCO p/n=125-00023 to Part J2
Added Parameter LCO p/n=125-00023 to Part J2
Added Parameter LCO p/n=125-00023 to Part J2
Added Parameter LCO p/n=125-00026 to Part JP1
Added Parameter LCO p/n=125-00026 to Part JP2
Added Parameter LCO p/n=140-00007 to Part D3
Added Parameter LCO p/n=140-00007 to Part D4
Added Parameter LCO p/n=150-00019 to Part U32
Added Parameter LCO p/n=150-00026 to Part U13
Added Parameter LCO p/n=150-00026 to Part U13
Added Parameter LCO p/n=150-00033 to Part U9
Added Parameter LCO p/n=150-00033 to Part U9
Added Parameter LCO p/n=150-00033 to Part U9
Added Parameter LCO p/n=150-00033 to Part U9
Added Parameter LCO p/n=150-00033 to Part U9
Added Parameter LCO p/n=150-00033 to Part U9
Added Parameter LCO p/n=150-00033 to Part U9
Added Parameter LCO p/n=150-00033 to Part U9
Added Parameter LCO p/n=150-00033 to Part U9
Added Parameter LCO p/n=150-00033 to Part U9
Added Parameter LCO p/n=150-00033 to Part U9
Added Parameter LCO p/n=150-00033 to Part U9
Added Parameter LCO p/n=150-00033 to Part U9
Added Parameter LCO p/n=150-00034 to Part U1
Added Parameter LCO p/n=150-00045 to Part U26
Added Parameter LCO p/n=150-00046 to Part U27
Added Parameter LCO p/n=150-00053 to Part U10
Added Parameter LCO p/n=150-00053 to Part U17
Added Parameter LCO p/n=150-00053 to Part U24
Added Parameter LCO p/n=150-00058 to Part U30
Added Parameter LCO p/n=150-00058 to Part U33
Added Parameter LCO p/n=150-00059 to Part U25
Added Parameter LCO p/n=150-00059 to Part U25
Added Parameter LCO p/n=150-00059 to Part U25
Added Parameter LCO p/n=150-00059 to Part U25
Added Parameter LCO p/n=150-00059 to Part U25
Added Parameter LCO p/n=150-00059 to Part U25
Added Parameter LCO p/n=150-00060 to Part U44
Added Parameter LCO p/n=150-00060 to Part U44
Added Parameter LCO p/n=150-00060 to Part U44
Added Parameter LCO p/n=150-00061 to Part U22
Added Parameter LCO p/n=150-00061 to Part U22
Added Parameter LCO p/n=150-00061 to Part U22
Added Parameter LCO p/n=150-00061 to Part U22
Added Parameter LCO p/n=155-00007 to Part L6
Added Parameter LCO p/n=155-00008 to Part L7
Added Parameter LCO p/n=180-00020 to Part R23
Added Parameter LCO p/n=180-00021 to Part R21
Added Parameter LCO p/n=180-00027 to Part R19
Added Parameter LCO p/n=180-00028 to Part R43
Added Parameter LCO p/n=180-00029 to Part R2
Added Parameter LCO p/n=180-00030 to Part R20
Added Parameter LCO p/n=180-00043 to Part RN1
Added Parameter LCO p/n=180-00045 to Part RN2
Added Parameter LCO p/n=180-00062 to Part R33
Added Parameter LCO p/n=180-00062 to Part R34
Added Parameter LCO p/n=180-00062 to Part R35
Added Parameter LCO p/n=180-00062 to Part R36
Added Parameter LCO p/n=180-00062 to Part R37
Added Parameter LCO p/n=180-00062 to Part R38
Added Parameter LCO p/n=180-00064 to Part R50
Added Parameter LCO p/n=180-00064 to Part R51
Added Parameter LCO p/n=180-00064 to Part R53
Added Parameter LCO p/n=180-00064 to Part R54
Added Parameter LCO p/n=181-01001 to Part R44
Added Parameter LCO p/n=181-01001 to Part R46
Added Parameter LCO p/n=181-01001 to Part R48
Added Parameter LCO p/n=181-01001 to Part R49
Added Parameter LCO p/n=181-01210 to Part R52
Added Parameter LCO p/n=181-01210 to Part R55
Added Parameter LCO p/n=181-01500 to Part R45
Added Parameter LCO p/n=181-01500 to Part R47
Added Parameter LCO p/n= to Part J1
Added Parameter LCO p/n= to Part J1
Added Parameter LCO p/n= to Part J1
Added Parameter LCO p/n= to Part J1
Added Parameter LCO p/n= to Part J1
