Change Value of Parameter Value in Part C10 Old= New=0.1uF
Change Value of Parameter Value in Part C11 Old= New=0.1uF
Change Value of Parameter Value in Part C12 Old= New=0.1uF
Change Value of Parameter Value in Part C14 Old= New=10pF
Change Value of Parameter Value in Part C21 Old= New=10pF
Change Value of Parameter Value in Part C23 Old= New=0.1uF
Change Value of Parameter Value in Part C29 Old= New=10uF 6V
Change Value of Parameter Value in Part C33 Old= New=0.1uF
Change Value of Parameter Value in Part C36 Old= New=0.1uF
Change Value of Parameter Value in Part C46 Old= New=10pF
Change Value of Parameter Value in Part C49 Old= New=0.1uF
Change Value of Parameter Value in Part C54 Old= New=10pF
Change Value of Parameter Value in Part C71 Old= New=0.1uF
Change Value of Parameter Value in Part C75 Old= New=0.1uF
Change Value of Parameter Value in Part C76 Old= New=0.1uF
Change Value of Parameter Value in Part C77 Old= New=10uF 6V
Change Value of Parameter Value in Part C78 Old= New=10uF 6V
Change Value of Parameter Value in Part C81 Old= New=0.1uF
Change Value of Parameter Value in Part C82 Old= New=0.1uF
Change Value of Parameter Value in Part C83 Old= New=0.1uF
Change Value of Parameter Value in Part C84 Old= New=0.1uF
Change Value of Parameter Value in Part C85 Old= New=0.1uF
Change Value of Parameter Value in Part C86 Old= New=0.1uF
Change Value of Parameter Value in Part C87 Old= New=0.1uF
Change Value of Parameter Value in Part C88 Old= New=0.1uF
Change Value of Parameter Value in Part C89 Old= New=0.1uF
Change Value of Parameter Value in Part C90 Old= New=0.1uF
Change Value of Parameter Value in Part C91 Old= New=0.1uF
Change Value of Parameter Value in Part C92 Old= New=0.1uF
Change Value of Parameter Value in Part C93 Old= New=0.1uF
Change Value of Parameter Value in Part C94 Old= New=0.1uF
Change Value of Parameter Value in Part C95 Old= New=0.1uF
Change Value of Parameter Value in Part C96 Old= New=0.1uF
Change Value of Parameter Value in Part C97 Old= New=0.1uF
Change Value of Parameter Value in Part C98 Old= New=0.1uF
Change Value of Parameter Value in Part C99 Old= New=0.1uF
Change Value of Parameter Value in Part C100 Old= New=0.1uF
Change Value of Parameter Value in Part C101 Old= New=10uF 6V
Change Value of Parameter Value in Part C102 Old= New=10uF 6V
Change Value of Parameter Value in Part C103 Old= New=0.1uF
Change Value of Parameter Value in Part C104 Old= New=47uF 6V
Change Value of Parameter Value in Part C105 Old= New=0.1uF
Change Value of Parameter Value in Part C106 Old= New=0.1uF
Change Value of Parameter Value in Part C107 Old= New=47uF 6V
Change Value of Parameter Value in Part C109 Old= New=10uF 6V
Change Value of Parameter Value in Part C111 Old= New=10uF 6V
Change Value of Parameter Value in Part C114 Old= New=0.1uF
Change Value of Parameter Value in Part C115 Old= New=0.1uF
Change Value of Parameter Value in Part C116 Old= New=0.1uF
Change Value of Parameter Value in Part C117 Old= New=0.1uF
Change Value of Parameter Value in Part C118 Old= New=0.1uF
Change Value of Parameter Value in Part C119 Old= New=0.1uF
Change Value of Parameter Value in Part C120 Old= New=0.1uF
Change Value of Parameter Value in Part C121 Old= New=0.1uF
Change Value of Parameter Value in Part C122 Old= New=0.1uF
Change Value of Parameter Value in Part C123 Old= New=0.1uF
Change Value of Parameter Value in Part C124 Old= New=0.1uF
Change Value of Parameter Value in Part C125 Old= New=0.1uF
Change Value of Parameter Value in Part C126 Old= New=10uF 6V
Change Value of Parameter Value in Part C127 Old= New=10uF 6V
Change Value of Parameter Value in Part C128 Old= New=0.1uF
Change Value of Parameter Value in Part C129 Old= New=0.1uF
Change Value of Parameter Value in Part C130 Old= New=0.1uF
Change Value of Parameter Value in Part C131 Old= New=0.1uF
Change Value of Parameter Value in Part C132 Old= New=0.1uF
Change Value of Parameter Value in Part C133 Old= New=0.1uF
Change Value of Parameter Value in Part C134 Old= New=0.1uF
Change Value of Parameter Value in Part C135 Old= New=0.1uF
Change Value of Parameter Value in Part C136 Old= New=10uF 6V
Change Value of Parameter Value in Part C137 Old= New=0.1uF
Change Value of Parameter Value in Part C140 Old= New=0.1uF
Change Value of Parameter Value in Part C141 Old= New=0.1uF
Change Value of Parameter Value in Part C142 Old= New=0.1uF
Change Value of Parameter Value in Part D3 Old= New=BAT54C-V
Change Value of Parameter Value in Part D4 Old= New=BAT54C-V
Change Value of Parameter Value in Part J1 Old= New=QMS_EDGE_PWR_PINS
Change Value of Parameter Value in Part J1 Old= New=QMS_EDGE_PWR_PINS
Change Value of Parameter Value in Part J1 Old= New=QMS_EDGE_PWR_PINS
Change Value of Parameter Value in Part J1 Old= New=QMS_EDGE_PWR_PINS
Change Value of Parameter Value in Part J1 Old= New=QMS_EDGE_PWR_PINS
Change Value of Parameter Value in Part J3 Old= New=AMP5103310-01
Change Value of Parameter Value in Part J5 Old= New=HEADER5X2
Change Value of Parameter Value in Part JP1 Old= New=HEADER8X1
Change Value of Parameter Value in Part JP2 Old= New=Header 5
Change Value of Parameter Value in Part L6 Old= New=MSS7341-332NL
Change Value of Parameter Value in Part L7 Old= New=56uHn
Change Value of Parameter Value in Part R2 Old= New=24R9
Change Value of Parameter Value in Part R19 Old= New=220R
Change Value of Parameter Value in Part R20 Old= New=330R
Change Value of Parameter Value in Part R21 Old= New=10K
Change Value of Parameter Value in Part R43 Old= New=22R
Change Value of Parameter Value in Part R46 Old=1K0 New=1k0
Change Value of Parameter Value in Part R48 Old= New=1K
Change Value of Parameter Value in Part R49 Old= New=1K
Change Value of Parameter Value in Part R50 Old= New=3K0
Change Value of Parameter Value in Part R51 Old= New=3K0
Change Value of Parameter Value in Part R52 Old= New=121R
Change Value of Parameter Value in Part R53 Old= New=3K0
Change Value of Parameter Value in Part R54 Old= New=3K0
Change Value of Parameter Value in Part R55 Old= New=121R
Change Value of Parameter Value in Part RN1 Old= New=10K
Change Value of Parameter Value in Part RN2 Old= New=1K
Change Value of Parameter Value in Part U1 Old= New=INA122
Change Value of Parameter Value in Part U9 Old= New=EP3C16F256C6
Change Value of Parameter Value in Part U9 Old= New=EP3C16F256C6
Change Value of Parameter Value in Part U9 Old= New=EP3C16F256C6
Change Value of Parameter Value in Part U9 Old= New=EP3C16F256C6
Change Value of Parameter Value in Part U9 Old= New=EP3C16F256C6
Change Value of Parameter Value in Part U9 Old= New=EP3C16F256C6
Change Value of Parameter Value in Part U9 Old= New=EP3C16F256C6
Change Value of Parameter Value in Part U9 Old= New=EP3C16F256C6
Change Value of Parameter Value in Part U9 Old= New=EP3C16F256C6
Change Value of Parameter Value in Part U9 Old= New=EP3C16F256C6
Change Value of Parameter Value in Part U9 Old= New=EP3C16F256C6
Change Value of Parameter Value in Part U9 Old= New=EP3C16F256C6
Change Value of Parameter Value in Part U9 Old= New=EP3C16F256C6
Change Value of Parameter Value in Part U10 Old= New=74ALVC125-DC
Change Value of Parameter Value in Part U13 Old= New=CDCLVD110ARHBT
Change Value of Parameter Value in Part U13 Old= New=CDCLVD110ARHBT
Change Value of Parameter Value in Part U17 Old= New=74ALVC125-DC
Change Value of Parameter Value in Part U22 Old= New=74ALVC125-DC
Change Value of Parameter Value in Part U22 Old= New=74ALVC125-DC
Change Value of Parameter Value in Part U22 Old= New=74ALVC125-DC
Change Value of Parameter Value in Part U22 Old= New=74ALVC125-DC
Change Value of Parameter Value in Part U24 Old= New=74ALVC125-DC
Change Value of Parameter Value in Part U25 Old= New=74ALVC125-DC
Change Value of Parameter Value in Part U25 Old= New=74ALVC125-DC
Change Value of Parameter Value in Part U25 Old= New=74ALVC125-DC
Change Value of Parameter Value in Part U25 Old= New=74ALVC125-DC
Change Value of Parameter Value in Part U25 Old= New=74ALVC125-DC
Change Value of Parameter Value in Part U25 Old= New=74ALVC125-DC
Change Value of Parameter Value in Part U26 Old= New=LT1963AEQ#PBF
Change Value of Parameter Value in Part U27 Old= New=LT1963AEQ-2.5V
Change Value of Parameter Value in Part U30 Old= New=SN65HVD08
Change Value of Parameter Value in Part U32 Old= New=INA122
Change Value of Parameter Value in Part U33 Old= New=INA122
Change Value of Parameter Value in Part U44 Old= New=74ALVC125-DC
Change Value of Parameter Value in Part U44 Old= New=74ALVC125-DC
Change Value of Parameter Value in Part U44 Old= New=74ALVC125-DC
