Change Value of Parameter Value in Part C1 Old=10uF 6V New=10uF
Change Value of Parameter Vendor in Part C2 Old= New=DigiKey
Change Value of Parameter Value in Part C13 Old=22uF 10V New=22uF
Change Value of Parameter Value in Part C31 Old=10uF 6V New=10uF
Change Value of Parameter Value in Part C32 Old=22uF 10V New=22uF
Change Value of Parameter Value in Part C40 Old=22uF 6V New=22uF
Change Value of Parameter Value in Part C41 Old=22uF 6V New=22uF
Change Value of Parameter Value in Part C55 Old=22uF 6V New=22uF
Change Value of Parameter Value in Part C56 Old=22uF 6V New=22uF
Change Value of Parameter Value in Part C69 Old=10uF 6V New=10uF
Change Value of Parameter Value in Part C70 Old=10uF 6V New=10uF
Change Value of Parameter Value in Part C112 Old=10uF 6V New=10uF
Change Value of Parameter COST in Part R1 Old= New=0.081
Change Value of Parameter Manufacturer in Part R1 Old= New=Vishay
Change Value of Parameter Manuf p/n in Part R1 Old= New=CRCW060310K0FKEA
Change Value of Parameter Vendor in Part R1 Old= New=DigiKey
Change Value of Parameter Vendor p/n in Part R1 Old= New=541-10.0KHCT-ND
Change Value of Parameter COST in Part R9 Old= New=0.081
Change Value of Parameter Manufacturer in Part R9 Old= New=Vishay
Change Value of Parameter Manuf p/n in Part R9 Old= New=CRCW060310K0FKEA
Change Value of Parameter Vendor in Part R9 Old= New=DigiKey
Change Value of Parameter Vendor p/n in Part R9 Old= New=541-10.0KHCT-ND
Change Value of Parameter COST in Part R10 Old= New=0.081
Change Value of Parameter Manufacturer in Part R10 Old= New=Vishay
Change Value of Parameter Manuf p/n in Part R10 Old= New=CRCW060310K0FKEA
Change Value of Parameter Vendor in Part R10 Old= New=DigiKey
Change Value of Parameter Vendor p/n in Part R10 Old= New=541-10.0KHCT-ND
Change Value of Parameter COST in Part R13 Old= New=0.081
Change Value of Parameter Manufacturer in Part R13 Old= New=Vishay
Change Value of Parameter Manuf p/n in Part R13 Old= New=CRCW060310K0FKEA
Change Value of Parameter Vendor in Part R13 Old= New=DigiKey
Change Value of Parameter Vendor p/n in Part R13 Old= New=541-10.0KHCT-ND
Change Value of Parameter COST in Part R17 Old= New=0.081
Change Value of Parameter Manufacturer in Part R17 Old= New=Vishay
Change Value of Parameter Manuf p/n in Part R17 Old= New=CRCW060310K0FKEA
Change Value of Parameter Vendor in Part R17 Old= New=DigiKey
Change Value of Parameter Vendor p/n in Part R17 Old= New=541-10.0KHCT-ND
Change Value of Parameter COST in Part R25 Old= New=0.081
Change Value of Parameter Manufacturer in Part R25 Old= New=Vishay
Change Value of Parameter Manuf p/n in Part R25 Old= New=CRCW06033K00FKEA
Change Value of Parameter Vendor in Part R25 Old= New=DigiKey
Change Value of Parameter Vendor p/n in Part R25 Old= New=541-3.00KHCT-ND
Change Value of Parameter COST in Part R26 Old= New=0.081
Change Value of Parameter Manufacturer in Part R26 Old= New=Vishay
Change Value of Parameter Manuf p/n in Part R26 Old= New=CRCW06033K00FKEA
Change Value of Parameter Vendor in Part R26 Old= New=DigiKey
Change Value of Parameter Vendor p/n in Part R26 Old= New=541-3.00KHCT-ND
Change Value of Parameter COST in Part R27 Old= New=0.081
Change Value of Parameter Manufacturer in Part R27 Old= New=Vishay
Change Value of Parameter Manuf p/n in Part R27 Old= New=CRCW06033K00FKEA
Change Value of Parameter Vendor in Part R27 Old= New=DigiKey
Change Value of Parameter Vendor p/n in Part R27 Old= New=541-3.00KHCT-ND
Change Value of Parameter COST in Part R28 Old= New=0.081
Change Value of Parameter Manufacturer in Part R28 Old= New=Vishay
Change Value of Parameter Manuf p/n in Part R28 Old= New=CRCW06033K00FKEA
Change Value of Parameter Vendor in Part R28 Old= New=DigiKey
Change Value of Parameter Vendor p/n in Part R28 Old= New=541-3.00KHCT-ND
Change Value of Parameter COST in Part R31 Old= New=0.081
Change Value of Parameter Manufacturer in Part R31 Old= New=Vishay
Change Value of Parameter Manuf p/n in Part R31 Old= New=CRCW060310K0FKEA
Change Value of Parameter Vendor in Part R31 Old= New=DigiKey
Change Value of Parameter Vendor p/n in Part R31 Old= New=541-10.0KHCT-ND
Change Value of Parameter Manufacturer in Part R39 Old= New=Vishay
Change Value of Parameter Manuf p/n in Part R39 Old= New=CRCW06031K02FKEA
Change Value of Parameter Vendor in Part R39 Old= New=DigiKey
Change Value of Parameter Vendor p/n in Part R39 Old= New=541-1.02KHCT-ND
Change Value of Parameter Manufacturer in Part R40 Old= New=Vishay
Change Value of Parameter Manuf p/n in Part R40 Old= New=CRCW06031K78FKEA
Change Value of Parameter Vendor in Part R40 Old= New=DigiKey
Change Value of Parameter Vendor p/n in Part R40 Old= New=541-1.78KHCT-ND
Change Value of Parameter Manufacturer in Part R41 Old= New=Vishay
Change Value of Parameter Manuf p/n in Part R41 Old= New=CRCW06031K10FKEA
Change Value of Parameter Vendor in Part R41 Old= New=DigiKey
Change Value of Parameter Vendor p/n in Part R41 Old= New=541-1.10KHCT-ND
Change Value of Parameter Manufacturer in Part R42 Old= New=Vishay
Change Value of Parameter Manuf p/n in Part R42 Old= New=CRCW06031K02FKEA
Change Value of Parameter Vendor in Part R42 Old= New=DigiKey
Change Value of Parameter Vendor p/n in Part R42 Old= New=541-1.02KHCT-ND
Change Value of Parameter Manufacturer in Part R56 Old= New=Vishay
Change Value of Parameter Manuf p/n in Part R56 Old= New=CRCW06031K50FKEA
Change Value of Parameter Vendor in Part R56 Old= New=DigiKey
Change Value of Parameter Vendor p/n in Part R56 Old= New=541-1.50KHCT-ND
Change Value of Parameter Manufacturer in Part R57 Old= New=Vishay
Change Value of Parameter Manuf p/n in Part R57 Old= New=CRCW06031K50FKEA
Change Value of Parameter Vendor in Part R57 Old= New=DigiKey
Change Value of Parameter Vendor p/n in Part R57 Old= New=541-1.50KHCT-ND
Change Value of Parameter Manufacturer in Part R58 Old= New=Vishay
Change Value of Parameter Manuf p/n in Part R58 Old= New=CRCW06031K50FKEA
Change Value of Parameter Vendor in Part R58 Old= New=DigiKey
Change Value of Parameter Vendor p/n in Part R58 Old= New=541-1.50KHCT-ND
Change Value of Parameter COST in Part RN4 Old= New=0.031
Change Value of Parameter Manuf p/n in Part RN4 Old= New=EXB-38V103JV
Change Value of Parameter Vendor p/n in Part RN4 Old= New=Y9103CT-ND
