Change Value of Parameter Manuf p/n in Part C110 Old=	GRM21BR71H474KA88L New=GRM21BR71H474KA88L
Change Value of Parameter COST in Part R7 Old= New=0.081
Change Value of Parameter Manufacturer in Part R7 Old= New=Vishay
Change Value of Parameter Manuf p/n in Part R7 Old= New=CRCW06031K00FKEA
Change Value of Parameter Vendor in Part R7 Old= New=DigiKey
Change Value of Parameter Vendor p/n in Part R7 Old= New=541-1.00KHCT-ND
Change Value of Parameter COST in Part R8 Old= New=0.081
Change Value of Parameter Manufacturer in Part R8 Old= New=Vishay
Change Value of Parameter Manuf p/n in Part R8 Old= New=CRCW06031K00FKEA
Change Value of Parameter Vendor in Part R8 Old= New=DigiKey
Change Value of Parameter Vendor p/n in Part R8 Old= New=541-1.00KHCT-ND
Change Value of Parameter COST in Part R11 Old= New=0.081
Change Value of Parameter Manufacturer in Part R11 Old= New=Vishay
Change Value of Parameter Manuf p/n in Part R11 Old= New=CRCW06031K00FKEA
Change Value of Parameter Vendor in Part R11 Old= New=DigiKey
Change Value of Parameter Vendor p/n in Part R11 Old= New=541-1.00KHCT-ND
Change Value of Parameter COST in Part R30 Old= New=0.081
Change Value of Parameter Manufacturer in Part R30 Old= New=Vishay
Change Value of Parameter Manuf p/n in Part R30 Old= New=CRCW06031K00FKEA
Change Value of Parameter Vendor in Part R30 Old= New=DigiKey
Change Value of Parameter Vendor p/n in Part R30 Old= New=541-1.00KHCT-ND
Change Value of Parameter COST in Part RN3 Old= New=0.031
Change Value of Parameter Manufacturer in Part RN3 Old= New=Panasonic
Change Value of Parameter Manuf p/n in Part RN3 Old= New=EXB-38V102JV
Change Value of Parameter Vendor in Part RN3 Old= New=DigiKey
Change Value of Parameter Vendor p/n in Part RN3 Old= New=Y9102CT-ND
Change Value of Parameter COST in Part RN5 Old= New=0.031
Change Value of Parameter Manufacturer in Part RN5 Old= New=Panasonic
Change Value of Parameter Manuf p/n in Part RN5 Old= New=EXB-38V102JV
Change Value of Parameter Vendor in Part RN5 Old= New=DigiKey
Change Value of Parameter Vendor p/n in Part RN5 Old= New=Y9102CT-ND
