Change Component Parameter Comment in L6 Old= New=56uHn
Change Value of Parameter COST in Part L6 Old= New=0.98
Change Component Parameter Footprint in L6 Old=MSS7341 New=1812
Change Value of Parameter Manuf p/n in Part L6 Old= New=B82432T1563K
Change Value of Parameter Value in Part L6 Old=MSS7341-332NL New=56uHn
Change Value of Parameter Vendor p/n in Part L6 Old= New=495-1982-1-ND
Change Value of Parameter COST in Part L7 Old= New=0.98
Change Value of Parameter Manuf p/n in Part L7 Old= New=B82432T1563K
Change Value of Parameter Vendor p/n in Part L7 Old= New=495-1982-1-ND
Change Value of Parameter Manufacturer in Part R2 Old= New=Vishay
Change Value of Parameter Manufacturer in Part R19 Old= New=Vishay
Change Value of Parameter Manufacturer in Part R20 Old= New=Vishay
Change Value of Parameter Manufacturer in Part R23 Old= New=Vishay
Change Value of Parameter COST in Part R33 Old= New=0.081
Change Value of Parameter Manufacturer in Part R33 Old= New=Vishay
Change Value of Parameter COST in Part R34 Old= New=0.081
Change Value of Parameter Manufacturer in Part R34 Old= New=Vishay
Change Value of Parameter COST in Part R35 Old= New=0.081
Change Value of Parameter Manufacturer in Part R35 Old= New=Vishay
Change Value of Parameter COST in Part R36 Old= New=0.081
Change Value of Parameter Manufacturer in Part R36 Old= New=Vishay
Change Value of Parameter COST in Part R37 Old= New=0.081
Change Value of Parameter Manufacturer in Part R37 Old= New=Vishay
Change Value of Parameter COST in Part R38 Old= New=0.081
Change Value of Parameter Manufacturer in Part R38 Old= New=Vishay
Change Value of Parameter Manufacturer in Part R43 Old= New=Vishay
Change Value of Parameter COST in Part R45 Old= New=0.081
Change Value of Parameter Manufacturer in Part R45 Old= New=Vishay
Change Value of Parameter Manuf p/n in Part R45 Old= New=CRCW0805150rFKEA
Change Value of Parameter Vendor p/n in Part R45 Old= New=541-150CCT-ND
Change Value of Parameter COST in Part R47 Old= New=0.081
Change Value of Parameter Manufacturer in Part R47 Old= New=Vishay
Change Value of Parameter Manuf p/n in Part R47 Old= New=CRCW0805150rFKEA
Change Value of Parameter Vendor p/n in Part R47 Old= New=541-150CCT-ND
Change Value of Parameter COST in Part R52 Old= New=0.081
Change Value of Parameter Manufacturer in Part R52 Old= New=Vishay
Change Value of Parameter Manuf p/n in Part R52 Old= New=CRCW0805121RFKEA
Change Value of Parameter Vendor p/n in Part R52 Old= New=541-121CCT-ND
Change Value of Parameter COST in Part R55 Old= New=0.081
Change Value of Parameter Manufacturer in Part R55 Old= New=Vishay
Change Value of Parameter Manuf p/n in Part R55 Old= New=CRCW0805121RFKEA
Change Value of Parameter Vendor p/n in Part R55 Old= New=541-121CCT-ND
