Change Value of Parameter COST in Part C29 Old= New=0.20
Change Component Parameter Footprint in C29 Old=size a New=3216-18
Change Value of Parameter Manufacturer in Part C29 Old= New=Kemet
Change Value of Parameter Manuf p/n in Part C29 Old= New=T491A106K006AT
Change Value of Parameter Vendor p/n in Part C29 Old= New=399-3683-1-ND
Change Value of Parameter COST in Part C77 Old= New=0.20
Change Component Parameter Footprint in C77 Old=size a New=3216-18
Change Value of Parameter Manufacturer in Part C77 Old= New=Kemet
Change Value of Parameter Manuf p/n in Part C77 Old= New=T491A106K006AT
Change Value of Parameter Vendor p/n in Part C77 Old= New=399-3683-1-ND
Change Value of Parameter COST in Part C78 Old= New=0.20
Change Component Parameter Footprint in C78 Old=size a New=3216-18
Change Value of Parameter Manufacturer in Part C78 Old= New=Kemet
Change Value of Parameter Manuf p/n in Part C78 Old= New=T491A106K006AT
Change Value of Parameter Vendor p/n in Part C78 Old= New=399-3683-1-ND
Change Value of Parameter COST in Part C101 Old= New=0.20
Change Component Parameter Footprint in C101 Old=size a New=3216-18
Change Value of Parameter Manufacturer in Part C101 Old= New=Kemet
Change Value of Parameter Manuf p/n in Part C101 Old= New=T491A106K006AT
Change Value of Parameter Vendor p/n in Part C101 Old= New=399-3683-1-ND
Change Value of Parameter COST in Part C102 Old= New=0.20
Change Component Parameter Footprint in C102 Old=size a New=3216-18
Change Value of Parameter Manufacturer in Part C102 Old= New=Kemet
Change Value of Parameter Manuf p/n in Part C102 Old= New=T491A106K006AT
Change Value of Parameter Vendor p/n in Part C102 Old= New=399-3683-1-ND
Change Component Parameter Footprint in C104 Old=Size B New=6032-28
Change Value of Parameter Manuf p/n in Part C104 Old=T520B476M006ATE040 New=T491C476K010AT
Change Value of Parameter Vendor in Part C104 Old=399-4023-1-ND New=
Change Value of Parameter Vendor p/n in Part C104 Old= New=399-3757-1-ND
Change Component Parameter Footprint in C107 Old=Size B New=6032-28
Change Value of Parameter Manuf p/n in Part C107 Old=T520B476M006ATE040 New=T491C476K010AT
Change Value of Parameter Vendor in Part C107 Old=399-4023-1-ND New=
Change Value of Parameter Vendor p/n in Part C107 Old= New=399-3757-1-ND
Change Value of Parameter COST in Part C109 Old= New=0.20
Change Component Parameter Footprint in C109 Old=size a New=3216-18
Change Value of Parameter Manufacturer in Part C109 Old= New=Kemet
Change Value of Parameter Manuf p/n in Part C109 Old= New=T491A106K006AT
Change Value of Parameter Vendor p/n in Part C109 Old= New=399-3683-1-ND
Change Value of Parameter COST in Part C111 Old= New=0.20
Change Component Parameter Footprint in C111 Old=size a New=3216-18
Change Value of Parameter Manufacturer in Part C111 Old= New=Kemet
Change Value of Parameter Manuf p/n in Part C111 Old= New=T491A106K006AT
Change Value of Parameter Vendor p/n in Part C111 Old= New=399-3683-1-ND
Change Value of Parameter COST in Part C126 Old= New=0.20
Change Component Parameter Footprint in C126 Old=size a New=3216-18
Change Value of Parameter Manufacturer in Part C126 Old= New=Kemet
Change Value of Parameter Manuf p/n in Part C126 Old= New=T491A106K006AT
Change Value of Parameter Vendor p/n in Part C126 Old= New=399-3683-1-ND
Change Value of Parameter COST in Part C127 Old= New=0.20
Change Component Parameter Footprint in C127 Old=size a New=3216-18
Change Value of Parameter Manufacturer in Part C127 Old= New=Kemet
Change Value of Parameter Manuf p/n in Part C127 Old= New=T491A106K006AT
Change Value of Parameter Vendor p/n in Part C127 Old= New=399-3683-1-ND
Change Value of Parameter COST in Part C136 Old= New=0.20
Change Component Parameter Footprint in C136 Old=size a New=3216-18
Change Value of Parameter Manufacturer in Part C136 Old= New=Kemet
Change Value of Parameter Manuf p/n in Part C136 Old= New=T491A106K006AT
Change Value of Parameter Vendor p/n in Part C136 Old= New=399-3683-1-ND
