Removed Parameter Code_IPC:SOIC127P600-8 from Part U1
Removed Parameter Code_JEDEC:MO-092-AB from Part U44
Removed Parameter Code_JEDEC:MO-092-AB from Part U44
Removed Parameter Code_JEDEC:MO-092-AB from Part U44
Removed Parameter Code_JEDEC:MO-192-DAF-1 from Part U9
Removed Parameter Code_JEDEC:MO-192-DAF-1 from Part U9
Removed Parameter Code_JEDEC:MO-192-DAF-1 from Part U9
Removed Parameter Code_JEDEC:MO-192-DAF-1 from Part U9
Removed Parameter Code_JEDEC:MO-192-DAF-1 from Part U9
Removed Parameter Code_JEDEC:MO-192-DAF-1 from Part U9
Removed Parameter Code_JEDEC:MO-192-DAF-1 from Part U9
Removed Parameter Code_JEDEC:MO-192-DAF-1 from Part U9
Removed Parameter Code_JEDEC:MO-192-DAF-1 from Part U9
Removed Parameter Code_JEDEC:MO-192-DAF-1 from Part U9
Removed Parameter Code_JEDEC:MO-192-DAF-1 from Part U9
Removed Parameter Code_JEDEC:MO-192-DAF-1 from Part U9
Removed Parameter Code_JEDEC:MO-192-DAF-1 from Part U9
Removed Parameter Code_JEDEC:MS-012-AA from Part U1
Removed Parameter ComponentLink1Description:Manufacturer Link from Part U1
Removed Parameter ComponentLink1Description:Manufacturer Link from Part U9
Removed Parameter ComponentLink1Description:Manufacturer Link from Part U9
Removed Parameter ComponentLink1Description:Manufacturer Link from Part U9
Removed Parameter ComponentLink1Description:Manufacturer Link from Part U9
Removed Parameter ComponentLink1Description:Manufacturer Link from Part U9
Removed Parameter ComponentLink1Description:Manufacturer Link from Part U9
Removed Parameter ComponentLink1Description:Manufacturer Link from Part U9
Removed Parameter ComponentLink1Description:Manufacturer Link from Part U9
Removed Parameter ComponentLink1Description:Manufacturer Link from Part U9
Removed Parameter ComponentLink1Description:Manufacturer Link from Part U9
Removed Parameter ComponentLink1Description:Manufacturer Link from Part U9
Removed Parameter ComponentLink1Description:Manufacturer Link from Part U9
Removed Parameter ComponentLink1Description:Manufacturer Link from Part U9
Removed Parameter ComponentLink1Description:Manufacturer Link from Part U22
Removed Parameter ComponentLink1Description:Manufacturer Link from Part U22
Removed Parameter ComponentLink1Description:Manufacturer Link from Part U22
Removed Parameter ComponentLink1Description:Manufacturer Link from Part U22
Removed Parameter ComponentLink1Description:Manufacturer Link from Part U25
Removed Parameter ComponentLink1Description:Manufacturer Link from Part U25
Removed Parameter ComponentLink1Description:Manufacturer Link from Part U25
Removed Parameter ComponentLink1Description:Manufacturer Link from Part U25
Removed Parameter ComponentLink1Description:Manufacturer Link from Part U25
Removed Parameter ComponentLink1Description:Manufacturer Link from Part U25
Removed Parameter ComponentLink1Description:Manufacturer Link from Part U30
Removed Parameter ComponentLink1Description:Manufacturer Link from Part U33
Removed Parameter ComponentLink1Description:Manufacturer Link from Part U44
Removed Parameter ComponentLink1Description:Manufacturer Link from Part U44
Removed Parameter ComponentLink1Description:Manufacturer Link from Part U44
Removed Parameter ComponentLink1URL:http://www.altera.com/ from Part U9
Removed Parameter ComponentLink1URL:http://www.altera.com/ from Part U9
Removed Parameter ComponentLink1URL:http://www.altera.com/ from Part U9
Removed Parameter ComponentLink1URL:http://www.altera.com/ from Part U9
Removed Parameter ComponentLink1URL:http://www.altera.com/ from Part U9
Removed Parameter ComponentLink1URL:http://www.altera.com/ from Part U9
Removed Parameter ComponentLink1URL:http://www.altera.com/ from Part U9
Removed Parameter ComponentLink1URL:http://www.altera.com/ from Part U9
Removed Parameter ComponentLink1URL:http://www.altera.com/ from Part U9
Removed Parameter ComponentLink1URL:http://www.altera.com/ from Part U9
Removed Parameter ComponentLink1URL:http://www.altera.com/ from Part U9
Removed Parameter ComponentLink1URL:http://www.altera.com/ from Part U9
Removed Parameter ComponentLink1URL:http://www.altera.com/ from Part U9
Removed Parameter ComponentLink1URL:http://www.altera.com/products/devices/config/cfg-index.html from Part U1
Removed Parameter ComponentLink1URL:http://www.ti.com/ from Part U22
Removed Parameter ComponentLink1URL:http://www.ti.com/ from Part U22
Removed Parameter ComponentLink1URL:http://www.ti.com/ from Part U22
Removed Parameter ComponentLink1URL:http://www.ti.com/ from Part U22
Removed Parameter ComponentLink1URL:http://www.ti.com/ from Part U25
Removed Parameter ComponentLink1URL:http://www.ti.com/ from Part U25
Removed Parameter ComponentLink1URL:http://www.ti.com/ from Part U25
Removed Parameter ComponentLink1URL:http://www.ti.com/ from Part U25
Removed Parameter ComponentLink1URL:http://www.ti.com/ from Part U25
Removed Parameter ComponentLink1URL:http://www.ti.com/ from Part U25
Removed Parameter ComponentLink1URL:http://www.ti.com/ from Part U30
Removed Parameter ComponentLink1URL:http://www.ti.com/ from Part U33
Removed Parameter ComponentLink1URL:http://www.ti.com/ from Part U44
Removed Parameter ComponentLink1URL:http://www.ti.com/ from Part U44
Removed Parameter ComponentLink1URL:http://www.ti.com/ from Part U44
Removed Parameter ComponentLink2Description:Configuration Handbook from Part U1
Removed Parameter ComponentLink2Description:Datasheet from Part U22
Removed Parameter ComponentLink2Description:Datasheet from Part U22
Removed Parameter ComponentLink2Description:Datasheet from Part U22
Removed Parameter ComponentLink2Description:Datasheet from Part U22
Removed Parameter ComponentLink2URL:http://www-s.ti.com/sc/ds/sn74ahc02.pdf from Part U22
Removed Parameter ComponentLink2URL:http://www-s.ti.com/sc/ds/sn74ahc02.pdf from Part U22
Removed Parameter ComponentLink2URL:http://www-s.ti.com/sc/ds/sn74ahc02.pdf from Part U22
Removed Parameter ComponentLink2URL:http://www-s.ti.com/sc/ds/sn74ahc02.pdf from Part U22
Removed Parameter ComponentLink2URL:http://www.altera.com/literature/hb/cfg/config_handbook.pdf from Part U1
Removed Parameter ComponentLink3Description:Packaging Specification from Part U22
Removed Parameter ComponentLink3Description:Packaging Specification from Part U22
Removed Parameter ComponentLink3Description:Packaging Specification from Part U22
Removed Parameter ComponentLink3Description:Packaging Specification from Part U22
Removed Parameter ComponentLink3Description:Pinout Specification from Part U1
Removed Parameter ComponentLink3URL:http://focus.ti.com/lit/ml/mpdi002c/mpdi002c.pdf from Part U22
Removed Parameter ComponentLink3URL:http://focus.ti.com/lit/ml/mpdi002c/mpdi002c.pdf from Part U22
Removed Parameter ComponentLink3URL:http://focus.ti.com/lit/ml/mpdi002c/mpdi002c.pdf from Part U22
Removed Parameter ComponentLink3URL:http://focus.ti.com/lit/ml/mpdi002c/mpdi002c.pdf from Part U22
Removed Parameter ComponentLink3URL:http://www.altera.com/literature/hb/cfg/cyc_c51014.pdf from Part U1
Removed Parameter ComponentLink4Description:Packaging Specification from Part U1
Removed Parameter ComponentLink4URL:http://www.altera.com/literature/ds/dspkg.pdf from Part U1
Removed Parameter Configures:Cyclone II, Stratix II, & Cyclone Devices from Part U1
Removed Parameter DatasheetDocument:Feb-1998 from Part U44
Removed Parameter DatasheetDocument:Feb-1998 from Part U44
Removed Parameter DatasheetDocument:Feb-1998 from Part U44
Removed Parameter DatasheetDocument:Mar-1988 from Part U25
Removed Parameter DatasheetDocument:Mar-1988 from Part U25
Removed Parameter DatasheetDocument:Mar-1988 from Part U25
Removed Parameter DatasheetDocument:Mar-1988 from Part U25
Removed Parameter DatasheetDocument:Mar-1988 from Part U25
Removed Parameter DatasheetDocument:Mar-1988 from Part U25
Removed Parameter DatasheetDocument:May-1990 from Part U30
Removed Parameter DatasheetDocument:May-1990 from Part U33
Removed Parameter DatasheetVersion:ver2.0, Oct-2003 from Part U1
Removed Parameter LatestRevisionDate:04-Mar-2005 from Part U22
Removed Parameter LatestRevisionDate:04-Mar-2005 from Part U22
Removed Parameter LatestRevisionDate:04-Mar-2005 from Part U22
Removed Parameter LatestRevisionDate:04-Mar-2005 from Part U22
Removed Parameter LatestRevisionDate:4-Mar-2005 from Part U25
Removed Parameter LatestRevisionDate:4-Mar-2005 from Part U25
Removed Parameter LatestRevisionDate:4-Mar-2005 from Part U25
Removed Parameter LatestRevisionDate:4-Mar-2005 from Part U25
Removed Parameter LatestRevisionDate:4-Mar-2005 from Part U25
Removed Parameter LatestRevisionDate:4-Mar-2005 from Part U25
Removed Parameter LatestRevisionDate:4-Mar-2005 from Part U30
Removed Parameter LatestRevisionDate:4-Mar-2005 from Part U33
Removed Parameter LatestRevisionDate:4-Mar-2005 from Part U44
Removed Parameter LatestRevisionDate:4-Mar-2005 from Part U44
Removed Parameter LatestRevisionDate:4-Mar-2005 from Part U44
Removed Parameter LatestRevisionDate:13-Apr-2006 from Part U1
Removed Parameter LatestRevisionNote:IPC-7351 Footprint Added. from Part U1
Removed Parameter LatestRevisionNote:Stylized 3D Model Added. from Part U22
Removed Parameter LatestRevisionNote:Stylized 3D Model Added. from Part U22
Removed Parameter LatestRevisionNote:Stylized 3D Model Added. from Part U22
Removed Parameter LatestRevisionNote:Stylized 3D Model Added. from Part U22
Removed Parameter LatestRevisionNote:Stylized 3D Model Added. from Part U25
Removed Parameter LatestRevisionNote:Stylized 3D Model Added. from Part U25
Removed Parameter LatestRevisionNote:Stylized 3D Model Added. from Part U25
Removed Parameter LatestRevisionNote:Stylized 3D Model Added. from Part U25
Removed Parameter LatestRevisionNote:Stylized 3D Model Added. from Part U25
Removed Parameter LatestRevisionNote:Stylized 3D Model Added. from Part U25
Removed Parameter LatestRevisionNote:Stylized 3D Model Added. from Part U30
Removed Parameter LatestRevisionNote:Stylized 3D Model Added. from Part U33
Removed Parameter LatestRevisionNote:Stylized 3D Model Added. from Part U44
Removed Parameter LatestRevisionNote:Stylized 3D Model Added. from Part U44
Removed Parameter LatestRevisionNote:Stylized 3D Model Added. from Part U44
Removed Parameter Note:Receiver Hysteresis of 60mV Typical from Part U30
Removed Parameter Note:Receiver Hysteresis of 60mV Typical from Part U33
Removed Parameter PackageDescription:8-Pin Small Outline Integrated Circuit Package (SOIC8) from Part U1
Removed Parameter PackageDescription:256-Ball FineLine Ball Grid Array (FBGA256) - Option 2 - Wire Bond from Part U9
Removed Parameter PackageDescription:256-Ball FineLine Ball Grid Array (FBGA256) - Option 2 - Wire Bond from Part U9
Removed Parameter PackageDescription:256-Ball FineLine Ball Grid Array (FBGA256) - Option 2 - Wire Bond from Part U9
Removed Parameter PackageDescription:256-Ball FineLine Ball Grid Array (FBGA256) - Option 2 - Wire Bond from Part U9
Removed Parameter PackageDescription:256-Ball FineLine Ball Grid Array (FBGA256) - Option 2 - Wire Bond from Part U9
Removed Parameter PackageDescription:256-Ball FineLine Ball Grid Array (FBGA256) - Option 2 - Wire Bond from Part U9
Removed Parameter PackageDescription:256-Ball FineLine Ball Grid Array (FBGA256) - Option 2 - Wire Bond from Part U9
Removed Parameter PackageDescription:256-Ball FineLine Ball Grid Array (FBGA256) - Option 2 - Wire Bond from Part U9
Removed Parameter PackageDescription:256-Ball FineLine Ball Grid Array (FBGA256) - Option 2 - Wire Bond from Part U9
Removed Parameter PackageDescription:256-Ball FineLine Ball Grid Array (FBGA256) - Option 2 - Wire Bond from Part U9
Removed Parameter PackageDescription:256-Ball FineLine Ball Grid Array (FBGA256) - Option 2 - Wire Bond from Part U9
Removed Parameter PackageDescription:256-Ball FineLine Ball Grid Array (FBGA256) - Option 2 - Wire Bond from Part U9
Removed Parameter PackageDescription:256-Ball FineLine Ball Grid Array (FBGA256) - Option 2 - Wire Bond from Part U9
Removed Parameter PackageDocument:Jan-1995 from Part U44
Removed Parameter PackageDocument:Jan-1995 from Part U44
Removed Parameter PackageDocument:Jan-1995 from Part U44
Removed Parameter PackageDocument:Jan-1998 from Part U30
Removed Parameter PackageDocument:Jan-1998 from Part U33
Removed Parameter PackageDocument:Oct-1995 from Part U25
Removed Parameter PackageDocument:Oct-1995 from Part U25
Removed Parameter PackageDocument:Oct-1995 from Part U25
Removed Parameter PackageDocument:Oct-1995 from Part U25
Removed Parameter PackageDocument:Oct-1995 from Part U25
Removed Parameter PackageDocument:Oct-1995 from Part U25
Removed Parameter PackageReference:D008 from Part U30
Removed Parameter PackageReference:D008 from Part U33
Removed Parameter PackageReference:FBGA256-2 from Part U9
Removed Parameter PackageReference:FBGA256-2 from Part U9
Removed Parameter PackageReference:FBGA256-2 from Part U9
Removed Parameter PackageReference:FBGA256-2 from Part U9
Removed Parameter PackageReference:FBGA256-2 from Part U9
Removed Parameter PackageReference:FBGA256-2 from Part U9
Removed Parameter PackageReference:FBGA256-2 from Part U9
Removed Parameter PackageReference:FBGA256-2 from Part U9
Removed Parameter PackageReference:FBGA256-2 from Part U9
Removed Parameter PackageReference:FBGA256-2 from Part U9
Removed Parameter PackageReference:FBGA256-2 from Part U9
Removed Parameter PackageReference:FBGA256-2 from Part U9
Removed Parameter PackageReference:FBGA256-2 from Part U9
Removed Parameter PackageReference:N014 from Part U25
Removed Parameter PackageReference:N014 from Part U25
Removed Parameter PackageReference:N014 from Part U25
Removed Parameter PackageReference:N014 from Part U25
Removed Parameter PackageReference:N014 from Part U25
Removed Parameter PackageReference:N014 from Part U25
Removed Parameter PackageReference:SOIC8 from Part U1
Removed Parameter PackageReference:W014 from Part U44
Removed Parameter PackageReference:W014 from Part U44
Removed Parameter PackageReference:W014 from Part U44
Removed Parameter PackageVersion:ver13.0, May-2005 from Part U1
Removed Parameter PackageVersion:ver14.5, Dec-2006 from Part U9
Removed Parameter PackageVersion:ver14.5, Dec-2006 from Part U9
Removed Parameter PackageVersion:ver14.5, Dec-2006 from Part U9
Removed Parameter PackageVersion:ver14.5, Dec-2006 from Part U9
Removed Parameter PackageVersion:ver14.5, Dec-2006 from Part U9
Removed Parameter PackageVersion:ver14.5, Dec-2006 from Part U9
Removed Parameter PackageVersion:ver14.5, Dec-2006 from Part U9
Removed Parameter PackageVersion:ver14.5, Dec-2006 from Part U9
Removed Parameter PackageVersion:ver14.5, Dec-2006 from Part U9
Removed Parameter PackageVersion:ver14.5, Dec-2006 from Part U9
Removed Parameter PackageVersion:ver14.5, Dec-2006 from Part U9
Removed Parameter PackageVersion:ver14.5, Dec-2006 from Part U9
Removed Parameter PackageVersion:ver14.5, Dec-2006 from Part U9
Removed Parameter Published:8-Jun-2000 from Part U25
Removed Parameter Published:8-Jun-2000 from Part U25
Removed Parameter Published:8-Jun-2000 from Part U25
Removed Parameter Published:8-Jun-2000 from Part U25
Removed Parameter Published:8-Jun-2000 from Part U25
Removed Parameter Published:8-Jun-2000 from Part U25
Removed Parameter Published:8-Jun-2000 from Part U44
Removed Parameter Published:8-Jun-2000 from Part U44
Removed Parameter Published:8-Jun-2000 from Part U44
Removed Parameter Published:15-May-2002 from Part U30
Removed Parameter Published:15-May-2002 from Part U33
Removed Parameter Published:17-Sep-2003 from Part U1
Removed Parameter Published:26-Feb-2007 from Part U9
Removed Parameter Published:26-Feb-2007 from Part U9
Removed Parameter Published:26-Feb-2007 from Part U9
Removed Parameter Published:26-Feb-2007 from Part U9
Removed Parameter Published:26-Feb-2007 from Part U9
Removed Parameter Published:26-Feb-2007 from Part U9
Removed Parameter Published:26-Feb-2007 from Part U9
Removed Parameter Published:26-Feb-2007 from Part U9
Removed Parameter Published:26-Feb-2007 from Part U9
Removed Parameter Published:26-Feb-2007 from Part U9
Removed Parameter Published:26-Feb-2007 from Part U9
Removed Parameter Published:26-Feb-2007 from Part U9
Removed Parameter Published:26-Feb-2007 from Part U9
Removed Parameter Publisher:Altium Limited from Part U1
Removed Parameter Publisher:Altium Limited from Part U9
Removed Parameter Publisher:Altium Limited from Part U9
Removed Parameter Publisher:Altium Limited from Part U9
Removed Parameter Publisher:Altium Limited from Part U9
Removed Parameter Publisher:Altium Limited from Part U9
Removed Parameter Publisher:Altium Limited from Part U9
Removed Parameter Publisher:Altium Limited from Part U9
Removed Parameter Publisher:Altium Limited from Part U9
Removed Parameter Publisher:Altium Limited from Part U9
Removed Parameter Publisher:Altium Limited from Part U9
Removed Parameter Publisher:Altium Limited from Part U9
Removed Parameter Publisher:Altium Limited from Part U9
Removed Parameter Publisher:Altium Limited from Part U9
Removed Parameter Publisher:Altium Limited from Part U22
Removed Parameter Publisher:Altium Limited from Part U22
Removed Parameter Publisher:Altium Limited from Part U22
Removed Parameter Publisher:Altium Limited from Part U22
Removed Parameter Publisher:Altium Limited from Part U25
Removed Parameter Publisher:Altium Limited from Part U25
Removed Parameter Publisher:Altium Limited from Part U25
Removed Parameter Publisher:Altium Limited from Part U25
Removed Parameter Publisher:Altium Limited from Part U25
Removed Parameter Publisher:Altium Limited from Part U25
Removed Parameter Publisher:Altium Limited from Part U30
Removed Parameter Publisher:Altium Limited from Part U33
Removed Parameter Publisher:Altium Limited from Part U44
Removed Parameter Publisher:Altium Limited from Part U44
Removed Parameter Publisher:Altium Limited from Part U44
Added Parameter COST=0.061 to Part C10
Added Parameter COST=0.061 to Part C11
Added Parameter COST=0.061 to Part C12
Added Parameter COST=0.061 to Part C23
Added Parameter COST=0.061 to Part C33
Added Parameter COST=0.061 to Part C36
Added Parameter COST=0.061 to Part C49
Added Parameter COST=0.061 to Part C63
Added Parameter COST=0.061 to Part C71
Added Parameter COST=0.061 to Part C75
Added Parameter COST=0.061 to Part C76
Added Parameter COST=0.061 to Part C81
Added Parameter COST=0.061 to Part C82
Added Parameter COST=0.061 to Part C83
Added Parameter COST=0.061 to Part C84
Added Parameter COST=0.061 to Part C85
Added Parameter COST=0.061 to Part C86
Added Parameter COST=0.061 to Part C87
Added Parameter COST=0.061 to Part C88
Added Parameter COST=0.061 to Part C89
Added Parameter COST=0.061 to Part C90
Added Parameter COST=0.061 to Part C91
Added Parameter COST=0.061 to Part C92
Added Parameter COST=0.061 to Part C93
Added Parameter COST=0.061 to Part C94
Added Parameter COST=0.061 to Part C95
Added Parameter COST=0.061 to Part C96
Added Parameter COST=0.061 to Part C97
Added Parameter COST=0.061 to Part C98
Added Parameter COST=0.061 to Part C99
Added Parameter COST=0.061 to Part C100
Added Parameter COST=0.061 to Part C103
Added Parameter COST=0.061 to Part C105
Added Parameter COST=0.061 to Part C106
Added Parameter COST=0.061 to Part C114
Added Parameter COST=0.061 to Part C115
Added Parameter COST=0.061 to Part C116
Added Parameter COST=0.061 to Part C117
Added Parameter COST=0.061 to Part C118
Added Parameter COST=0.061 to Part C119
Added Parameter COST=0.061 to Part C120
Added Parameter COST=0.061 to Part C121
Added Parameter COST=0.061 to Part C122
Added Parameter COST=0.061 to Part C123
Added Parameter COST=0.061 to Part C124
Added Parameter COST=0.061 to Part C125
Added Parameter COST=0.061 to Part C128
Added Parameter COST=0.061 to Part C129
Added Parameter COST=0.061 to Part C130
Added Parameter COST=0.061 to Part C131
Added Parameter COST=0.061 to Part C132
Added Parameter COST=0.061 to Part C133
Added Parameter COST=0.061 to Part C134
Added Parameter COST=0.061 to Part C135
Added Parameter COST=0.061 to Part C137
Added Parameter COST=0.061 to Part C140
Added Parameter COST=0.061 to Part C141
Added Parameter COST=0.061 to Part C142
Added Parameter COST= to Part C14
Added Parameter COST= to Part C21
Added Parameter COST= to Part C29
Added Parameter COST= to Part C46
Added Parameter COST= to Part C54
Added Parameter COST= to Part C77
Added Parameter COST= to Part C78
Added Parameter COST= to Part C101
Added Parameter COST= to Part C102
Added Parameter COST= to Part C104
Added Parameter COST= to Part C107
Added Parameter COST= to Part C109
Added Parameter COST= to Part C111
Added Parameter COST= to Part C126
Added Parameter COST= to Part C127
Added Parameter COST= to Part C136
Added Parameter COST= to Part D3
Added Parameter COST= to Part D4
Added Parameter COST= to Part J1
Added Parameter COST= to Part J1
Added Parameter COST= to Part J1
Added Parameter COST= to Part J1
Added Parameter COST= to Part J1
Added Parameter COST= to Part J3
Added Parameter COST= to Part J5
Added Parameter COST= to Part JP1
Added Parameter COST= to Part JP2
Added Parameter COST= to Part L6
Added Parameter COST= to Part L7
Added Parameter COST= to Part R2
Added Parameter COST= to Part R19
Added Parameter COST= to Part R20
Added Parameter COST= to Part R21
Added Parameter COST= to Part R23
Added Parameter COST= to Part R33
Added Parameter COST= to Part R34
Added Parameter COST= to Part R35
Added Parameter COST= to Part R36
Added Parameter COST= to Part R37
Added Parameter COST= to Part R38
Added Parameter COST= to Part R43
Added Parameter COST= to Part R44
Added Parameter COST= to Part R45
Added Parameter COST= to Part R46
Added Parameter COST= to Part R47
Added Parameter COST= to Part R48
Added Parameter COST= to Part R49
Added Parameter COST= to Part R50
Added Parameter COST= to Part R51
Added Parameter COST= to Part R52
Added Parameter COST= to Part R53
Added Parameter COST= to Part R54
Added Parameter COST= to Part R55
Added Parameter COST= to Part RN1
Added Parameter COST= to Part RN2
Added Parameter COST= to Part U1
Added Parameter COST= to Part U9
Added Parameter COST= to Part U9
Added Parameter COST= to Part U9
Added Parameter COST= to Part U9
Added Parameter COST= to Part U9
Added Parameter COST= to Part U9
Added Parameter COST= to Part U9
Added Parameter COST= to Part U9
Added Parameter COST= to Part U9
Added Parameter COST= to Part U9
Added Parameter COST= to Part U9
Added Parameter COST= to Part U9
Added Parameter COST= to Part U9
Added Parameter COST= to Part U10
Added Parameter COST= to Part U13
Added Parameter COST= to Part U13
Added Parameter COST= to Part U17
Added Parameter COST= to Part U22
Added Parameter COST= to Part U22
Added Parameter COST= to Part U22
Added Parameter COST= to Part U22
Added Parameter COST= to Part U24
Added Parameter COST= to Part U25
Added Parameter COST= to Part U25
Added Parameter COST= to Part U25
Added Parameter COST= to Part U25
Added Parameter COST= to Part U25
Added Parameter COST= to Part U25
Added Parameter COST= to Part U26
Added Parameter COST= to Part U27
Added Parameter COST= to Part U30
Added Parameter COST= to Part U32
Added Parameter COST= to Part U33
Added Parameter COST= to Part U44
Added Parameter COST= to Part U44
Added Parameter COST= to Part U44
Added Parameter Manufacturer=Murata to Part C10
Added Parameter Manufacturer=Murata to Part C11
Added Parameter Manufacturer=Murata to Part C12
Added Parameter Manufacturer=Murata to Part C23
Added Parameter Manufacturer=Murata to Part C33
Added Parameter Manufacturer=Murata to Part C36
Added Parameter Manufacturer=Murata to Part C49
Added Parameter Manufacturer=Murata to Part C63
Added Parameter Manufacturer=Murata to Part C71
Added Parameter Manufacturer=Murata to Part C75
Added Parameter Manufacturer=Murata to Part C76
Added Parameter Manufacturer=Murata to Part C81
Added Parameter Manufacturer=Murata to Part C82
Added Parameter Manufacturer=Murata to Part C83
Added Parameter Manufacturer=Murata to Part C84
Added Parameter Manufacturer=Murata to Part C85
Added Parameter Manufacturer=Murata to Part C86
Added Parameter Manufacturer=Murata to Part C87
Added Parameter Manufacturer=Murata to Part C88
Added Parameter Manufacturer=Murata to Part C89
Added Parameter Manufacturer=Murata to Part C90
Added Parameter Manufacturer=Murata to Part C91
Added Parameter Manufacturer=Murata to Part C92
Added Parameter Manufacturer=Murata to Part C93
Added Parameter Manufacturer=Murata to Part C94
Added Parameter Manufacturer=Murata to Part C95
Added Parameter Manufacturer=Murata to Part C96
Added Parameter Manufacturer=Murata to Part C97
Added Parameter Manufacturer=Murata to Part C98
Added Parameter Manufacturer=Murata to Part C99
Added Parameter Manufacturer=Murata to Part C100
Added Parameter Manufacturer=Murata to Part C103
Added Parameter Manufacturer=Murata to Part C105
Added Parameter Manufacturer=Murata to Part C106
Added Parameter Manufacturer=Murata to Part C114
Added Parameter Manufacturer=Murata to Part C115
Added Parameter Manufacturer=Murata to Part C116
Added Parameter Manufacturer=Murata to Part C117
Added Parameter Manufacturer=Murata to Part C118
Added Parameter Manufacturer=Murata to Part C119
Added Parameter Manufacturer=Murata to Part C120
Added Parameter Manufacturer=Murata to Part C121
Added Parameter Manufacturer=Murata to Part C122
Added Parameter Manufacturer=Murata to Part C123
Added Parameter Manufacturer=Murata to Part C124
Added Parameter Manufacturer=Murata to Part C125
Added Parameter Manufacturer=Murata to Part C128
Added Parameter Manufacturer=Murata to Part C129
Added Parameter Manufacturer=Murata to Part C130
Added Parameter Manufacturer=Murata to Part C131
Added Parameter Manufacturer=Murata to Part C132
Added Parameter Manufacturer=Murata to Part C133
Added Parameter Manufacturer=Murata to Part C134
Added Parameter Manufacturer=Murata to Part C135
Added Parameter Manufacturer=Murata to Part C137
Added Parameter Manufacturer=Murata to Part C140
Added Parameter Manufacturer=Murata to Part C141
Added Parameter Manufacturer=Murata to Part C142
Added Parameter Manufacturer= to Part C14
Added Parameter Manufacturer= to Part C21
Added Parameter Manufacturer= to Part C29
Added Parameter Manufacturer= to Part C46
Added Parameter Manufacturer= to Part C54
Added Parameter Manufacturer= to Part C77
Added Parameter Manufacturer= to Part C78
Added Parameter Manufacturer= to Part C101
Added Parameter Manufacturer= to Part C102
Added Parameter Manufacturer= to Part C104
Added Parameter Manufacturer= to Part C107
Added Parameter Manufacturer= to Part C109
Added Parameter Manufacturer= to Part C111
Added Parameter Manufacturer= to Part C126
Added Parameter Manufacturer= to Part C127
Added Parameter Manufacturer= to Part C136
Added Parameter Manufacturer= to Part D3
Added Parameter Manufacturer= to Part D4
Added Parameter Manufacturer= to Part J1
Added Parameter Manufacturer= to Part J1
Added Parameter Manufacturer= to Part J1
Added Parameter Manufacturer= to Part J1
Added Parameter Manufacturer= to Part J1
Added Parameter Manufacturer= to Part J3
Added Parameter Manufacturer= to Part J5
Added Parameter Manufacturer= to Part JP1
Added Parameter Manufacturer= to Part JP2
Added Parameter Manufacturer= to Part L6
Added Parameter Manufacturer= to Part L7
Added Parameter Manufacturer= to Part R2
Added Parameter Manufacturer= to Part R19
Added Parameter Manufacturer= to Part R20
Added Parameter Manufacturer= to Part R21
Added Parameter Manufacturer= to Part R23
Added Parameter Manufacturer= to Part R33
Added Parameter Manufacturer= to Part R34
Added Parameter Manufacturer= to Part R35
Added Parameter Manufacturer= to Part R36
Added Parameter Manufacturer= to Part R37
Added Parameter Manufacturer= to Part R38
Added Parameter Manufacturer= to Part R43
Added Parameter Manufacturer= to Part R44
Added Parameter Manufacturer= to Part R45
Added Parameter Manufacturer= to Part R46
Added Parameter Manufacturer= to Part R47
Added Parameter Manufacturer= to Part R48
Added Parameter Manufacturer= to Part R49
Added Parameter Manufacturer= to Part R50
Added Parameter Manufacturer= to Part R51
Added Parameter Manufacturer= to Part R52
Added Parameter Manufacturer= to Part R53
Added Parameter Manufacturer= to Part R54
Added Parameter Manufacturer= to Part R55
Added Parameter Manufacturer= to Part RN1
Added Parameter Manufacturer= to Part RN2
Added Parameter Manufacturer= to Part U1
Added Parameter Manufacturer= to Part U9
Added Parameter Manufacturer= to Part U9
Added Parameter Manufacturer= to Part U9
Added Parameter Manufacturer= to Part U9
Added Parameter Manufacturer= to Part U9
Added Parameter Manufacturer= to Part U9
Added Parameter Manufacturer= to Part U9
Added Parameter Manufacturer= to Part U9
Added Parameter Manufacturer= to Part U9
Added Parameter Manufacturer= to Part U9
Added Parameter Manufacturer= to Part U9
Added Parameter Manufacturer= to Part U9
Added Parameter Manufacturer= to Part U9
Added Parameter Manufacturer= to Part U10
Added Parameter Manufacturer= to Part U13
Added Parameter Manufacturer= to Part U13
Added Parameter Manufacturer= to Part U17
Added Parameter Manufacturer= to Part U22
Added Parameter Manufacturer= to Part U22
Added Parameter Manufacturer= to Part U22
Added Parameter Manufacturer= to Part U22
Added Parameter Manufacturer= to Part U24
Added Parameter Manufacturer= to Part U25
Added Parameter Manufacturer= to Part U25
Added Parameter Manufacturer= to Part U25
Added Parameter Manufacturer= to Part U25
Added Parameter Manufacturer= to Part U25
Added Parameter Manufacturer= to Part U25
Added Parameter Manufacturer= to Part U26
Added Parameter Manufacturer= to Part U27
Added Parameter Manufacturer= to Part U30
Added Parameter Manufacturer= to Part U32
Added Parameter Manufacturer= to Part U33
Added Parameter Manufacturer= to Part U44
Added Parameter Manufacturer= to Part U44
Added Parameter Manufacturer= to Part U44
Added Parameter Manuf p/n=GRM188R71H104KA93D to Part C10
Added Parameter Manuf p/n=GRM188R71H104KA93D to Part C11
Added Parameter Manuf p/n=GRM188R71H104KA93D to Part C12
Added Parameter Manuf p/n=GRM188R71H104KA93D to Part C23
Added Parameter Manuf p/n=GRM188R71H104KA93D to Part C33
Added Parameter Manuf p/n=GRM188R71H104KA93D to Part C36
Added Parameter Manuf p/n=GRM188R71H104KA93D to Part C49
Added Parameter Manuf p/n=GRM188R71H104KA93D to Part C63
Added Parameter Manuf p/n=GRM188R71H104KA93D to Part C71
Added Parameter Manuf p/n=GRM188R71H104KA93D to Part C75
Added Parameter Manuf p/n=GRM188R71H104KA93D to Part C76
Added Parameter Manuf p/n=GRM188R71H104KA93D to Part C81
Added Parameter Manuf p/n=GRM188R71H104KA93D to Part C82
Added Parameter Manuf p/n=GRM188R71H104KA93D to Part C83
Added Parameter Manuf p/n=GRM188R71H104KA93D to Part C84
Added Parameter Manuf p/n=GRM188R71H104KA93D to Part C85
Added Parameter Manuf p/n=GRM188R71H104KA93D to Part C86
Added Parameter Manuf p/n=GRM188R71H104KA93D to Part C87
Added Parameter Manuf p/n=GRM188R71H104KA93D to Part C88
Added Parameter Manuf p/n=GRM188R71H104KA93D to Part C89
Added Parameter Manuf p/n=GRM188R71H104KA93D to Part C90
Added Parameter Manuf p/n=GRM188R71H104KA93D to Part C91
Added Parameter Manuf p/n=GRM188R71H104KA93D to Part C92
Added Parameter Manuf p/n=GRM188R71H104KA93D to Part C93
Added Parameter Manuf p/n=GRM188R71H104KA93D to Part C94
Added Parameter Manuf p/n=GRM188R71H104KA93D to Part C95
Added Parameter Manuf p/n=GRM188R71H104KA93D to Part C96
Added Parameter Manuf p/n=GRM188R71H104KA93D to Part C97
Added Parameter Manuf p/n=GRM188R71H104KA93D to Part C98
Added Parameter Manuf p/n=GRM188R71H104KA93D to Part C99
Added Parameter Manuf p/n=GRM188R71H104KA93D to Part C100
Added Parameter Manuf p/n=GRM188R71H104KA93D to Part C103
Added Parameter Manuf p/n=GRM188R71H104KA93D to Part C105
Added Parameter Manuf p/n=GRM188R71H104KA93D to Part C106
Added Parameter Manuf p/n=GRM188R71H104KA93D to Part C114
Added Parameter Manuf p/n=GRM188R71H104KA93D to Part C115
Added Parameter Manuf p/n=GRM188R71H104KA93D to Part C116
Added Parameter Manuf p/n=GRM188R71H104KA93D to Part C117
Added Parameter Manuf p/n=GRM188R71H104KA93D to Part C118
Added Parameter Manuf p/n=GRM188R71H104KA93D to Part C119
Added Parameter Manuf p/n=GRM188R71H104KA93D to Part C120
Added Parameter Manuf p/n=GRM188R71H104KA93D to Part C121
Added Parameter Manuf p/n=GRM188R71H104KA93D to Part C122
Added Parameter Manuf p/n=GRM188R71H104KA93D to Part C123
Added Parameter Manuf p/n=GRM188R71H104KA93D to Part C124
Added Parameter Manuf p/n=GRM188R71H104KA93D to Part C125
Added Parameter Manuf p/n=GRM188R71H104KA93D to Part C128
Added Parameter Manuf p/n=GRM188R71H104KA93D to Part C129
Added Parameter Manuf p/n=GRM188R71H104KA93D to Part C130
Added Parameter Manuf p/n=GRM188R71H104KA93D to Part C131
Added Parameter Manuf p/n=GRM188R71H104KA93D to Part C132
Added Parameter Manuf p/n=GRM188R71H104KA93D to Part C133
Added Parameter Manuf p/n=GRM188R71H104KA93D to Part C134
Added Parameter Manuf p/n=GRM188R71H104KA93D to Part C135
Added Parameter Manuf p/n=GRM188R71H104KA93D to Part C137
Added Parameter Manuf p/n=GRM188R71H104KA93D to Part C140
Added Parameter Manuf p/n=GRM188R71H104KA93D to Part C141
Added Parameter Manuf p/n=GRM188R71H104KA93D to Part C142
Added Parameter Manuf p/n= to Part C14
Added Parameter Manuf p/n= to Part C21
Added Parameter Manuf p/n= to Part C29
Added Parameter Manuf p/n= to Part C46
Added Parameter Manuf p/n= to Part C54
Added Parameter Manuf p/n= to Part C77
Added Parameter Manuf p/n= to Part C78
Added Parameter Manuf p/n= to Part C101
Added Parameter Manuf p/n= to Part C102
Added Parameter Manuf p/n= to Part C104
Added Parameter Manuf p/n= to Part C107
Added Parameter Manuf p/n= to Part C109
Added Parameter Manuf p/n= to Part C111
Added Parameter Manuf p/n= to Part C126
Added Parameter Manuf p/n= to Part C127
Added Parameter Manuf p/n= to Part C136
Added Parameter Manuf p/n= to Part D3
Added Parameter Manuf p/n= to Part D4
Added Parameter Manuf p/n= to Part J1
Added Parameter Manuf p/n= to Part J1
Added Parameter Manuf p/n= to Part J1
Added Parameter Manuf p/n= to Part J1
Added Parameter Manuf p/n= to Part J1
Added Parameter Manuf p/n= to Part J3
Added Parameter Manuf p/n= to Part J5
Added Parameter Manuf p/n= to Part JP1
Added Parameter Manuf p/n= to Part JP2
Added Parameter Manuf p/n= to Part L6
Added Parameter Manuf p/n= to Part L7
Added Parameter Manuf p/n= to Part R2
Added Parameter Manuf p/n= to Part R19
Added Parameter Manuf p/n= to Part R20
Added Parameter Manuf p/n= to Part R21
Added Parameter Manuf p/n= to Part R23
Added Parameter Manuf p/n= to Part R33
Added Parameter Manuf p/n= to Part R34
Added Parameter Manuf p/n= to Part R35
Added Parameter Manuf p/n= to Part R36
Added Parameter Manuf p/n= to Part R37
Added Parameter Manuf p/n= to Part R38
Added Parameter Manuf p/n= to Part R43
Added Parameter Manuf p/n= to Part R44
Added Parameter Manuf p/n= to Part R45
Added Parameter Manuf p/n= to Part R46
Added Parameter Manuf p/n= to Part R47
Added Parameter Manuf p/n= to Part R48
Added Parameter Manuf p/n= to Part R49
Added Parameter Manuf p/n= to Part R50
Added Parameter Manuf p/n= to Part R51
Added Parameter Manuf p/n= to Part R52
Added Parameter Manuf p/n= to Part R53
Added Parameter Manuf p/n= to Part R54
Added Parameter Manuf p/n= to Part R55
Added Parameter Manuf p/n= to Part RN1
Added Parameter Manuf p/n= to Part RN2
Added Parameter Manuf p/n= to Part U1
Added Parameter Manuf p/n= to Part U9
Added Parameter Manuf p/n= to Part U9
Added Parameter Manuf p/n= to Part U9
Added Parameter Manuf p/n= to Part U9
Added Parameter Manuf p/n= to Part U9
Added Parameter Manuf p/n= to Part U9
Added Parameter Manuf p/n= to Part U9
Added Parameter Manuf p/n= to Part U9
Added Parameter Manuf p/n= to Part U9
Added Parameter Manuf p/n= to Part U9
Added Parameter Manuf p/n= to Part U9
Added Parameter Manuf p/n= to Part U9
Added Parameter Manuf p/n= to Part U9
Added Parameter Manuf p/n= to Part U10
Added Parameter Manuf p/n= to Part U13
Added Parameter Manuf p/n= to Part U13
Added Parameter Manuf p/n= to Part U17
Added Parameter Manuf p/n= to Part U22
Added Parameter Manuf p/n= to Part U22
Added Parameter Manuf p/n= to Part U22
Added Parameter Manuf p/n= to Part U22
Added Parameter Manuf p/n= to Part U24
Added Parameter Manuf p/n= to Part U25
Added Parameter Manuf p/n= to Part U25
Added Parameter Manuf p/n= to Part U25
Added Parameter Manuf p/n= to Part U25
Added Parameter Manuf p/n= to Part U25
Added Parameter Manuf p/n= to Part U25
Added Parameter Manuf p/n= to Part U26
Added Parameter Manuf p/n= to Part U27
Added Parameter Manuf p/n= to Part U30
Added Parameter Manuf p/n= to Part U32
Added Parameter Manuf p/n= to Part U33
Added Parameter Manuf p/n= to Part U44
Added Parameter Manuf p/n= to Part U44
Added Parameter Manuf p/n= to Part U44
Added Parameter Vendor=DigiKey to Part C10
Added Parameter Vendor=DigiKey to Part C11
Added Parameter Vendor=DigiKey to Part C12
Added Parameter Vendor=DigiKey to Part C23
Added Parameter Vendor=DigiKey to Part C33
Added Parameter Vendor=DigiKey to Part C36
Added Parameter Vendor=DigiKey to Part C49
Added Parameter Vendor=DigiKey to Part C63
Added Parameter Vendor=DigiKey to Part C71
Added Parameter Vendor=DigiKey to Part C75
Added Parameter Vendor=DigiKey to Part C76
Added Parameter Vendor=DigiKey to Part C81
Added Parameter Vendor=DigiKey to Part C82
Added Parameter Vendor=DigiKey to Part C83
Added Parameter Vendor=DigiKey to Part C84
Added Parameter Vendor=DigiKey to Part C85
Added Parameter Vendor=DigiKey to Part C86
Added Parameter Vendor=DigiKey to Part C87
Added Parameter Vendor=DigiKey to Part C88
Added Parameter Vendor=DigiKey to Part C89
Added Parameter Vendor=DigiKey to Part C90
Added Parameter Vendor=DigiKey to Part C91
Added Parameter Vendor=DigiKey to Part C92
Added Parameter Vendor=DigiKey to Part C93
Added Parameter Vendor=DigiKey to Part C94
Added Parameter Vendor=DigiKey to Part C95
Added Parameter Vendor=DigiKey to Part C96
Added Parameter Vendor=DigiKey to Part C97
Added Parameter Vendor=DigiKey to Part C98
Added Parameter Vendor=DigiKey to Part C99
Added Parameter Vendor=DigiKey to Part C100
Added Parameter Vendor=DigiKey to Part C103
Added Parameter Vendor=DigiKey to Part C105
Added Parameter Vendor=DigiKey to Part C106
Added Parameter Vendor=DigiKey to Part C114
Added Parameter Vendor=DigiKey to Part C115
Added Parameter Vendor=DigiKey to Part C116
Added Parameter Vendor=DigiKey to Part C117
Added Parameter Vendor=DigiKey to Part C118
Added Parameter Vendor=DigiKey to Part C119
Added Parameter Vendor=DigiKey to Part C120
Added Parameter Vendor=DigiKey to Part C121
Added Parameter Vendor=DigiKey to Part C122
Added Parameter Vendor=DigiKey to Part C123
Added Parameter Vendor=DigiKey to Part C124
Added Parameter Vendor=DigiKey to Part C125
Added Parameter Vendor=DigiKey to Part C128
Added Parameter Vendor=DigiKey to Part C129
Added Parameter Vendor=DigiKey to Part C130
Added Parameter Vendor=DigiKey to Part C131
Added Parameter Vendor=DigiKey to Part C132
Added Parameter Vendor=DigiKey to Part C133
Added Parameter Vendor=DigiKey to Part C134
Added Parameter Vendor=DigiKey to Part C135
Added Parameter Vendor=DigiKey to Part C137
Added Parameter Vendor=DigiKey to Part C140
Added Parameter Vendor=DigiKey to Part C141
Added Parameter Vendor=DigiKey to Part C142
Added Parameter Vendor= to Part C14
Added Parameter Vendor= to Part C21
Added Parameter Vendor= to Part C29
Added Parameter Vendor= to Part C46
Added Parameter Vendor= to Part C54
Added Parameter Vendor= to Part C77
Added Parameter Vendor= to Part C78
Added Parameter Vendor= to Part C101
Added Parameter Vendor= to Part C102
Added Parameter Vendor= to Part C104
Added Parameter Vendor= to Part C107
Added Parameter Vendor= to Part C109
Added Parameter Vendor= to Part C111
Added Parameter Vendor= to Part C126
Added Parameter Vendor= to Part C127
Added Parameter Vendor= to Part C136
Added Parameter Vendor= to Part D3
Added Parameter Vendor= to Part D4
Added Parameter Vendor= to Part J1
Added Parameter Vendor= to Part J1
Added Parameter Vendor= to Part J1
Added Parameter Vendor= to Part J1
Added Parameter Vendor= to Part J1
Added Parameter Vendor= to Part J3
Added Parameter Vendor= to Part J5
Added Parameter Vendor= to Part JP1
Added Parameter Vendor= to Part JP2
Added Parameter Vendor= to Part L6
Added Parameter Vendor= to Part L7
Added Parameter Vendor= to Part R2
Added Parameter Vendor= to Part R19
Added Parameter Vendor= to Part R20
Added Parameter Vendor= to Part R21
Added Parameter Vendor= to Part R23
Added Parameter Vendor= to Part R33
Added Parameter Vendor= to Part R34
Added Parameter Vendor= to Part R35
Added Parameter Vendor= to Part R36
Added Parameter Vendor= to Part R37
Added Parameter Vendor= to Part R38
Added Parameter Vendor= to Part R43
Added Parameter Vendor= to Part R44
Added Parameter Vendor= to Part R45
Added Parameter Vendor= to Part R46
Added Parameter Vendor= to Part R47
Added Parameter Vendor= to Part R48
Added Parameter Vendor= to Part R49
Added Parameter Vendor= to Part R50
Added Parameter Vendor= to Part R51
Added Parameter Vendor= to Part R52
Added Parameter Vendor= to Part R53
Added Parameter Vendor= to Part R54
Added Parameter Vendor= to Part R55
Added Parameter Vendor= to Part RN1
Added Parameter Vendor= to Part RN2
Added Parameter Vendor= to Part U1
Added Parameter Vendor= to Part U9
Added Parameter Vendor= to Part U9
Added Parameter Vendor= to Part U9
Added Parameter Vendor= to Part U9
Added Parameter Vendor= to Part U9
Added Parameter Vendor= to Part U9
Added Parameter Vendor= to Part U9
Added Parameter Vendor= to Part U9
Added Parameter Vendor= to Part U9
Added Parameter Vendor= to Part U9
Added Parameter Vendor= to Part U9
Added Parameter Vendor= to Part U9
Added Parameter Vendor= to Part U9
Added Parameter Vendor= to Part U10
Added Parameter Vendor= to Part U13
Added Parameter Vendor= to Part U13
Added Parameter Vendor= to Part U17
Added Parameter Vendor= to Part U22
Added Parameter Vendor= to Part U22
Added Parameter Vendor= to Part U22
Added Parameter Vendor= to Part U22
Added Parameter Vendor= to Part U24
Added Parameter Vendor= to Part U25
Added Parameter Vendor= to Part U25
Added Parameter Vendor= to Part U25
Added Parameter Vendor= to Part U25
Added Parameter Vendor= to Part U25
Added Parameter Vendor= to Part U25
Added Parameter Vendor= to Part U26
Added Parameter Vendor= to Part U27
Added Parameter Vendor= to Part U30
Added Parameter Vendor= to Part U32
Added Parameter Vendor= to Part U33
Added Parameter Vendor= to Part U44
Added Parameter Vendor= to Part U44
Added Parameter Vendor= to Part U44
Added Parameter Vendor p/n=490-1519-1-ND to Part C10
Added Parameter Vendor p/n=490-1519-1-ND to Part C11
Added Parameter Vendor p/n=490-1519-1-ND to Part C12
Added Parameter Vendor p/n=490-1519-1-ND to Part C23
Added Parameter Vendor p/n=490-1519-1-ND to Part C33
Added Parameter Vendor p/n=490-1519-1-ND to Part C36
Added Parameter Vendor p/n=490-1519-1-ND to Part C49
Added Parameter Vendor p/n=490-1519-1-ND to Part C63
Added Parameter Vendor p/n=490-1519-1-ND to Part C71
Added Parameter Vendor p/n=490-1519-1-ND to Part C75
Added Parameter Vendor p/n=490-1519-1-ND to Part C76
Added Parameter Vendor p/n=490-1519-1-ND to Part C81
Added Parameter Vendor p/n=490-1519-1-ND to Part C82
Added Parameter Vendor p/n=490-1519-1-ND to Part C83
Added Parameter Vendor p/n=490-1519-1-ND to Part C84
Added Parameter Vendor p/n=490-1519-1-ND to Part C85
Added Parameter Vendor p/n=490-1519-1-ND to Part C86
Added Parameter Vendor p/n=490-1519-1-ND to Part C87
Added Parameter Vendor p/n=490-1519-1-ND to Part C88
Added Parameter Vendor p/n=490-1519-1-ND to Part C89
Added Parameter Vendor p/n=490-1519-1-ND to Part C90
Added Parameter Vendor p/n=490-1519-1-ND to Part C91
Added Parameter Vendor p/n=490-1519-1-ND to Part C92
Added Parameter Vendor p/n=490-1519-1-ND to Part C93
Added Parameter Vendor p/n=490-1519-1-ND to Part C94
Added Parameter Vendor p/n=490-1519-1-ND to Part C95
Added Parameter Vendor p/n=490-1519-1-ND to Part C96
Added Parameter Vendor p/n=490-1519-1-ND to Part C97
Added Parameter Vendor p/n=490-1519-1-ND to Part C98
Added Parameter Vendor p/n=490-1519-1-ND to Part C99
Added Parameter Vendor p/n=490-1519-1-ND to Part C100
Added Parameter Vendor p/n=490-1519-1-ND to Part C103
Added Parameter Vendor p/n=490-1519-1-ND to Part C105
Added Parameter Vendor p/n=490-1519-1-ND to Part C106
Added Parameter Vendor p/n=490-1519-1-ND to Part C114
Added Parameter Vendor p/n=490-1519-1-ND to Part C115
Added Parameter Vendor p/n=490-1519-1-ND to Part C116
Added Parameter Vendor p/n=490-1519-1-ND to Part C117
Added Parameter Vendor p/n=490-1519-1-ND to Part C118
Added Parameter Vendor p/n=490-1519-1-ND to Part C119
Added Parameter Vendor p/n=490-1519-1-ND to Part C120
Added Parameter Vendor p/n=490-1519-1-ND to Part C121
Added Parameter Vendor p/n=490-1519-1-ND to Part C122
Added Parameter Vendor p/n=490-1519-1-ND to Part C123
Added Parameter Vendor p/n=490-1519-1-ND to Part C124
Added Parameter Vendor p/n=490-1519-1-ND to Part C125
Added Parameter Vendor p/n=490-1519-1-ND to Part C128
Added Parameter Vendor p/n=490-1519-1-ND to Part C129
Added Parameter Vendor p/n=490-1519-1-ND to Part C130
Added Parameter Vendor p/n=490-1519-1-ND to Part C131
Added Parameter Vendor p/n=490-1519-1-ND to Part C132
Added Parameter Vendor p/n=490-1519-1-ND to Part C133
Added Parameter Vendor p/n=490-1519-1-ND to Part C134
Added Parameter Vendor p/n=490-1519-1-ND to Part C135
Added Parameter Vendor p/n=490-1519-1-ND to Part C137
Added Parameter Vendor p/n=490-1519-1-ND to Part C140
Added Parameter Vendor p/n=490-1519-1-ND to Part C141
Added Parameter Vendor p/n=490-1519-1-ND to Part C142
Added Parameter Vendor p/n= to Part C14
Added Parameter Vendor p/n= to Part C21
Added Parameter Vendor p/n= to Part C29
Added Parameter Vendor p/n= to Part C46
Added Parameter Vendor p/n= to Part C54
Added Parameter Vendor p/n= to Part C77
Added Parameter Vendor p/n= to Part C78
Added Parameter Vendor p/n= to Part C101
Added Parameter Vendor p/n= to Part C102
Added Parameter Vendor p/n= to Part C104
Added Parameter Vendor p/n= to Part C107
Added Parameter Vendor p/n= to Part C109
Added Parameter Vendor p/n= to Part C111
Added Parameter Vendor p/n= to Part C126
Added Parameter Vendor p/n= to Part C127
Added Parameter Vendor p/n= to Part C136
Added Parameter Vendor p/n= to Part D3
Added Parameter Vendor p/n= to Part D4
Added Parameter Vendor p/n= to Part J1
Added Parameter Vendor p/n= to Part J1
Added Parameter Vendor p/n= to Part J1
Added Parameter Vendor p/n= to Part J1
Added Parameter Vendor p/n= to Part J1
Added Parameter Vendor p/n= to Part J3
Added Parameter Vendor p/n= to Part J5
Added Parameter Vendor p/n= to Part JP1
Added Parameter Vendor p/n= to Part JP2
Added Parameter Vendor p/n= to Part L6
Added Parameter Vendor p/n= to Part L7
Added Parameter Vendor p/n= to Part R2
Added Parameter Vendor p/n= to Part R19
Added Parameter Vendor p/n= to Part R20
Added Parameter Vendor p/n= to Part R21
Added Parameter Vendor p/n= to Part R23
Added Parameter Vendor p/n= to Part R33
Added Parameter Vendor p/n= to Part R34
Added Parameter Vendor p/n= to Part R35
Added Parameter Vendor p/n= to Part R36
Added Parameter Vendor p/n= to Part R37
Added Parameter Vendor p/n= to Part R38
Added Parameter Vendor p/n= to Part R43
Added Parameter Vendor p/n= to Part R44
Added Parameter Vendor p/n= to Part R45
Added Parameter Vendor p/n= to Part R46
Added Parameter Vendor p/n= to Part R47
Added Parameter Vendor p/n= to Part R48
Added Parameter Vendor p/n= to Part R49
Added Parameter Vendor p/n= to Part R50
Added Parameter Vendor p/n= to Part R51
Added Parameter Vendor p/n= to Part R52
Added Parameter Vendor p/n= to Part R53
Added Parameter Vendor p/n= to Part R54
Added Parameter Vendor p/n= to Part R55
Added Parameter Vendor p/n= to Part RN1
Added Parameter Vendor p/n= to Part RN2
Added Parameter Vendor p/n= to Part U1
Added Parameter Vendor p/n= to Part U9
Added Parameter Vendor p/n= to Part U9
Added Parameter Vendor p/n= to Part U9
Added Parameter Vendor p/n= to Part U9
Added Parameter Vendor p/n= to Part U9
Added Parameter Vendor p/n= to Part U9
Added Parameter Vendor p/n= to Part U9
Added Parameter Vendor p/n= to Part U9
Added Parameter Vendor p/n= to Part U9
Added Parameter Vendor p/n= to Part U9
Added Parameter Vendor p/n= to Part U9
Added Parameter Vendor p/n= to Part U9
Added Parameter Vendor p/n= to Part U9
Added Parameter Vendor p/n= to Part U10
Added Parameter Vendor p/n= to Part U13
Added Parameter Vendor p/n= to Part U13
Added Parameter Vendor p/n= to Part U17
Added Parameter Vendor p/n= to Part U22
Added Parameter Vendor p/n= to Part U22
Added Parameter Vendor p/n= to Part U22
Added Parameter Vendor p/n= to Part U22
Added Parameter Vendor p/n= to Part U24
Added Parameter Vendor p/n= to Part U25
Added Parameter Vendor p/n= to Part U25
Added Parameter Vendor p/n= to Part U25
Added Parameter Vendor p/n= to Part U25
Added Parameter Vendor p/n= to Part U25
Added Parameter Vendor p/n= to Part U25
Added Parameter Vendor p/n= to Part U26
Added Parameter Vendor p/n= to Part U27
Added Parameter Vendor p/n= to Part U30
Added Parameter Vendor p/n= to Part U32
Added Parameter Vendor p/n= to Part U33
Added Parameter Vendor p/n= to Part U44
Added Parameter Vendor p/n= to Part U44
Added Parameter Vendor p/n= to Part U44
