Added Parameter COST=0.061 to Part C3
Added Parameter COST=0.061 to Part C5
Added Parameter COST=0.061 to Part C7
Added Parameter COST=0.061 to Part C9
Added Parameter COST=0.061 to Part C15
Added Parameter COST=0.061 to Part C18
Added Parameter COST=0.061 to Part C20
Added Parameter COST=0.061 to Part C22
Added Parameter COST=0.061 to Part C24
Added Parameter COST=0.061 to Part C25
Added Parameter COST=0.061 to Part C26
Added Parameter COST=0.061 to Part C27
Added Parameter COST=0.061 to Part C28
Added Parameter COST=0.061 to Part C30
Added Parameter COST=0.061 to Part C34
Added Parameter COST=0.061 to Part C35
Added Parameter COST=0.061 to Part C39
Added Parameter COST=0.061 to Part C42
Added Parameter COST=0.061 to Part C43
Added Parameter COST=0.061 to Part C44
Added Parameter COST=0.061 to Part C45
Added Parameter COST=0.061 to Part C47
Added Parameter COST=0.061 to Part C48
Added Parameter COST=0.061 to Part C50
Added Parameter COST=0.061 to Part C51
Added Parameter COST=0.061 to Part C52
Added Parameter COST=0.061 to Part C53
Added Parameter COST=0.061 to Part C57
Added Parameter COST=0.061 to Part C58
Added Parameter COST=0.061 to Part C59
Added Parameter COST=0.061 to Part C60
Added Parameter COST=0.061 to Part C61
Added Parameter COST=0.061 to Part C62
Added Parameter COST=0.061 to Part C64
Added Parameter COST=0.061 to Part C65
Added Parameter COST=0.061 to Part C66
Added Parameter COST=0.061 to Part C67
Added Parameter COST=0.061 to Part C68
Added Parameter COST=0.061 to Part C72
Added Parameter COST=0.061 to Part C73
Added Parameter COST=0.061 to Part C74
Added Parameter COST=0.061 to Part C79
Added Parameter COST=0.061 to Part C80
Added Parameter COST=0.061 to Part C108
Added Parameter COST=0.061 to Part C113
Added Parameter COST=0.061 to Part C138
Added Parameter COST= to Part C1
Added Parameter COST= to Part C2
Added Parameter COST= to Part C4
Added Parameter COST= to Part C6
Added Parameter COST= to Part C8
Added Parameter COST= to Part C13
Added Parameter COST= to Part C16
Added Parameter COST= to Part C17
Added Parameter COST= to Part C19
Added Parameter COST= to Part C31
Added Parameter COST= to Part C32
Added Parameter COST= to Part C37
Added Parameter COST= to Part C38
Added Parameter COST= to Part C40
Added Parameter COST= to Part C41
Added Parameter COST= to Part C55
Added Parameter COST= to Part C56
Added Parameter COST= to Part C69
Added Parameter COST= to Part C70
Added Parameter COST= to Part C110
Added Parameter COST= to Part C112
Added Parameter COST= to Part D1
Added Parameter COST= to Part D2
Added Parameter COST= to Part D5
Added Parameter COST= to Part J4
Added Parameter COST= to Part J6
Added Parameter COST= to Part J8
Added Parameter COST= to Part L1
Added Parameter COST= to Part L2
Added Parameter COST= to Part L3
Added Parameter COST= to Part L4
Added Parameter COST= to Part L5
Added Parameter COST= to Part R1
Added Parameter COST= to Part R3
Added Parameter COST= to Part R4
Added Parameter COST= to Part R5
Added Parameter COST= to Part R6
Added Parameter COST= to Part R7
Added Parameter COST= to Part R8
Added Parameter COST= to Part R9
Added Parameter COST= to Part R10
Added Parameter COST= to Part R11
Added Parameter COST= to Part R12
Added Parameter COST= to Part R13
Added Parameter COST= to Part R14
Added Parameter COST= to Part R15
Added Parameter COST= to Part R16
Added Parameter COST= to Part R17
Added Parameter COST= to Part R18
Added Parameter COST= to Part R22
Added Parameter COST= to Part R24
Added Parameter COST= to Part R25
Added Parameter COST= to Part R26
Added Parameter COST= to Part R27
Added Parameter COST= to Part R28
Added Parameter COST= to Part R29
Added Parameter COST= to Part R30
Added Parameter COST= to Part R31
Added Parameter COST= to Part R32
Added Parameter COST= to Part R39
Added Parameter COST= to Part R40
Added Parameter COST= to Part R41
Added Parameter COST= to Part R42
Added Parameter COST= to Part R56
Added Parameter COST= to Part R57
Added Parameter COST= to Part R58
Added Parameter COST= to Part RN3
Added Parameter COST= to Part RN4
Added Parameter COST= to Part RN5
Added Parameter COST= to Part TP1
Added Parameter COST= to Part U2
Added Parameter COST= to Part U3
Added Parameter COST= to Part U4
Added Parameter COST= to Part U5
Added Parameter COST= to Part U6
Added Parameter COST= to Part U7
Added Parameter COST= to Part U8
Added Parameter COST= to Part U11
Added Parameter COST= to Part U12
Added Parameter COST= to Part U14
Added Parameter COST= to Part U15
Added Parameter COST= to Part U16
Added Parameter COST= to Part U18
Added Parameter COST= to Part U19
Added Parameter COST= to Part U20
Added Parameter COST= to Part U21
Added Parameter COST= to Part U23
Added Parameter COST= to Part U28
Added Parameter COST= to Part U29
Added Parameter Manufacturer=Murata to Part C3
Added Parameter Manufacturer=Murata to Part C5
Added Parameter Manufacturer=Murata to Part C7
Added Parameter Manufacturer=Murata to Part C9
Added Parameter Manufacturer=Murata to Part C15
Added Parameter Manufacturer=Murata to Part C18
Added Parameter Manufacturer=Murata to Part C20
Added Parameter Manufacturer=Murata to Part C22
Added Parameter Manufacturer=Murata to Part C24
Added Parameter Manufacturer=Murata to Part C25
Added Parameter Manufacturer=Murata to Part C26
Added Parameter Manufacturer=Murata to Part C27
Added Parameter Manufacturer=Murata to Part C28
Added Parameter Manufacturer=Murata to Part C30
Added Parameter Manufacturer=Murata to Part C34
Added Parameter Manufacturer=Murata to Part C35
Added Parameter Manufacturer=Murata to Part C39
Added Parameter Manufacturer=Murata to Part C42
Added Parameter Manufacturer=Murata to Part C43
Added Parameter Manufacturer=Murata to Part C44
Added Parameter Manufacturer=Murata to Part C45
Added Parameter Manufacturer=Murata to Part C47
Added Parameter Manufacturer=Murata to Part C48
Added Parameter Manufacturer=Murata to Part C50
Added Parameter Manufacturer=Murata to Part C51
Added Parameter Manufacturer=Murata to Part C52
Added Parameter Manufacturer=Murata to Part C53
Added Parameter Manufacturer=Murata to Part C57
Added Parameter Manufacturer=Murata to Part C58
Added Parameter Manufacturer=Murata to Part C59
Added Parameter Manufacturer=Murata to Part C60
Added Parameter Manufacturer=Murata to Part C61
Added Parameter Manufacturer=Murata to Part C62
Added Parameter Manufacturer=Murata to Part C64
Added Parameter Manufacturer=Murata to Part C65
Added Parameter Manufacturer=Murata to Part C66
Added Parameter Manufacturer=Murata to Part C67
Added Parameter Manufacturer=Murata to Part C68
Added Parameter Manufacturer=Murata to Part C72
Added Parameter Manufacturer=Murata to Part C73
Added Parameter Manufacturer=Murata to Part C74
Added Parameter Manufacturer=Murata to Part C79
Added Parameter Manufacturer=Murata to Part C80
Added Parameter Manufacturer=Murata to Part C108
Added Parameter Manufacturer=Murata to Part C113
Added Parameter Manufacturer=Murata to Part C138
Added Parameter Manufacturer= to Part C1
Added Parameter Manufacturer= to Part C2
Added Parameter Manufacturer= to Part C4
Added Parameter Manufacturer= to Part C6
Added Parameter Manufacturer= to Part C8
Added Parameter Manufacturer= to Part C13
Added Parameter Manufacturer= to Part C16
Added Parameter Manufacturer= to Part C17
Added Parameter Manufacturer= to Part C19
Added Parameter Manufacturer= to Part C31
Added Parameter Manufacturer= to Part C32
Added Parameter Manufacturer= to Part C37
Added Parameter Manufacturer= to Part C38
Added Parameter Manufacturer= to Part C40
Added Parameter Manufacturer= to Part C41
Added Parameter Manufacturer= to Part C55
Added Parameter Manufacturer= to Part C56
Added Parameter Manufacturer= to Part C69
Added Parameter Manufacturer= to Part C70
Added Parameter Manufacturer= to Part C110
Added Parameter Manufacturer= to Part C112
Added Parameter Manufacturer= to Part D1
Added Parameter Manufacturer= to Part D2
Added Parameter Manufacturer= to Part D5
Added Parameter Manufacturer= to Part J4
Added Parameter Manufacturer= to Part J6
Added Parameter Manufacturer= to Part J8
Added Parameter Manufacturer= to Part L1
Added Parameter Manufacturer= to Part L2
Added Parameter Manufacturer= to Part L3
Added Parameter Manufacturer= to Part L4
Added Parameter Manufacturer= to Part L5
Added Parameter Manufacturer= to Part R1
Added Parameter Manufacturer= to Part R3
Added Parameter Manufacturer= to Part R4
Added Parameter Manufacturer= to Part R5
Added Parameter Manufacturer= to Part R6
Added Parameter Manufacturer= to Part R7
Added Parameter Manufacturer= to Part R8
Added Parameter Manufacturer= to Part R9
Added Parameter Manufacturer= to Part R10
Added Parameter Manufacturer= to Part R11
Added Parameter Manufacturer= to Part R12
Added Parameter Manufacturer= to Part R13
Added Parameter Manufacturer= to Part R14
Added Parameter Manufacturer= to Part R15
Added Parameter Manufacturer= to Part R16
Added Parameter Manufacturer= to Part R17
Added Parameter Manufacturer= to Part R18
Added Parameter Manufacturer= to Part R22
Added Parameter Manufacturer= to Part R24
Added Parameter Manufacturer= to Part R25
Added Parameter Manufacturer= to Part R26
Added Parameter Manufacturer= to Part R27
Added Parameter Manufacturer= to Part R28
Added Parameter Manufacturer= to Part R29
Added Parameter Manufacturer= to Part R30
Added Parameter Manufacturer= to Part R31
Added Parameter Manufacturer= to Part R32
Added Parameter Manufacturer= to Part R39
Added Parameter Manufacturer= to Part R40
Added Parameter Manufacturer= to Part R41
Added Parameter Manufacturer= to Part R42
Added Parameter Manufacturer= to Part R56
Added Parameter Manufacturer= to Part R57
Added Parameter Manufacturer= to Part R58
Added Parameter Manufacturer= to Part RN3
Added Parameter Manufacturer= to Part RN4
Added Parameter Manufacturer= to Part RN5
Added Parameter Manufacturer= to Part TP1
Added Parameter Manufacturer= to Part U2
Added Parameter Manufacturer= to Part U3
Added Parameter Manufacturer= to Part U4
Added Parameter Manufacturer= to Part U5
Added Parameter Manufacturer= to Part U6
Added Parameter Manufacturer= to Part U7
Added Parameter Manufacturer= to Part U8
Added Parameter Manufacturer= to Part U11
Added Parameter Manufacturer= to Part U12
Added Parameter Manufacturer= to Part U14
Added Parameter Manufacturer= to Part U15
Added Parameter Manufacturer= to Part U16
Added Parameter Manufacturer= to Part U18
Added Parameter Manufacturer= to Part U19
Added Parameter Manufacturer= to Part U20
Added Parameter Manufacturer= to Part U21
Added Parameter Manufacturer= to Part U23
Added Parameter Manufacturer= to Part U28
Added Parameter Manufacturer= to Part U29
Added Parameter Manuf p/n=GRM188R71H104KA93D to Part C3
Added Parameter Manuf p/n=GRM188R71H104KA93D to Part C5
Added Parameter Manuf p/n=GRM188R71H104KA93D to Part C7
Added Parameter Manuf p/n=GRM188R71H104KA93D to Part C9
Added Parameter Manuf p/n=GRM188R71H104KA93D to Part C15
Added Parameter Manuf p/n=GRM188R71H104KA93D to Part C18
Added Parameter Manuf p/n=GRM188R71H104KA93D to Part C20
Added Parameter Manuf p/n=GRM188R71H104KA93D to Part C22
Added Parameter Manuf p/n=GRM188R71H104KA93D to Part C24
Added Parameter Manuf p/n=GRM188R71H104KA93D to Part C25
Added Parameter Manuf p/n=GRM188R71H104KA93D to Part C26
Added Parameter Manuf p/n=GRM188R71H104KA93D to Part C27
Added Parameter Manuf p/n=GRM188R71H104KA93D to Part C28
Added Parameter Manuf p/n=GRM188R71H104KA93D to Part C30
Added Parameter Manuf p/n=GRM188R71H104KA93D to Part C34
Added Parameter Manuf p/n=GRM188R71H104KA93D to Part C35
Added Parameter Manuf p/n=GRM188R71H104KA93D to Part C39
Added Parameter Manuf p/n=GRM188R71H104KA93D to Part C42
Added Parameter Manuf p/n=GRM188R71H104KA93D to Part C43
Added Parameter Manuf p/n=GRM188R71H104KA93D to Part C44
Added Parameter Manuf p/n=GRM188R71H104KA93D to Part C45
Added Parameter Manuf p/n=GRM188R71H104KA93D to Part C47
Added Parameter Manuf p/n=GRM188R71H104KA93D to Part C48
Added Parameter Manuf p/n=GRM188R71H104KA93D to Part C50
Added Parameter Manuf p/n=GRM188R71H104KA93D to Part C51
Added Parameter Manuf p/n=GRM188R71H104KA93D to Part C52
Added Parameter Manuf p/n=GRM188R71H104KA93D to Part C53
Added Parameter Manuf p/n=GRM188R71H104KA93D to Part C57
Added Parameter Manuf p/n=GRM188R71H104KA93D to Part C58
Added Parameter Manuf p/n=GRM188R71H104KA93D to Part C59
Added Parameter Manuf p/n=GRM188R71H104KA93D to Part C60
Added Parameter Manuf p/n=GRM188R71H104KA93D to Part C61
Added Parameter Manuf p/n=GRM188R71H104KA93D to Part C62
Added Parameter Manuf p/n=GRM188R71H104KA93D to Part C64
Added Parameter Manuf p/n=GRM188R71H104KA93D to Part C65
Added Parameter Manuf p/n=GRM188R71H104KA93D to Part C66
Added Parameter Manuf p/n=GRM188R71H104KA93D to Part C67
Added Parameter Manuf p/n=GRM188R71H104KA93D to Part C68
Added Parameter Manuf p/n=GRM188R71H104KA93D to Part C72
Added Parameter Manuf p/n=GRM188R71H104KA93D to Part C73
Added Parameter Manuf p/n=GRM188R71H104KA93D to Part C74
Added Parameter Manuf p/n=GRM188R71H104KA93D to Part C79
Added Parameter Manuf p/n=GRM188R71H104KA93D to Part C80
Added Parameter Manuf p/n=GRM188R71H104KA93D to Part C108
Added Parameter Manuf p/n=GRM188R71H104KA93D to Part C113
Added Parameter Manuf p/n=GRM188R71H104KA93D to Part C138
Added Parameter Manuf p/n= to Part C1
Added Parameter Manuf p/n= to Part C2
Added Parameter Manuf p/n= to Part C4
Added Parameter Manuf p/n= to Part C6
Added Parameter Manuf p/n= to Part C8
Added Parameter Manuf p/n= to Part C13
Added Parameter Manuf p/n= to Part C16
Added Parameter Manuf p/n= to Part C17
Added Parameter Manuf p/n= to Part C19
Added Parameter Manuf p/n= to Part C31
Added Parameter Manuf p/n= to Part C32
Added Parameter Manuf p/n= to Part C37
Added Parameter Manuf p/n= to Part C38
Added Parameter Manuf p/n= to Part C40
Added Parameter Manuf p/n= to Part C41
Added Parameter Manuf p/n= to Part C55
Added Parameter Manuf p/n= to Part C56
Added Parameter Manuf p/n= to Part C69
Added Parameter Manuf p/n= to Part C70
Added Parameter Manuf p/n= to Part C110
Added Parameter Manuf p/n= to Part C112
Added Parameter Manuf p/n= to Part D1
Added Parameter Manuf p/n= to Part D2
Added Parameter Manuf p/n= to Part D5
Added Parameter Manuf p/n= to Part J4
Added Parameter Manuf p/n= to Part J6
Added Parameter Manuf p/n= to Part J8
Added Parameter Manuf p/n= to Part L1
Added Parameter Manuf p/n= to Part L2
Added Parameter Manuf p/n= to Part L3
Added Parameter Manuf p/n= to Part L4
Added Parameter Manuf p/n= to Part L5
Added Parameter Manuf p/n= to Part R1
Added Parameter Manuf p/n= to Part R3
Added Parameter Manuf p/n= to Part R4
Added Parameter Manuf p/n= to Part R5
Added Parameter Manuf p/n= to Part R6
Added Parameter Manuf p/n= to Part R7
Added Parameter Manuf p/n= to Part R8
Added Parameter Manuf p/n= to Part R9
Added Parameter Manuf p/n= to Part R10
Added Parameter Manuf p/n= to Part R11
Added Parameter Manuf p/n= to Part R12
Added Parameter Manuf p/n= to Part R13
Added Parameter Manuf p/n= to Part R14
Added Parameter Manuf p/n= to Part R15
Added Parameter Manuf p/n= to Part R16
Added Parameter Manuf p/n= to Part R17
Added Parameter Manuf p/n= to Part R18
Added Parameter Manuf p/n= to Part R22
Added Parameter Manuf p/n= to Part R24
Added Parameter Manuf p/n= to Part R25
Added Parameter Manuf p/n= to Part R26
Added Parameter Manuf p/n= to Part R27
Added Parameter Manuf p/n= to Part R28
Added Parameter Manuf p/n= to Part R29
Added Parameter Manuf p/n= to Part R30
Added Parameter Manuf p/n= to Part R31
Added Parameter Manuf p/n= to Part R32
Added Parameter Manuf p/n= to Part R39
Added Parameter Manuf p/n= to Part R40
Added Parameter Manuf p/n= to Part R41
Added Parameter Manuf p/n= to Part R42
Added Parameter Manuf p/n= to Part R56
Added Parameter Manuf p/n= to Part R57
Added Parameter Manuf p/n= to Part R58
Added Parameter Manuf p/n= to Part RN3
Added Parameter Manuf p/n= to Part RN4
Added Parameter Manuf p/n= to Part RN5
Added Parameter Manuf p/n= to Part TP1
Added Parameter Manuf p/n= to Part U2
Added Parameter Manuf p/n= to Part U3
Added Parameter Manuf p/n= to Part U4
Added Parameter Manuf p/n= to Part U5
Added Parameter Manuf p/n= to Part U6
Added Parameter Manuf p/n= to Part U7
Added Parameter Manuf p/n= to Part U8
Added Parameter Manuf p/n= to Part U11
Added Parameter Manuf p/n= to Part U12
Added Parameter Manuf p/n= to Part U14
Added Parameter Manuf p/n= to Part U15
Added Parameter Manuf p/n= to Part U16
Added Parameter Manuf p/n= to Part U18
Added Parameter Manuf p/n= to Part U19
Added Parameter Manuf p/n= to Part U20
Added Parameter Manuf p/n= to Part U21
Added Parameter Manuf p/n= to Part U23
Added Parameter Manuf p/n= to Part U28
Added Parameter Manuf p/n= to Part U29
Added Parameter Vendor=DigiKey to Part C3
Added Parameter Vendor=DigiKey to Part C5
Added Parameter Vendor=DigiKey to Part C7
Added Parameter Vendor=DigiKey to Part C9
Added Parameter Vendor=DigiKey to Part C15
Added Parameter Vendor=DigiKey to Part C18
Added Parameter Vendor=DigiKey to Part C20
Added Parameter Vendor=DigiKey to Part C22
Added Parameter Vendor=DigiKey to Part C24
Added Parameter Vendor=DigiKey to Part C25
Added Parameter Vendor=DigiKey to Part C26
Added Parameter Vendor=DigiKey to Part C27
Added Parameter Vendor=DigiKey to Part C28
Added Parameter Vendor=DigiKey to Part C30
Added Parameter Vendor=DigiKey to Part C34
Added Parameter Vendor=DigiKey to Part C35
Added Parameter Vendor=DigiKey to Part C39
Added Parameter Vendor=DigiKey to Part C42
Added Parameter Vendor=DigiKey to Part C43
Added Parameter Vendor=DigiKey to Part C44
Added Parameter Vendor=DigiKey to Part C45
Added Parameter Vendor=DigiKey to Part C47
Added Parameter Vendor=DigiKey to Part C48
Added Parameter Vendor=DigiKey to Part C50
Added Parameter Vendor=DigiKey to Part C51
Added Parameter Vendor=DigiKey to Part C52
Added Parameter Vendor=DigiKey to Part C53
Added Parameter Vendor=DigiKey to Part C57
Added Parameter Vendor=DigiKey to Part C58
Added Parameter Vendor=DigiKey to Part C59
Added Parameter Vendor=DigiKey to Part C60
Added Parameter Vendor=DigiKey to Part C61
Added Parameter Vendor=DigiKey to Part C62
Added Parameter Vendor=DigiKey to Part C64
Added Parameter Vendor=DigiKey to Part C65
Added Parameter Vendor=DigiKey to Part C66
Added Parameter Vendor=DigiKey to Part C67
Added Parameter Vendor=DigiKey to Part C68
Added Parameter Vendor=DigiKey to Part C72
Added Parameter Vendor=DigiKey to Part C73
Added Parameter Vendor=DigiKey to Part C74
Added Parameter Vendor=DigiKey to Part C79
Added Parameter Vendor=DigiKey to Part C80
Added Parameter Vendor=DigiKey to Part C108
Added Parameter Vendor=DigiKey to Part C113
Added Parameter Vendor=DigiKey to Part C138
Added Parameter Vendor= to Part C1
Added Parameter Vendor= to Part C2
Added Parameter Vendor= to Part C4
Added Parameter Vendor= to Part C6
Added Parameter Vendor= to Part C8
Added Parameter Vendor= to Part C13
Added Parameter Vendor= to Part C16
Added Parameter Vendor= to Part C17
Added Parameter Vendor= to Part C19
Added Parameter Vendor= to Part C31
Added Parameter Vendor= to Part C32
Added Parameter Vendor= to Part C37
Added Parameter Vendor= to Part C38
Added Parameter Vendor= to Part C40
Added Parameter Vendor= to Part C41
Added Parameter Vendor= to Part C55
Added Parameter Vendor= to Part C56
Added Parameter Vendor= to Part C69
Added Parameter Vendor= to Part C70
Added Parameter Vendor= to Part C110
Added Parameter Vendor= to Part C112
Added Parameter Vendor= to Part D1
Added Parameter Vendor= to Part D2
Added Parameter Vendor= to Part D5
Added Parameter Vendor= to Part J4
Added Parameter Vendor= to Part J6
Added Parameter Vendor= to Part J8
Added Parameter Vendor= to Part L1
Added Parameter Vendor= to Part L2
Added Parameter Vendor= to Part L3
Added Parameter Vendor= to Part L4
Added Parameter Vendor= to Part L5
Added Parameter Vendor= to Part R1
Added Parameter Vendor= to Part R3
Added Parameter Vendor= to Part R4
Added Parameter Vendor= to Part R5
Added Parameter Vendor= to Part R6
Added Parameter Vendor= to Part R7
Added Parameter Vendor= to Part R8
Added Parameter Vendor= to Part R9
Added Parameter Vendor= to Part R10
Added Parameter Vendor= to Part R11
Added Parameter Vendor= to Part R12
Added Parameter Vendor= to Part R13
Added Parameter Vendor= to Part R14
Added Parameter Vendor= to Part R15
Added Parameter Vendor= to Part R16
Added Parameter Vendor= to Part R17
Added Parameter Vendor= to Part R18
Added Parameter Vendor= to Part R22
Added Parameter Vendor= to Part R24
Added Parameter Vendor= to Part R25
Added Parameter Vendor= to Part R26
Added Parameter Vendor= to Part R27
Added Parameter Vendor= to Part R28
Added Parameter Vendor= to Part R29
Added Parameter Vendor= to Part R30
Added Parameter Vendor= to Part R31
Added Parameter Vendor= to Part R32
Added Parameter Vendor= to Part R39
Added Parameter Vendor= to Part R40
Added Parameter Vendor= to Part R41
Added Parameter Vendor= to Part R42
Added Parameter Vendor= to Part R56
Added Parameter Vendor= to Part R57
Added Parameter Vendor= to Part R58
Added Parameter Vendor= to Part RN3
Added Parameter Vendor= to Part RN4
Added Parameter Vendor= to Part RN5
Added Parameter Vendor= to Part TP1
Added Parameter Vendor= to Part U2
Added Parameter Vendor= to Part U3
Added Parameter Vendor= to Part U4
Added Parameter Vendor= to Part U5
Added Parameter Vendor= to Part U6
Added Parameter Vendor= to Part U7
Added Parameter Vendor= to Part U8
Added Parameter Vendor= to Part U11
Added Parameter Vendor= to Part U12
Added Parameter Vendor= to Part U14
Added Parameter Vendor= to Part U15
Added Parameter Vendor= to Part U16
Added Parameter Vendor= to Part U18
Added Parameter Vendor= to Part U19
Added Parameter Vendor= to Part U20
Added Parameter Vendor= to Part U21
Added Parameter Vendor= to Part U23
Added Parameter Vendor= to Part U28
Added Parameter Vendor= to Part U29
Added Parameter Vendor p/n=490-1519-1-ND to Part C3
Added Parameter Vendor p/n=490-1519-1-ND to Part C5
Added Parameter Vendor p/n=490-1519-1-ND to Part C7
Added Parameter Vendor p/n=490-1519-1-ND to Part C9
Added Parameter Vendor p/n=490-1519-1-ND to Part C15
Added Parameter Vendor p/n=490-1519-1-ND to Part C18
Added Parameter Vendor p/n=490-1519-1-ND to Part C20
Added Parameter Vendor p/n=490-1519-1-ND to Part C22
Added Parameter Vendor p/n=490-1519-1-ND to Part C24
Added Parameter Vendor p/n=490-1519-1-ND to Part C25
Added Parameter Vendor p/n=490-1519-1-ND to Part C26
Added Parameter Vendor p/n=490-1519-1-ND to Part C27
Added Parameter Vendor p/n=490-1519-1-ND to Part C28
Added Parameter Vendor p/n=490-1519-1-ND to Part C30
Added Parameter Vendor p/n=490-1519-1-ND to Part C34
Added Parameter Vendor p/n=490-1519-1-ND to Part C35
Added Parameter Vendor p/n=490-1519-1-ND to Part C39
Added Parameter Vendor p/n=490-1519-1-ND to Part C42
Added Parameter Vendor p/n=490-1519-1-ND to Part C43
Added Parameter Vendor p/n=490-1519-1-ND to Part C44
Added Parameter Vendor p/n=490-1519-1-ND to Part C45
Added Parameter Vendor p/n=490-1519-1-ND to Part C47
Added Parameter Vendor p/n=490-1519-1-ND to Part C48
Added Parameter Vendor p/n=490-1519-1-ND to Part C50
Added Parameter Vendor p/n=490-1519-1-ND to Part C51
Added Parameter Vendor p/n=490-1519-1-ND to Part C52
Added Parameter Vendor p/n=490-1519-1-ND to Part C53
Added Parameter Vendor p/n=490-1519-1-ND to Part C57
Added Parameter Vendor p/n=490-1519-1-ND to Part C58
Added Parameter Vendor p/n=490-1519-1-ND to Part C59
Added Parameter Vendor p/n=490-1519-1-ND to Part C60
Added Parameter Vendor p/n=490-1519-1-ND to Part C61
Added Parameter Vendor p/n=490-1519-1-ND to Part C62
Added Parameter Vendor p/n=490-1519-1-ND to Part C64
Added Parameter Vendor p/n=490-1519-1-ND to Part C65
Added Parameter Vendor p/n=490-1519-1-ND to Part C66
Added Parameter Vendor p/n=490-1519-1-ND to Part C67
Added Parameter Vendor p/n=490-1519-1-ND to Part C68
Added Parameter Vendor p/n=490-1519-1-ND to Part C72
Added Parameter Vendor p/n=490-1519-1-ND to Part C73
Added Parameter Vendor p/n=490-1519-1-ND to Part C74
Added Parameter Vendor p/n=490-1519-1-ND to Part C79
Added Parameter Vendor p/n=490-1519-1-ND to Part C80
Added Parameter Vendor p/n=490-1519-1-ND to Part C108
Added Parameter Vendor p/n=490-1519-1-ND to Part C113
Added Parameter Vendor p/n=490-1519-1-ND to Part C138
Added Parameter Vendor p/n= to Part C1
Added Parameter Vendor p/n= to Part C2
Added Parameter Vendor p/n= to Part C4
Added Parameter Vendor p/n= to Part C6
Added Parameter Vendor p/n= to Part C8
Added Parameter Vendor p/n= to Part C13
Added Parameter Vendor p/n= to Part C16
Added Parameter Vendor p/n= to Part C17
Added Parameter Vendor p/n= to Part C19
Added Parameter Vendor p/n= to Part C31
Added Parameter Vendor p/n= to Part C32
Added Parameter Vendor p/n= to Part C37
Added Parameter Vendor p/n= to Part C38
Added Parameter Vendor p/n= to Part C40
Added Parameter Vendor p/n= to Part C41
Added Parameter Vendor p/n= to Part C55
Added Parameter Vendor p/n= to Part C56
Added Parameter Vendor p/n= to Part C69
Added Parameter Vendor p/n= to Part C70
Added Parameter Vendor p/n= to Part C110
Added Parameter Vendor p/n= to Part C112
Added Parameter Vendor p/n= to Part D1
Added Parameter Vendor p/n= to Part D2
Added Parameter Vendor p/n= to Part D5
Added Parameter Vendor p/n= to Part J4
Added Parameter Vendor p/n= to Part J6
Added Parameter Vendor p/n= to Part J8
Added Parameter Vendor p/n= to Part L1
Added Parameter Vendor p/n= to Part L2
Added Parameter Vendor p/n= to Part L3
Added Parameter Vendor p/n= to Part L4
Added Parameter Vendor p/n= to Part L5
Added Parameter Vendor p/n= to Part R1
Added Parameter Vendor p/n= to Part R3
Added Parameter Vendor p/n= to Part R4
Added Parameter Vendor p/n= to Part R5
Added Parameter Vendor p/n= to Part R6
Added Parameter Vendor p/n= to Part R7
Added Parameter Vendor p/n= to Part R8
Added Parameter Vendor p/n= to Part R9
Added Parameter Vendor p/n= to Part R10
Added Parameter Vendor p/n= to Part R11
Added Parameter Vendor p/n= to Part R12
Added Parameter Vendor p/n= to Part R13
Added Parameter Vendor p/n= to Part R14
Added Parameter Vendor p/n= to Part R15
Added Parameter Vendor p/n= to Part R16
Added Parameter Vendor p/n= to Part R17
Added Parameter Vendor p/n= to Part R18
Added Parameter Vendor p/n= to Part R22
Added Parameter Vendor p/n= to Part R24
Added Parameter Vendor p/n= to Part R25
Added Parameter Vendor p/n= to Part R26
Added Parameter Vendor p/n= to Part R27
Added Parameter Vendor p/n= to Part R28
Added Parameter Vendor p/n= to Part R29
Added Parameter Vendor p/n= to Part R30
Added Parameter Vendor p/n= to Part R31
Added Parameter Vendor p/n= to Part R32
Added Parameter Vendor p/n= to Part R39
Added Parameter Vendor p/n= to Part R40
Added Parameter Vendor p/n= to Part R41
Added Parameter Vendor p/n= to Part R42
Added Parameter Vendor p/n= to Part R56
Added Parameter Vendor p/n= to Part R57
Added Parameter Vendor p/n= to Part R58
Added Parameter Vendor p/n= to Part RN3
Added Parameter Vendor p/n= to Part RN4
Added Parameter Vendor p/n= to Part RN5
Added Parameter Vendor p/n= to Part TP1
Added Parameter Vendor p/n= to Part U2
Added Parameter Vendor p/n= to Part U3
Added Parameter Vendor p/n= to Part U4
Added Parameter Vendor p/n= to Part U5
Added Parameter Vendor p/n= to Part U6
Added Parameter Vendor p/n= to Part U7
Added Parameter Vendor p/n= to Part U8
Added Parameter Vendor p/n= to Part U11
Added Parameter Vendor p/n= to Part U12
Added Parameter Vendor p/n= to Part U14
Added Parameter Vendor p/n= to Part U15
Added Parameter Vendor p/n= to Part U16
Added Parameter Vendor p/n= to Part U18
Added Parameter Vendor p/n= to Part U19
Added Parameter Vendor p/n= to Part U20
Added Parameter Vendor p/n= to Part U21
Added Parameter Vendor p/n= to Part U23
Added Parameter Vendor p/n= to Part U28
Added Parameter Vendor p/n= to Part U29
