Change Value of Parameter COST in Part U4 Old= New=4.93
Change Value of Parameter Manufacturer in Part U4 Old= New=Linear Tech
Change Value of Parameter Manuf p/n in Part U4 Old= New=LTC2630AISC6-LM12#TRMPBF
Change Value of Parameter Vendor p/n in Part U4 Old= New=LTC2630AISC6-LM12#TRMPBFCT-ND
Change Value of Parameter COST in Part U5 Old= New=3.26
Change Value of Parameter Manufacturer in Part U5 Old= New=Maxim
Change Value of Parameter Manuf p/n in Part U5 Old= New=MAX3226ECAE+
Change Value of Parameter Vendor p/n in Part U5 Old= New=MAX3226ECAE+-ND
Change Value of Parameter COST in Part U8 Old= New=1.76
Change Value of Parameter Manufacturer in Part U8 Old= New=Linear Tech
Change Value of Parameter Manuf p/n in Part U8 Old= New=LT6003CS5#TRMPBF
Change Value of Parameter Vendor p/n in Part U8 Old= New=LT6003CS5#TRMPBFCT-ND
Change Value of Parameter COST in Part U23 Old= New=0.50
Change Value of Parameter Manufacturer in Part U23 Old= New=ON Semi
Change Value of Parameter Manuf p/n in Part U23 Old= New=MC74HC125ADG
Change Value of Parameter Vendor p/n in Part U23 Old= New=MC74HC125ADGOS-ND
Change Value of Parameter Manuf p/n in Part U29 Old= New=MSP430F5438IPZ
Change Value of Parameter Notes in Part U29 Old= New=Mouser has on order due  6/22
Change Value of Parameter Vendor in Part U29 Old= New=Mouser
Change Value of Parameter Vendor p/n in Part U29 Old= New=595-MSP430F5438IPZ
