Added Parameter LCO p/n=120-00013 to Part C8
Added Parameter LCO p/n=120-00014 to Part C37
Added Parameter LCO p/n=120-00014 to Part C38
Added Parameter LCO p/n=120-00015 to Part C3
Added Parameter LCO p/n=120-00015 to Part C5
Added Parameter LCO p/n=120-00015 to Part C7
Added Parameter LCO p/n=120-00015 to Part C9
Added Parameter LCO p/n=120-00015 to Part C15
Added Parameter LCO p/n=120-00015 to Part C18
Added Parameter LCO p/n=120-00015 to Part C20
Added Parameter LCO p/n=120-00015 to Part C22
Added Parameter LCO p/n=120-00015 to Part C24
Added Parameter LCO p/n=120-00015 to Part C25
Added Parameter LCO p/n=120-00015 to Part C26
Added Parameter LCO p/n=120-00015 to Part C27
Added Parameter LCO p/n=120-00015 to Part C28
Added Parameter LCO p/n=120-00015 to Part C30
Added Parameter LCO p/n=120-00015 to Part C34
Added Parameter LCO p/n=120-00015 to Part C35
Added Parameter LCO p/n=120-00015 to Part C39
Added Parameter LCO p/n=120-00015 to Part C42
Added Parameter LCO p/n=120-00015 to Part C43
Added Parameter LCO p/n=120-00015 to Part C44
Added Parameter LCO p/n=120-00015 to Part C45
Added Parameter LCO p/n=120-00015 to Part C47
Added Parameter LCO p/n=120-00015 to Part C48
Added Parameter LCO p/n=120-00015 to Part C50
Added Parameter LCO p/n=120-00015 to Part C51
Added Parameter LCO p/n=120-00015 to Part C52
Added Parameter LCO p/n=120-00015 to Part C53
Added Parameter LCO p/n=120-00015 to Part C57
Added Parameter LCO p/n=120-00015 to Part C58
Added Parameter LCO p/n=120-00015 to Part C59
Added Parameter LCO p/n=120-00015 to Part C60
Added Parameter LCO p/n=120-00015 to Part C61
Added Parameter LCO p/n=120-00015 to Part C62
Added Parameter LCO p/n=120-00015 to Part C64
Added Parameter LCO p/n=120-00015 to Part C65
Added Parameter LCO p/n=120-00015 to Part C66
Added Parameter LCO p/n=120-00015 to Part C67
Added Parameter LCO p/n=120-00015 to Part C68
Added Parameter LCO p/n=120-00015 to Part C72
Added Parameter LCO p/n=120-00015 to Part C73
Added Parameter LCO p/n=120-00015 to Part C74
Added Parameter LCO p/n=120-00015 to Part C79
Added Parameter LCO p/n=120-00015 to Part C80
Added Parameter LCO p/n=120-00015 to Part C108
Added Parameter LCO p/n=120-00015 to Part C113
Added Parameter LCO p/n=120-00015 to Part C138
Added Parameter LCO p/n=120-00017 to Part C4
Added Parameter LCO p/n=120-00017 to Part C6
Added Parameter LCO p/n=120-00017 to Part C16
Added Parameter LCO p/n=120-00017 to Part C17
Added Parameter LCO p/n=120-00017 to Part C19
Added Parameter LCO p/n=120-00018 to Part C110
Added Parameter LCO p/n=120-00020 to Part C2
Added Parameter LCO p/n=120-00022 to Part C1
Added Parameter LCO p/n=120-00022 to Part C31
Added Parameter LCO p/n=120-00022 to Part C69
Added Parameter LCO p/n=120-00022 to Part C70
Added Parameter LCO p/n=120-00022 to Part C112
Added Parameter LCO p/n=120-00023 to Part C13
Added Parameter LCO p/n=120-00023 to Part C32
Added Parameter LCO p/n=120-00023 to Part C40
Added Parameter LCO p/n=120-00023 to Part C41
Added Parameter LCO p/n=120-00023 to Part C55
Added Parameter LCO p/n=120-00023 to Part C56
Added Parameter LCO p/n=125-00014 to Part TP1
Added Parameter LCO p/n=125-00021 to Part J4
Added Parameter LCO p/n=125-00022 to Part J6
Added Parameter LCO p/n=125-00028 to Part J8
Added Parameter LCO p/n=140-00009 to Part D2
Added Parameter LCO p/n=140-00009 to Part D5
Added Parameter LCO p/n=140-00010 to Part D1
Added Parameter LCO p/n=150-00018 to Part U12
Added Parameter LCO p/n=150-00018 to Part U28
Added Parameter LCO p/n=150-00024 to Part U2
Added Parameter LCO p/n=150-00027 to Part U11
Added Parameter LCO p/n=150-00031 to Part U20
Added Parameter LCO p/n=150-00037 to Part U3
Added Parameter LCO p/n=150-00041 to Part U15
Added Parameter LCO p/n=150-00041 to Part U16
Added Parameter LCO p/n=150-00041 to Part U18
Added Parameter LCO p/n=150-00041 to Part U19
Added Parameter LCO p/n=150-00047 to Part U8
Added Parameter LCO p/n=150-00048 to Part U4
Added Parameter LCO p/n=150-00050 to Part U6
Added Parameter LCO p/n=150-00050 to Part U21
Added Parameter LCO p/n=150-00051 to Part U5
Added Parameter LCO p/n=150-00053 to Part U23
Added Parameter LCO p/n=150-00054 to Part U29
Added Parameter LCO p/n=150-00055 to Part U7
Added Parameter LCO p/n=155-00005 to Part L2
Added Parameter LCO p/n=155-00005 to Part L5
Added Parameter LCO p/n=155-00008 to Part L1
Added Parameter LCO p/n=155-00008 to Part L3
Added Parameter LCO p/n=155-00008 to Part L4
Added Parameter LCO p/n=180-00019 to Part R3
Added Parameter LCO p/n=180-00019 to Part R14
Added Parameter LCO p/n=180-00019 to Part R18
Added Parameter LCO p/n=180-00019 to Part R32
Added Parameter LCO p/n=180-00021 to Part R1
Added Parameter LCO p/n=180-00021 to Part R9
Added Parameter LCO p/n=180-00021 to Part R10
Added Parameter LCO p/n=180-00021 to Part R13
Added Parameter LCO p/n=180-00021 to Part R17
Added Parameter LCO p/n=180-00021 to Part R31
Added Parameter LCO p/n=180-00022 to Part R7
Added Parameter LCO p/n=180-00022 to Part R8
Added Parameter LCO p/n=180-00022 to Part R11
Added Parameter LCO p/n=180-00022 to Part R30
Added Parameter LCO p/n=180-00023 to Part R39
Added Parameter LCO p/n=180-00023 to Part R42
Added Parameter LCO p/n=180-00024 to Part R41
Added Parameter LCO p/n=180-00025 to Part R56
Added Parameter LCO p/n=180-00025 to Part R57
Added Parameter LCO p/n=180-00025 to Part R58
Added Parameter LCO p/n=180-00026 to Part R40
Added Parameter LCO p/n=180-00028 to Part R5
Added Parameter LCO p/n=180-00028 to Part R6
Added Parameter LCO p/n=180-00028 to Part R12
Added Parameter LCO p/n=180-00028 to Part R16
Added Parameter LCO p/n=180-00028 to Part R22
Added Parameter LCO p/n=180-00028 to Part R24
Added Parameter LCO p/n=180-00031 to Part R15
Added Parameter LCO p/n=180-00032 to Part R25
Added Parameter LCO p/n=180-00032 to Part R26
Added Parameter LCO p/n=180-00032 to Part R27
Added Parameter LCO p/n=180-00032 to Part R28
Added Parameter LCO p/n=180-00043 to Part RN4
Added Parameter LCO p/n=180-00045 to Part RN3
Added Parameter LCO p/n=180-00045 to Part RN5
Added Parameter LCO p/n=180-00062 to Part R4
Added Parameter LCO p/n=180-00062 to Part R29
Added Parameter LCO p/n= to Part U14
