Added Parameter Arena Prefix=120 to Part C1
Added Parameter Arena Prefix=120 to Part C2
Added Parameter Arena Prefix=120 to Part C3
Added Parameter Arena Prefix=120 to Part C4
Added Parameter Arena Prefix=120 to Part C5
Added Parameter Arena Prefix=120 to Part C6
Added Parameter Arena Prefix=120 to Part C7
Added Parameter Arena Prefix=120 to Part C8
Added Parameter Arena Prefix=120 to Part C9
Added Parameter Arena Prefix=120 to Part C13
Added Parameter Arena Prefix=120 to Part C15
Added Parameter Arena Prefix=120 to Part C16
Added Parameter Arena Prefix=120 to Part C17
Added Parameter Arena Prefix=120 to Part C18
Added Parameter Arena Prefix=120 to Part C19
Added Parameter Arena Prefix=120 to Part C20
Added Parameter Arena Prefix=120 to Part C22
Added Parameter Arena Prefix=120 to Part C24
Added Parameter Arena Prefix=120 to Part C25
Added Parameter Arena Prefix=120 to Part C26
Added Parameter Arena Prefix=120 to Part C27
Added Parameter Arena Prefix=120 to Part C28
Added Parameter Arena Prefix=120 to Part C30
Added Parameter Arena Prefix=120 to Part C31
Added Parameter Arena Prefix=120 to Part C32
Added Parameter Arena Prefix=120 to Part C34
Added Parameter Arena Prefix=120 to Part C35
Added Parameter Arena Prefix=120 to Part C37
Added Parameter Arena Prefix=120 to Part C38
Added Parameter Arena Prefix=120 to Part C39
Added Parameter Arena Prefix=120 to Part C40
Added Parameter Arena Prefix=120 to Part C41
Added Parameter Arena Prefix=120 to Part C42
Added Parameter Arena Prefix=120 to Part C43
Added Parameter Arena Prefix=120 to Part C44
Added Parameter Arena Prefix=120 to Part C45
Added Parameter Arena Prefix=120 to Part C47
Added Parameter Arena Prefix=120 to Part C48
Added Parameter Arena Prefix=120 to Part C50
Added Parameter Arena Prefix=120 to Part C51
Added Parameter Arena Prefix=120 to Part C52
Added Parameter Arena Prefix=120 to Part C53
Added Parameter Arena Prefix=120 to Part C55
Added Parameter Arena Prefix=120 to Part C56
Added Parameter Arena Prefix=120 to Part C57
Added Parameter Arena Prefix=120 to Part C58
Added Parameter Arena Prefix=120 to Part C59
Added Parameter Arena Prefix=120 to Part C60
Added Parameter Arena Prefix=120 to Part C61
Added Parameter Arena Prefix=120 to Part C62
Added Parameter Arena Prefix=120 to Part C64
Added Parameter Arena Prefix=120 to Part C65
Added Parameter Arena Prefix=120 to Part C66
Added Parameter Arena Prefix=120 to Part C67
Added Parameter Arena Prefix=120 to Part C68
Added Parameter Arena Prefix=120 to Part C69
Added Parameter Arena Prefix=120 to Part C70
Added Parameter Arena Prefix=120 to Part C72
Added Parameter Arena Prefix=120 to Part C73
Added Parameter Arena Prefix=120 to Part C74
Added Parameter Arena Prefix=120 to Part C79
Added Parameter Arena Prefix=120 to Part C80
Added Parameter Arena Prefix=120 to Part C108
Added Parameter Arena Prefix=120 to Part C110
Added Parameter Arena Prefix=120 to Part C112
Added Parameter Arena Prefix=120 to Part C113
Added Parameter Arena Prefix=120 to Part C138
Added Parameter Arena Prefix=125 to Part J4
Added Parameter Arena Prefix=125 to Part J6
Added Parameter Arena Prefix=125 to Part J8
Added Parameter Arena Prefix=125 to Part TP1
Added Parameter Arena Prefix=140 to Part D1
Added Parameter Arena Prefix=140 to Part D2
Added Parameter Arena Prefix=140 to Part D5
Added Parameter Arena Prefix=150 to Part U2
Added Parameter Arena Prefix=150 to Part U3
Added Parameter Arena Prefix=150 to Part U4
Added Parameter Arena Prefix=150 to Part U5
Added Parameter Arena Prefix=150 to Part U6
Added Parameter Arena Prefix=150 to Part U7
Added Parameter Arena Prefix=150 to Part U8
Added Parameter Arena Prefix=150 to Part U11
Added Parameter Arena Prefix=150 to Part U12
Added Parameter Arena Prefix=150 to Part U14
Added Parameter Arena Prefix=150 to Part U15
Added Parameter Arena Prefix=150 to Part U16
Added Parameter Arena Prefix=150 to Part U18
Added Parameter Arena Prefix=150 to Part U19
Added Parameter Arena Prefix=150 to Part U20
Added Parameter Arena Prefix=150 to Part U21
Added Parameter Arena Prefix=150 to Part U23
Added Parameter Arena Prefix=150 to Part U28
Added Parameter Arena Prefix=150 to Part U29
Added Parameter Arena Prefix=155 to Part L1
Added Parameter Arena Prefix=155 to Part L2
Added Parameter Arena Prefix=155 to Part L3
Added Parameter Arena Prefix=155 to Part L4
Added Parameter Arena Prefix=155 to Part L5
Added Parameter Arena Prefix=180 to Part R1
Added Parameter Arena Prefix=180 to Part R3
Added Parameter Arena Prefix=180 to Part R4
Added Parameter Arena Prefix=180 to Part R5
Added Parameter Arena Prefix=180 to Part R6
Added Parameter Arena Prefix=180 to Part R7
Added Parameter Arena Prefix=180 to Part R8
Added Parameter Arena Prefix=180 to Part R9
Added Parameter Arena Prefix=180 to Part R10
Added Parameter Arena Prefix=180 to Part R11
Added Parameter Arena Prefix=180 to Part R12
Added Parameter Arena Prefix=180 to Part R13
Added Parameter Arena Prefix=180 to Part R14
Added Parameter Arena Prefix=180 to Part R15
Added Parameter Arena Prefix=180 to Part R16
Added Parameter Arena Prefix=180 to Part R17
Added Parameter Arena Prefix=180 to Part R18
Added Parameter Arena Prefix=180 to Part R22
Added Parameter Arena Prefix=180 to Part R24
Added Parameter Arena Prefix=180 to Part R25
Added Parameter Arena Prefix=180 to Part R26
Added Parameter Arena Prefix=180 to Part R27
Added Parameter Arena Prefix=180 to Part R28
Added Parameter Arena Prefix=180 to Part R29
Added Parameter Arena Prefix=180 to Part R30
Added Parameter Arena Prefix=180 to Part R31
Added Parameter Arena Prefix=180 to Part R32
Added Parameter Arena Prefix=180 to Part R39
Added Parameter Arena Prefix=180 to Part R40
Added Parameter Arena Prefix=180 to Part R41
Added Parameter Arena Prefix=180 to Part R42
Added Parameter Arena Prefix=180 to Part R56
Added Parameter Arena Prefix=180 to Part R57
Added Parameter Arena Prefix=180 to Part R58
Added Parameter Arena Prefix=180 to Part RN3
Added Parameter Arena Prefix=180 to Part RN4
Added Parameter Arena Prefix=180 to Part RN5
Added Parameter Arena Type=Capacitor to Part C1
Added Parameter Arena Type=Capacitor to Part C2
Added Parameter Arena Type=Capacitor to Part C3
Added Parameter Arena Type=Capacitor to Part C4
Added Parameter Arena Type=Capacitor to Part C5
Added Parameter Arena Type=Capacitor to Part C6
Added Parameter Arena Type=Capacitor to Part C7
Added Parameter Arena Type=Capacitor to Part C8
Added Parameter Arena Type=Capacitor to Part C9
Added Parameter Arena Type=Capacitor to Part C13
Added Parameter Arena Type=Capacitor to Part C15
Added Parameter Arena Type=Capacitor to Part C16
Added Parameter Arena Type=Capacitor to Part C17
Added Parameter Arena Type=Capacitor to Part C18
Added Parameter Arena Type=Capacitor to Part C19
Added Parameter Arena Type=Capacitor to Part C20
Added Parameter Arena Type=Capacitor to Part C22
Added Parameter Arena Type=Capacitor to Part C24
Added Parameter Arena Type=Capacitor to Part C25
Added Parameter Arena Type=Capacitor to Part C26
Added Parameter Arena Type=Capacitor to Part C27
Added Parameter Arena Type=Capacitor to Part C28
Added Parameter Arena Type=Capacitor to Part C30
Added Parameter Arena Type=Capacitor to Part C31
Added Parameter Arena Type=Capacitor to Part C32
Added Parameter Arena Type=Capacitor to Part C34
Added Parameter Arena Type=Capacitor to Part C35
Added Parameter Arena Type=Capacitor to Part C37
Added Parameter Arena Type=Capacitor to Part C38
Added Parameter Arena Type=Capacitor to Part C39
Added Parameter Arena Type=Capacitor to Part C40
Added Parameter Arena Type=Capacitor to Part C41
Added Parameter Arena Type=Capacitor to Part C42
Added Parameter Arena Type=Capacitor to Part C43
Added Parameter Arena Type=Capacitor to Part C44
Added Parameter Arena Type=Capacitor to Part C45
Added Parameter Arena Type=Capacitor to Part C47
Added Parameter Arena Type=Capacitor to Part C48
Added Parameter Arena Type=Capacitor to Part C50
Added Parameter Arena Type=Capacitor to Part C51
Added Parameter Arena Type=Capacitor to Part C52
Added Parameter Arena Type=Capacitor to Part C53
Added Parameter Arena Type=Capacitor to Part C55
Added Parameter Arena Type=Capacitor to Part C56
Added Parameter Arena Type=Capacitor to Part C57
Added Parameter Arena Type=Capacitor to Part C58
Added Parameter Arena Type=Capacitor to Part C59
Added Parameter Arena Type=Capacitor to Part C60
Added Parameter Arena Type=Capacitor to Part C61
Added Parameter Arena Type=Capacitor to Part C62
Added Parameter Arena Type=Capacitor to Part C64
Added Parameter Arena Type=Capacitor to Part C65
Added Parameter Arena Type=Capacitor to Part C66
Added Parameter Arena Type=Capacitor to Part C67
Added Parameter Arena Type=Capacitor to Part C68
Added Parameter Arena Type=Capacitor to Part C69
Added Parameter Arena Type=Capacitor to Part C70
Added Parameter Arena Type=Capacitor to Part C72
Added Parameter Arena Type=Capacitor to Part C73
Added Parameter Arena Type=Capacitor to Part C74
Added Parameter Arena Type=Capacitor to Part C79
Added Parameter Arena Type=Capacitor to Part C80
Added Parameter Arena Type=Capacitor to Part C108
Added Parameter Arena Type=Capacitor to Part C110
Added Parameter Arena Type=Capacitor to Part C112
Added Parameter Arena Type=Capacitor to Part C113
Added Parameter Arena Type=Capacitor to Part C138
Added Parameter Arena Type=Connector to Part J4
Added Parameter Arena Type=Connector to Part J6
Added Parameter Arena Type=Connector to Part J8
Added Parameter Arena Type=Connector to Part TP1
Added Parameter Arena Type=Diode to Part D1
Added Parameter Arena Type=Diode to Part D2
Added Parameter Arena Type=Diode to Part D5
Added Parameter Arena Type=IC to Part U2
Added Parameter Arena Type=IC to Part U3
Added Parameter Arena Type=IC to Part U4
Added Parameter Arena Type=IC to Part U5
Added Parameter Arena Type=IC to Part U6
Added Parameter Arena Type=IC to Part U7
Added Parameter Arena Type=IC to Part U8
Added Parameter Arena Type=IC to Part U11
Added Parameter Arena Type=IC to Part U12
Added Parameter Arena Type=IC to Part U14
Added Parameter Arena Type=IC to Part U15
Added Parameter Arena Type=IC to Part U16
Added Parameter Arena Type=IC to Part U18
Added Parameter Arena Type=IC to Part U19
Added Parameter Arena Type=IC to Part U20
Added Parameter Arena Type=IC to Part U21
Added Parameter Arena Type=IC to Part U23
Added Parameter Arena Type=IC to Part U28
Added Parameter Arena Type=IC to Part U29
Added Parameter Arena Type=Inductor to Part L1
Added Parameter Arena Type=Inductor to Part L2
Added Parameter Arena Type=Inductor to Part L3
Added Parameter Arena Type=Inductor to Part L4
Added Parameter Arena Type=Inductor to Part L5
Added Parameter Arena Type=Resistor to Part R1
Added Parameter Arena Type=Resistor to Part R3
Added Parameter Arena Type=Resistor to Part R4
Added Parameter Arena Type=Resistor to Part R5
Added Parameter Arena Type=Resistor to Part R6
Added Parameter Arena Type=Resistor to Part R7
Added Parameter Arena Type=Resistor to Part R8
Added Parameter Arena Type=Resistor to Part R9
Added Parameter Arena Type=Resistor to Part R10
Added Parameter Arena Type=Resistor to Part R11
Added Parameter Arena Type=Resistor to Part R12
Added Parameter Arena Type=Resistor to Part R13
Added Parameter Arena Type=Resistor to Part R14
Added Parameter Arena Type=Resistor to Part R15
Added Parameter Arena Type=Resistor to Part R16
Added Parameter Arena Type=Resistor to Part R17
Added Parameter Arena Type=Resistor to Part R18
Added Parameter Arena Type=Resistor to Part R22
Added Parameter Arena Type=Resistor to Part R24
Added Parameter Arena Type=Resistor to Part R25
Added Parameter Arena Type=Resistor to Part R26
Added Parameter Arena Type=Resistor to Part R27
Added Parameter Arena Type=Resistor to Part R28
Added Parameter Arena Type=Resistor to Part R29
Added Parameter Arena Type=Resistor to Part R30
Added Parameter Arena Type=Resistor to Part R31
Added Parameter Arena Type=Resistor to Part R32
Added Parameter Arena Type=Resistor to Part R39
Added Parameter Arena Type=Resistor to Part R40
Added Parameter Arena Type=Resistor to Part R41
Added Parameter Arena Type=Resistor to Part R42
Added Parameter Arena Type=Resistor to Part R56
Added Parameter Arena Type=Resistor to Part R57
Added Parameter Arena Type=Resistor to Part R58
Added Parameter Arena Type=Resistor to Part RN3
Added Parameter Arena Type=Resistor to Part RN4
Added Parameter Arena Type=Resistor to Part RN5
