Change Value of Parameter COST in Part C4 Old= New=0.114
Change Value of Parameter Manufacturer in Part C4 Old= New=Murata
Change Value of Parameter Manuf p/n in Part C4 Old= New=GRM21BR72A153KA01L
Change Value of Parameter Vendor in Part C4 Old= New=DigiKey
Change Value of Parameter Vendor p/n in Part C4 Old= New=490-1655-1-ND
Change Value of Parameter COST in Part C6 Old= New=0.114
Change Value of Parameter Manufacturer in Part C6 Old= New=Murata
Change Value of Parameter Manuf p/n in Part C6 Old= New=GRM21BR72A153KA01L
Change Value of Parameter Vendor in Part C6 Old= New=DigiKey
Change Value of Parameter Vendor p/n in Part C6 Old= New=490-1655-1-ND
Change Value of Parameter COST in Part C16 Old= New=0.114
Change Value of Parameter Manufacturer in Part C16 Old= New=Murata
Change Value of Parameter Manuf p/n in Part C16 Old= New=GRM21BR72A153KA01L
Change Value of Parameter Vendor in Part C16 Old= New=DigiKey
Change Value of Parameter Vendor p/n in Part C16 Old= New=490-1655-1-ND
Change Value of Parameter COST in Part C17 Old= New=0.114
Change Value of Parameter Manufacturer in Part C17 Old= New=Murata
Change Value of Parameter Manuf p/n in Part C17 Old= New=GRM21BR72A153KA01L
Change Value of Parameter Vendor in Part C17 Old= New=DigiKey
Change Value of Parameter Vendor p/n in Part C17 Old= New=490-1655-1-ND
Change Value of Parameter COST in Part C19 Old= New=0.114
Change Value of Parameter Manufacturer in Part C19 Old= New=Murata
Change Value of Parameter Manuf p/n in Part C19 Old= New=GRM21BR72A153KA01L
Change Value of Parameter Vendor in Part C19 Old= New=DigiKey
Change Value of Parameter Vendor p/n in Part C19 Old= New=490-1655-1-ND
Change Value of Parameter COST in Part C37 Old= New=0.035
Change Value of Parameter Manufacturer in Part C37 Old= New=Murata
Change Value of Parameter Manuf p/n in Part C37 Old= New=	GRM188R71H103KA01D
Change Value of Parameter Vendor in Part C37 Old= New=DigiKey
Change Value of Parameter Vendor p/n in Part C37 Old= New=490-1512-1-ND
Change Value of Parameter COST in Part C38 Old= New=0.035
Change Value of Parameter Manufacturer in Part C38 Old= New=Murata
Change Value of Parameter Manuf p/n in Part C38 Old= New=	GRM188R71H103KA01D
Change Value of Parameter Vendor in Part C38 Old= New=DigiKey
Change Value of Parameter Vendor p/n in Part C38 Old= New=490-1512-1-ND
Change Value of Parameter COST in Part C110 Old= New=0.083
Change Value of Parameter Manufacturer in Part C110 Old= New=Murata
Change Value of Parameter Manuf p/n in Part C110 Old= New=GRM21BR71H473MA01L
Change Value of Parameter Vendor in Part C110 Old= New=DigiKey
Change Value of Parameter Vendor p/n in Part C110 Old= New=490-4742-1-ND
