Change Value of Parameter COST in Part C8 Old= New=.076
Change Value of Parameter Manufacturer in Part C8 Old= New=Murata
Change Value of Parameter Manuf p/n in Part C8 Old= New=GRM1885C1H102JA01D
Change Value of Parameter Vendor p/n in Part C8 Old= New=490-1451-1-ND
Change Value of Parameter COST in Part D1 Old= New=0.13
Change Value of Parameter Manufacturer in Part D1 Old= New=Fairchild
Change Value of Parameter Manuf p/n in Part D1 Old= New=MMBD914
Change Value of Parameter Vendor p/n in Part D1 Old= New=MMBD914FSCT-ND
Change Value of Parameter COST in Part R3 Old= New=0.081
Change Value of Parameter Manuf p/n in Part R3 Old= New=CRCW0603100KFKEA
Change Value of Parameter Vendor p/n in Part R3 Old= New=541-100KHCT-ND
Change Value of Parameter Manuf p/n in Part R4 Old= New=CRCW0805390RFKEA
Change Value of Parameter Vendor p/n in Part R4 Old= New=541-390CCT-ND
Change Value of Parameter COST in Part R5 Old= New=0.081
Change Value of Parameter Manuf p/n in Part R5 Old= New=CRCW060322R0FKEA
Change Value of Parameter Vendor p/n in Part R5 Old= New=541-22.0HCT-ND
Change Value of Parameter COST in Part R6 Old= New=0.081
Change Value of Parameter Manuf p/n in Part R6 Old= New=CRCW060322R0FKEA
Change Value of Parameter Vendor p/n in Part R6 Old= New=541-22.0HCT-ND
Change Value of Parameter COST in Part R12 Old= New=0.081
Change Value of Parameter Manuf p/n in Part R12 Old= New=CRCW060322R0FKEA
Change Value of Parameter Vendor p/n in Part R12 Old= New=541-22.0HCT-ND
Change Value of Parameter COST in Part R14 Old= New=0.081
Change Value of Parameter Manuf p/n in Part R14 Old= New=CRCW0603100KFKEA
Change Value of Parameter Vendor p/n in Part R14 Old= New=541-100KHCT-ND
Change Value of Parameter COST in Part R15 Old= New=0.081
Change Value of Parameter Manuf p/n in Part R15 Old= New=CRCW060336K0FKEA
Change Value of Parameter Vendor p/n in Part R15 Old= New=541-36.0KHCT-ND
Change Value of Parameter COST in Part R16 Old= New=0.081
Change Value of Parameter Manuf p/n in Part R16 Old= New=CRCW060322R0FKEA
Change Value of Parameter Vendor p/n in Part R16 Old= New=541-22.0HCT-ND
Change Value of Parameter COST in Part R18 Old= New=0.081
Change Value of Parameter Manuf p/n in Part R18 Old= New=CRCW0603100KFKEA
Change Value of Parameter Vendor p/n in Part R18 Old= New=541-100KHCT-ND
Change Value of Parameter COST in Part R22 Old= New=0.081
Change Value of Parameter Manuf p/n in Part R22 Old= New=CRCW060322R0FKEA
Change Value of Parameter Vendor p/n in Part R22 Old= New=541-22.0HCT-ND
Change Value of Parameter COST in Part R24 Old= New=0.081
Change Value of Parameter Manuf p/n in Part R24 Old= New=CRCW060322R0FKEA
Change Value of Parameter Vendor p/n in Part R24 Old= New=541-22.0HCT-ND
Change Value of Parameter Manuf p/n in Part R29 Old= New=CRCW0805390RFKEA
Change Value of Parameter Vendor p/n in Part R29 Old= New=541-390CCT-ND
Change Value of Parameter COST in Part R32 Old= New=0.081
Change Value of Parameter Manuf p/n in Part R32 Old= New=CRCW0603100KFKEA
Change Value of Parameter Vendor p/n in Part R32 Old= New=541-100KHCT-ND
