Change Value of Parameter COST in Part R44 Old= New=0.09
Change Value of Parameter Manufacturer in Part R44 Old= New=Vishay
Change Value of Parameter Manuf p/n in Part R44 Old= New=CRCW08051K00FNEA
Change Value of Parameter Vendor in Part R44 Old= New=DigiKey
Change Value of Parameter Vendor p/n in Part R44 Old= New=541-1.00KCCT-ND
Change Value of Parameter COST in Part R46 Old= New=0.09
Change Value of Parameter Manufacturer in Part R46 Old= New=Vishay
Change Value of Parameter Manuf p/n in Part R46 Old= New=CRCW08051K00FNEA
Change Value of Parameter Vendor in Part R46 Old= New=DigiKey
Change Value of Parameter Vendor p/n in Part R46 Old= New=541-1.00KCCT-ND
Change Value of Parameter COST in Part R48 Old= New=0.09
Change Value of Parameter Manufacturer in Part R48 Old= New=Vishay
Change Value of Parameter Manuf p/n in Part R48 Old= New=CRCW08051K00FNEA
Change Value of Parameter Vendor in Part R48 Old= New=DigiKey
Change Value of Parameter Vendor p/n in Part R48 Old= New=541-1.00KCCT-ND
Change Value of Parameter COST in Part R49 Old= New=0.09
Change Value of Parameter Manufacturer in Part R49 Old= New=Vishay
Change Value of Parameter Manuf p/n in Part R49 Old= New=CRCW08051K00FNEA
Change Value of Parameter Vendor in Part R49 Old= New=DigiKey
Change Value of Parameter Vendor p/n in Part R49 Old= New=541-1.00KCCT-ND
Change Value of Parameter COST in Part RN2 Old= New=0.031
Change Value of Parameter Manufacturer in Part RN2 Old= New=Panasonic
Change Value of Parameter Manuf p/n in Part RN2 Old= New=EXB-38V102JV
Change Value of Parameter Vendor in Part RN2 Old= New=DigiKey
Change Value of Parameter Vendor p/n in Part RN2 Old= New=Y9102CT-ND
