Change Value of Parameter COST in Part U9 Old= New=44.40
Change Value of Parameter Manufacturer in Part U9 Old= New=Altera
Change Value of Parameter Manuf p/n in Part U9 Old= New=EP3C16F256C6
Change Value of Parameter Vendor p/n in Part U9 Old= New=544-2459-ND
Change Value of Parameter COST in Part U9 Old= New=44.40
Change Value of Parameter Manufacturer in Part U9 Old= New=Altera
Change Value of Parameter Manuf p/n in Part U9 Old= New=EP3C16F256C6
Change Value of Parameter Vendor p/n in Part U9 Old= New=544-2459-ND
Change Value of Parameter COST in Part U9 Old= New=44.40
Change Value of Parameter Manufacturer in Part U9 Old= New=Altera
Change Value of Parameter Manuf p/n in Part U9 Old= New=EP3C16F256C6
Change Value of Parameter Vendor p/n in Part U9 Old= New=544-2459-ND
Change Value of Parameter COST in Part U9 Old= New=44.40
Change Value of Parameter Manufacturer in Part U9 Old= New=Altera
Change Value of Parameter Manuf p/n in Part U9 Old= New=EP3C16F256C6
Change Value of Parameter Vendor p/n in Part U9 Old= New=544-2459-ND
Change Value of Parameter COST in Part U9 Old= New=44.40
Change Value of Parameter Manufacturer in Part U9 Old= New=Altera
Change Value of Parameter Manuf p/n in Part U9 Old= New=EP3C16F256C6
Change Value of Parameter Vendor p/n in Part U9 Old= New=544-2459-ND
Change Value of Parameter COST in Part U9 Old= New=44.40
Change Value of Parameter Manufacturer in Part U9 Old= New=Altera
Change Value of Parameter Manuf p/n in Part U9 Old= New=EP3C16F256C6
Change Value of Parameter Vendor p/n in Part U9 Old= New=544-2459-ND
Change Value of Parameter COST in Part U9 Old= New=44.40
Change Value of Parameter Manufacturer in Part U9 Old= New=Altera
Change Value of Parameter Manuf p/n in Part U9 Old= New=EP3C16F256C6
Change Value of Parameter Vendor p/n in Part U9 Old= New=544-2459-ND
Change Value of Parameter COST in Part U9 Old= New=44.40
Change Value of Parameter Manufacturer in Part U9 Old= New=Altera
Change Value of Parameter Manuf p/n in Part U9 Old= New=EP3C16F256C6
Change Value of Parameter Vendor p/n in Part U9 Old= New=544-2459-ND
Change Value of Parameter COST in Part U9 Old= New=44.40
Change Value of Parameter Manufacturer in Part U9 Old= New=Altera
Change Value of Parameter Manuf p/n in Part U9 Old= New=EP3C16F256C6
Change Value of Parameter Vendor p/n in Part U9 Old= New=544-2459-ND
Change Value of Parameter COST in Part U9 Old= New=44.40
Change Value of Parameter Manufacturer in Part U9 Old= New=Altera
Change Value of Parameter Manuf p/n in Part U9 Old= New=EP3C16F256C6
Change Value of Parameter Vendor p/n in Part U9 Old= New=544-2459-ND
Change Value of Parameter COST in Part U9 Old= New=44.40
Change Value of Parameter Manufacturer in Part U9 Old= New=Altera
Change Value of Parameter Manuf p/n in Part U9 Old= New=EP3C16F256C6
Change Value of Parameter Vendor p/n in Part U9 Old= New=544-2459-ND
Change Value of Parameter COST in Part U9 Old= New=44.40
Change Value of Parameter Manufacturer in Part U9 Old= New=Altera
Change Value of Parameter Manuf p/n in Part U9 Old= New=EP3C16F256C6
Change Value of Parameter Vendor p/n in Part U9 Old= New=544-2459-ND
Change Value of Parameter COST in Part U9 Old= New=44.40
Change Value of Parameter Manufacturer in Part U9 Old= New=Altera
Change Value of Parameter Manuf p/n in Part U9 Old= New=EP3C16F256C6
Change Value of Parameter Vendor p/n in Part U9 Old= New=544-2459-ND
Change Value of Parameter COST in Part U13 Old= New=10.30
Change Value of Parameter Manufacturer in Part U13 Old= New=TI
Change Value of Parameter Manuf p/n in Part U13 Old= New=CDCLVD110ARHBT
Change Value of Parameter Vendor p/n in Part U13 Old= New=296-23857-1-ND
Change Value of Parameter COST in Part U13 Old= New=10.30
Change Value of Parameter Manufacturer in Part U13 Old= New=TI
Change Value of Parameter Manuf p/n in Part U13 Old= New=CDCLVD110ARHBT
Change Value of Parameter Vendor p/n in Part U13 Old= New=296-23857-1-ND
Added Parameter Notes=Low stock @ DK to Part U13
Added Parameter Notes=Low stock @ DK to Part U13
Added Parameter Notes= to Part C10
Added Parameter Notes= to Part C11
Added Parameter Notes= to Part C12
Added Parameter Notes= to Part C14
Added Parameter Notes= to Part C21
Added Parameter Notes= to Part C23
Added Parameter Notes= to Part C29
Added Parameter Notes= to Part C33
Added Parameter Notes= to Part C36
Added Parameter Notes= to Part C46
Added Parameter Notes= to Part C49
Added Parameter Notes= to Part C54
Added Parameter Notes= to Part C63
Added Parameter Notes= to Part C71
Added Parameter Notes= to Part C75
Added Parameter Notes= to Part C76
Added Parameter Notes= to Part C77
Added Parameter Notes= to Part C78
Added Parameter Notes= to Part C81
Added Parameter Notes= to Part C82
Added Parameter Notes= to Part C83
Added Parameter Notes= to Part C84
Added Parameter Notes= to Part C85
Added Parameter Notes= to Part C86
Added Parameter Notes= to Part C87
Added Parameter Notes= to Part C88
Added Parameter Notes= to Part C89
Added Parameter Notes= to Part C90
Added Parameter Notes= to Part C91
Added Parameter Notes= to Part C92
Added Parameter Notes= to Part C93
Added Parameter Notes= to Part C94
Added Parameter Notes= to Part C95
Added Parameter Notes= to Part C96
Added Parameter Notes= to Part C97
Added Parameter Notes= to Part C98
Added Parameter Notes= to Part C99
Added Parameter Notes= to Part C100
Added Parameter Notes= to Part C101
Added Parameter Notes= to Part C102
Added Parameter Notes= to Part C103
Added Parameter Notes= to Part C104
Added Parameter Notes= to Part C105
Added Parameter Notes= to Part C106
Added Parameter Notes= to Part C107
Added Parameter Notes= to Part C109
Added Parameter Notes= to Part C111
Added Parameter Notes= to Part C114
Added Parameter Notes= to Part C115
Added Parameter Notes= to Part C116
Added Parameter Notes= to Part C117
Added Parameter Notes= to Part C118
Added Parameter Notes= to Part C119
Added Parameter Notes= to Part C120
Added Parameter Notes= to Part C121
Added Parameter Notes= to Part C122
Added Parameter Notes= to Part C123
Added Parameter Notes= to Part C124
Added Parameter Notes= to Part C125
Added Parameter Notes= to Part C126
Added Parameter Notes= to Part C127
Added Parameter Notes= to Part C128
Added Parameter Notes= to Part C129
Added Parameter Notes= to Part C130
Added Parameter Notes= to Part C131
Added Parameter Notes= to Part C132
Added Parameter Notes= to Part C133
Added Parameter Notes= to Part C134
Added Parameter Notes= to Part C135
Added Parameter Notes= to Part C136
Added Parameter Notes= to Part C137
Added Parameter Notes= to Part C140
Added Parameter Notes= to Part C141
Added Parameter Notes= to Part C142
Added Parameter Notes= to Part D3
Added Parameter Notes= to Part D4
Added Parameter Notes= to Part J1
Added Parameter Notes= to Part J1
Added Parameter Notes= to Part J1
Added Parameter Notes= to Part J1
Added Parameter Notes= to Part J1
Added Parameter Notes= to Part J2
Added Parameter Notes= to Part J2
Added Parameter Notes= to Part J2
Added Parameter Notes= to Part J2
Added Parameter Notes= to Part J2
Added Parameter Notes= to Part J3
Added Parameter Notes= to Part J5
Added Parameter Notes= to Part JP1
Added Parameter Notes= to Part JP2
Added Parameter Notes= to Part L6
Added Parameter Notes= to Part L7
Added Parameter Notes= to Part R2
Added Parameter Notes= to Part R19
Added Parameter Notes= to Part R20
Added Parameter Notes= to Part R21
Added Parameter Notes= to Part R23
Added Parameter Notes= to Part R33
Added Parameter Notes= to Part R34
Added Parameter Notes= to Part R35
Added Parameter Notes= to Part R36
Added Parameter Notes= to Part R37
Added Parameter Notes= to Part R38
Added Parameter Notes= to Part R43
Added Parameter Notes= to Part R44
Added Parameter Notes= to Part R45
Added Parameter Notes= to Part R46
Added Parameter Notes= to Part R47
Added Parameter Notes= to Part R48
Added Parameter Notes= to Part R49
Added Parameter Notes= to Part R50
Added Parameter Notes= to Part R51
Added Parameter Notes= to Part R52
Added Parameter Notes= to Part R53
Added Parameter Notes= to Part R54
Added Parameter Notes= to Part R55
Added Parameter Notes= to Part RN1
Added Parameter Notes= to Part RN2
Added Parameter Notes= to Part TP2
Added Parameter Notes= to Part TP3
Added Parameter Notes= to Part U1
Added Parameter Notes= to Part U9
Added Parameter Notes= to Part U9
Added Parameter Notes= to Part U9
Added Parameter Notes= to Part U9
Added Parameter Notes= to Part U9
Added Parameter Notes= to Part U9
Added Parameter Notes= to Part U9
Added Parameter Notes= to Part U9
Added Parameter Notes= to Part U9
Added Parameter Notes= to Part U9
Added Parameter Notes= to Part U9
Added Parameter Notes= to Part U9
Added Parameter Notes= to Part U9
Added Parameter Notes= to Part U10
Added Parameter Notes= to Part U17
Added Parameter Notes= to Part U22
Added Parameter Notes= to Part U22
Added Parameter Notes= to Part U22
Added Parameter Notes= to Part U22
Added Parameter Notes= to Part U24
Added Parameter Notes= to Part U25
Added Parameter Notes= to Part U25
Added Parameter Notes= to Part U25
Added Parameter Notes= to Part U25
Added Parameter Notes= to Part U25
Added Parameter Notes= to Part U25
Added Parameter Notes= to Part U26
Added Parameter Notes= to Part U27
Added Parameter Notes= to Part U30
Added Parameter Notes= to Part U32
Added Parameter Notes= to Part U33
Added Parameter Notes= to Part U44
Added Parameter Notes= to Part U44
Added Parameter Notes= to Part U44
