Removed Pin From Net: NetName=NetJ1_56 Pin=R1-1
Removed Pin From Net: NetName=OPTO_INPUT_0 Pin=R1-2
Removed Pin From Net: NetName=NetJ1_58 Pin=R2-1
Removed Pin From Net: NetName=OPTO_INPUT_1 Pin=R2-2
Removed Pin From Net: NetName=NetJ1_60 Pin=R3-1
Removed Pin From Net: NetName=OPTO_INPUT_2 Pin=R3-2
Removed Pin From Net: NetName=NetJ1_62 Pin=R4-1
Removed Pin From Net: NetName=OPTO_INPUT_3 Pin=R4-2
Removed Pin From Net: NetName=NetJ1_66 Pin=R5-1
Removed Pin From Net: NetName=OPTO_INPUT_4 Pin=R5-2
Removed Pin From Net: NetName=NetJ1_68 Pin=R6-1
Removed Pin From Net: NetName=OPTO_INPUT_5 Pin=R6-2
Removed Pin From Net: NetName=NetJ1_70 Pin=R7-1
Removed Pin From Net: NetName=OPTO_INPUT_6 Pin=R7-2
Removed Pin From Net: NetName=NetJ1_72 Pin=R8-1
Removed Pin From Net: NetName=OPTO_INPUT_7 Pin=R8-2
Removed Member From Class: ClassName=780-00026_rev1,Pg1, 1m FWS Apps Board, SuperFin Member=R1
Removed Member From Class: ClassName=780-00026_rev1,Pg1, 1m FWS Apps Board, SuperFin Member=R2
Removed Member From Class: ClassName=780-00026_rev1,Pg1, 1m FWS Apps Board, SuperFin Member=R3
Removed Member From Class: ClassName=780-00026_rev1,Pg1, 1m FWS Apps Board, SuperFin Member=R4
Removed Member From Class: ClassName=780-00026_rev1,Pg1, 1m FWS Apps Board, SuperFin Member=R5
Removed Member From Class: ClassName=780-00026_rev1,Pg1, 1m FWS Apps Board, SuperFin Member=R6
Removed Member From Class: ClassName=780-00026_rev1,Pg1, 1m FWS Apps Board, SuperFin Member=R7
Removed Member From Class: ClassName=780-00026_rev1,Pg1, 1m FWS Apps Board, SuperFin Member=R8
Added Component: Designator=RN1(RES ARRAY 0603 x 4)
Added Component: Designator=RN2(RES ARRAY 0603 x 4)
Added Pin To Net: NetName=OPTO_INPUT_3 Pin=RN1-1
Added Pin To Net: NetName=NetJ1_62 Pin=RN1-2
Added Pin To Net: NetName=OPTO_INPUT_2 Pin=RN1-3
Added Pin To Net: NetName=NetJ1_60 Pin=RN1-4
Added Pin To Net: NetName=OPTO_INPUT_1 Pin=RN1-5
Added Pin To Net: NetName=NetJ1_58 Pin=RN1-6
Added Pin To Net: NetName=OPTO_INPUT_0 Pin=RN1-7
Added Pin To Net: NetName=NetJ1_56 Pin=RN1-8
Added Pin To Net: NetName=OPTO_INPUT_7 Pin=RN2-1
Added Pin To Net: NetName=NetJ1_72 Pin=RN2-2
Added Pin To Net: NetName=OPTO_INPUT_6 Pin=RN2-3
Added Pin To Net: NetName=NetJ1_70 Pin=RN2-4
Added Pin To Net: NetName=OPTO_INPUT_5 Pin=RN2-5
Added Pin To Net: NetName=NetJ1_68 Pin=RN2-6
Added Pin To Net: NetName=OPTO_INPUT_4 Pin=RN2-7
Added Pin To Net: NetName=NetJ1_66 Pin=RN2-8
Added Member To Class: ClassName=780-00026_rev1,Pg1, 1m FWS Apps Board, SuperFin Member=Component RN1 RES ARRAY  x4 10K
Added Member To Class: ClassName=780-00026_rev1,Pg1, 1m FWS Apps Board, SuperFin Member=Component RN2 RES ARRAY  x4 10K
