Add Pin To Net: Pin=P1-1 Old Net=NetP1_1 New Net=B-_AXIS2
Add Pin To Net: Pin=P1-2 Old Net=NetP1_2 New Net=B+_AXIS2
Add Pin To Net: Pin=P1-3 Old Net=NetP1_3 New Net=A-_AXIS2
Add Pin To Net: Pin=P1-4 Old Net=NetP1_4 New Net=A+_AXIS2
Add Pin To Net: Pin=P1-5 Old Net=NetP1_5 New Net=B-_AXIS1
Add Pin To Net: Pin=P1-6 Old Net=NetP1_6 New Net=B+_AXIS1
Add Pin To Net: Pin=P1-7 Old Net=NetP1_7 New Net=A-_AXIS1
Add Pin To Net: Pin=P1-8 Old Net=NetP1_8 New Net=A+_AXIS1
Add Pin To Net: Pin=P4-1 Old Net=NetP4_1 New Net=OPTO_INPUT_18
Add Pin To Net: Pin=P4-2 Old Net=NetP4_2 New Net=OPTO_INPUT_17
Add Pin To Net: Pin=P4-3 Old Net=NetP4_3 New Net=OPTO_INPUT_16
Add Pin To Net: Pin=P4-4 Old Net=NetP4_4 New Net=OPTO_INPUT_15
Add Pin To Net: Pin=P4-5 Old Net=NetP4_5 New Net=OPTO_INPUT_14
Add Pin To Net: Pin=P4-6 Old Net=NetP4_6 New Net=OPTO_INPUT_13
Add Pin To Net: Pin=P4-7 Old Net=NetP4_7 New Net=OPTO_INPUT_12
Add Pin To Net: Pin=P5-1 Old Net=NetP5_1 New Net=B-_AXIS3
Add Pin To Net: Pin=P5-2 Old Net=NetP5_2 New Net=B+_AXIS3
Add Pin To Net: Pin=P5-3 Old Net=NetP5_3 New Net=A-_AXIS3
Add Pin To Net: Pin=P5-4 Old Net=NetP5_4 New Net=A+_AXIS3
Add Pin To Net: Pin=P5-5 Old Net=NetP5_5 New Net=A+_AXIS4
Add Pin To Net: Pin=P5-6 Old Net=NetP5_6 New Net=A-_AXIS4
Add Pin To Net: Pin=P5-7 Old Net=NetP5_7 New Net=B+_AXIS4
Add Pin To Net: Pin=P5-8 Old Net=NetP5_8 New Net=B-_AXIS4
Add Pin To Net: Pin=P7-1 Old Net=NetP7_1 New Net=QUADA4+
Add Pin To Net: Pin=P7-2 Old Net=NetP7_2 New Net=QUADA4-
Add Pin To Net: Pin=P7-3 Old Net=NetP7_3 New Net=QUADB4+
Add Pin To Net: Pin=P7-4 Old Net=NetP7_4 New Net=QUADB4-
Add Pin To Net: Pin=P7-5 Old Net=NetP7_5 New Net=INDEX4+
Add Pin To Net: Pin=P7-6 Old Net=NetP7_6 New Net=INDEX4-
