Removed Pin From Net: NetName=+24V Pin=C4-1
Removed Pin From Net: NetName=GND Pin=C4-2
Removed Pin From Net: NetName=GND Pin=C10-1
Removed Pin From Net: NetName=+24V Pin=D1-2
Removed Pin From Net: NetName=HEATER(-) Pin=L1-1
Removed Pin From Net: NetName=GND Pin=Q2-2
Removed Pin From Net: NetName=+24V Pin=R2-1
Removed Pin From Net: NetName=HEATER(+) Pin=R2-2
Removed Pin From Net: NetName=GND Pin=R9-1
Removed Pin From Net: NetName=PWM_CCD_HEATER Pin=R9-2
Removed Pin From Net: NetName=PWM_CCD_HEATER Pin=TP1-1
Removed Pin From Net: NetName=HEATER(+) Pin=TP5-1
Removed Pin From Net: NetName=HEATER(-) Pin=TP6-1
Removed Pin From Net: NetName=+24V Pin=U5-1
Removed Pin From Net: NetName=HEATER(+) Pin=U5-2
Removed Pin From Net: NetName=PWM_CCD_HEATER Pin=U5-3
Removed Pin From Net: NetName=GND Pin=U5-4
Removed Pin From Net: NetName=GND Pin=U5-7
Removed Member From Class: ClassName=780-00018_rev2_Pg1 Member=C4
Removed Member From Class: ClassName=780-00018_rev2_Pg1 Member=C10
Removed Member From Class: ClassName=780-00018_rev2_Pg1 Member=D1
Removed Member From Class: ClassName=780-00018_rev2_Pg1 Member=L1
Removed Member From Class: ClassName=780-00018_rev2_Pg1 Member=Q2
Removed Member From Class: ClassName=780-00018_rev2_Pg1 Member=R2
Removed Member From Class: ClassName=780-00018_rev2_Pg1 Member=R9
Removed Member From Class: ClassName=780-00018_rev2_Pg1 Member=U5
Change Net Name : Old Net Name=PWM_CCD_HEATER New Net Name=DAC_CCD_HEATER
Change Net Name : Old Net Name=PWM_CRYO_HEATER New Net Name=DAC_CRYO_HEATER
