Removed Pin From Net: NetName=+24V Pin=C14-1
Removed Pin From Net: NetName=GND Pin=C14-2
Removed Pin From Net: NetName=GND Pin=C23-1
Removed Pin From Net: NetName=+24V Pin=D2-2
Removed Pin From Net: NetName=COLDBLK(-) Pin=L2-1
Removed Pin From Net: NetName=GND Pin=Q4-2
Removed Pin From Net: NetName=+24V Pin=R10-1
Removed Pin From Net: NetName=COLDBLK(+) Pin=R10-2
Removed Pin From Net: NetName=GND Pin=R18-1
Removed Pin From Net: NetName=DAC_CRYO_HEATER Pin=R18-2
Removed Pin From Net: NetName=DAC_CRYO_HEATER Pin=TP2-1
Removed Pin From Net: NetName=COLDBLK(+) Pin=TP13-1
Removed Pin From Net: NetName=COLDBLK(-) Pin=TP14-1
Removed Pin From Net: NetName=+24V Pin=U9-1
Removed Pin From Net: NetName=COLDBLK(+) Pin=U9-2
Removed Pin From Net: NetName=DAC_CRYO_HEATER Pin=U9-3
Removed Pin From Net: NetName=GND Pin=U9-4
Removed Pin From Net: NetName=GND Pin=U9-7
Removed Member From Class: ClassName=780-00018_rev2_Pg1 Member=C14
Removed Member From Class: ClassName=780-00018_rev2_Pg1 Member=C23
Removed Member From Class: ClassName=780-00018_rev2_Pg1 Member=D2
Removed Member From Class: ClassName=780-00018_rev2_Pg1 Member=L2
Removed Member From Class: ClassName=780-00018_rev2_Pg1 Member=Q4
Removed Member From Class: ClassName=780-00018_rev2_Pg1 Member=R10
Removed Member From Class: ClassName=780-00018_rev2_Pg1 Member=R18
Removed Member From Class: ClassName=780-00018_rev2_Pg1 Member=U9
