Removed Pin From Net: NetName=RG Pin=P2-M
Removed Pin From Net: NetName=S3 Pin=P2-N
Removed Pin From Net: NetName=SG Pin=P2-P
Added Pin To Net: NetName=S2Q1_DRV Pin=P2-dd
Added Pin To Net: NetName=S2Q2_DRV Pin=P2-ee
Added Pin To Net: NetName=S2Q3_DRV Pin=P2-ff
Added Pin To Net: NetName=S2Q4_DRV Pin=P2-gg
Added Pin To Net: NetName=P2B_DRV Pin=P2-hh
Added Pin To Net: NetName=P2A_DRV Pin=P2-ii
Added Pin To Net: NetName=S1Q1_DRV Pin=P2-K
Added Pin To Net: NetName=S1Q2_DRV Pin=P2-L
Added Pin To Net: NetName=RG_DRV Pin=P2-M
Added Pin To Net: NetName=S3_DRV Pin=P2-N
Added Pin To Net: NetName=TGA_DRV Pin=P2-pp
Added Pin To Net: NetName=SG_DRV Pin=P2-P
Added Pin To Net: NetName=TGB_DRV Pin=P2-qq
Added Pin To Net: NetName=P3B_DRV Pin=P2-rr
Added Pin To Net: NetName=S1Q3_DRV Pin=P2-R
Added Pin To Net: NetName=P3A_DRV Pin=P2-ss
Added Pin To Net: NetName=S1Q4_DRV Pin=P2-S
Added Pin To Net: NetName=P1B_DRV Pin=P2-T
Added Pin To Net: NetName=P1A_DRV Pin=P2-U
