Removed Parameter Arena Prefix:120 from Part C18
Removed Parameter Arena Prefix:120 from Part C19
Removed Parameter Arena Prefix:150 from Part U10
Removed Parameter Arena Prefix:195 from Part Q1
Removed Parameter Arena Prefix: from Part P2
Removed Parameter Arena Prefix: from Part P3
Removed Parameter Arena Prefix: from Part P5
Removed Parameter Arena Prefix: from Part R3
Removed Parameter Arena Prefix: from Part R4
Removed Parameter Arena Prefix: from Part TP3
Removed Parameter Arena Prefix: from Part TP4
Removed Parameter Arena Prefix: from Part TP5
Removed Parameter Arena Prefix: from Part TP8
Removed Parameter Arena Prefix: from Part TP13
Removed Parameter Arena Prefix: from Part TP14
Removed Parameter Arena Prefix: from Part TP15
Removed Parameter Arena Prefix: from Part TP16
Removed Parameter Arena Prefix: from Part TP17
Removed Parameter Arena Prefix: from Part TP18
Removed Parameter Arena Prefix: from Part U8
Removed Parameter Arena Prefix: from Part U9
Removed Parameter Arena Type:Capacitor from Part C18
Removed Parameter Arena Type:Capacitor from Part C19
Removed Parameter Arena Type: from Part P2
Removed Parameter Arena Type: from Part P3
Removed Parameter Arena Type: from Part P5
Removed Parameter Arena Type: from Part R3
Removed Parameter Arena Type: from Part R4
Removed Parameter Arena Type: from Part TP3
Removed Parameter Arena Type: from Part TP4
Removed Parameter Arena Type: from Part TP5
Removed Parameter Arena Type: from Part TP8
Removed Parameter Arena Type: from Part TP13
Removed Parameter Arena Type: from Part TP14
Removed Parameter Arena Type: from Part TP15
Removed Parameter Arena Type: from Part TP16
Removed Parameter Arena Type: from Part TP17
Removed Parameter Arena Type: from Part TP18
Removed Parameter Arena Type: from Part U8
Removed Parameter Arena Type: from Part U9
Removed Parameter Arena Type:IC from Part U10
Removed Parameter Arena Type:Transistor from Part Q1
Removed Parameter LatestRevisionDate:17-Jul-2002 from Part P6
Removed Parameter LatestRevisionNote:Re-released for DXP Platform. from Part P6
Removed Parameter Publisher:Altium Limited from Part P6
Removed Parameter To Do list: from Part C2
Removed Parameter To Do list: from Part C3
Removed Parameter To Do list: from Part C4
Removed Parameter To Do list: from Part C5
Removed Parameter To Do list: from Part TP1
Removed Parameter To Do list: from Part U2
Removed Parameter To Do list: from Part U3
Added Parameter COST= to Part P6
Added Parameter LCO p/n= to Part P6
Added Parameter Manufacturer= to Part P6
Added Parameter Manuf p/n= to Part P6
Added Parameter VALUE= to Part P6
Added Parameter Vendor= to Part P6
Added Parameter Vendor Mult.= to Part P6
Added Parameter Vendor p/n= to Part P6
