Removed Parameter Arena Prefix: from Part C2
Removed Parameter Arena Prefix: from Part C3
Removed Parameter Arena Prefix: from Part C3
Removed Parameter Arena Prefix: from Part R1
Removed Parameter Arena Prefix: from Part R1
Removed Parameter Arena Prefix: from Part R?
Removed Parameter Arena Prefix: from Part R?
Removed Parameter Arena Prefix: from Part R?
Removed Parameter Arena Prefix: from Part TP1
Removed Parameter Arena Prefix: from Part U1
Removed Parameter Arena Type: from Part C2
Removed Parameter Arena Type: from Part C3
Removed Parameter Arena Type: from Part C3
Removed Parameter Arena Type: from Part R1
Removed Parameter Arena Type: from Part R1
Removed Parameter Arena Type: from Part R?
Removed Parameter Arena Type: from Part R?
Removed Parameter Arena Type: from Part R?
Removed Parameter Arena Type: from Part TP1
Removed Parameter Arena Type: from Part U1
Removed Parameter ComponentLink1Description:LM350 Datasheet from Part U?
Removed Parameter ComponentLink1URL:http://www.national.com/ds/LM/LM350.pdf from Part U?
Removed Parameter ComponentLink2Description:LM350 Web Page from Part U?
Removed Parameter ComponentLink2URL:http://www.national.com/pf/LM/LM350.html from Part U?
Removed Parameter ComponentLink3Description:T03B Package Page from Part U?
Removed Parameter ComponentLink3URL:http://www.national.com/packaging/folders/t03b.html from Part U?
Removed Parameter CompType:LDO IC from Part U?
Removed Parameter DatasheetVersion:May-1998 from Part U?
Removed Parameter DigiKeyPartNumber:LM350TNS-ND from Part U?
Removed Parameter PackageDescription:TO-220, Molded, 3 Lead, Straight from Part U?
Removed Parameter PackageReference:T03B from Part U?
Removed Parameter PackageTopMarking:NSUZXYTTE#*LM350T P+ from Part U?
Removed Parameter PackageVersion:revL, Jan-1992 from Part U?
Removed Parameter PartNumber:LM350T from Part U?
Removed Parameter PinCount:3 from Part U?
Removed Parameter PowerWise:N from Part U?
Removed Parameter Published:4-Dec-2008 from Part U?
Removed Parameter Publisher:Altium Limited from Part U?
Removed Parameter RoHS:O from Part U?
Added Parameter COST= to Part U?
Added Parameter LCO p/n= to Part U?
Added Parameter Manuf p/n= to Part U?
Added Parameter To Do list= to Part U?
Added Parameter Value= to Part U?
Added Parameter Vendor= to Part U?
Added Parameter Vendor Mult.= to Part U?
Added Parameter Vendor p/n= to Part U?
