Removed Parameter Arena Prefix: from Part C3
Removed Parameter Arena Prefix: from Part C4
Removed Parameter Arena Prefix: from Part C5
Removed Parameter Arena Prefix: from Part C6
Removed Parameter Arena Prefix: from Part C7
Removed Parameter Arena Prefix: from Part C8
Removed Parameter Arena Prefix: from Part C9
Removed Parameter Arena Prefix: from Part C10
Removed Parameter Arena Prefix: from Part C11
Removed Parameter Arena Prefix: from Part C12
Removed Parameter Arena Prefix: from Part C13
Removed Parameter Arena Prefix: from Part FB1
Removed Parameter Arena Prefix: from Part FB2
Removed Parameter Arena Prefix: from Part L1
Removed Parameter Arena Prefix: from Part R1
Removed Parameter Arena Prefix: from Part R2
Removed Parameter Arena Type: from Part C3
Removed Parameter Arena Type: from Part C4
Removed Parameter Arena Type: from Part C5
Removed Parameter Arena Type: from Part C6
Removed Parameter Arena Type: from Part C7
Removed Parameter Arena Type: from Part C8
Removed Parameter Arena Type: from Part C9
Removed Parameter Arena Type: from Part C10
Removed Parameter Arena Type: from Part C11
Removed Parameter Arena Type: from Part C12
Removed Parameter Arena Type: from Part C13
Removed Parameter Arena Type: from Part FB1
Removed Parameter Arena Type: from Part FB2
Removed Parameter Arena Type: from Part L1
Removed Parameter Arena Type: from Part R1
Removed Parameter Arena Type: from Part R2
