Added Parameter COST= to Part J?
Added Parameter COST= to Part D?
Added Parameter COST= to Part *
Added Parameter COST= to Part PEM?
Added Parameter COST= to Part J?
Added Parameter COST= to Part Step Motor Driver- ?
Added Parameter COST= to Part Extended GPIO-?
Added Parameter COST= to Part FWS Apps -?
Added Parameter COST= to Part GPIO Board -?
Added Parameter COST= to Part BaseBoard-?
Added Parameter COST= to Part PS?
Added Parameter LCO p/n= to Part J?
Added Parameter LCO p/n= to Part D?
Added Parameter LCO p/n= to Part *
Added Parameter LCO p/n= to Part PEM?
Added Parameter LCO p/n= to Part J?
Added Parameter LCO p/n= to Part Step Motor Driver- ?
Added Parameter LCO p/n= to Part Extended GPIO-?
Added Parameter LCO p/n= to Part FWS Apps -?
Added Parameter LCO p/n= to Part GPIO Board -?
Added Parameter LCO p/n= to Part BaseBoard-?
Added Parameter LCO p/n= to Part PS?
Added Parameter Manufacturer= to Part J?
Added Parameter Manufacturer= to Part D?
Added Parameter Manufacturer= to Part *
Added Parameter Manufacturer= to Part PEM?
Added Parameter Manufacturer= to Part J?
Added Parameter Manufacturer= to Part Step Motor Driver- ?
Added Parameter Manufacturer= to Part Extended GPIO-?
Added Parameter Manufacturer= to Part FWS Apps -?
Added Parameter Manufacturer= to Part GPIO Board -?
Added Parameter Manufacturer= to Part BaseBoard-?
Added Parameter Manufacturer= to Part PS?
Added Parameter Manuf p/n= to Part J?
Added Parameter Manuf p/n= to Part D?
Added Parameter Manuf p/n= to Part *
Added Parameter Manuf p/n= to Part PEM?
Added Parameter Manuf p/n= to Part J?
Added Parameter Manuf p/n= to Part Step Motor Driver- ?
Added Parameter Manuf p/n= to Part Extended GPIO-?
Added Parameter Manuf p/n= to Part FWS Apps -?
Added Parameter Manuf p/n= to Part GPIO Board -?
Added Parameter Manuf p/n= to Part BaseBoard-?
Added Parameter Manuf p/n= to Part PS?
Added Parameter VALUE= to Part J?
Added Parameter VALUE= to Part D?
Added Parameter VALUE= to Part *
Added Parameter VALUE= to Part PEM?
Added Parameter VALUE= to Part J?
Added Parameter VALUE= to Part Step Motor Driver- ?
Added Parameter VALUE= to Part Extended GPIO-?
Added Parameter VALUE= to Part FWS Apps -?
Added Parameter VALUE= to Part GPIO Board -?
Added Parameter VALUE= to Part BaseBoard-?
Added Parameter VALUE= to Part PS?
Added Parameter Vendor= to Part J?
Added Parameter Vendor= to Part D?
Added Parameter Vendor= to Part *
Added Parameter Vendor= to Part PEM?
Added Parameter Vendor= to Part J?
Added Parameter Vendor= to Part Step Motor Driver- ?
Added Parameter Vendor= to Part Extended GPIO-?
Added Parameter Vendor= to Part FWS Apps -?
Added Parameter Vendor= to Part GPIO Board -?
Added Parameter Vendor= to Part BaseBoard-?
Added Parameter Vendor= to Part PS?
Added Parameter Vendor Mult.= to Part J?
Added Parameter Vendor Mult.= to Part D?
Added Parameter Vendor Mult.= to Part *
Added Parameter Vendor Mult.= to Part PEM?
Added Parameter Vendor Mult.= to Part J?
Added Parameter Vendor Mult.= to Part Step Motor Driver- ?
Added Parameter Vendor Mult.= to Part Extended GPIO-?
Added Parameter Vendor Mult.= to Part FWS Apps -?
Added Parameter Vendor Mult.= to Part GPIO Board -?
Added Parameter Vendor Mult.= to Part BaseBoard-?
Added Parameter Vendor Mult.= to Part PS?
Added Parameter Vendor p/n= to Part J?
Added Parameter Vendor p/n= to Part D?
Added Parameter Vendor p/n= to Part *
Added Parameter Vendor p/n= to Part PEM?
Added Parameter Vendor p/n= to Part J?
Added Parameter Vendor p/n= to Part Step Motor Driver- ?
Added Parameter Vendor p/n= to Part Extended GPIO-?
Added Parameter Vendor p/n= to Part FWS Apps -?
Added Parameter Vendor p/n= to Part GPIO Board -?
Added Parameter Vendor p/n= to Part BaseBoard-?
Added Parameter Vendor p/n= to Part PS?
