Change Value of Parameter Vendor in Part C22 Old= New=DigiKey
Change Value of Parameter Vendor p/n in Part C22 Old= New=478-1395-1-ND
Change Value of Parameter Vendor in Part C25 Old= New=DigiKey
Change Value of Parameter Vendor p/n in Part C25 Old= New=478-1395-1-ND
Change Value of Parameter Vendor in Part C27 Old= New=DigiKey
Change Value of Parameter Vendor p/n in Part C27 Old= New=478-1395-1-ND
Change Value of Parameter Vendor in Part C28 Old= New=DigiKey
Change Value of Parameter Vendor p/n in Part C28 Old= New=478-1395-1-ND
Change Value of Parameter Vendor in Part C29 Old= New=DigiKey
Change Value of Parameter Vendor p/n in Part C29 Old= New=478-1395-1-ND
Change Value of Parameter Vendor in Part C30 Old= New=DigiKey
Change Value of Parameter Vendor p/n in Part C30 Old= New=478-1395-1-ND
Change Value of Parameter Vendor in Part C38 Old= New=DigiKey
Change Value of Parameter Vendor p/n in Part C38 Old= New=478-1395-1-ND
Change Value of Parameter Vendor in Part C39 Old= New=DigiKey
Change Value of Parameter Vendor p/n in Part C39 Old= New=478-1395-1-ND
Change Value of Parameter Vendor in Part C40 Old= New=DigiKey
Change Value of Parameter Vendor p/n in Part C40 Old= New=478-1395-1-ND
Change Value of Parameter Vendor in Part C41 Old= New=DigiKey
Change Value of Parameter Vendor p/n in Part C41 Old= New=478-1395-1-ND
Change Value of Parameter Vendor in Part C42 Old= New=DigiKey
Change Value of Parameter Vendor p/n in Part C42 Old= New=478-1395-1-ND
Change Value of Parameter Vendor in Part C43 Old= New=DigiKey
Change Value of Parameter Vendor p/n in Part C43 Old= New=478-1395-1-ND
Change Value of Parameter Vendor in Part Q3 Old= New=DigiKey
Change Value of Parameter Vendor in Part Q4 Old= New=DigiKey
Change Value of Parameter Vendor in Part Q5 Old= New=DigiKey
Change Value of Parameter Vendor in Part R15 Old= New=DigiKey
Change Value of Parameter Vendor in Part R16 Old= New=DigiKey
Change Value of Parameter Vendor in Part R18 Old= New=DigiKey
Change Value of Parameter Vendor in Part R19 Old= New=DigiKey
Change Value of Parameter Vendor in Part R21 Old= New=DigiKey
Change Value of Parameter Vendor in Part R22 Old= New=DigiKey
Change Value of Parameter Vendor in Part R24 Old= New=DigiKey
Change Value of Parameter Vendor in Part R25 Old= New=DigiKey
Change Value of Parameter Vendor in Part R27 Old= New=DigiKey
Change Value of Parameter Vendor in Part R28 Old= New=DigiKey
Change Value of Parameter Vendor in Part R29 Old= New=DigiKey
Change Value of Parameter Vendor in Part R30 Old= New=DigiKey
Change Value of Parameter Vendor in Part R31 Old= New=DigiKey
Change Value of Parameter Vendor in Part R32 Old= New=DigiKey
Change Value of Parameter Vendor in Part R33 Old= New=DigiKey
Change Value of Parameter Vendor in Part R34 Old= New=DigiKey
Change Value of Parameter Vendor in Part R35 Old= New=DigiKey
Change Value of Parameter Vendor in Part R36 Old= New=DigiKey
Change Value of Parameter Vendor in Part R37 Old= New=DigiKey
Change Value of Parameter Vendor in Part R38 Old= New=DigiKey
Change Value of Parameter Vendor in Part R39 Old= New=DigiKey
Change Value of Parameter Vendor in Part R40 Old= New=DigiKey
Change Value of Parameter Vendor in Part R41 Old= New=DigiKey
Change Value of Parameter Vendor in Part R42 Old= New=DigiKey
Change Value of Parameter Vendor in Part R43 Old= New=DigiKey
Change Value of Parameter Vendor in Part R44 Old= New=DigiKey
Change Value of Parameter Vendor in Part R45 Old= New=DigiKey
Change Value of Parameter Vendor in Part R46 Old= New=DigiKey
Change Value of Parameter Vendor in Part R47 Old= New=DigiKey
Change Value of Parameter COST in Part TP5 Old=0.18 New=0.32
Change Value of Parameter Manuf p/n in Part TP5 Old=1249 New=5015
Change Value of Parameter Vendor in Part TP5 Old=Brisco New=DigiKey
Change Value of Parameter Vendor p/n in Part TP5 Old= New=5015KCT-ND
Change Value of Parameter COST in Part TP6 Old=0.18 New=0.32
Change Value of Parameter Manuf p/n in Part TP6 Old=1249 New=5015
Change Value of Parameter Vendor in Part TP6 Old=Brisco New=DigiKey
Change Value of Parameter Vendor p/n in Part TP6 Old= New=5015KCT-ND
Change Value of Parameter COST in Part TP7 Old=0.18 New=0.32
Change Value of Parameter Manuf p/n in Part TP7 Old=1249 New=5015
Change Value of Parameter Vendor in Part TP7 Old=Brisco New=DigiKey
Change Value of Parameter Vendor p/n in Part TP7 Old= New=5015KCT-ND
Change Value of Parameter COST in Part TP8 Old=0.18 New=0.32
Change Value of Parameter Manuf p/n in Part TP8 Old=1249 New=5015
Change Value of Parameter Vendor in Part TP8 Old=Brisco New=DigiKey
Change Value of Parameter Vendor p/n in Part TP8 Old= New=5015KCT-ND
Change Value of Parameter COST in Part TP9 Old=0.18 New=0.32
Change Value of Parameter Manuf p/n in Part TP9 Old=1249 New=5015
Change Value of Parameter Vendor in Part TP9 Old=Brisco New=DigiKey
Change Value of Parameter Vendor p/n in Part TP9 Old= New=5015KCT-ND
Change Value of Parameter COST in Part TP10 Old=0.18 New=0.32
Change Value of Parameter Manuf p/n in Part TP10 Old=1249 New=5015
Change Value of Parameter Vendor in Part TP10 Old=Brisco New=DigiKey
Change Value of Parameter Vendor p/n in Part TP10 Old= New=5015KCT-ND
Change Value of Parameter Vendor in Part U11 Old= New=DigiKey
Change Value of Parameter Vendor in Part U11 Old= New=DigiKey
Change Value of Parameter Vendor in Part U12 Old= New=DigiKey
Change Value of Parameter Vendor in Part U12 Old= New=DigiKey
Change Value of Parameter Vendor in Part U14 Old= New=DigiKey
Change Value of Parameter Vendor in Part U14 Old= New=DigiKey
Change Value of Parameter COST in Part U15 Old= New=3.42
Change Value of Parameter Vendor in Part U15 Old= New=DigiKey
Change Value of Parameter Vendor p/n in Part U15 Old= New=REF02AU-ND
Change Value of Parameter Vendor in Part U17 Old= New=DigiKey
Change Value of Parameter Vendor in Part U17 Old= New=DigiKey
Change Value of Parameter Vendor in Part U17 Old= New=DigiKey
Change Value of Parameter Vendor in Part U17 Old= New=DigiKey
Change Value of Parameter Vendor in Part U17 Old= New=DigiKey
Change Value of Parameter Vendor in Part U18 Old= New=DigiKey
Change Value of Parameter Vendor in Part U18 Old= New=DigiKey
