Removed Parameter Code_IEC:1005 from Part L1
Removed Parameter Code_IEC:1005 from Part L2
Removed Parameter Code_JEITA:0402 from Part L1
Removed Parameter Code_JEITA:0402 from Part L2
Removed Parameter ComponentLink1Description:Manufacturer Link from Part U1
Removed Parameter ComponentLink1URL:http://www.national.com/ from Part U1
Removed Parameter ComponentLink2Description:Datasheet from Part U1
Removed Parameter ComponentLink2URL:http://www.national.com/ds.cgi/LM/LM78L05.pdf from Part U1
Removed Parameter ComponentLink3Description:URL Link1 from Part U1
Removed Parameter ComponentLink3URL:http://www.national.com/pf/LM/LM78L05.html from Part U1
Removed Parameter DatasheetVersion:Sep-1999 from Part U1
Removed Parameter LatestRevisionDate:17-Jul-2002 from Part C2
Removed Parameter LatestRevisionDate:17-Jul-2002 from Part C4
Removed Parameter LatestRevisionDate:17-Jul-2002 from Part L1
Removed Parameter LatestRevisionDate:17-Jul-2002 from Part L2
Removed Parameter LatestRevisionDate:17-Jul-2002 from Part R1
Removed Parameter LatestRevisionDate:17-Jul-2002 from Part R2
Removed Parameter LatestRevisionNote:Re-released for DXP Platform. from Part C2
Removed Parameter LatestRevisionNote:Re-released for DXP Platform. from Part C4
Removed Parameter LatestRevisionNote:Re-released for DXP Platform. from Part L1
Removed Parameter LatestRevisionNote:Re-released for DXP Platform. from Part L2
Removed Parameter LatestRevisionNote:Re-released for DXP Platform. from Part R1
Removed Parameter LatestRevisionNote:Re-released for DXP Platform. from Part R2
Removed Parameter PackageDescription:TO, Flat Index; 3 In-Line, Axial Leads; Body Dia. 4.6mm; Leads 0.53 x 0.39 mm (max) from Part U1
Removed Parameter PackageReference:0402-A from Part L1
Removed Parameter PackageReference:0402-A from Part L2
Removed Parameter PackageReference:AXIAL-0.3 from Part R1
Removed Parameter PackageReference:AXIAL-0.3 from Part R2
Removed Parameter PackageReference:CAPR5-4X5 from Part C1
Removed Parameter PackageReference:CAPR5-4X5 from Part C3
Removed Parameter PackageReference:RAD-0.3 from Part C2
Removed Parameter PackageReference:RAD-0.3 from Part C4
Removed Parameter PackageReference:Z03A from Part U1
Removed Parameter PackageVersion:2000 from Part U1
Removed Parameter Published:8-Jun-2000 from Part C2
Removed Parameter Published:8-Jun-2000 from Part C4
Removed Parameter Published:8-Jun-2000 from Part L1
Removed Parameter Published:8-Jun-2000 from Part L2
Removed Parameter Published:8-Jun-2000 from Part R1
Removed Parameter Published:8-Jun-2000 from Part R2
Removed Parameter Published:15-Apr-2002 from Part U1
Removed Parameter Published:23-Sep-2002 from Part C1
Removed Parameter Published:23-Sep-2002 from Part C3
Removed Parameter Publisher:Altium Limited from Part C1
Removed Parameter Publisher:Altium Limited from Part C2
Removed Parameter Publisher:Altium Limited from Part C3
Removed Parameter Publisher:Altium Limited from Part C4
Removed Parameter Publisher:Altium Limited from Part L1
Removed Parameter Publisher:Altium Limited from Part L2
Removed Parameter Publisher:Altium Limited from Part R1
Removed Parameter Publisher:Altium Limited from Part R2
Removed Parameter Publisher:Altium Limited from Part U1
Added Parameter COST= to Part C1
Added Parameter COST= to Part C2
Added Parameter COST= to Part C3
Added Parameter COST= to Part C4
Added Parameter COST= to Part L1
Added Parameter COST= to Part L2
Added Parameter COST= to Part R1
Added Parameter COST= to Part R2
Added Parameter COST= to Part TP3
Added Parameter COST= to Part U1
Added Parameter COST= to Part U2
Added Parameter COST= to Part U3
Added Parameter Manufacturer= to Part C1
Added Parameter Manufacturer= to Part C2
Added Parameter Manufacturer= to Part C3
Added Parameter Manufacturer= to Part C4
Added Parameter Manufacturer= to Part L1
Added Parameter Manufacturer= to Part L2
Added Parameter Manufacturer= to Part R1
Added Parameter Manufacturer= to Part R2
Added Parameter Manufacturer= to Part TP3
Added Parameter Manufacturer= to Part U1
Added Parameter Manufacturer= to Part U2
Added Parameter Manufacturer= to Part U3
Added Parameter Manuf p/n= to Part C1
Added Parameter Manuf p/n= to Part C2
Added Parameter Manuf p/n= to Part C3
Added Parameter Manuf p/n= to Part C4
Added Parameter Manuf p/n= to Part L1
Added Parameter Manuf p/n= to Part L2
Added Parameter Manuf p/n= to Part R1
Added Parameter Manuf p/n= to Part R2
Added Parameter Manuf p/n= to Part TP3
Added Parameter Manuf p/n= to Part U1
Added Parameter Manuf p/n= to Part U2
Added Parameter Manuf p/n= to Part U3
Added Parameter Value=IXDN404 to Part U3
Added Parameter Value=LM3480IM3-5.0 to Part U1
Added Parameter Value=Test Point SMD to Part TP3
Added Parameter Value= to Part U2
Added Parameter Vendor= to Part C1
Added Parameter Vendor= to Part C2
Added Parameter Vendor= to Part C3
Added Parameter Vendor= to Part C4
Added Parameter Vendor= to Part L1
Added Parameter Vendor= to Part L2
Added Parameter Vendor= to Part R1
Added Parameter Vendor= to Part R2
Added Parameter Vendor= to Part TP3
Added Parameter Vendor= to Part U1
Added Parameter Vendor= to Part U2
Added Parameter Vendor= to Part U3
Added Parameter Vendor p/n= to Part C1
Added Parameter Vendor p/n= to Part C2
Added Parameter Vendor p/n= to Part C3
Added Parameter Vendor p/n= to Part C4
Added Parameter Vendor p/n= to Part L1
Added Parameter Vendor p/n= to Part L2
Added Parameter Vendor p/n= to Part R1
Added Parameter Vendor p/n= to Part R2
Added Parameter Vendor p/n= to Part TP3
Added Parameter Vendor p/n= to Part U1
Added Parameter Vendor p/n= to Part U2
Added Parameter Vendor p/n= to Part U3
Added Parameter Voltage= to Part C2
Added Parameter Voltage= to Part C4
Added Parameter Voltage= to Part L1
Added Parameter Voltage= to Part L2
Added Parameter Voltage= to Part R1
Added Parameter Voltage= to Part R2
Added Parameter Voltage= to Part TP3
Added Parameter Voltage= to Part U1
Added Parameter Voltage= to Part U2
Added Parameter Voltage= to Part U3
