Change Value of Parameter Vendor in Part C9 Old= New=DigiKey
Change Value of Parameter Vendor p/n in Part C9 Old= New=478-1395-1-ND
Change Value of Parameter Vendor in Part C10 Old= New=DigiKey
Change Value of Parameter Vendor in Part C11 Old= New=DigiKey
Change Value of Parameter Vendor p/n in Part C11 Old= New=478-1395-1-ND
Change Value of Parameter Vendor in Part C13 Old= New=DigiKey
Change Value of Parameter Vendor in Part C14 Old= New=DigiKey
Change Value of Parameter Vendor in Part C15 Old= New=DigiKey
Change Value of Parameter Vendor in Part Q1 Old= New=DigiKey
Change Value of Parameter Vendor in Part Q2 Old= New=DigiKey
Change Value of Parameter Vendor in Part R7 Old= New=DigiKey
Change Value of Parameter Vendor in Part R8 Old= New=DigiKey
Change Value of Parameter Vendor in Part R9 Old= New=DigiKey
Change Value of Parameter Vendor in Part R10 Old= New=DigiKey
Change Value of Parameter Vendor in Part R12 Old= New=DigiKey
Change Value of Parameter Vendor in Part R13 Old= New=DigiKey
Change Value of Parameter Vendor in Part R14 Old= New=DigiKey
Change Value of Parameter Vendor in Part R17 Old= New=DigiKey
Change Value of Parameter Vendor in Part R20 Old= New=DigiKey
Change Value of Parameter Vendor in Part R23 Old= New=DigiKey
Change Value of Parameter COST in Part TP1 Old=0.18 New=0.32
Change Value of Parameter Manuf p/n in Part TP1 Old=1249 New=5015
Change Value of Parameter Vendor in Part TP1 Old=Brisco New=DigiKey
Change Value of Parameter Vendor p/n in Part TP1 Old= New=5015KCT-ND
Change Value of Parameter COST in Part TP2 Old=0.18 New=0.32
Change Value of Parameter Manuf p/n in Part TP2 Old=1249 New=5015
Change Value of Parameter Vendor in Part TP2 Old=Brisco New=DigiKey
Change Value of Parameter Vendor p/n in Part TP2 Old= New=5015KCT-ND
Change Value of Parameter Vendor in Part U8 Old= New=DigiKey
Change Value of Parameter Vendor in Part U8 Old= New=DigiKey
