Removed Parameter :10K from Part RN1
Removed Parameter Code_JEDEC:MS-026-AED from Part U9
Removed Parameter Code_JEDEC:MS-026-AED from Part U9
Removed Parameter Code_JEDEC:MS-026-AED from Part U9
Removed Parameter Code_JEDEC:MS-026-AED from Part U9
Removed Parameter Code_JEDEC:MS-026-AED from Part U9
Removed Parameter ComponentLink1Description:Manufacturer Link from Part U9
Removed Parameter ComponentLink1Description:Manufacturer Link from Part U9
Removed Parameter ComponentLink1Description:Manufacturer Link from Part U9
Removed Parameter ComponentLink1Description:Manufacturer Link from Part U9
Removed Parameter ComponentLink1Description:Manufacturer Link from Part U9
Removed Parameter ComponentLink1URL:http://www.altera.com/products/devices/cpld/max2/mx2-index.jsp from Part U9
Removed Parameter ComponentLink1URL:http://www.altera.com/products/devices/cpld/max2/mx2-index.jsp from Part U9
Removed Parameter ComponentLink1URL:http://www.altera.com/products/devices/cpld/max2/mx2-index.jsp from Part U9
Removed Parameter ComponentLink1URL:http://www.altera.com/products/devices/cpld/max2/mx2-index.jsp from Part U9
Removed Parameter ComponentLink1URL:http://www.altera.com/products/devices/cpld/max2/mx2-index.jsp from Part U9
Removed Parameter ComponentLink2Description:Handbook from Part U9
Removed Parameter ComponentLink2Description:Handbook from Part U9
Removed Parameter ComponentLink2Description:Handbook from Part U9
Removed Parameter ComponentLink2Description:Handbook from Part U9
Removed Parameter ComponentLink2Description:Handbook from Part U9
Removed Parameter ComponentLink2URL:http://www.altera.com/literature/hb/max2/max2_mii5v1.pdf from Part U9
Removed Parameter ComponentLink2URL:http://www.altera.com/literature/hb/max2/max2_mii5v1.pdf from Part U9
Removed Parameter ComponentLink2URL:http://www.altera.com/literature/hb/max2/max2_mii5v1.pdf from Part U9
Removed Parameter ComponentLink2URL:http://www.altera.com/literature/hb/max2/max2_mii5v1.pdf from Part U9
Removed Parameter ComponentLink2URL:http://www.altera.com/literature/hb/max2/max2_mii5v1.pdf from Part U9
Removed Parameter ComponentLink3Description:Packaging Specification from Part U9
Removed Parameter ComponentLink3Description:Packaging Specification from Part U9
Removed Parameter ComponentLink3Description:Packaging Specification from Part U9
Removed Parameter ComponentLink3Description:Packaging Specification from Part U9
Removed Parameter ComponentLink3Description:Packaging Specification from Part U9
Removed Parameter ComponentLink3URL:http://www.altera.com/literature/ds/dspkg.pdf from Part U9
Removed Parameter ComponentLink3URL:http://www.altera.com/literature/ds/dspkg.pdf from Part U9
Removed Parameter ComponentLink3URL:http://www.altera.com/literature/ds/dspkg.pdf from Part U9
Removed Parameter ComponentLink3URL:http://www.altera.com/literature/ds/dspkg.pdf from Part U9
Removed Parameter ComponentLink3URL:http://www.altera.com/literature/ds/dspkg.pdf from Part U9
Removed Parameter DatasheetVersion:ver1.8, Jul-2006 from Part U9
Removed Parameter DatasheetVersion:ver1.8, Jul-2006 from Part U9
Removed Parameter DatasheetVersion:ver1.8, Jul-2006 from Part U9
Removed Parameter DatasheetVersion:ver1.8, Jul-2006 from Part U9
Removed Parameter DatasheetVersion:ver1.8, Jul-2006 from Part U9
Removed Parameter LatestRevisionDate:13-Apr-2006 from Part U9
Removed Parameter LatestRevisionDate:13-Apr-2006 from Part U9
Removed Parameter LatestRevisionDate:13-Apr-2006 from Part U9
Removed Parameter LatestRevisionDate:13-Apr-2006 from Part U9
Removed Parameter LatestRevisionDate:13-Apr-2006 from Part U9
Removed Parameter LatestRevisionDate:17-Jul-2002 from Part C12
Removed Parameter LatestRevisionDate:17-Jul-2002 from Part C16
Removed Parameter LatestRevisionDate:17-Jul-2002 from Part C17
Removed Parameter LatestRevisionDate:17-Jul-2002 from Part C18
Removed Parameter LatestRevisionDate:17-Jul-2002 from Part C19
Removed Parameter LatestRevisionDate:17-Jul-2002 from Part C20
Removed Parameter LatestRevisionDate:17-Jul-2002 from Part C21
Removed Parameter LatestRevisionDate:17-Jul-2002 from Part C23
Removed Parameter LatestRevisionDate:17-Jul-2002 from Part C24
Removed Parameter LatestRevisionDate:17-Jul-2002 from Part C26
Removed Parameter LatestRevisionDate:17-Jul-2002 from Part C31
Removed Parameter LatestRevisionDate:17-Jul-2002 from Part C56
Removed Parameter LatestRevisionDate:17-Jul-2002 from Part P1
Removed Parameter LatestRevisionDate:17-Jul-2002 from Part P2
Removed Parameter LatestRevisionDate:17-Jul-2002 from Part Q6
Removed Parameter LatestRevisionDate:17-Jul-2002 from Part R11
Removed Parameter LatestRevisionNote:IPC-7351 Footprint Added. from Part U9
Removed Parameter LatestRevisionNote:IPC-7351 Footprint Added. from Part U9
Removed Parameter LatestRevisionNote:IPC-7351 Footprint Added. from Part U9
Removed Parameter LatestRevisionNote:IPC-7351 Footprint Added. from Part U9
Removed Parameter LatestRevisionNote:IPC-7351 Footprint Added. from Part U9
Removed Parameter LatestRevisionNote:Re-released for DXP Platform. from Part C12
Removed Parameter LatestRevisionNote:Re-released for DXP Platform. from Part C16
Removed Parameter LatestRevisionNote:Re-released for DXP Platform. from Part C17
Removed Parameter LatestRevisionNote:Re-released for DXP Platform. from Part C18
Removed Parameter LatestRevisionNote:Re-released for DXP Platform. from Part C19
Removed Parameter LatestRevisionNote:Re-released for DXP Platform. from Part C20
Removed Parameter LatestRevisionNote:Re-released for DXP Platform. from Part C21
Removed Parameter LatestRevisionNote:Re-released for DXP Platform. from Part C23
Removed Parameter LatestRevisionNote:Re-released for DXP Platform. from Part C24
Removed Parameter LatestRevisionNote:Re-released for DXP Platform. from Part C26
Removed Parameter LatestRevisionNote:Re-released for DXP Platform. from Part C31
Removed Parameter LatestRevisionNote:Re-released for DXP Platform. from Part C56
Removed Parameter LatestRevisionNote:Re-released for DXP Platform. from Part P1
Removed Parameter LatestRevisionNote:Re-released for DXP Platform. from Part P2
Removed Parameter LatestRevisionNote:Re-released for DXP Platform. from Part Q6
Removed Parameter LatestRevisionNote:Re-released for DXP Platform. from Part R11
Removed Parameter Note:All VCCINT pins must be connected to either 3.3V or 2.5V (but not a combination of both). from Part U9
Removed Parameter Note:All VCCINT pins must be connected to either 3.3V or 2.5V (but not a combination of both). from Part U9
Removed Parameter Note:All VCCINT pins must be connected to either 3.3V or 2.5V (but not a combination of both). from Part U9
Removed Parameter Note:All VCCINT pins must be connected to either 3.3V or 2.5V (but not a combination of both). from Part U9
Removed Parameter Note:All VCCINT pins must be connected to either 3.3V or 2.5V (but not a combination of both). from Part U9
Removed Parameter PackageDescription:100-Pin Plastic Thin Quad Flat Pack (TQFP100) from Part U9
Removed Parameter PackageDescription:100-Pin Plastic Thin Quad Flat Pack (TQFP100) from Part U9
Removed Parameter PackageDescription:100-Pin Plastic Thin Quad Flat Pack (TQFP100) from Part U9
Removed Parameter PackageDescription:100-Pin Plastic Thin Quad Flat Pack (TQFP100) from Part U9
Removed Parameter PackageDescription:100-Pin Plastic Thin Quad Flat Pack (TQFP100) from Part U9
Removed Parameter PackageDocument:1995/1996 from Part Q6
Removed Parameter PackageReference:AXIAL-0.3 from Part R11
Removed Parameter PackageReference:CAPR5-4X5 from Part C7
Removed Parameter PackageReference:CAPR5-4X5 from Part C32
Removed Parameter PackageReference:CAPR5-4X5 from Part C53
Removed Parameter PackageReference:CAPR5-4X5 from Part C54
Removed Parameter PackageReference:CAPR5-4X5 from Part C55
Removed Parameter PackageReference:CAPR5-4X5 from Part C57
Removed Parameter PackageReference:CAPR5-4X5 from Part C58
Removed Parameter PackageReference:CAPR5-4X5 from Part C59
Removed Parameter PackageReference:E3 from Part Q6
Removed Parameter PackageReference:RAD-0.3 from Part C12
Removed Parameter PackageReference:RAD-0.3 from Part C16
Removed Parameter PackageReference:RAD-0.3 from Part C17
Removed Parameter PackageReference:RAD-0.3 from Part C18
Removed Parameter PackageReference:RAD-0.3 from Part C19
Removed Parameter PackageReference:RAD-0.3 from Part C20
Removed Parameter PackageReference:RAD-0.3 from Part C21
Removed Parameter PackageReference:RAD-0.3 from Part C23
Removed Parameter PackageReference:RAD-0.3 from Part C24
Removed Parameter PackageReference:RAD-0.3 from Part C26
Removed Parameter PackageReference:RAD-0.3 from Part C31
Removed Parameter PackageReference:RAD-0.3 from Part C56
Removed Parameter PackageReference:TQFP100 from Part U9
Removed Parameter PackageReference:TQFP100 from Part U9
Removed Parameter PackageReference:TQFP100 from Part U9
Removed Parameter PackageReference:TQFP100 from Part U9
Removed Parameter PackageReference:TQFP100 from Part U9
Removed Parameter PackageVersion:ver14.3, Jul-2006 from Part U9
Removed Parameter PackageVersion:ver14.3, Jul-2006 from Part U9
Removed Parameter PackageVersion:ver14.3, Jul-2006 from Part U9
Removed Parameter PackageVersion:ver14.3, Jul-2006 from Part U9
Removed Parameter PackageVersion:ver14.3, Jul-2006 from Part U9
Removed Parameter Published:8-Jun-2000 from Part C12
Removed Parameter Published:8-Jun-2000 from Part C16
Removed Parameter Published:8-Jun-2000 from Part C17
Removed Parameter Published:8-Jun-2000 from Part C18
Removed Parameter Published:8-Jun-2000 from Part C19
Removed Parameter Published:8-Jun-2000 from Part C20
Removed Parameter Published:8-Jun-2000 from Part C21
Removed Parameter Published:8-Jun-2000 from Part C23
Removed Parameter Published:8-Jun-2000 from Part C24
Removed Parameter Published:8-Jun-2000 from Part C26
Removed Parameter Published:8-Jun-2000 from Part C31
Removed Parameter Published:8-Jun-2000 from Part C56
Removed Parameter Published:8-Jun-2000 from Part Q6
Removed Parameter Published:8-Jun-2000 from Part R11
Removed Parameter Published:15-Jul-2004 from Part U9
Removed Parameter Published:15-Jul-2004 from Part U9
Removed Parameter Published:15-Jul-2004 from Part U9
Removed Parameter Published:15-Jul-2004 from Part U9
Removed Parameter Published:15-Jul-2004 from Part U9
Removed Parameter Published:23-Sep-2002 from Part C7
Removed Parameter Published:23-Sep-2002 from Part C32
Removed Parameter Published:23-Sep-2002 from Part C53
Removed Parameter Published:23-Sep-2002 from Part C54
Removed Parameter Published:23-Sep-2002 from Part C55
Removed Parameter Published:23-Sep-2002 from Part C57
Removed Parameter Published:23-Sep-2002 from Part C58
Removed Parameter Published:23-Sep-2002 from Part C59
Removed Parameter Publisher:Altium Limited from Part C7
Removed Parameter Publisher:Altium Limited from Part C12
Removed Parameter Publisher:Altium Limited from Part C16
Removed Parameter Publisher:Altium Limited from Part C17
Removed Parameter Publisher:Altium Limited from Part C18
Removed Parameter Publisher:Altium Limited from Part C19
Removed Parameter Publisher:Altium Limited from Part C20
Removed Parameter Publisher:Altium Limited from Part C21
Removed Parameter Publisher:Altium Limited from Part C23
Removed Parameter Publisher:Altium Limited from Part C24
Removed Parameter Publisher:Altium Limited from Part C26
Removed Parameter Publisher:Altium Limited from Part C31
Removed Parameter Publisher:Altium Limited from Part C32
Removed Parameter Publisher:Altium Limited from Part C53
Removed Parameter Publisher:Altium Limited from Part C54
Removed Parameter Publisher:Altium Limited from Part C55
Removed Parameter Publisher:Altium Limited from Part C56
Removed Parameter Publisher:Altium Limited from Part C57
Removed Parameter Publisher:Altium Limited from Part C58
Removed Parameter Publisher:Altium Limited from Part C59
Removed Parameter Publisher:Altium Limited from Part P1
Removed Parameter Publisher:Altium Limited from Part P2
Removed Parameter Publisher:Altium Limited from Part Q6
Removed Parameter Publisher:Altium Limited from Part R11
Removed Parameter Publisher:Altium Limited from Part U9
Removed Parameter Publisher:Altium Limited from Part U9
Removed Parameter Publisher:Altium Limited from Part U9
Removed Parameter Publisher:Altium Limited from Part U9
Removed Parameter Publisher:Altium Limited from Part U9
Added Parameter COST= to Part C7
Added Parameter COST= to Part C12
Added Parameter COST= to Part C16
Added Parameter COST= to Part C17
Added Parameter COST= to Part C18
Added Parameter COST= to Part C19
Added Parameter COST= to Part C20
Added Parameter COST= to Part C21
Added Parameter COST= to Part C23
Added Parameter COST= to Part C24
Added Parameter COST= to Part C26
Added Parameter COST= to Part C31
Added Parameter COST= to Part C32
Added Parameter COST= to Part C53
Added Parameter COST= to Part C54
Added Parameter COST= to Part C55
Added Parameter COST= to Part C56
Added Parameter COST= to Part C57
Added Parameter COST= to Part C58
Added Parameter COST= to Part C59
Added Parameter COST= to Part L5
Added Parameter COST= to Part P1
Added Parameter COST= to Part P2
Added Parameter COST= to Part Q6
Added Parameter COST= to Part R11
Added Parameter COST= to Part RN1
Added Parameter COST= to Part TP11
Added Parameter COST= to Part TP12
Added Parameter COST= to Part TP13
Added Parameter COST= to Part TP14
Added Parameter COST= to Part TP15
Added Parameter COST= to Part TP16
Added Parameter COST= to Part TP17
Added Parameter COST= to Part TP18
Added Parameter COST= to Part TP19
Added Parameter COST= to Part TP20
Added Parameter COST= to Part TP21
Added Parameter COST= to Part U9
Added Parameter COST= to Part U9
Added Parameter COST= to Part U9
Added Parameter COST= to Part U9
Added Parameter COST= to Part U9
Added Parameter COST= to Part U10
Added Parameter COST= to Part U19
Added Parameter Manufacturer= to Part C7
Added Parameter Manufacturer= to Part C12
Added Parameter Manufacturer= to Part C16
Added Parameter Manufacturer= to Part C17
Added Parameter Manufacturer= to Part C18
Added Parameter Manufacturer= to Part C19
Added Parameter Manufacturer= to Part C20
Added Parameter Manufacturer= to Part C21
Added Parameter Manufacturer= to Part C23
Added Parameter Manufacturer= to Part C24
Added Parameter Manufacturer= to Part C26
Added Parameter Manufacturer= to Part C31
Added Parameter Manufacturer= to Part C32
Added Parameter Manufacturer= to Part C53
Added Parameter Manufacturer= to Part C54
Added Parameter Manufacturer= to Part C55
Added Parameter Manufacturer= to Part C56
Added Parameter Manufacturer= to Part C57
Added Parameter Manufacturer= to Part C58
Added Parameter Manufacturer= to Part C59
Added Parameter Manufacturer= to Part L5
Added Parameter Manufacturer= to Part P1
Added Parameter Manufacturer= to Part P2
Added Parameter Manufacturer= to Part Q6
Added Parameter Manufacturer= to Part R11
Added Parameter Manufacturer= to Part RN1
Added Parameter Manufacturer= to Part TP11
Added Parameter Manufacturer= to Part TP12
Added Parameter Manufacturer= to Part TP13
Added Parameter Manufacturer= to Part TP14
Added Parameter Manufacturer= to Part TP15
Added Parameter Manufacturer= to Part TP16
Added Parameter Manufacturer= to Part TP17
Added Parameter Manufacturer= to Part TP18
Added Parameter Manufacturer= to Part TP19
Added Parameter Manufacturer= to Part TP20
Added Parameter Manufacturer= to Part TP21
Added Parameter Manufacturer= to Part U9
Added Parameter Manufacturer= to Part U9
Added Parameter Manufacturer= to Part U9
Added Parameter Manufacturer= to Part U9
Added Parameter Manufacturer= to Part U9
Added Parameter Manufacturer= to Part U10
Added Parameter Manufacturer= to Part U19
Added Parameter Manuf p/n= to Part C7
Added Parameter Manuf p/n= to Part C12
Added Parameter Manuf p/n= to Part C16
Added Parameter Manuf p/n= to Part C17
Added Parameter Manuf p/n= to Part C18
Added Parameter Manuf p/n= to Part C19
Added Parameter Manuf p/n= to Part C20
Added Parameter Manuf p/n= to Part C21
Added Parameter Manuf p/n= to Part C23
Added Parameter Manuf p/n= to Part C24
Added Parameter Manuf p/n= to Part C26
Added Parameter Manuf p/n= to Part C31
Added Parameter Manuf p/n= to Part C32
Added Parameter Manuf p/n= to Part C53
Added Parameter Manuf p/n= to Part C54
Added Parameter Manuf p/n= to Part C55
Added Parameter Manuf p/n= to Part C56
Added Parameter Manuf p/n= to Part C57
Added Parameter Manuf p/n= to Part C58
Added Parameter Manuf p/n= to Part C59
Added Parameter Manuf p/n= to Part L5
Added Parameter Manuf p/n= to Part P1
Added Parameter Manuf p/n= to Part P2
Added Parameter Manuf p/n= to Part Q6
Added Parameter Manuf p/n= to Part R11
Added Parameter Manuf p/n= to Part RN1
Added Parameter Manuf p/n= to Part TP11
Added Parameter Manuf p/n= to Part TP12
Added Parameter Manuf p/n= to Part TP13
Added Parameter Manuf p/n= to Part TP14
Added Parameter Manuf p/n= to Part TP15
Added Parameter Manuf p/n= to Part TP16
Added Parameter Manuf p/n= to Part TP17
Added Parameter Manuf p/n= to Part TP18
Added Parameter Manuf p/n= to Part TP19
Added Parameter Manuf p/n= to Part TP20
Added Parameter Manuf p/n= to Part TP21
Added Parameter Manuf p/n= to Part U9
Added Parameter Manuf p/n= to Part U9
Added Parameter Manuf p/n= to Part U9
Added Parameter Manuf p/n= to Part U9
Added Parameter Manuf p/n= to Part U9
Added Parameter Manuf p/n= to Part U10
Added Parameter Manuf p/n= to Part U19
Added Parameter Value=RES ARRAY  x4 to Part RN1
Added Parameter Value=Test Point SMD to Part TP11
Added Parameter Value=Test Point SMD to Part TP12
Added Parameter Value=Test Point SMD to Part TP13
Added Parameter Value=Test Point SMD to Part TP14
Added Parameter Value=Test Point SMD to Part TP15
Added Parameter Value=Test Point SMD to Part TP16
Added Parameter Value=Test Point SMD to Part TP17
Added Parameter Value=Test Point SMD to Part TP18
Added Parameter Value=Test Point SMD to Part TP19
Added Parameter Value=Test Point SMD to Part TP20
Added Parameter Value=Test Point SMD to Part TP21
Added Parameter Value= to Part L5
Added Parameter Value= to Part P1
Added Parameter Value= to Part P2
Added Parameter Value= to Part Q6
Added Parameter Value= to Part U9
Added Parameter Value= to Part U9
Added Parameter Value= to Part U9
Added Parameter Value= to Part U9
Added Parameter Value= to Part U9
Added Parameter Value= to Part U10
Added Parameter Value= to Part U19
Added Parameter Vendor= to Part C7
Added Parameter Vendor= to Part C12
Added Parameter Vendor= to Part C16
Added Parameter Vendor= to Part C17
Added Parameter Vendor= to Part C18
Added Parameter Vendor= to Part C19
Added Parameter Vendor= to Part C20
Added Parameter Vendor= to Part C21
Added Parameter Vendor= to Part C23
Added Parameter Vendor= to Part C24
Added Parameter Vendor= to Part C26
Added Parameter Vendor= to Part C31
Added Parameter Vendor= to Part C32
Added Parameter Vendor= to Part C53
Added Parameter Vendor= to Part C54
Added Parameter Vendor= to Part C55
Added Parameter Vendor= to Part C56
Added Parameter Vendor= to Part C57
Added Parameter Vendor= to Part C58
Added Parameter Vendor= to Part C59
Added Parameter Vendor= to Part L5
Added Parameter Vendor= to Part P1
Added Parameter Vendor= to Part P2
Added Parameter Vendor= to Part Q6
Added Parameter Vendor= to Part R11
Added Parameter Vendor= to Part RN1
Added Parameter Vendor= to Part TP11
Added Parameter Vendor= to Part TP12
Added Parameter Vendor= to Part TP13
Added Parameter Vendor= to Part TP14
Added Parameter Vendor= to Part TP15
Added Parameter Vendor= to Part TP16
Added Parameter Vendor= to Part TP17
Added Parameter Vendor= to Part TP18
Added Parameter Vendor= to Part TP19
Added Parameter Vendor= to Part TP20
Added Parameter Vendor= to Part TP21
Added Parameter Vendor= to Part U9
Added Parameter Vendor= to Part U9
Added Parameter Vendor= to Part U9
Added Parameter Vendor= to Part U9
Added Parameter Vendor= to Part U9
Added Parameter Vendor= to Part U10
Added Parameter Vendor= to Part U19
Added Parameter Vendor p/n= to Part C7
Added Parameter Vendor p/n= to Part C12
Added Parameter Vendor p/n= to Part C16
Added Parameter Vendor p/n= to Part C17
Added Parameter Vendor p/n= to Part C18
Added Parameter Vendor p/n= to Part C19
Added Parameter Vendor p/n= to Part C20
Added Parameter Vendor p/n= to Part C21
Added Parameter Vendor p/n= to Part C23
Added Parameter Vendor p/n= to Part C24
Added Parameter Vendor p/n= to Part C26
Added Parameter Vendor p/n= to Part C31
Added Parameter Vendor p/n= to Part C32
Added Parameter Vendor p/n= to Part C53
Added Parameter Vendor p/n= to Part C54
Added Parameter Vendor p/n= to Part C55
Added Parameter Vendor p/n= to Part C56
Added Parameter Vendor p/n= to Part C57
Added Parameter Vendor p/n= to Part C58
Added Parameter Vendor p/n= to Part C59
Added Parameter Vendor p/n= to Part L5
Added Parameter Vendor p/n= to Part P1
Added Parameter Vendor p/n= to Part P2
Added Parameter Vendor p/n= to Part Q6
Added Parameter Vendor p/n= to Part R11
Added Parameter Vendor p/n= to Part RN1
Added Parameter Vendor p/n= to Part TP11
Added Parameter Vendor p/n= to Part TP12
Added Parameter Vendor p/n= to Part TP13
Added Parameter Vendor p/n= to Part TP14
Added Parameter Vendor p/n= to Part TP15
Added Parameter Vendor p/n= to Part TP16
Added Parameter Vendor p/n= to Part TP17
Added Parameter Vendor p/n= to Part TP18
Added Parameter Vendor p/n= to Part TP19
Added Parameter Vendor p/n= to Part TP20
Added Parameter Vendor p/n= to Part TP21
Added Parameter Vendor p/n= to Part U9
Added Parameter Vendor p/n= to Part U9
Added Parameter Vendor p/n= to Part U9
Added Parameter Vendor p/n= to Part U9
Added Parameter Vendor p/n= to Part U9
Added Parameter Vendor p/n= to Part U10
Added Parameter Vendor p/n= to Part U19
Added Parameter Voltage= to Part C12
Added Parameter Voltage= to Part C16
Added Parameter Voltage= to Part C17
Added Parameter Voltage= to Part C18
Added Parameter Voltage= to Part C19
Added Parameter Voltage= to Part C20
Added Parameter Voltage= to Part C21
Added Parameter Voltage= to Part C23
Added Parameter Voltage= to Part C24
Added Parameter Voltage= to Part C26
Added Parameter Voltage= to Part C31
Added Parameter Voltage= to Part C56
Added Parameter Voltage= to Part J1
Added Parameter Voltage= to Part J1
Added Parameter Voltage= to Part J1
Added Parameter Voltage= to Part J1
Added Parameter Voltage= to Part J1
Added Parameter Voltage= to Part L5
Added Parameter Voltage= to Part P1
Added Parameter Voltage= to Part P2
Added Parameter Voltage= to Part Q6
Added Parameter Voltage= to Part R11
Added Parameter Voltage= to Part RN1
Added Parameter Voltage= to Part TP11
Added Parameter Voltage= to Part TP12
Added Parameter Voltage= to Part TP13
Added Parameter Voltage= to Part TP14
Added Parameter Voltage= to Part TP15
Added Parameter Voltage= to Part TP16
Added Parameter Voltage= to Part TP17
Added Parameter Voltage= to Part TP18
Added Parameter Voltage= to Part TP19
Added Parameter Voltage= to Part TP20
Added Parameter Voltage= to Part TP21
Added Parameter Voltage= to Part U9
Added Parameter Voltage= to Part U9
Added Parameter Voltage= to Part U9
Added Parameter Voltage= to Part U9
Added Parameter Voltage= to Part U9
Added Parameter Voltage= to Part U10
Added Parameter Voltage= to Part U19
