Removed Parameter Code_IPC:SOIC127P600-8 from Part U11
Removed Parameter Code_IPC:SOIC127P600-8 from Part U11
Removed Parameter Code_IPC:SOIC127P600-8 from Part U12
Removed Parameter Code_IPC:SOIC127P600-8 from Part U12
Removed Parameter Code_IPC:SOIC127P600-8 from Part U14
Removed Parameter Code_IPC:SOIC127P600-8 from Part U14
Removed Parameter Code_IPC:SOIC127P600-8 from Part U15
Removed Parameter Code_IPC:SOIC127P600-8 from Part U18
Removed Parameter Code_IPC:SOIC127P600-8 from Part U18
Removed Parameter Code_JEDEC:MS-012-AA from Part U11
Removed Parameter Code_JEDEC:MS-012-AA from Part U11
Removed Parameter Code_JEDEC:MS-012-AA from Part U12
Removed Parameter Code_JEDEC:MS-012-AA from Part U12
Removed Parameter Code_JEDEC:MS-012-AA from Part U14
Removed Parameter Code_JEDEC:MS-012-AA from Part U14
Removed Parameter Code_JEDEC:MS-012-AA from Part U15
Removed Parameter Code_JEDEC:MS-012-AA from Part U18
Removed Parameter Code_JEDEC:MS-012-AA from Part U18
Removed Parameter Code_JEDEC:TO-92A from Part Q3
Removed Parameter Code_JEDEC:TO-92A from Part Q4
Removed Parameter Code_JEDEC:TO-92A from Part Q5
Removed Parameter ComponentLink1Description:Manufacturer Link from Part Q3
Removed Parameter ComponentLink1Description:Manufacturer Link from Part Q4
Removed Parameter ComponentLink1Description:Manufacturer Link from Part Q5
Removed Parameter ComponentLink1Description:Manufacturer Link from Part U11
Removed Parameter ComponentLink1Description:Manufacturer Link from Part U11
Removed Parameter ComponentLink1Description:Manufacturer Link from Part U12
Removed Parameter ComponentLink1Description:Manufacturer Link from Part U12
Removed Parameter ComponentLink1Description:Manufacturer Link from Part U14
Removed Parameter ComponentLink1Description:Manufacturer Link from Part U14
Removed Parameter ComponentLink1Description:Manufacturer Link from Part U15
Removed Parameter ComponentLink1Description:Manufacturer Link from Part U18
Removed Parameter ComponentLink1Description:Manufacturer Link from Part U18
Removed Parameter ComponentLink1URL:http://www.fairchildsemi.com/ from Part Q3
Removed Parameter ComponentLink1URL:http://www.fairchildsemi.com/ from Part Q4
Removed Parameter ComponentLink1URL:http://www.fairchildsemi.com/ from Part Q5
Removed Parameter ComponentLink1URL:http://www.linear.com/ from Part U11
Removed Parameter ComponentLink1URL:http://www.linear.com/ from Part U11
Removed Parameter ComponentLink1URL:http://www.linear.com/ from Part U12
Removed Parameter ComponentLink1URL:http://www.linear.com/ from Part U12
Removed Parameter ComponentLink1URL:http://www.linear.com/ from Part U14
Removed Parameter ComponentLink1URL:http://www.linear.com/ from Part U14
Removed Parameter ComponentLink1URL:http://www.linear.com/ from Part U18
Removed Parameter ComponentLink1URL:http://www.linear.com/ from Part U18
Removed Parameter ComponentLink1URL:http://www.ti.com/ from Part U15
Removed Parameter ComponentLink2Description:Datasheet from Part Q3
Removed Parameter ComponentLink2Description:Datasheet from Part Q4
Removed Parameter ComponentLink2Description:Datasheet from Part Q5
Removed Parameter ComponentLink2Description:Datasheet from Part U11
Removed Parameter ComponentLink2Description:Datasheet from Part U11
Removed Parameter ComponentLink2Description:Datasheet from Part U12
Removed Parameter ComponentLink2Description:Datasheet from Part U12
Removed Parameter ComponentLink2Description:Datasheet from Part U14
Removed Parameter ComponentLink2Description:Datasheet from Part U14
Removed Parameter ComponentLink2Description:Datasheet from Part U15
Removed Parameter ComponentLink2Description:Datasheet from Part U18
Removed Parameter ComponentLink2Description:Datasheet from Part U18
Removed Parameter ComponentLink2URL:http://www-s.ti.com/sc/ds/REF02.pdf from Part U15
Removed Parameter ComponentLink2URL:http://www.fairchildsemi.com/ds/2N%2F2N3904.pdf from Part Q3
Removed Parameter ComponentLink2URL:http://www.fairchildsemi.com/ds/2N%2F2N3904.pdf from Part Q4
Removed Parameter ComponentLink2URL:http://www.fairchildsemi.com/ds/2N%2F2N3904.pdf from Part Q5
Removed Parameter ComponentLink2URL:http://www.linear.com/pc/downloadDocument.do?navId=H0,C1,C1154,C1009,C1026,P1297,D1363 from Part U11
Removed Parameter ComponentLink2URL:http://www.linear.com/pc/downloadDocument.do?navId=H0,C1,C1154,C1009,C1026,P1297,D1363 from Part U11
Removed Parameter ComponentLink2URL:http://www.linear.com/pc/downloadDocument.do?navId=H0,C1,C1154,C1009,C1026,P1297,D1363 from Part U12
Removed Parameter ComponentLink2URL:http://www.linear.com/pc/downloadDocument.do?navId=H0,C1,C1154,C1009,C1026,P1297,D1363 from Part U12
Removed Parameter ComponentLink2URL:http://www.linear.com/pc/downloadDocument.do?navId=H0,C1,C1154,C1009,C1026,P1297,D1363 from Part U14
Removed Parameter ComponentLink2URL:http://www.linear.com/pc/downloadDocument.do?navId=H0,C1,C1154,C1009,C1026,P1297,D1363 from Part U14
Removed Parameter ComponentLink2URL:http://www.linear.com/pc/downloadDocument.do?navId=H0,C1,C1154,C1009,C1026,P1297,D1363 from Part U18
Removed Parameter ComponentLink2URL:http://www.linear.com/pc/downloadDocument.do?navId=H0,C1,C1154,C1009,C1026,P1297,D1363 from Part U18
Removed Parameter DatasheetDocument:1997 from Part Q3
Removed Parameter DatasheetDocument:1997 from Part Q4
Removed Parameter DatasheetDocument:1997 from Part Q5
Removed Parameter DatasheetVersion:1996 from Part U11
Removed Parameter DatasheetVersion:1996 from Part U11
Removed Parameter DatasheetVersion:1996 from Part U12
Removed Parameter DatasheetVersion:1996 from Part U12
Removed Parameter DatasheetVersion:1996 from Part U14
Removed Parameter DatasheetVersion:1996 from Part U14
Removed Parameter DatasheetVersion:1996 from Part U18
Removed Parameter DatasheetVersion:1996 from Part U18
Removed Parameter DatasheetVersion:Dec-1993 from Part U15
Removed Parameter LatestRevisionDate:13-Apr-2006 from Part U11
Removed Parameter LatestRevisionDate:13-Apr-2006 from Part U11
Removed Parameter LatestRevisionDate:13-Apr-2006 from Part U12
Removed Parameter LatestRevisionDate:13-Apr-2006 from Part U12
Removed Parameter LatestRevisionDate:13-Apr-2006 from Part U14
Removed Parameter LatestRevisionDate:13-Apr-2006 from Part U14
Removed Parameter LatestRevisionDate:13-Apr-2006 from Part U15
Removed Parameter LatestRevisionDate:13-Apr-2006 from Part U18
Removed Parameter LatestRevisionDate:13-Apr-2006 from Part U18
Removed Parameter LatestRevisionDate:15-Jan-2003 from Part Q3
Removed Parameter LatestRevisionDate:15-Jan-2003 from Part Q4
Removed Parameter LatestRevisionDate:15-Jan-2003 from Part Q5
Removed Parameter LatestRevisionDate:17-Jul-2002 from Part C22
Removed Parameter LatestRevisionDate:17-Jul-2002 from Part C25
Removed Parameter LatestRevisionDate:17-Jul-2002 from Part C27
Removed Parameter LatestRevisionDate:17-Jul-2002 from Part C28
Removed Parameter LatestRevisionDate:17-Jul-2002 from Part C29
Removed Parameter LatestRevisionDate:17-Jul-2002 from Part C30
Removed Parameter LatestRevisionDate:17-Jul-2002 from Part C38
Removed Parameter LatestRevisionDate:17-Jul-2002 from Part C39
Removed Parameter LatestRevisionDate:17-Jul-2002 from Part C40
Removed Parameter LatestRevisionDate:17-Jul-2002 from Part C41
Removed Parameter LatestRevisionDate:17-Jul-2002 from Part C42
Removed Parameter LatestRevisionDate:17-Jul-2002 from Part C43
Removed Parameter LatestRevisionDate:17-Jul-2002 from Part R15
Removed Parameter LatestRevisionDate:17-Jul-2002 from Part R16
Removed Parameter LatestRevisionDate:17-Jul-2002 from Part R18
Removed Parameter LatestRevisionDate:17-Jul-2002 from Part R19
Removed Parameter LatestRevisionDate:17-Jul-2002 from Part R21
Removed Parameter LatestRevisionDate:17-Jul-2002 from Part R22
Removed Parameter LatestRevisionDate:17-Jul-2002 from Part R24
Removed Parameter LatestRevisionDate:17-Jul-2002 from Part R25
Removed Parameter LatestRevisionDate:17-Jul-2002 from Part R27
Removed Parameter LatestRevisionDate:17-Jul-2002 from Part R28
Removed Parameter LatestRevisionDate:17-Jul-2002 from Part R29
Removed Parameter LatestRevisionDate:17-Jul-2002 from Part R30
Removed Parameter LatestRevisionDate:17-Jul-2002 from Part R31
Removed Parameter LatestRevisionDate:17-Jul-2002 from Part R32
Removed Parameter LatestRevisionDate:17-Jul-2002 from Part R33
Removed Parameter LatestRevisionDate:17-Jul-2002 from Part R34
Removed Parameter LatestRevisionDate:17-Jul-2002 from Part R35
Removed Parameter LatestRevisionDate:17-Jul-2002 from Part R36
Removed Parameter LatestRevisionDate:17-Jul-2002 from Part R37
Removed Parameter LatestRevisionDate:17-Jul-2002 from Part R38
Removed Parameter LatestRevisionDate:17-Jul-2002 from Part R39
Removed Parameter LatestRevisionDate:17-Jul-2002 from Part R40
Removed Parameter LatestRevisionDate:17-Jul-2002 from Part R41
Removed Parameter LatestRevisionDate:17-Jul-2002 from Part R42
Removed Parameter LatestRevisionDate:17-Jul-2002 from Part R43
Removed Parameter LatestRevisionDate:17-Jul-2002 from Part R44
Removed Parameter LatestRevisionDate:17-Jul-2002 from Part R45
Removed Parameter LatestRevisionDate:17-Jul-2002 from Part R46
Removed Parameter LatestRevisionDate:17-Jul-2002 from Part R47
Removed Parameter LatestRevisionNote:IPC-7351 Footprint Added. from Part U11
Removed Parameter LatestRevisionNote:IPC-7351 Footprint Added. from Part U11
Removed Parameter LatestRevisionNote:IPC-7351 Footprint Added. from Part U12
Removed Parameter LatestRevisionNote:IPC-7351 Footprint Added. from Part U12
Removed Parameter LatestRevisionNote:IPC-7351 Footprint Added. from Part U14
Removed Parameter LatestRevisionNote:IPC-7351 Footprint Added. from Part U14
Removed Parameter LatestRevisionNote:IPC-7351 Footprint Added. from Part U15
Removed Parameter LatestRevisionNote:IPC-7351 Footprint Added. from Part U18
Removed Parameter LatestRevisionNote:IPC-7351 Footprint Added. from Part U18
Removed Parameter LatestRevisionNote:PCB Footprint 'BCY-W3/D4.7' replaced from Part Q3
Removed Parameter LatestRevisionNote:PCB Footprint 'BCY-W3/D4.7' replaced from Part Q4
Removed Parameter LatestRevisionNote:PCB Footprint 'BCY-W3/D4.7' replaced from Part Q5
Removed Parameter LatestRevisionNote:Re-released for DXP Platform. from Part C22
Removed Parameter LatestRevisionNote:Re-released for DXP Platform. from Part C25
Removed Parameter LatestRevisionNote:Re-released for DXP Platform. from Part C27
Removed Parameter LatestRevisionNote:Re-released for DXP Platform. from Part C28
Removed Parameter LatestRevisionNote:Re-released for DXP Platform. from Part C29
Removed Parameter LatestRevisionNote:Re-released for DXP Platform. from Part C30
Removed Parameter LatestRevisionNote:Re-released for DXP Platform. from Part C38
Removed Parameter LatestRevisionNote:Re-released for DXP Platform. from Part C39
Removed Parameter LatestRevisionNote:Re-released for DXP Platform. from Part C40
Removed Parameter LatestRevisionNote:Re-released for DXP Platform. from Part C41
Removed Parameter LatestRevisionNote:Re-released for DXP Platform. from Part C42
Removed Parameter LatestRevisionNote:Re-released for DXP Platform. from Part C43
Removed Parameter LatestRevisionNote:Re-released for DXP Platform. from Part R15
Removed Parameter LatestRevisionNote:Re-released for DXP Platform. from Part R16
Removed Parameter LatestRevisionNote:Re-released for DXP Platform. from Part R18
Removed Parameter LatestRevisionNote:Re-released for DXP Platform. from Part R19
Removed Parameter LatestRevisionNote:Re-released for DXP Platform. from Part R21
Removed Parameter LatestRevisionNote:Re-released for DXP Platform. from Part R22
Removed Parameter LatestRevisionNote:Re-released for DXP Platform. from Part R24
Removed Parameter LatestRevisionNote:Re-released for DXP Platform. from Part R25
Removed Parameter LatestRevisionNote:Re-released for DXP Platform. from Part R27
Removed Parameter LatestRevisionNote:Re-released for DXP Platform. from Part R28
Removed Parameter LatestRevisionNote:Re-released for DXP Platform. from Part R29
Removed Parameter LatestRevisionNote:Re-released for DXP Platform. from Part R30
Removed Parameter LatestRevisionNote:Re-released for DXP Platform. from Part R31
Removed Parameter LatestRevisionNote:Re-released for DXP Platform. from Part R32
Removed Parameter LatestRevisionNote:Re-released for DXP Platform. from Part R33
Removed Parameter LatestRevisionNote:Re-released for DXP Platform. from Part R34
Removed Parameter LatestRevisionNote:Re-released for DXP Platform. from Part R35
Removed Parameter LatestRevisionNote:Re-released for DXP Platform. from Part R36
Removed Parameter LatestRevisionNote:Re-released for DXP Platform. from Part R37
Removed Parameter LatestRevisionNote:Re-released for DXP Platform. from Part R38
Removed Parameter LatestRevisionNote:Re-released for DXP Platform. from Part R39
Removed Parameter LatestRevisionNote:Re-released for DXP Platform. from Part R40
Removed Parameter LatestRevisionNote:Re-released for DXP Platform. from Part R41
Removed Parameter LatestRevisionNote:Re-released for DXP Platform. from Part R42
Removed Parameter LatestRevisionNote:Re-released for DXP Platform. from Part R43
Removed Parameter LatestRevisionNote:Re-released for DXP Platform. from Part R44
Removed Parameter LatestRevisionNote:Re-released for DXP Platform. from Part R45
Removed Parameter LatestRevisionNote:Re-released for DXP Platform. from Part R46
Removed Parameter LatestRevisionNote:Re-released for DXP Platform. from Part R47
Removed Parameter Note:Pin 1, 7 and 8 are No internal Connection (NC) pins. from Part U15
Removed Parameter PackageDescription:8-Pin Small Outline Integrated Circuit 1.27 mm Pitch from Part U11
Removed Parameter PackageDescription:8-Pin Small Outline Integrated Circuit 1.27 mm Pitch from Part U11
Removed Parameter PackageDescription:8-Pin Small Outline Integrated Circuit 1.27 mm Pitch from Part U12
Removed Parameter PackageDescription:8-Pin Small Outline Integrated Circuit 1.27 mm Pitch from Part U12
Removed Parameter PackageDescription:8-Pin Small Outline Integrated Circuit 1.27 mm Pitch from Part U14
Removed Parameter PackageDescription:8-Pin Small Outline Integrated Circuit 1.27 mm Pitch from Part U14
Removed Parameter PackageDescription:8-Pin Small Outline Integrated Circuit 1.27 mm Pitch from Part U15
Removed Parameter PackageDescription:8-Pin Small Outline Integrated Circuit 1.27 mm Pitch from Part U18
Removed Parameter PackageDescription:8-Pin Small Outline Integrated Circuit 1.27 mm Pitch from Part U18
Removed Parameter PackageDocument:Sep-1998 from Part Q3
Removed Parameter PackageDocument:Sep-1998 from Part Q4
Removed Parameter PackageDocument:Sep-1998 from Part Q5
Removed Parameter PackageReference:182H from Part U15
Removed Parameter PackageReference:AXIAL-0.3 from Part R15
Removed Parameter PackageReference:AXIAL-0.3 from Part R16
Removed Parameter PackageReference:AXIAL-0.3 from Part R18
Removed Parameter PackageReference:AXIAL-0.3 from Part R19
Removed Parameter PackageReference:AXIAL-0.3 from Part R21
Removed Parameter PackageReference:AXIAL-0.3 from Part R22
Removed Parameter PackageReference:AXIAL-0.3 from Part R24
Removed Parameter PackageReference:AXIAL-0.3 from Part R25
Removed Parameter PackageReference:AXIAL-0.3 from Part R27
Removed Parameter PackageReference:AXIAL-0.3 from Part R28
Removed Parameter PackageReference:AXIAL-0.3 from Part R29
Removed Parameter PackageReference:AXIAL-0.3 from Part R30
Removed Parameter PackageReference:AXIAL-0.3 from Part R31
Removed Parameter PackageReference:AXIAL-0.3 from Part R32
Removed Parameter PackageReference:AXIAL-0.3 from Part R33
Removed Parameter PackageReference:AXIAL-0.3 from Part R34
Removed Parameter PackageReference:AXIAL-0.3 from Part R35
Removed Parameter PackageReference:AXIAL-0.3 from Part R36
Removed Parameter PackageReference:AXIAL-0.3 from Part R37
Removed Parameter PackageReference:AXIAL-0.3 from Part R38
Removed Parameter PackageReference:AXIAL-0.3 from Part R39
Removed Parameter PackageReference:AXIAL-0.3 from Part R40
Removed Parameter PackageReference:AXIAL-0.3 from Part R41
Removed Parameter PackageReference:AXIAL-0.3 from Part R42
Removed Parameter PackageReference:AXIAL-0.3 from Part R43
Removed Parameter PackageReference:AXIAL-0.3 from Part R44
Removed Parameter PackageReference:AXIAL-0.3 from Part R45
Removed Parameter PackageReference:AXIAL-0.3 from Part R46
Removed Parameter PackageReference:AXIAL-0.3 from Part R47
Removed Parameter PackageReference:RAD-0.3 from Part C22
Removed Parameter PackageReference:RAD-0.3 from Part C25
Removed Parameter PackageReference:RAD-0.3 from Part C27
Removed Parameter PackageReference:RAD-0.3 from Part C28
Removed Parameter PackageReference:RAD-0.3 from Part C29
Removed Parameter PackageReference:RAD-0.3 from Part C30
Removed Parameter PackageReference:RAD-0.3 from Part C38
Removed Parameter PackageReference:RAD-0.3 from Part C39
Removed Parameter PackageReference:RAD-0.3 from Part C40
Removed Parameter PackageReference:RAD-0.3 from Part C41
Removed Parameter PackageReference:RAD-0.3 from Part C42
Removed Parameter PackageReference:RAD-0.3 from Part C43
Removed Parameter PackageReference:S8 from Part U11
Removed Parameter PackageReference:S8 from Part U11
Removed Parameter PackageReference:S8 from Part U12
Removed Parameter PackageReference:S8 from Part U12
Removed Parameter PackageReference:S8 from Part U14
Removed Parameter PackageReference:S8 from Part U14
Removed Parameter PackageReference:S8 from Part U18
Removed Parameter PackageReference:S8 from Part U18
Removed Parameter PackageReference:TO-92A from Part Q3
Removed Parameter PackageReference:TO-92A from Part Q4
Removed Parameter PackageReference:TO-92A from Part Q5
Removed Parameter Published:8-Jun-2000 from Part C22
Removed Parameter Published:8-Jun-2000 from Part C25
Removed Parameter Published:8-Jun-2000 from Part C27
Removed Parameter Published:8-Jun-2000 from Part C28
Removed Parameter Published:8-Jun-2000 from Part C29
Removed Parameter Published:8-Jun-2000 from Part C30
Removed Parameter Published:8-Jun-2000 from Part C38
Removed Parameter Published:8-Jun-2000 from Part C39
Removed Parameter Published:8-Jun-2000 from Part C40
Removed Parameter Published:8-Jun-2000 from Part C41
Removed Parameter Published:8-Jun-2000 from Part C42
Removed Parameter Published:8-Jun-2000 from Part C43
Removed Parameter Published:8-Jun-2000 from Part Q3
Removed Parameter Published:8-Jun-2000 from Part Q4
Removed Parameter Published:8-Jun-2000 from Part Q5
Removed Parameter Published:8-Jun-2000 from Part R15
Removed Parameter Published:8-Jun-2000 from Part R16
Removed Parameter Published:8-Jun-2000 from Part R18
Removed Parameter Published:8-Jun-2000 from Part R19
Removed Parameter Published:8-Jun-2000 from Part R21
Removed Parameter Published:8-Jun-2000 from Part R22
Removed Parameter Published:8-Jun-2000 from Part R24
Removed Parameter Published:8-Jun-2000 from Part R25
Removed Parameter Published:8-Jun-2000 from Part R27
Removed Parameter Published:8-Jun-2000 from Part R28
Removed Parameter Published:8-Jun-2000 from Part R29
Removed Parameter Published:8-Jun-2000 from Part R30
Removed Parameter Published:8-Jun-2000 from Part R31
Removed Parameter Published:8-Jun-2000 from Part R32
Removed Parameter Published:8-Jun-2000 from Part R33
Removed Parameter Published:8-Jun-2000 from Part R34
Removed Parameter Published:8-Jun-2000 from Part R35
Removed Parameter Published:8-Jun-2000 from Part R36
Removed Parameter Published:8-Jun-2000 from Part R37
Removed Parameter Published:8-Jun-2000 from Part R38
Removed Parameter Published:8-Jun-2000 from Part R39
Removed Parameter Published:8-Jun-2000 from Part R40
Removed Parameter Published:8-Jun-2000 from Part R41
Removed Parameter Published:8-Jun-2000 from Part R42
Removed Parameter Published:8-Jun-2000 from Part R43
Removed Parameter Published:8-Jun-2000 from Part R44
Removed Parameter Published:8-Jun-2000 from Part R45
Removed Parameter Published:8-Jun-2000 from Part R46
Removed Parameter Published:8-Jun-2000 from Part R47
Removed Parameter Published:8-Jun-2000 from Part U11
Removed Parameter Published:8-Jun-2000 from Part U11
Removed Parameter Published:8-Jun-2000 from Part U12
Removed Parameter Published:8-Jun-2000 from Part U12
Removed Parameter Published:8-Jun-2000 from Part U14
Removed Parameter Published:8-Jun-2000 from Part U14
Removed Parameter Published:8-Jun-2000 from Part U15
Removed Parameter Published:8-Jun-2000 from Part U18
Removed Parameter Published:8-Jun-2000 from Part U18
Removed Parameter Publisher:Altium Limited from Part C22
Removed Parameter Publisher:Altium Limited from Part C25
Removed Parameter Publisher:Altium Limited from Part C27
Removed Parameter Publisher:Altium Limited from Part C28
Removed Parameter Publisher:Altium Limited from Part C29
Removed Parameter Publisher:Altium Limited from Part C30
Removed Parameter Publisher:Altium Limited from Part C38
Removed Parameter Publisher:Altium Limited from Part C39
Removed Parameter Publisher:Altium Limited from Part C40
Removed Parameter Publisher:Altium Limited from Part C41
Removed Parameter Publisher:Altium Limited from Part C42
Removed Parameter Publisher:Altium Limited from Part C43
Removed Parameter Publisher:Altium Limited from Part Q3
Removed Parameter Publisher:Altium Limited from Part Q4
Removed Parameter Publisher:Altium Limited from Part Q5
Removed Parameter Publisher:Altium Limited from Part R15
Removed Parameter Publisher:Altium Limited from Part R16
Removed Parameter Publisher:Altium Limited from Part R18
Removed Parameter Publisher:Altium Limited from Part R19
Removed Parameter Publisher:Altium Limited from Part R21
Removed Parameter Publisher:Altium Limited from Part R22
Removed Parameter Publisher:Altium Limited from Part R24
Removed Parameter Publisher:Altium Limited from Part R25
Removed Parameter Publisher:Altium Limited from Part R27
Removed Parameter Publisher:Altium Limited from Part R28
Removed Parameter Publisher:Altium Limited from Part R29
Removed Parameter Publisher:Altium Limited from Part R30
Removed Parameter Publisher:Altium Limited from Part R31
Removed Parameter Publisher:Altium Limited from Part R32
Removed Parameter Publisher:Altium Limited from Part R33
Removed Parameter Publisher:Altium Limited from Part R34
Removed Parameter Publisher:Altium Limited from Part R35
Removed Parameter Publisher:Altium Limited from Part R36
Removed Parameter Publisher:Altium Limited from Part R37
Removed Parameter Publisher:Altium Limited from Part R38
Removed Parameter Publisher:Altium Limited from Part R39
Removed Parameter Publisher:Altium Limited from Part R40
Removed Parameter Publisher:Altium Limited from Part R41
Removed Parameter Publisher:Altium Limited from Part R42
Removed Parameter Publisher:Altium Limited from Part R43
Removed Parameter Publisher:Altium Limited from Part R44
Removed Parameter Publisher:Altium Limited from Part R45
Removed Parameter Publisher:Altium Limited from Part R46
Removed Parameter Publisher:Altium Limited from Part R47
Removed Parameter Publisher:Altium Limited from Part U11
Removed Parameter Publisher:Altium Limited from Part U11
Removed Parameter Publisher:Altium Limited from Part U12
Removed Parameter Publisher:Altium Limited from Part U12
Removed Parameter Publisher:Altium Limited from Part U14
Removed Parameter Publisher:Altium Limited from Part U14
Removed Parameter Publisher:Altium Limited from Part U15
Removed Parameter Publisher:Altium Limited from Part U18
Removed Parameter Publisher:Altium Limited from Part U18
Added Parameter COST= to Part C22
Added Parameter COST= to Part C25
Added Parameter COST= to Part C27
Added Parameter COST= to Part C28
Added Parameter COST= to Part C29
Added Parameter COST= to Part C30
Added Parameter COST= to Part C38
Added Parameter COST= to Part C39
Added Parameter COST= to Part C40
Added Parameter COST= to Part C41
Added Parameter COST= to Part C42
Added Parameter COST= to Part C43
Added Parameter COST= to Part Q3
Added Parameter COST= to Part Q4
Added Parameter COST= to Part Q5
Added Parameter COST= to Part R15
Added Parameter COST= to Part R16
Added Parameter COST= to Part R18
Added Parameter COST= to Part R19
Added Parameter COST= to Part R21
Added Parameter COST= to Part R22
Added Parameter COST= to Part R24
Added Parameter COST= to Part R25
Added Parameter COST= to Part R27
Added Parameter COST= to Part R28
Added Parameter COST= to Part R29
Added Parameter COST= to Part R30
Added Parameter COST= to Part R31
Added Parameter COST= to Part R32
Added Parameter COST= to Part R33
Added Parameter COST= to Part R34
Added Parameter COST= to Part R35
Added Parameter COST= to Part R36
Added Parameter COST= to Part R37
Added Parameter COST= to Part R38
Added Parameter COST= to Part R39
Added Parameter COST= to Part R40
Added Parameter COST= to Part R41
Added Parameter COST= to Part R42
Added Parameter COST= to Part R43
Added Parameter COST= to Part R44
Added Parameter COST= to Part R45
Added Parameter COST= to Part R46
Added Parameter COST= to Part R47
Added Parameter COST= to Part TP5
Added Parameter COST= to Part TP6
Added Parameter COST= to Part TP7
Added Parameter COST= to Part TP8
Added Parameter COST= to Part TP9
Added Parameter COST= to Part TP10
Added Parameter COST= to Part U11
Added Parameter COST= to Part U11
Added Parameter COST= to Part U12
Added Parameter COST= to Part U12
Added Parameter COST= to Part U14
Added Parameter COST= to Part U14
Added Parameter COST= to Part U15
Added Parameter COST= to Part U17
Added Parameter COST= to Part U17
Added Parameter COST= to Part U17
Added Parameter COST= to Part U17
Added Parameter COST= to Part U17
Added Parameter COST= to Part U18
Added Parameter COST= to Part U18
Added Parameter Manufacturer= to Part C22
Added Parameter Manufacturer= to Part C25
Added Parameter Manufacturer= to Part C27
Added Parameter Manufacturer= to Part C28
Added Parameter Manufacturer= to Part C29
Added Parameter Manufacturer= to Part C30
Added Parameter Manufacturer= to Part C38
Added Parameter Manufacturer= to Part C39
Added Parameter Manufacturer= to Part C40
Added Parameter Manufacturer= to Part C41
Added Parameter Manufacturer= to Part C42
Added Parameter Manufacturer= to Part C43
Added Parameter Manufacturer= to Part Q3
Added Parameter Manufacturer= to Part Q4
Added Parameter Manufacturer= to Part Q5
Added Parameter Manufacturer= to Part R15
Added Parameter Manufacturer= to Part R16
Added Parameter Manufacturer= to Part R18
Added Parameter Manufacturer= to Part R19
Added Parameter Manufacturer= to Part R21
Added Parameter Manufacturer= to Part R22
Added Parameter Manufacturer= to Part R24
Added Parameter Manufacturer= to Part R25
Added Parameter Manufacturer= to Part R27
Added Parameter Manufacturer= to Part R28
Added Parameter Manufacturer= to Part R29
Added Parameter Manufacturer= to Part R30
Added Parameter Manufacturer= to Part R31
Added Parameter Manufacturer= to Part R32
Added Parameter Manufacturer= to Part R33
Added Parameter Manufacturer= to Part R34
Added Parameter Manufacturer= to Part R35
Added Parameter Manufacturer= to Part R36
Added Parameter Manufacturer= to Part R37
Added Parameter Manufacturer= to Part R38
Added Parameter Manufacturer= to Part R39
Added Parameter Manufacturer= to Part R40
Added Parameter Manufacturer= to Part R41
Added Parameter Manufacturer= to Part R42
Added Parameter Manufacturer= to Part R43
Added Parameter Manufacturer= to Part R44
Added Parameter Manufacturer= to Part R45
Added Parameter Manufacturer= to Part R46
Added Parameter Manufacturer= to Part R47
Added Parameter Manufacturer= to Part TP5
Added Parameter Manufacturer= to Part TP6
Added Parameter Manufacturer= to Part TP7
Added Parameter Manufacturer= to Part TP8
Added Parameter Manufacturer= to Part TP9
Added Parameter Manufacturer= to Part TP10
Added Parameter Manufacturer= to Part U11
Added Parameter Manufacturer= to Part U11
Added Parameter Manufacturer= to Part U12
Added Parameter Manufacturer= to Part U12
Added Parameter Manufacturer= to Part U14
Added Parameter Manufacturer= to Part U14
Added Parameter Manufacturer= to Part U15
Added Parameter Manufacturer= to Part U17
Added Parameter Manufacturer= to Part U17
Added Parameter Manufacturer= to Part U17
Added Parameter Manufacturer= to Part U17
Added Parameter Manufacturer= to Part U17
Added Parameter Manufacturer= to Part U18
Added Parameter Manufacturer= to Part U18
Added Parameter Manuf p/n= to Part C22
Added Parameter Manuf p/n= to Part C25
Added Parameter Manuf p/n= to Part C27
Added Parameter Manuf p/n= to Part C28
Added Parameter Manuf p/n= to Part C29
Added Parameter Manuf p/n= to Part C30
Added Parameter Manuf p/n= to Part C38
Added Parameter Manuf p/n= to Part C39
Added Parameter Manuf p/n= to Part C40
Added Parameter Manuf p/n= to Part C41
Added Parameter Manuf p/n= to Part C42
Added Parameter Manuf p/n= to Part C43
Added Parameter Manuf p/n= to Part Q3
Added Parameter Manuf p/n= to Part Q4
Added Parameter Manuf p/n= to Part Q5
Added Parameter Manuf p/n= to Part R15
Added Parameter Manuf p/n= to Part R16
Added Parameter Manuf p/n= to Part R18
Added Parameter Manuf p/n= to Part R19
Added Parameter Manuf p/n= to Part R21
Added Parameter Manuf p/n= to Part R22
Added Parameter Manuf p/n= to Part R24
Added Parameter Manuf p/n= to Part R25
Added Parameter Manuf p/n= to Part R27
Added Parameter Manuf p/n= to Part R28
Added Parameter Manuf p/n= to Part R29
Added Parameter Manuf p/n= to Part R30
Added Parameter Manuf p/n= to Part R31
Added Parameter Manuf p/n= to Part R32
Added Parameter Manuf p/n= to Part R33
Added Parameter Manuf p/n= to Part R34
Added Parameter Manuf p/n= to Part R35
Added Parameter Manuf p/n= to Part R36
Added Parameter Manuf p/n= to Part R37
Added Parameter Manuf p/n= to Part R38
Added Parameter Manuf p/n= to Part R39
Added Parameter Manuf p/n= to Part R40
Added Parameter Manuf p/n= to Part R41
Added Parameter Manuf p/n= to Part R42
Added Parameter Manuf p/n= to Part R43
Added Parameter Manuf p/n= to Part R44
Added Parameter Manuf p/n= to Part R45
Added Parameter Manuf p/n= to Part R46
Added Parameter Manuf p/n= to Part R47
Added Parameter Manuf p/n= to Part TP5
Added Parameter Manuf p/n= to Part TP6
Added Parameter Manuf p/n= to Part TP7
Added Parameter Manuf p/n= to Part TP8
Added Parameter Manuf p/n= to Part TP9
Added Parameter Manuf p/n= to Part TP10
Added Parameter Manuf p/n= to Part U11
Added Parameter Manuf p/n= to Part U11
Added Parameter Manuf p/n= to Part U12
Added Parameter Manuf p/n= to Part U12
Added Parameter Manuf p/n= to Part U14
Added Parameter Manuf p/n= to Part U14
Added Parameter Manuf p/n= to Part U15
Added Parameter Manuf p/n= to Part U17
Added Parameter Manuf p/n= to Part U17
Added Parameter Manuf p/n= to Part U17
Added Parameter Manuf p/n= to Part U17
Added Parameter Manuf p/n= to Part U17
Added Parameter Manuf p/n= to Part U18
Added Parameter Manuf p/n= to Part U18
Added Parameter Value=LT1124CS8 to Part U11
Added Parameter Value=LT1124CS8 to Part U11
Added Parameter Value=LT1124CS8 to Part U12
Added Parameter Value=LT1124CS8 to Part U12
Added Parameter Value=LT1124CS8 to Part U14
Added Parameter Value=LT1124CS8 to Part U14
Added Parameter Value=LT1124CS8 to Part U18
Added Parameter Value=LT1124CS8 to Part U18
Added Parameter Value=NJT4031N to Part Q3
Added Parameter Value=NJT4031N to Part Q4
Added Parameter Value=NJT4031N to Part Q5
Added Parameter Value=REF02AU to Part U15
Added Parameter Value=Test Point SMD to Part TP5
Added Parameter Value=Test Point SMD to Part TP6
Added Parameter Value=Test Point SMD to Part TP7
Added Parameter Value=Test Point SMD to Part TP8
Added Parameter Value=Test Point SMD to Part TP9
Added Parameter Value=Test Point SMD to Part TP10
Added Parameter Value= to Part U17
Added Parameter Value= to Part U17
Added Parameter Value= to Part U17
Added Parameter Value= to Part U17
Added Parameter Value= to Part U17
Added Parameter Vendor= to Part C22
Added Parameter Vendor= to Part C25
Added Parameter Vendor= to Part C27
Added Parameter Vendor= to Part C28
Added Parameter Vendor= to Part C29
Added Parameter Vendor= to Part C30
Added Parameter Vendor= to Part C38
Added Parameter Vendor= to Part C39
Added Parameter Vendor= to Part C40
Added Parameter Vendor= to Part C41
Added Parameter Vendor= to Part C42
Added Parameter Vendor= to Part C43
Added Parameter Vendor= to Part Q3
Added Parameter Vendor= to Part Q4
Added Parameter Vendor= to Part Q5
Added Parameter Vendor= to Part R15
Added Parameter Vendor= to Part R16
Added Parameter Vendor= to Part R18
Added Parameter Vendor= to Part R19
Added Parameter Vendor= to Part R21
Added Parameter Vendor= to Part R22
Added Parameter Vendor= to Part R24
Added Parameter Vendor= to Part R25
Added Parameter Vendor= to Part R27
Added Parameter Vendor= to Part R28
Added Parameter Vendor= to Part R29
Added Parameter Vendor= to Part R30
Added Parameter Vendor= to Part R31
Added Parameter Vendor= to Part R32
Added Parameter Vendor= to Part R33
Added Parameter Vendor= to Part R34
Added Parameter Vendor= to Part R35
Added Parameter Vendor= to Part R36
Added Parameter Vendor= to Part R37
Added Parameter Vendor= to Part R38
Added Parameter Vendor= to Part R39
Added Parameter Vendor= to Part R40
Added Parameter Vendor= to Part R41
Added Parameter Vendor= to Part R42
Added Parameter Vendor= to Part R43
Added Parameter Vendor= to Part R44
Added Parameter Vendor= to Part R45
Added Parameter Vendor= to Part R46
Added Parameter Vendor= to Part R47
Added Parameter Vendor= to Part TP5
Added Parameter Vendor= to Part TP6
Added Parameter Vendor= to Part TP7
Added Parameter Vendor= to Part TP8
Added Parameter Vendor= to Part TP9
Added Parameter Vendor= to Part TP10
Added Parameter Vendor= to Part U11
Added Parameter Vendor= to Part U11
Added Parameter Vendor= to Part U12
Added Parameter Vendor= to Part U12
Added Parameter Vendor= to Part U14
Added Parameter Vendor= to Part U14
Added Parameter Vendor= to Part U15
Added Parameter Vendor= to Part U17
Added Parameter Vendor= to Part U17
Added Parameter Vendor= to Part U17
Added Parameter Vendor= to Part U17
Added Parameter Vendor= to Part U17
Added Parameter Vendor= to Part U18
Added Parameter Vendor= to Part U18
Added Parameter Vendor p/n= to Part C22
Added Parameter Vendor p/n= to Part C25
Added Parameter Vendor p/n= to Part C27
Added Parameter Vendor p/n= to Part C28
Added Parameter Vendor p/n= to Part C29
Added Parameter Vendor p/n= to Part C30
Added Parameter Vendor p/n= to Part C38
Added Parameter Vendor p/n= to Part C39
Added Parameter Vendor p/n= to Part C40
Added Parameter Vendor p/n= to Part C41
Added Parameter Vendor p/n= to Part C42
Added Parameter Vendor p/n= to Part C43
Added Parameter Vendor p/n= to Part Q3
Added Parameter Vendor p/n= to Part Q4
Added Parameter Vendor p/n= to Part Q5
Added Parameter Vendor p/n= to Part R15
Added Parameter Vendor p/n= to Part R16
Added Parameter Vendor p/n= to Part R18
Added Parameter Vendor p/n= to Part R19
Added Parameter Vendor p/n= to Part R21
Added Parameter Vendor p/n= to Part R22
Added Parameter Vendor p/n= to Part R24
Added Parameter Vendor p/n= to Part R25
Added Parameter Vendor p/n= to Part R27
Added Parameter Vendor p/n= to Part R28
Added Parameter Vendor p/n= to Part R29
Added Parameter Vendor p/n= to Part R30
Added Parameter Vendor p/n= to Part R31
Added Parameter Vendor p/n= to Part R32
Added Parameter Vendor p/n= to Part R33
Added Parameter Vendor p/n= to Part R34
Added Parameter Vendor p/n= to Part R35
Added Parameter Vendor p/n= to Part R36
Added Parameter Vendor p/n= to Part R37
Added Parameter Vendor p/n= to Part R38
Added Parameter Vendor p/n= to Part R39
Added Parameter Vendor p/n= to Part R40
Added Parameter Vendor p/n= to Part R41
Added Parameter Vendor p/n= to Part R42
Added Parameter Vendor p/n= to Part R43
Added Parameter Vendor p/n= to Part R44
Added Parameter Vendor p/n= to Part R45
Added Parameter Vendor p/n= to Part R46
Added Parameter Vendor p/n= to Part R47
Added Parameter Vendor p/n= to Part TP5
Added Parameter Vendor p/n= to Part TP6
Added Parameter Vendor p/n= to Part TP7
Added Parameter Vendor p/n= to Part TP8
Added Parameter Vendor p/n= to Part TP9
Added Parameter Vendor p/n= to Part TP10
Added Parameter Vendor p/n= to Part U11
Added Parameter Vendor p/n= to Part U11
Added Parameter Vendor p/n= to Part U12
Added Parameter Vendor p/n= to Part U12
Added Parameter Vendor p/n= to Part U14
Added Parameter Vendor p/n= to Part U14
Added Parameter Vendor p/n= to Part U15
Added Parameter Vendor p/n= to Part U17
Added Parameter Vendor p/n= to Part U17
Added Parameter Vendor p/n= to Part U17
Added Parameter Vendor p/n= to Part U17
Added Parameter Vendor p/n= to Part U17
Added Parameter Vendor p/n= to Part U18
Added Parameter Vendor p/n= to Part U18
Added Parameter Voltage= to Part C22
Added Parameter Voltage= to Part C25
Added Parameter Voltage= to Part C27
Added Parameter Voltage= to Part C28
Added Parameter Voltage= to Part C29
Added Parameter Voltage= to Part C30
Added Parameter Voltage= to Part C38
Added Parameter Voltage= to Part C39
Added Parameter Voltage= to Part C40
Added Parameter Voltage= to Part C41
Added Parameter Voltage= to Part C42
Added Parameter Voltage= to Part C43
Added Parameter Voltage= to Part Q3
Added Parameter Voltage= to Part Q4
Added Parameter Voltage= to Part Q5
Added Parameter Voltage= to Part R15
Added Parameter Voltage= to Part R16
Added Parameter Voltage= to Part R18
Added Parameter Voltage= to Part R19
Added Parameter Voltage= to Part R21
Added Parameter Voltage= to Part R22
Added Parameter Voltage= to Part R24
Added Parameter Voltage= to Part R25
Added Parameter Voltage= to Part R27
Added Parameter Voltage= to Part R28
Added Parameter Voltage= to Part R29
Added Parameter Voltage= to Part R30
Added Parameter Voltage= to Part R31
Added Parameter Voltage= to Part R32
Added Parameter Voltage= to Part R33
Added Parameter Voltage= to Part R34
Added Parameter Voltage= to Part R35
Added Parameter Voltage= to Part R36
Added Parameter Voltage= to Part R37
Added Parameter Voltage= to Part R38
Added Parameter Voltage= to Part R39
Added Parameter Voltage= to Part R40
Added Parameter Voltage= to Part R41
Added Parameter Voltage= to Part R42
Added Parameter Voltage= to Part R43
Added Parameter Voltage= to Part R44
Added Parameter Voltage= to Part R45
Added Parameter Voltage= to Part R46
Added Parameter Voltage= to Part R47
Added Parameter Voltage= to Part TP5
Added Parameter Voltage= to Part TP6
Added Parameter Voltage= to Part TP7
Added Parameter Voltage= to Part TP8
Added Parameter Voltage= to Part TP9
Added Parameter Voltage= to Part TP10
Added Parameter Voltage= to Part U11
Added Parameter Voltage= to Part U11
Added Parameter Voltage= to Part U12
Added Parameter Voltage= to Part U12
Added Parameter Voltage= to Part U14
Added Parameter Voltage= to Part U14
Added Parameter Voltage= to Part U15
Added Parameter Voltage= to Part U17
Added Parameter Voltage= to Part U17
Added Parameter Voltage= to Part U17
Added Parameter Voltage= to Part U17
Added Parameter Voltage= to Part U17
Added Parameter Voltage= to Part U18
Added Parameter Voltage= to Part U18
