Change Value of Parameter COST in Part Q3 Old= New=0.44
Change Value of Parameter Manufacturer in Part Q3 Old= New=ON Semi
Change Value of Parameter Manuf p/n in Part Q3 Old= New=NJT4031NT1G
Change Value of Parameter Vendor p/n in Part Q3 Old= New=NJT4031NT1GOSCT-ND
Change Value of Parameter COST in Part Q4 Old= New=0.44
Change Value of Parameter Manufacturer in Part Q4 Old= New=ON Semi
Change Value of Parameter Manuf p/n in Part Q4 Old= New=NJT4031NT1G
Change Value of Parameter Vendor p/n in Part Q4 Old= New=NJT4031NT1GOSCT-ND
Change Value of Parameter COST in Part Q5 Old= New=0.44
Change Value of Parameter Manufacturer in Part Q5 Old= New=ON Semi
Change Value of Parameter Manuf p/n in Part Q5 Old= New=NJT4031NT1G
Change Value of Parameter Vendor p/n in Part Q5 Old= New=NJT4031NT1GOSCT-ND
Change Value of Parameter Manufacturer in Part U11 Old= New=LinearTech
Change Value of Parameter Manufacturer in Part U11 Old= New=LinearTech
Change Value of Parameter Manufacturer in Part U12 Old= New=LinearTech
Change Value of Parameter Manufacturer in Part U12 Old= New=LinearTech
Change Value of Parameter Manufacturer in Part U14 Old= New=LinearTech
Change Value of Parameter Manufacturer in Part U14 Old= New=LinearTech
Change Value of Parameter Manufacturer in Part U18 Old= New=LinearTech
Change Value of Parameter Manufacturer in Part U18 Old= New=LinearTech
