Added Component: Designator=C1B(SMD_CAP_7343)
Added Component: Designator=C1E(SMD_CAP_7343)
Added Component: Designator=C1G(SMD_CAP_7343)
Added Component: Designator=C1H(SMD_CAP_7343)
Added Component: Designator=C1M(SMD_CAP_7343)
Added Component: Designator=C1N(SMD_CAP_7343)
Added Component: Designator=C2B(SMD_0805)
Added Component: Designator=C2E(SMD_0805)
Added Component: Designator=C2G(SMD_0805)
Added Component: Designator=C2H(SMD_0805)
Added Component: Designator=C2M(SMD_0805)
Added Component: Designator=C2N(SMD_0805)
Added Component: Designator=C3B(SMD_CAP_7343)
Added Component: Designator=C3E(SMD_CAP_7343)
Added Component: Designator=C3G(SMD_CAP_7343)
Added Component: Designator=C3H(SMD_CAP_7343)
Added Component: Designator=C3M(SMD_CAP_7343)
Added Component: Designator=C3N(SMD_CAP_7343)
Added Component: Designator=C4B(SMD_0805)
Added Component: Designator=C4E(SMD_0805)
Added Component: Designator=C4G(SMD_0805)
Added Component: Designator=C4H(SMD_0805)
Added Component: Designator=C4M(SMD_0805)
Added Component: Designator=C4N(SMD_0805)
Added Component: Designator=L1B(SMD_1210_INDUCT)
Added Component: Designator=L1E(SMD_1210_INDUCT)
Added Component: Designator=L1G(SMD_1210_INDUCT)
Added Component: Designator=L1H(SMD_1210_INDUCT)
Added Component: Designator=L1M(SMD_1210_INDUCT)
Added Component: Designator=L1N(SMD_1210_INDUCT)
Added Component: Designator=L2B(SMD_1210_INDUCT)
Added Component: Designator=L2E(SMD_1210_INDUCT)
Added Component: Designator=L2G(SMD_1210_INDUCT)
Added Component: Designator=L2H(SMD_1210_INDUCT)
Added Component: Designator=L2M(SMD_1210_INDUCT)
Added Component: Designator=L2N(SMD_1210_INDUCT)
Added Component: Designator=R1B(SMD_0805)
Added Component: Designator=R1E(SMD_0805)
Added Component: Designator=R1G(SMD_0805)
Added Component: Designator=R1H(SMD_0805)
Added Component: Designator=R1M(SMD_0805)
Added Component: Designator=R1N(SMD_0805)
Added Component: Designator=R2B(SMD_0805)
Added Component: Designator=R2E(SMD_0805)
Added Component: Designator=R2G(SMD_0805)
Added Component: Designator=R2H(SMD_0805)
Added Component: Designator=R2M(SMD_0805)
Added Component: Designator=R2N(SMD_0805)
Added Component: Designator=TP3B(SMD_TEST POINT)
Added Component: Designator=TP3E(SMD_TEST POINT)
Added Component: Designator=TP3G(SMD_TEST POINT)
Added Component: Designator=TP3H(SMD_TEST POINT)
Added Component: Designator=TP3M(SMD_TEST POINT)
Added Component: Designator=TP3N(SMD_TEST POINT)
Added Component: Designator=U1B(SOT23A)
Added Component: Designator=U1E(SOT23A)
Added Component: Designator=U1G(SOT23A)
Added Component: Designator=U1H(SOT23A)
Added Component: Designator=U1M(SOT23A)
Added Component: Designator=U1N(SOT23A)
Added Component: Designator=U2B(182H_M)
Added Component: Designator=U2E(182H_M)
Added Component: Designator=U2G(182H_M)
Added Component: Designator=U2H(182H_M)
Added Component: Designator=U2M(182H_M)
Added Component: Designator=U2N(182H_M)
Added Component: Designator=U3B(182H_M)
Added Component: Designator=U3E(182H_M)
Added Component: Designator=U3G(182H_M)
Added Component: Designator=U3H(182H_M)
Added Component: Designator=U3M(182H_M)
Added Component: Designator=U3N(182H_M)
Added Pin To Net: NetName=A Pin=C1B-NEG
Added Pin To Net: NetName=NetC1B_pos Pin=C1B-POS
Added Pin To Net: NetName=A Pin=C1E-NEG
Added Pin To Net: NetName=NetC1E_pos Pin=C1E-POS
Added Pin To Net: NetName=A Pin=C1G-NEG
Added Pin To Net: NetName=NetC1G_pos Pin=C1G-POS
Added Pin To Net: NetName=A Pin=C1H-NEG
Added Pin To Net: NetName=NetC1H_pos Pin=C1H-POS
Added Pin To Net: NetName=A Pin=C1M-NEG
Added Pin To Net: NetName=NetC1M_pos Pin=C1M-POS
Added Pin To Net: NetName=A Pin=C1N-NEG
Added Pin To Net: NetName=NetC1N_pos Pin=C1N-POS
Added Pin To Net: NetName=VREFLO4 Pin=C2B-1
Added Pin To Net: NetName=NetC2B_2 Pin=C2B-2
Added Pin To Net: NetName=VREFLO2 Pin=C2E-1
Added Pin To Net: NetName=NetC2E_2 Pin=C2E-2
Added Pin To Net: NetName=VREFLO1 Pin=C2G-1
Added Pin To Net: NetName=NetC2G_2 Pin=C2G-2
Added Pin To Net: NetName=VREFLO1 Pin=C2H-1
Added Pin To Net: NetName=NetC2H_2 Pin=C2H-2
Added Pin To Net: NetName=VREFLO1 Pin=C2M-1
Added Pin To Net: NetName=NetC2M_2 Pin=C2M-2
Added Pin To Net: NetName=VREFLO1 Pin=C2N-1
Added Pin To Net: NetName=NetC2N_2 Pin=C2N-2
Added Pin To Net: NetName=NetC3B_neg Pin=C3B-NEG
Added Pin To Net: NetName=A Pin=C3B-POS
Added Pin To Net: NetName=NetC3E_neg Pin=C3E-NEG
Added Pin To Net: NetName=A Pin=C3E-POS
Added Pin To Net: NetName=NetC3G_neg Pin=C3G-NEG
Added Pin To Net: NetName=A Pin=C3G-POS
Added Pin To Net: NetName=NetC3H_neg Pin=C3H-NEG
Added Pin To Net: NetName=A Pin=C3H-POS
Added Pin To Net: NetName=NetC3M_neg Pin=C3M-NEG
Added Pin To Net: NetName=A Pin=C3M-POS
Added Pin To Net: NetName=NetC3N_neg Pin=C3N-NEG
Added Pin To Net: NetName=A Pin=C3N-POS
Added Pin To Net: NetName=VREFLO4 Pin=C4B-1
Added Pin To Net: NetName=VREFHI4 Pin=C4B-2
Added Pin To Net: NetName=VREFLO2 Pin=C4E-1
Added Pin To Net: NetName=VREFHI2 Pin=C4E-2
Added Pin To Net: NetName=VREFLO1 Pin=C4G-1
Added Pin To Net: NetName=VREFHI1 Pin=C4G-2
Added Pin To Net: NetName=VREFLO1 Pin=C4H-1
Added Pin To Net: NetName=VREFHI1 Pin=C4H-2
Added Pin To Net: NetName=VREFLO1 Pin=C4M-1
Added Pin To Net: NetName=VREFHI1 Pin=C4M-2
Added Pin To Net: NetName=VREFLO1 Pin=C4N-1
Added Pin To Net: NetName=VREFHI1 Pin=C4N-2
Added Pin To Net: NetName=VREFHI4 Pin=L1B-1
Added Pin To Net: NetName=NetC1B_pos Pin=L1B-2
Added Pin To Net: NetName=VREFHI2 Pin=L1E-1
Added Pin To Net: NetName=NetC1E_pos Pin=L1E-2
Added Pin To Net: NetName=VREFHI1 Pin=L1G-1
Added Pin To Net: NetName=NetC1G_pos Pin=L1G-2
Added Pin To Net: NetName=VREFHI1 Pin=L1H-1
Added Pin To Net: NetName=NetC1H_pos Pin=L1H-2
Added Pin To Net: NetName=VREFHI1 Pin=L1M-1
Added Pin To Net: NetName=NetC1M_pos Pin=L1M-2
Added Pin To Net: NetName=VREFHI1 Pin=L1N-1
Added Pin To Net: NetName=NetC1N_pos Pin=L1N-2
Added Pin To Net: NetName=VREFLO4 Pin=L2B-1
Added Pin To Net: NetName=NetC3B_neg Pin=L2B-2
Added Pin To Net: NetName=VREFLO2 Pin=L2E-1
Added Pin To Net: NetName=NetC3E_neg Pin=L2E-2
Added Pin To Net: NetName=VREFLO1 Pin=L2G-1
Added Pin To Net: NetName=NetC3G_neg Pin=L2G-2
Added Pin To Net: NetName=VREFLO1 Pin=L2H-1
Added Pin To Net: NetName=NetC3H_neg Pin=L2H-2
Added Pin To Net: NetName=VREFLO1 Pin=L2M-1
Added Pin To Net: NetName=NetC3M_neg Pin=L2M-2
Added Pin To Net: NetName=VREFLO1 Pin=L2N-1
Added Pin To Net: NetName=NetC3N_neg Pin=L2N-2
Added Pin To Net: NetName=PH_CLK13 Pin=R1B-1
Added Pin To Net: NetName=NetR1B_2 Pin=R1B-2
Added Pin To Net: NetName=PH_CLK10 Pin=R1E-1
Added Pin To Net: NetName=NetR1E_2 Pin=R1E-2
Added Pin To Net: NetName=PH_CLK2 Pin=R1G-1
Added Pin To Net: NetName=NetR1G_2 Pin=R1G-2
Added Pin To Net: NetName=PH_CLK3 Pin=R1H-1
Added Pin To Net: NetName=NetR1H_2 Pin=R1H-2
Added Pin To Net: NetName=PH_CLK8 Pin=R1M-1
Added Pin To Net: NetName=NetR1M_2 Pin=R1M-2
Added Pin To Net: NetName=PH_CLK9 Pin=R1N-1
Added Pin To Net: NetName=NetR1N_2 Pin=R1N-2
Added Pin To Net: NetName=NetR2B_1 Pin=R2B-1
Added Pin To Net: NetName=CDO13 Pin=R2B-2
Added Pin To Net: NetName=NetR2E_1 Pin=R2E-1
Added Pin To Net: NetName=CDO10 Pin=R2E-2
Added Pin To Net: NetName=NetR2G_1 Pin=R2G-1
Added Pin To Net: NetName=CDO2 Pin=R2G-2
Added Pin To Net: NetName=NetR2H_1 Pin=R2H-1
Added Pin To Net: NetName=CDO3 Pin=R2H-2
Added Pin To Net: NetName=NetR2M_1 Pin=R2M-1
Added Pin To Net: NetName=CDO8 Pin=R2M-2
Added Pin To Net: NetName=NetR2N_1 Pin=R2N-1
Added Pin To Net: NetName=CDO9 Pin=R2N-2
Added Pin To Net: NetName=NetR2B_1 Pin=TP3B-1
Added Pin To Net: NetName=NetR2E_1 Pin=TP3E-1
Added Pin To Net: NetName=NetR2G_1 Pin=TP3G-1
Added Pin To Net: NetName=NetR2H_1 Pin=TP3H-1
Added Pin To Net: NetName=NetR2M_1 Pin=TP3M-1
Added Pin To Net: NetName=NetR2N_1 Pin=TP3N-1
Added Pin To Net: NetName=NetC2B_2 Pin=U1B-1
Added Pin To Net: NetName=VREFHI4 Pin=U1B-2
Added Pin To Net: NetName=VREFLO4 Pin=U1B-3
Added Pin To Net: NetName=NetC2E_2 Pin=U1E-1
Added Pin To Net: NetName=VREFHI2 Pin=U1E-2
Added Pin To Net: NetName=VREFLO2 Pin=U1E-3
Added Pin To Net: NetName=NetC2G_2 Pin=U1G-1
Added Pin To Net: NetName=VREFHI1 Pin=U1G-2
Added Pin To Net: NetName=VREFLO1 Pin=U1G-3
Added Pin To Net: NetName=NetC2H_2 Pin=U1H-1
Added Pin To Net: NetName=VREFHI1 Pin=U1H-2
Added Pin To Net: NetName=VREFLO1 Pin=U1H-3
Added Pin To Net: NetName=NetC2M_2 Pin=U1M-1
Added Pin To Net: NetName=VREFHI1 Pin=U1M-2
Added Pin To Net: NetName=VREFLO1 Pin=U1M-3
Added Pin To Net: NetName=NetC2N_2 Pin=U1N-1
Added Pin To Net: NetName=VREFHI1 Pin=U1N-2
Added Pin To Net: NetName=VREFLO1 Pin=U1N-3
Added Pin To Net: NetName=NetR1B_2 Pin=U2B-2
Added Pin To Net: NetName=A Pin=U2B-3
Added Pin To Net: NetName=NetC2B_2 Pin=U2B-5
Added Pin To Net: NetName=NetU2B_6 Pin=U2B-6
Added Pin To Net: NetName=VREFLO4 Pin=U2B-8
Added Pin To Net: NetName=NetR1E_2 Pin=U2E-2
Added Pin To Net: NetName=A Pin=U2E-3
Added Pin To Net: NetName=NetC2E_2 Pin=U2E-5
Added Pin To Net: NetName=NetU2E_6 Pin=U2E-6
Added Pin To Net: NetName=VREFLO2 Pin=U2E-8
Added Pin To Net: NetName=NetR1G_2 Pin=U2G-2
Added Pin To Net: NetName=A Pin=U2G-3
Added Pin To Net: NetName=NetC2G_2 Pin=U2G-5
Added Pin To Net: NetName=NetU2G_6 Pin=U2G-6
Added Pin To Net: NetName=VREFLO1 Pin=U2G-8
Added Pin To Net: NetName=NetR1H_2 Pin=U2H-2
Added Pin To Net: NetName=A Pin=U2H-3
Added Pin To Net: NetName=NetC2H_2 Pin=U2H-5
Added Pin To Net: NetName=NetU2H_6 Pin=U2H-6
Added Pin To Net: NetName=VREFLO1 Pin=U2H-8
Added Pin To Net: NetName=NetR1M_2 Pin=U2M-2
Added Pin To Net: NetName=A Pin=U2M-3
Added Pin To Net: NetName=NetC2M_2 Pin=U2M-5
Added Pin To Net: NetName=NetU2M_6 Pin=U2M-6
Added Pin To Net: NetName=VREFLO1 Pin=U2M-8
Added Pin To Net: NetName=NetR1N_2 Pin=U2N-2
Added Pin To Net: NetName=A Pin=U2N-3
Added Pin To Net: NetName=NetC2N_2 Pin=U2N-5
Added Pin To Net: NetName=NetU2N_6 Pin=U2N-6
Added Pin To Net: NetName=VREFLO1 Pin=U2N-8
Added Pin To Net: NetName=NetU2B_6 Pin=U3B-2
Added Pin To Net: NetName=NetC3B_neg Pin=U3B-3
Added Pin To Net: NetName=NetU2B_6 Pin=U3B-4
Added Pin To Net: NetName=NetR2B_1 Pin=U3B-5
Added Pin To Net: NetName=NetC1B_pos Pin=U3B-6
Added Pin To Net: NetName=NetR2B_1 Pin=U3B-7
Added Pin To Net: NetName=NetU2E_6 Pin=U3E-2
Added Pin To Net: NetName=NetC3E_neg Pin=U3E-3
Added Pin To Net: NetName=NetU2E_6 Pin=U3E-4
Added Pin To Net: NetName=NetR2E_1 Pin=U3E-5
Added Pin To Net: NetName=NetC1E_pos Pin=U3E-6
Added Pin To Net: NetName=NetR2E_1 Pin=U3E-7
Added Pin To Net: NetName=NetU2G_6 Pin=U3G-2
Added Pin To Net: NetName=NetC3G_neg Pin=U3G-3
Added Pin To Net: NetName=NetU2G_6 Pin=U3G-4
Added Pin To Net: NetName=NetR2G_1 Pin=U3G-5
Added Pin To Net: NetName=NetC1G_pos Pin=U3G-6
Added Pin To Net: NetName=NetR2G_1 Pin=U3G-7
Added Pin To Net: NetName=NetU2H_6 Pin=U3H-2
Added Pin To Net: NetName=NetC3H_neg Pin=U3H-3
Added Pin To Net: NetName=NetU2H_6 Pin=U3H-4
Added Pin To Net: NetName=NetR2H_1 Pin=U3H-5
Added Pin To Net: NetName=NetC1H_pos Pin=U3H-6
Added Pin To Net: NetName=NetR2H_1 Pin=U3H-7
Added Pin To Net: NetName=NetU2M_6 Pin=U3M-2
Added Pin To Net: NetName=NetC3M_neg Pin=U3M-3
Added Pin To Net: NetName=NetU2M_6 Pin=U3M-4
Added Pin To Net: NetName=NetR2M_1 Pin=U3M-5
Added Pin To Net: NetName=NetC1M_pos Pin=U3M-6
Added Pin To Net: NetName=NetR2M_1 Pin=U3M-7
Added Pin To Net: NetName=NetU2N_6 Pin=U3N-2
Added Pin To Net: NetName=NetC3N_neg Pin=U3N-3
Added Pin To Net: NetName=NetU2N_6 Pin=U3N-4
Added Pin To Net: NetName=NetR2N_1 Pin=U3N-5
Added Pin To Net: NetName=NetC1N_pos Pin=U3N-6
Added Pin To Net: NetName=NetR2N_1 Pin=U3N-7
Added Member To Class: ClassName=PPhase1/22 Member=Component C1B (C1) 35V
Added Member To Class: ClassName=Reset Gate Member=Component C1E (C1) 35V
Added Member To Class: ClassName=SerialPhase7 Member=Component C1G (C1) 35V
Added Member To Class: ClassName=SerialPhase8 Member=Component C1H (C1) 35V
Added Member To Class: ClassName=SerialPhase13 Member=Component C1M (C1) 35V
Added Member To Class: ClassName=SerialPhase14 Member=Component C1N (C1) 35V
Added Member To Class: ClassName=PPhase1/22 Member=Component C2B (C2) Cap SMD
Added Member To Class: ClassName=Reset Gate Member=Component C2E (C2) Cap SMD
Added Member To Class: ClassName=SerialPhase7 Member=Component C2G (C2) Cap SMD
Added Member To Class: ClassName=SerialPhase8 Member=Component C2H (C2) Cap SMD
Added Member To Class: ClassName=SerialPhase13 Member=Component C2M (C2) Cap SMD
Added Member To Class: ClassName=SerialPhase14 Member=Component C2N (C2) Cap SMD
Added Member To Class: ClassName=PPhase1/22 Member=Component C3B (C3) 35V
Added Member To Class: ClassName=Reset Gate Member=Component C3E (C3) 35V
Added Member To Class: ClassName=SerialPhase7 Member=Component C3G (C3) 35V
Added Member To Class: ClassName=SerialPhase8 Member=Component C3H (C3) 35V
Added Member To Class: ClassName=SerialPhase13 Member=Component C3M (C3) 35V
Added Member To Class: ClassName=SerialPhase14 Member=Component C3N (C3) 35V
Added Member To Class: ClassName=PPhase1/22 Member=Component C4B (C4) Cap SMD
Added Member To Class: ClassName=Reset Gate Member=Component C4E (C4) Cap SMD
Added Member To Class: ClassName=SerialPhase7 Member=Component C4G (C4) Cap SMD
Added Member To Class: ClassName=SerialPhase8 Member=Component C4H (C4) Cap SMD
Added Member To Class: ClassName=SerialPhase13 Member=Component C4M (C4) Cap SMD
Added Member To Class: ClassName=SerialPhase14 Member=Component C4N (C4) Cap SMD
Added Member To Class: ClassName=PPhase1/22 Member=Component L1B (L1) Inductor
Added Member To Class: ClassName=Reset Gate Member=Component L1E (L1) Inductor
Added Member To Class: ClassName=SerialPhase7 Member=Component L1G (L1) Inductor
Added Member To Class: ClassName=SerialPhase8 Member=Component L1H (L1) Inductor
Added Member To Class: ClassName=SerialPhase13 Member=Component L1M (L1) Inductor
Added Member To Class: ClassName=SerialPhase14 Member=Component L1N (L1) Inductor
Added Member To Class: ClassName=PPhase1/22 Member=Component L2B (L2) Inductor
Added Member To Class: ClassName=Reset Gate Member=Component L2E (L2) Inductor
Added Member To Class: ClassName=SerialPhase7 Member=Component L2G (L2) Inductor
Added Member To Class: ClassName=SerialPhase8 Member=Component L2H (L2) Inductor
Added Member To Class: ClassName=SerialPhase13 Member=Component L2M (L2) Inductor
Added Member To Class: ClassName=SerialPhase14 Member=Component L2N (L2) Inductor
Added Member To Class: ClassName=PPhase1/22 Member=Component R1B (R1) Res SMD
Added Member To Class: ClassName=Reset Gate Member=Component R1E (R1) Res SMD
Added Member To Class: ClassName=SerialPhase7 Member=Component R1G (R1) Res SMD
Added Member To Class: ClassName=SerialPhase8 Member=Component R1H (R1) Res SMD
Added Member To Class: ClassName=SerialPhase13 Member=Component R1M (R1) Res SMD
Added Member To Class: ClassName=SerialPhase14 Member=Component R1N (R1) Res SMD
Added Member To Class: ClassName=PPhase1/22 Member=Component R2B (R2) Res SMD
Added Member To Class: ClassName=Reset Gate Member=Component R2E (R2) Res SMD
Added Member To Class: ClassName=SerialPhase7 Member=Component R2G (R2) Res SMD
Added Member To Class: ClassName=SerialPhase8 Member=Component R2H (R2) Res SMD
Added Member To Class: ClassName=SerialPhase13 Member=Component R2M (R2) Res SMD
Added Member To Class: ClassName=SerialPhase14 Member=Component R2N (R2) Res SMD
Added Member To Class: ClassName=PPhase1/22 Member=Component TP3B (TP3) Test Point SMD
Added Member To Class: ClassName=Reset Gate Member=Component TP3E (TP3) Test Point SMD
Added Member To Class: ClassName=SerialPhase7 Member=Component TP3G (TP3) Test Point SMD
Added Member To Class: ClassName=SerialPhase8 Member=Component TP3H (TP3) Test Point SMD
Added Member To Class: ClassName=SerialPhase13 Member=Component TP3M (TP3) Test Point SMD
Added Member To Class: ClassName=SerialPhase14 Member=Component TP3N (TP3) Test Point SMD
Added Member To Class: ClassName=PPhase1/22 Member=Component U1B (U1) LM3480IM3-5.0
Added Member To Class: ClassName=Reset Gate Member=Component U1E (U1) LM3480IM3-5.0
Added Member To Class: ClassName=SerialPhase7 Member=Component U1G (U1) LM3480IM3-5.0
Added Member To Class: ClassName=SerialPhase8 Member=Component U1H (U1) LM3480IM3-5.0
Added Member To Class: ClassName=SerialPhase13 Member=Component U1M (U1) LM3480IM3-5.0
Added Member To Class: ClassName=SerialPhase14 Member=Component U1N (U1) LM3480IM3-5.0
Added Member To Class: ClassName=PPhase1/22 Member=Component U2B (U2) FOD0708
Added Member To Class: ClassName=Reset Gate Member=Component U2E (U2) FOD0708
Added Member To Class: ClassName=SerialPhase7 Member=Component U2G (U2) FOD0708
Added Member To Class: ClassName=SerialPhase8 Member=Component U2H (U2) FOD0708
Added Member To Class: ClassName=SerialPhase13 Member=Component U2M (U2) FOD0708
Added Member To Class: ClassName=SerialPhase14 Member=Component U2N (U2) FOD0708
Added Member To Class: ClassName=PPhase1/22 Member=Component U3B (U3) IXDN404
Added Member To Class: ClassName=Reset Gate Member=Component U3E (U3) IXDN404
Added Member To Class: ClassName=SerialPhase7 Member=Component U3G (U3) IXDN404
Added Member To Class: ClassName=SerialPhase8 Member=Component U3H (U3) IXDN404
Added Member To Class: ClassName=SerialPhase13 Member=Component U3M (U3) IXDN404
Added Member To Class: ClassName=SerialPhase14 Member=Component U3N (U3) IXDN404
Added Room: Name=PPhase1/22
Added Room: Name=Reset Gate
Added Room: Name=SerialPhase7
Added Room: Name=SerialPhase8
Added Room: Name=SerialPhase14
