Change Value of Parameter COST in Part U11 Old= New=7.40
Change Value of Parameter Manuf p/n in Part U11 Old= New=LT1124CS8#PBF
Change Value of Parameter Vendor p/n in Part U11 Old= New=LT1124CS8#PBF-ND
Change Value of Parameter COST in Part U11 Old= New=7.40
Change Value of Parameter Manuf p/n in Part U11 Old= New=LT1124CS8#PBF
Change Value of Parameter Vendor p/n in Part U11 Old= New=LT1124CS8#PBF-ND
Change Value of Parameter COST in Part U12 Old= New=7.40
Change Value of Parameter Manuf p/n in Part U12 Old= New=LT1124CS8#PBF
Change Value of Parameter Vendor p/n in Part U12 Old= New=LT1124CS8#PBF-ND
Change Value of Parameter COST in Part U12 Old= New=7.40
Change Value of Parameter Manuf p/n in Part U12 Old= New=LT1124CS8#PBF
Change Value of Parameter Vendor p/n in Part U12 Old= New=LT1124CS8#PBF-ND
Change Value of Parameter COST in Part U14 Old= New=7.40
Change Value of Parameter Manuf p/n in Part U14 Old= New=LT1124CS8#PBF
Change Value of Parameter Vendor p/n in Part U14 Old= New=LT1124CS8#PBF-ND
Change Value of Parameter COST in Part U14 Old= New=7.40
Change Value of Parameter Manuf p/n in Part U14 Old= New=LT1124CS8#PBF
Change Value of Parameter Vendor p/n in Part U14 Old= New=LT1124CS8#PBF-ND
Change Value of Parameter COST in Part U17 Old= New=3.26
Change Value of Parameter Manuf p/n in Part U17 Old= New=ADG202AKRZ
Change Value of Parameter Vendor p/n in Part U17 Old= New=ADG202AKRZ-ND
Change Value of Parameter COST in Part U17 Old= New=3.26
Change Value of Parameter Manuf p/n in Part U17 Old= New=ADG202AKRZ
Change Value of Parameter Vendor p/n in Part U17 Old= New=ADG202AKRZ-ND
Change Value of Parameter COST in Part U17 Old= New=3.26
Change Value of Parameter Manuf p/n in Part U17 Old= New=ADG202AKRZ
Change Value of Parameter Vendor p/n in Part U17 Old= New=ADG202AKRZ-ND
Change Value of Parameter COST in Part U17 Old= New=3.26
Change Value of Parameter Manuf p/n in Part U17 Old= New=ADG202AKRZ
Change Value of Parameter Vendor p/n in Part U17 Old= New=ADG202AKRZ-ND
Change Value of Parameter COST in Part U17 Old= New=3.26
Change Value of Parameter Manuf p/n in Part U17 Old= New=ADG202AKRZ
Change Value of Parameter Vendor p/n in Part U17 Old= New=ADG202AKRZ-ND
Change Value of Parameter COST in Part U18 Old= New=7.40
Change Value of Parameter Manuf p/n in Part U18 Old= New=LT1124CS8#PBF
Change Value of Parameter Vendor p/n in Part U18 Old= New=LT1124CS8#PBF-ND
Change Value of Parameter COST in Part U18 Old= New=7.40
Change Value of Parameter Manuf p/n in Part U18 Old= New=LT1124CS8#PBF
Change Value of Parameter Vendor p/n in Part U18 Old= New=LT1124CS8#PBF-ND
