Change Value of Parameter COST in Part P1 Old= New=0.81
Change Value of Parameter Manufacturer in Part P1 Old= New=FCI
Change Value of Parameter Manuf p/n in Part P1 Old= New=67996-210HLF
Change Value of Parameter Vendor p/n in Part P1 Old= New=609-3212-ND
Change Value of Parameter COST in Part P2 Old= New=0.32
Change Value of Parameter Manufacturer in Part P2 Old= New=FCI
Change Value of Parameter Manuf p/n in Part P2 Old= New=68002-204HLF
Change Value of Parameter Vendor p/n in Part P2 Old= New=609-3298-ND
Change Value of Parameter COST in Part R11 Old= New=0.09
Change Value of Parameter COST in Part RN1 Old= New=0.031
Change Value of Parameter Manufacturer in Part RN1 Old= New=Panasonic ECG
Change Value of Parameter Manuf p/n in Part RN1 Old= New=EXB-38V103JV
Change Value of Parameter Vendor Mult. in Part RN1 Old= New=10
Change Value of Parameter Vendor p/n in Part RN1 Old= New=Y9103CT-ND
Change Value of Parameter COST in Part TP11 Old= New=018
Change Value of Parameter COST in Part TP12 Old= New=018
Change Value of Parameter COST in Part TP13 Old= New=018
Change Value of Parameter COST in Part TP14 Old= New=018
Change Value of Parameter COST in Part TP15 Old= New=018
Change Value of Parameter COST in Part TP16 Old= New=018
Change Value of Parameter COST in Part TP17 Old= New=018
Change Value of Parameter COST in Part TP18 Old= New=018
Change Value of Parameter COST in Part TP19 Old= New=018
Change Value of Parameter COST in Part TP20 Old= New=018
Change Value of Parameter COST in Part TP21 Old= New=018
