Removed Parameter Code_IPC:SOIC127P600-8 from Part U8
Removed Parameter Code_IPC:SOIC127P600-8 from Part U8
Removed Parameter Code_JEDEC:MS-012-AA from Part U8
Removed Parameter Code_JEDEC:MS-012-AA from Part U8
Removed Parameter Code_JEDEC:TO-92A from Part Q1
Removed Parameter Code_JEDEC:TO-92A from Part Q2
Removed Parameter ComponentLink1Description:Manufacturer Link from Part Q1
Removed Parameter ComponentLink1Description:Manufacturer Link from Part Q2
Removed Parameter ComponentLink1Description:Manufacturer Link from Part U8
Removed Parameter ComponentLink1Description:Manufacturer Link from Part U8
Removed Parameter ComponentLink1URL:http://www.fairchildsemi.com/ from Part Q1
Removed Parameter ComponentLink1URL:http://www.fairchildsemi.com/ from Part Q2
Removed Parameter ComponentLink1URL:http://www.linear.com/ from Part U8
Removed Parameter ComponentLink1URL:http://www.linear.com/ from Part U8
Removed Parameter ComponentLink2Description:Datasheet from Part Q1
Removed Parameter ComponentLink2Description:Datasheet from Part Q2
Removed Parameter ComponentLink2Description:Datasheet from Part U8
Removed Parameter ComponentLink2Description:Datasheet from Part U8
Removed Parameter ComponentLink2URL:http://www.fairchildsemi.com/ds/2N%2F2N3904.pdf from Part Q1
Removed Parameter ComponentLink2URL:http://www.fairchildsemi.com/ds/2N%2F2N3904.pdf from Part Q2
Removed Parameter ComponentLink2URL:http://www.linear.com/pc/downloadDocument.do?navId=H0,C1,C1154,C1009,C1026,P1297,D1363 from Part U8
Removed Parameter ComponentLink2URL:http://www.linear.com/pc/downloadDocument.do?navId=H0,C1,C1154,C1009,C1026,P1297,D1363 from Part U8
Removed Parameter DatasheetDocument:1997 from Part Q1
Removed Parameter DatasheetDocument:1997 from Part Q2
Removed Parameter DatasheetVersion:1996 from Part U8
Removed Parameter DatasheetVersion:1996 from Part U8
Removed Parameter LatestRevisionDate:13-Apr-2006 from Part U8
Removed Parameter LatestRevisionDate:13-Apr-2006 from Part U8
Removed Parameter LatestRevisionDate:15-Jan-2003 from Part Q1
Removed Parameter LatestRevisionDate:15-Jan-2003 from Part Q2
Removed Parameter LatestRevisionDate:17-Jul-2002 from Part C9
Removed Parameter LatestRevisionDate:17-Jul-2002 from Part C10
Removed Parameter LatestRevisionDate:17-Jul-2002 from Part C11
Removed Parameter LatestRevisionDate:17-Jul-2002 from Part C15
Removed Parameter LatestRevisionDate:17-Jul-2002 from Part R7
Removed Parameter LatestRevisionDate:17-Jul-2002 from Part R8
Removed Parameter LatestRevisionDate:17-Jul-2002 from Part R9
Removed Parameter LatestRevisionDate:17-Jul-2002 from Part R10
Removed Parameter LatestRevisionDate:17-Jul-2002 from Part R12
Removed Parameter LatestRevisionDate:17-Jul-2002 from Part R13
Removed Parameter LatestRevisionDate:17-Jul-2002 from Part R14
Removed Parameter LatestRevisionDate:17-Jul-2002 from Part R17
Removed Parameter LatestRevisionDate:17-Jul-2002 from Part R20
Removed Parameter LatestRevisionDate:17-Jul-2002 from Part R23
Removed Parameter LatestRevisionNote:IPC-7351 Footprint Added. from Part U8
Removed Parameter LatestRevisionNote:IPC-7351 Footprint Added. from Part U8
Removed Parameter LatestRevisionNote:PCB Footprint 'BCY-W3/D4.7' replaced from Part Q1
Removed Parameter LatestRevisionNote:PCB Footprint 'BCY-W3/D4.7' replaced from Part Q2
Removed Parameter LatestRevisionNote:Re-released for DXP Platform. from Part C9
Removed Parameter LatestRevisionNote:Re-released for DXP Platform. from Part C10
Removed Parameter LatestRevisionNote:Re-released for DXP Platform. from Part C11
Removed Parameter LatestRevisionNote:Re-released for DXP Platform. from Part C15
Removed Parameter LatestRevisionNote:Re-released for DXP Platform. from Part R7
Removed Parameter LatestRevisionNote:Re-released for DXP Platform. from Part R8
Removed Parameter LatestRevisionNote:Re-released for DXP Platform. from Part R9
Removed Parameter LatestRevisionNote:Re-released for DXP Platform. from Part R10
Removed Parameter LatestRevisionNote:Re-released for DXP Platform. from Part R12
Removed Parameter LatestRevisionNote:Re-released for DXP Platform. from Part R13
Removed Parameter LatestRevisionNote:Re-released for DXP Platform. from Part R14
Removed Parameter LatestRevisionNote:Re-released for DXP Platform. from Part R17
Removed Parameter LatestRevisionNote:Re-released for DXP Platform. from Part R20
Removed Parameter LatestRevisionNote:Re-released for DXP Platform. from Part R23
Removed Parameter PackageDescription:8-Pin Small Outline Integrated Circuit 1.27 mm Pitch from Part U8
Removed Parameter PackageDescription:8-Pin Small Outline Integrated Circuit 1.27 mm Pitch from Part U8
Removed Parameter PackageDocument:Sep-1998 from Part Q1
Removed Parameter PackageDocument:Sep-1998 from Part Q2
Removed Parameter PackageReference:AXIAL-0.3 from Part R7
Removed Parameter PackageReference:AXIAL-0.3 from Part R8
Removed Parameter PackageReference:AXIAL-0.3 from Part R9
Removed Parameter PackageReference:AXIAL-0.3 from Part R10
Removed Parameter PackageReference:AXIAL-0.3 from Part R12
Removed Parameter PackageReference:AXIAL-0.3 from Part R13
Removed Parameter PackageReference:AXIAL-0.3 from Part R14
Removed Parameter PackageReference:AXIAL-0.3 from Part R17
Removed Parameter PackageReference:AXIAL-0.3 from Part R20
Removed Parameter PackageReference:AXIAL-0.3 from Part R23
Removed Parameter PackageReference:CAPR5-4X5 from Part C13
Removed Parameter PackageReference:CAPR5-4X5 from Part C14
Removed Parameter PackageReference:RAD-0.3 from Part C9
Removed Parameter PackageReference:RAD-0.3 from Part C10
Removed Parameter PackageReference:RAD-0.3 from Part C11
Removed Parameter PackageReference:RAD-0.3 from Part C15
Removed Parameter PackageReference:S8 from Part U8
Removed Parameter PackageReference:S8 from Part U8
Removed Parameter PackageReference:TO-92A from Part Q1
Removed Parameter PackageReference:TO-92A from Part Q2
Removed Parameter Published:8-Jun-2000 from Part C9
Removed Parameter Published:8-Jun-2000 from Part C10
Removed Parameter Published:8-Jun-2000 from Part C11
Removed Parameter Published:8-Jun-2000 from Part C15
Removed Parameter Published:8-Jun-2000 from Part Q1
Removed Parameter Published:8-Jun-2000 from Part Q2
Removed Parameter Published:8-Jun-2000 from Part R7
Removed Parameter Published:8-Jun-2000 from Part R8
Removed Parameter Published:8-Jun-2000 from Part R9
Removed Parameter Published:8-Jun-2000 from Part R10
Removed Parameter Published:8-Jun-2000 from Part R12
Removed Parameter Published:8-Jun-2000 from Part R13
Removed Parameter Published:8-Jun-2000 from Part R14
Removed Parameter Published:8-Jun-2000 from Part R17
Removed Parameter Published:8-Jun-2000 from Part R20
Removed Parameter Published:8-Jun-2000 from Part R23
Removed Parameter Published:8-Jun-2000 from Part U8
Removed Parameter Published:8-Jun-2000 from Part U8
Removed Parameter Published:23-Sep-2002 from Part C13
Removed Parameter Published:23-Sep-2002 from Part C14
Removed Parameter Publisher:Altium Limited from Part C9
Removed Parameter Publisher:Altium Limited from Part C10
Removed Parameter Publisher:Altium Limited from Part C11
Removed Parameter Publisher:Altium Limited from Part C13
Removed Parameter Publisher:Altium Limited from Part C14
Removed Parameter Publisher:Altium Limited from Part C15
Removed Parameter Publisher:Altium Limited from Part Q1
Removed Parameter Publisher:Altium Limited from Part Q2
Removed Parameter Publisher:Altium Limited from Part R7
Removed Parameter Publisher:Altium Limited from Part R8
Removed Parameter Publisher:Altium Limited from Part R9
Removed Parameter Publisher:Altium Limited from Part R10
Removed Parameter Publisher:Altium Limited from Part R12
Removed Parameter Publisher:Altium Limited from Part R13
Removed Parameter Publisher:Altium Limited from Part R14
Removed Parameter Publisher:Altium Limited from Part R17
Removed Parameter Publisher:Altium Limited from Part R20
Removed Parameter Publisher:Altium Limited from Part R23
Removed Parameter Publisher:Altium Limited from Part U8
Removed Parameter Publisher:Altium Limited from Part U8
Added Parameter COST= to Part C9
Added Parameter COST= to Part C10
Added Parameter COST= to Part C11
Added Parameter COST= to Part C13
Added Parameter COST= to Part C14
Added Parameter COST= to Part C15
Added Parameter COST= to Part Q1
Added Parameter COST= to Part Q2
Added Parameter COST= to Part R7
Added Parameter COST= to Part R8
Added Parameter COST= to Part R9
Added Parameter COST= to Part R10
Added Parameter COST= to Part R12
Added Parameter COST= to Part R13
Added Parameter COST= to Part R14
Added Parameter COST= to Part R17
Added Parameter COST= to Part R20
Added Parameter COST= to Part R23
Added Parameter COST= to Part TP1
Added Parameter COST= to Part TP2
Added Parameter COST= to Part U8
Added Parameter COST= to Part U8
Added Parameter Manufacturer= to Part C9
Added Parameter Manufacturer= to Part C10
Added Parameter Manufacturer= to Part C11
Added Parameter Manufacturer= to Part C13
Added Parameter Manufacturer= to Part C14
Added Parameter Manufacturer= to Part C15
Added Parameter Manufacturer= to Part Q1
Added Parameter Manufacturer= to Part Q2
Added Parameter Manufacturer= to Part R7
Added Parameter Manufacturer= to Part R8
Added Parameter Manufacturer= to Part R9
Added Parameter Manufacturer= to Part R10
Added Parameter Manufacturer= to Part R12
Added Parameter Manufacturer= to Part R13
Added Parameter Manufacturer= to Part R14
Added Parameter Manufacturer= to Part R17
Added Parameter Manufacturer= to Part R20
Added Parameter Manufacturer= to Part R23
Added Parameter Manufacturer= to Part TP1
Added Parameter Manufacturer= to Part TP2
Added Parameter Manufacturer= to Part U8
Added Parameter Manufacturer= to Part U8
Added Parameter Manuf p/n= to Part C9
Added Parameter Manuf p/n= to Part C10
Added Parameter Manuf p/n= to Part C11
Added Parameter Manuf p/n= to Part C13
Added Parameter Manuf p/n= to Part C14
Added Parameter Manuf p/n= to Part C15
Added Parameter Manuf p/n= to Part Q1
Added Parameter Manuf p/n= to Part Q2
Added Parameter Manuf p/n= to Part R7
Added Parameter Manuf p/n= to Part R8
Added Parameter Manuf p/n= to Part R9
Added Parameter Manuf p/n= to Part R10
Added Parameter Manuf p/n= to Part R12
Added Parameter Manuf p/n= to Part R13
Added Parameter Manuf p/n= to Part R14
Added Parameter Manuf p/n= to Part R17
Added Parameter Manuf p/n= to Part R20
Added Parameter Manuf p/n= to Part R23
Added Parameter Manuf p/n= to Part TP1
Added Parameter Manuf p/n= to Part TP2
Added Parameter Manuf p/n= to Part U8
Added Parameter Manuf p/n= to Part U8
Added Parameter Value=LT1124CS8 to Part U8
Added Parameter Value=LT1124CS8 to Part U8
Added Parameter Value=NJT4030P to Part Q2
Added Parameter Value=NJT4031N to Part Q1
Added Parameter Value=Test Point SMD to Part TP1
Added Parameter Value=Test Point SMD to Part TP2
Added Parameter Vendor= to Part C9
Added Parameter Vendor= to Part C10
Added Parameter Vendor= to Part C11
Added Parameter Vendor= to Part C13
Added Parameter Vendor= to Part C14
Added Parameter Vendor= to Part C15
Added Parameter Vendor= to Part Q1
Added Parameter Vendor= to Part Q2
Added Parameter Vendor= to Part R7
Added Parameter Vendor= to Part R8
Added Parameter Vendor= to Part R9
Added Parameter Vendor= to Part R10
Added Parameter Vendor= to Part R12
Added Parameter Vendor= to Part R13
Added Parameter Vendor= to Part R14
Added Parameter Vendor= to Part R17
Added Parameter Vendor= to Part R20
Added Parameter Vendor= to Part R23
Added Parameter Vendor= to Part TP1
Added Parameter Vendor= to Part TP2
Added Parameter Vendor= to Part U8
Added Parameter Vendor= to Part U8
Added Parameter Vendor p/n= to Part C9
Added Parameter Vendor p/n= to Part C10
Added Parameter Vendor p/n= to Part C11
Added Parameter Vendor p/n= to Part C13
Added Parameter Vendor p/n= to Part C14
Added Parameter Vendor p/n= to Part C15
Added Parameter Vendor p/n= to Part Q1
Added Parameter Vendor p/n= to Part Q2
Added Parameter Vendor p/n= to Part R7
Added Parameter Vendor p/n= to Part R8
Added Parameter Vendor p/n= to Part R9
Added Parameter Vendor p/n= to Part R10
Added Parameter Vendor p/n= to Part R12
Added Parameter Vendor p/n= to Part R13
Added Parameter Vendor p/n= to Part R14
Added Parameter Vendor p/n= to Part R17
Added Parameter Vendor p/n= to Part R20
Added Parameter Vendor p/n= to Part R23
Added Parameter Vendor p/n= to Part TP1
Added Parameter Vendor p/n= to Part TP2
Added Parameter Vendor p/n= to Part U8
Added Parameter Vendor p/n= to Part U8
Added Parameter Voltage= to Part C9
Added Parameter Voltage= to Part C10
Added Parameter Voltage= to Part C11
Added Parameter Voltage= to Part C15
Added Parameter Voltage= to Part Q1
Added Parameter Voltage= to Part Q2
Added Parameter Voltage= to Part R7
Added Parameter Voltage= to Part R8
Added Parameter Voltage= to Part R9
Added Parameter Voltage= to Part R10
Added Parameter Voltage= to Part R12
Added Parameter Voltage= to Part R13
Added Parameter Voltage= to Part R14
Added Parameter Voltage= to Part R17
Added Parameter Voltage= to Part R20
Added Parameter Voltage= to Part R23
Added Parameter Voltage= to Part TP1
Added Parameter Voltage= to Part TP2
Added Parameter Voltage= to Part U8
Added Parameter Voltage= to Part U8
