Added Component: Designator=C1B(SMD_CAP_7343)
Added Component: Designator=C1E(SMD_CAP_7343)
Added Component: Designator=C1F(SMD_CAP_7343)
Added Component: Designator=C1G(SMD_CAP_7343)
Added Component: Designator=C1H(SMD_CAP_7343)
Added Component: Designator=C1I(SMD_CAP_7343)
Added Component: Designator=C1J(SMD_CAP_7343)
Added Component: Designator=C1K(SMD_CAP_7343)
Added Component: Designator=C1L(SMD_CAP_7343)
Added Component: Designator=C1M(SMD_CAP_7343)
Added Component: Designator=C1N(SMD_CAP_7343)
Added Component: Designator=C1O(SMD_CAP_7343)
Added Component: Designator=C2B(SMD_0805)
Added Component: Designator=C2E(SMD_0805)
Added Component: Designator=C2F(SMD_0805)
Added Component: Designator=C2G(SMD_0805)
Added Component: Designator=C2H(SMD_0805)
Added Component: Designator=C2I(SMD_0805)
Added Component: Designator=C2J(SMD_0805)
Added Component: Designator=C2K(SMD_0805)
Added Component: Designator=C2L(SMD_0805)
Added Component: Designator=C2M(SMD_0805)
Added Component: Designator=C2N(SMD_0805)
Added Component: Designator=C2O(SMD_0805)
Added Component: Designator=C3B(SMD_CAP_7343)
Added Component: Designator=C3E(SMD_CAP_7343)
Added Component: Designator=C3F(SMD_CAP_7343)
Added Component: Designator=C3G(SMD_CAP_7343)
Added Component: Designator=C3H(SMD_CAP_7343)
Added Component: Designator=C3I(SMD_CAP_7343)
Added Component: Designator=C3J(SMD_CAP_7343)
Added Component: Designator=C3K(SMD_CAP_7343)
Added Component: Designator=C3L(SMD_CAP_7343)
Added Component: Designator=C3M(SMD_CAP_7343)
Added Component: Designator=C3N(SMD_CAP_7343)
Added Component: Designator=C3O(SMD_CAP_7343)
Added Component: Designator=C4B(SMD_0805)
Added Component: Designator=C4E(SMD_0805)
Added Component: Designator=C4F(SMD_0805)
Added Component: Designator=C4G(SMD_0805)
Added Component: Designator=C4H(SMD_0805)
Added Component: Designator=C4I(SMD_0805)
Added Component: Designator=C4J(SMD_0805)
Added Component: Designator=C4K(SMD_0805)
Added Component: Designator=C4L(SMD_0805)
Added Component: Designator=C4M(SMD_0805)
Added Component: Designator=C4N(SMD_0805)
Added Component: Designator=C4O(SMD_0805)
Added Component: Designator=L1B(SMD_1210_INDUCT)
Added Component: Designator=L1E(SMD_1210_INDUCT)
Added Component: Designator=L1F(SMD_1210_INDUCT)
Added Component: Designator=L1G(SMD_1210_INDUCT)
Added Component: Designator=L1H(SMD_1210_INDUCT)
Added Component: Designator=L1I(SMD_1210_INDUCT)
Added Component: Designator=L1J(SMD_1210_INDUCT)
Added Component: Designator=L1K(SMD_1210_INDUCT)
Added Component: Designator=L1L(SMD_1210_INDUCT)
Added Component: Designator=L1M(SMD_1210_INDUCT)
Added Component: Designator=L1N(SMD_1210_INDUCT)
Added Component: Designator=L1O(SMD_1210_INDUCT)
Added Component: Designator=L2B(SMD_1210_INDUCT)
Added Component: Designator=L2E(SMD_1210_INDUCT)
Added Component: Designator=L2F(SMD_1210_INDUCT)
Added Component: Designator=L2G(SMD_1210_INDUCT)
Added Component: Designator=L2H(SMD_1210_INDUCT)
Added Component: Designator=L2I(SMD_1210_INDUCT)
Added Component: Designator=L2J(SMD_1210_INDUCT)
Added Component: Designator=L2K(SMD_1210_INDUCT)
Added Component: Designator=L2L(SMD_1210_INDUCT)
Added Component: Designator=L2M(SMD_1210_INDUCT)
Added Component: Designator=L2N(SMD_1210_INDUCT)
Added Component: Designator=L2O(SMD_1210_INDUCT)
Added Component: Designator=R1B(SMD_0805)
Added Component: Designator=R1E(SMD_0805)
Added Component: Designator=R1F(SMD_0805)
Added Component: Designator=R1G(SMD_0805)
Added Component: Designator=R1H(SMD_0805)
Added Component: Designator=R1I(SMD_0805)
Added Component: Designator=R1J(SMD_0805)
Added Component: Designator=R1K(SMD_0805)
Added Component: Designator=R1L(SMD_0805)
Added Component: Designator=R1M(SMD_0805)
Added Component: Designator=R1N(SMD_0805)
Added Component: Designator=R1O(SMD_0805)
Added Component: Designator=R2B(SMD_0805)
Added Component: Designator=R2E(SMD_0805)
Added Component: Designator=R2F(SMD_0805)
Added Component: Designator=R2G(SMD_0805)
Added Component: Designator=R2H(SMD_0805)
Added Component: Designator=R2I(SMD_0805)
Added Component: Designator=R2J(SMD_0805)
Added Component: Designator=R2K(SMD_0805)
Added Component: Designator=R2L(SMD_0805)
Added Component: Designator=R2M(SMD_0805)
Added Component: Designator=R2N(SMD_0805)
Added Component: Designator=R2O(SMD_0805)
Added Component: Designator=TP3B(SMD_TEST POINT)
Added Component: Designator=TP3E(SMD_TEST POINT)
Added Component: Designator=TP3F(SMD_TEST POINT)
Added Component: Designator=TP3G(SMD_TEST POINT)
Added Component: Designator=TP3H(SMD_TEST POINT)
Added Component: Designator=TP3I(SMD_TEST POINT)
Added Component: Designator=TP3J(SMD_TEST POINT)
Added Component: Designator=TP3K(SMD_TEST POINT)
Added Component: Designator=TP3L(SMD_TEST POINT)
Added Component: Designator=TP3M(SMD_TEST POINT)
Added Component: Designator=TP3N(SMD_TEST POINT)
Added Component: Designator=TP3O(SMD_TEST POINT)
Added Component: Designator=U1B(SOT23A)
Added Component: Designator=U1E(SOT23A)
Added Component: Designator=U1F(SOT23A)
Added Component: Designator=U1G(SOT23A)
Added Component: Designator=U1H(SOT23A)
Added Component: Designator=U1I(SOT23A)
Added Component: Designator=U1J(SOT23A)
Added Component: Designator=U1K(SOT23A)
Added Component: Designator=U1L(SOT23A)
Added Component: Designator=U1M(SOT23A)
Added Component: Designator=U1N(SOT23A)
Added Component: Designator=U1O(SOT23A)
Added Component: Designator=U2B(182H_M)
Added Component: Designator=U2E(182H_M)
Added Component: Designator=U2F(182H_M)
Added Component: Designator=U2G(182H_M)
Added Component: Designator=U2H(182H_M)
Added Component: Designator=U2I(182H_M)
Added Component: Designator=U2J(182H_M)
Added Component: Designator=U2K(182H_M)
Added Component: Designator=U2L(182H_M)
Added Component: Designator=U2M(182H_M)
Added Component: Designator=U2N(182H_M)
Added Component: Designator=U2O(182H_M)
Added Component: Designator=U3B(182H_M)
Added Component: Designator=U3E(182H_M)
Added Component: Designator=U3F(182H_M)
Added Component: Designator=U3G(182H_M)
Added Component: Designator=U3H(182H_M)
Added Component: Designator=U3I(182H_M)
Added Component: Designator=U3J(182H_M)
Added Component: Designator=U3K(182H_M)
Added Component: Designator=U3L(182H_M)
Added Component: Designator=U3M(182H_M)
Added Component: Designator=U3N(182H_M)
Added Component: Designator=U3O(182H_M)
Added Pin To Net: NetName=A Pin=C1B-NEG
Added Pin To Net: NetName=NetC1B_pos Pin=C1B-POS
Added Pin To Net: NetName=A Pin=C1E-NEG
Added Pin To Net: NetName=NetC1E_pos Pin=C1E-POS
Added Pin To Net: NetName=A Pin=C1F-NEG
Added Pin To Net: NetName=NetC1F_pos Pin=C1F-POS
Added Pin To Net: NetName=A Pin=C1G-NEG
Added Pin To Net: NetName=NetC1G_pos Pin=C1G-POS
Added Pin To Net: NetName=A Pin=C1H-NEG
Added Pin To Net: NetName=NetC1H_pos Pin=C1H-POS
Added Pin To Net: NetName=A Pin=C1I-NEG
Added Pin To Net: NetName=NetC1I_pos Pin=C1I-POS
Added Pin To Net: NetName=A Pin=C1J-NEG
Added Pin To Net: NetName=NetC1J_pos Pin=C1J-POS
Added Pin To Net: NetName=A Pin=C1K-NEG
Added Pin To Net: NetName=NetC1K_pos Pin=C1K-POS
Added Pin To Net: NetName=A Pin=C1L-NEG
Added Pin To Net: NetName=NetC1L_pos Pin=C1L-POS
Added Pin To Net: NetName=A Pin=C1M-NEG
Added Pin To Net: NetName=NetC1M_pos Pin=C1M-POS
Added Pin To Net: NetName=A Pin=C1N-NEG
Added Pin To Net: NetName=NetC1N_pos Pin=C1N-POS
Added Pin To Net: NetName=A Pin=C1O-NEG
Added Pin To Net: NetName=NetC1O_pos Pin=C1O-POS
Added Pin To Net: NetName=VREFLO4 Pin=C2B-1
Added Pin To Net: NetName=NetC2B_2 Pin=C2B-2
Added Pin To Net: NetName=VREFLO2 Pin=C2E-1
Added Pin To Net: NetName=NetC2E_2 Pin=C2E-2
Added Pin To Net: NetName=VREFLO1 Pin=C2F-1
Added Pin To Net: NetName=NetC2F_2 Pin=C2F-2
Added Pin To Net: NetName=VREFLO1 Pin=C2G-1
Added Pin To Net: NetName=NetC2G_2 Pin=C2G-2
Added Pin To Net: NetName=VREFLO1 Pin=C2H-1
Added Pin To Net: NetName=NetC2H_2 Pin=C2H-2
Added Pin To Net: NetName=VREFLO1 Pin=C2I-1
Added Pin To Net: NetName=NetC2I_2 Pin=C2I-2
Added Pin To Net: NetName=VREFLO1 Pin=C2J-1
Added Pin To Net: NetName=NetC2J_2 Pin=C2J-2
Added Pin To Net: NetName=VREFLO1 Pin=C2K-1
Added Pin To Net: NetName=NetC2K_2 Pin=C2K-2
Added Pin To Net: NetName=VREFLO1 Pin=C2L-1
Added Pin To Net: NetName=NetC2L_2 Pin=C2L-2
Added Pin To Net: NetName=VREFLO1 Pin=C2M-1
Added Pin To Net: NetName=NetC2M_2 Pin=C2M-2
Added Pin To Net: NetName=VREFLO1 Pin=C2N-1
Added Pin To Net: NetName=NetC2N_2 Pin=C2N-2
Added Pin To Net: NetName=VREFLO3 Pin=C2O-1
Added Pin To Net: NetName=NetC2O_2 Pin=C2O-2
Added Pin To Net: NetName=NetC3B_neg Pin=C3B-NEG
Added Pin To Net: NetName=A Pin=C3B-POS
Added Pin To Net: NetName=NetC3E_neg Pin=C3E-NEG
Added Pin To Net: NetName=A Pin=C3E-POS
Added Pin To Net: NetName=NetC3F_neg Pin=C3F-NEG
Added Pin To Net: NetName=A Pin=C3F-POS
Added Pin To Net: NetName=NetC3G_neg Pin=C3G-NEG
Added Pin To Net: NetName=A Pin=C3G-POS
Added Pin To Net: NetName=NetC3H_neg Pin=C3H-NEG
Added Pin To Net: NetName=A Pin=C3H-POS
Added Pin To Net: NetName=NetC3I_neg Pin=C3I-NEG
Added Pin To Net: NetName=A Pin=C3I-POS
Added Pin To Net: NetName=NetC3J_neg Pin=C3J-NEG
Added Pin To Net: NetName=A Pin=C3J-POS
Added Pin To Net: NetName=NetC3K_neg Pin=C3K-NEG
Added Pin To Net: NetName=A Pin=C3K-POS
Added Pin To Net: NetName=NetC3L_neg Pin=C3L-NEG
Added Pin To Net: NetName=A Pin=C3L-POS
Added Pin To Net: NetName=NetC3M_neg Pin=C3M-NEG
Added Pin To Net: NetName=A Pin=C3M-POS
Added Pin To Net: NetName=NetC3N_neg Pin=C3N-NEG
Added Pin To Net: NetName=A Pin=C3N-POS
Added Pin To Net: NetName=NetC3O_neg Pin=C3O-NEG
Added Pin To Net: NetName=A Pin=C3O-POS
Added Pin To Net: NetName=VREFLO4 Pin=C4B-1
Added Pin To Net: NetName=VREFHI4 Pin=C4B-2
Added Pin To Net: NetName=VREFLO2 Pin=C4E-1
Added Pin To Net: NetName=VREFHI2 Pin=C4E-2
Added Pin To Net: NetName=VREFLO1 Pin=C4F-1
Added Pin To Net: NetName=VREFHI1 Pin=C4F-2
Added Pin To Net: NetName=VREFLO1 Pin=C4G-1
Added Pin To Net: NetName=VREFHI1 Pin=C4G-2
Added Pin To Net: NetName=VREFLO1 Pin=C4H-1
Added Pin To Net: NetName=VREFHI1 Pin=C4H-2
Added Pin To Net: NetName=VREFLO1 Pin=C4I-1
Added Pin To Net: NetName=VREFHI1 Pin=C4I-2
Added Pin To Net: NetName=VREFLO1 Pin=C4J-1
Added Pin To Net: NetName=VREFHI1 Pin=C4J-2
Added Pin To Net: NetName=VREFLO1 Pin=C4K-1
Added Pin To Net: NetName=VREFHI1 Pin=C4K-2
Added Pin To Net: NetName=VREFLO1 Pin=C4L-1
Added Pin To Net: NetName=VREFHI1 Pin=C4L-2
Added Pin To Net: NetName=VREFLO1 Pin=C4M-1
Added Pin To Net: NetName=VREFHI1 Pin=C4M-2
Added Pin To Net: NetName=VREFLO1 Pin=C4N-1
Added Pin To Net: NetName=VREFHI1 Pin=C4N-2
Added Pin To Net: NetName=VREFLO3 Pin=C4O-1
Added Pin To Net: NetName=VREFHI3 Pin=C4O-2
Added Pin To Net: NetName=VREFHI4 Pin=L1B-1
Added Pin To Net: NetName=NetC1B_pos Pin=L1B-2
Added Pin To Net: NetName=VREFHI2 Pin=L1E-1
Added Pin To Net: NetName=NetC1E_pos Pin=L1E-2
Added Pin To Net: NetName=VREFHI1 Pin=L1F-1
Added Pin To Net: NetName=NetC1F_pos Pin=L1F-2
Added Pin To Net: NetName=VREFHI1 Pin=L1G-1
Added Pin To Net: NetName=NetC1G_pos Pin=L1G-2
Added Pin To Net: NetName=VREFHI1 Pin=L1H-1
Added Pin To Net: NetName=NetC1H_pos Pin=L1H-2
Added Pin To Net: NetName=VREFHI1 Pin=L1I-1
Added Pin To Net: NetName=NetC1I_pos Pin=L1I-2
Added Pin To Net: NetName=VREFHI1 Pin=L1J-1
Added Pin To Net: NetName=NetC1J_pos Pin=L1J-2
Added Pin To Net: NetName=VREFHI1 Pin=L1K-1
Added Pin To Net: NetName=NetC1K_pos Pin=L1K-2
Added Pin To Net: NetName=VREFHI1 Pin=L1L-1
Added Pin To Net: NetName=NetC1L_pos Pin=L1L-2
Added Pin To Net: NetName=VREFHI1 Pin=L1M-1
Added Pin To Net: NetName=NetC1M_pos Pin=L1M-2
Added Pin To Net: NetName=VREFHI1 Pin=L1N-1
Added Pin To Net: NetName=NetC1N_pos Pin=L1N-2
Added Pin To Net: NetName=VREFHI3 Pin=L1O-1
Added Pin To Net: NetName=NetC1O_pos Pin=L1O-2
Added Pin To Net: NetName=VREFLO4 Pin=L2B-1
Added Pin To Net: NetName=NetC3B_neg Pin=L2B-2
Added Pin To Net: NetName=VREFLO2 Pin=L2E-1
Added Pin To Net: NetName=NetC3E_neg Pin=L2E-2
Added Pin To Net: NetName=VREFLO1 Pin=L2F-1
Added Pin To Net: NetName=NetC3F_neg Pin=L2F-2
Added Pin To Net: NetName=VREFLO1 Pin=L2G-1
Added Pin To Net: NetName=NetC3G_neg Pin=L2G-2
Added Pin To Net: NetName=VREFLO1 Pin=L2H-1
Added Pin To Net: NetName=NetC3H_neg Pin=L2H-2
Added Pin To Net: NetName=VREFLO1 Pin=L2I-1
Added Pin To Net: NetName=NetC3I_neg Pin=L2I-2
Added Pin To Net: NetName=VREFLO1 Pin=L2J-1
Added Pin To Net: NetName=NetC3J_neg Pin=L2J-2
Added Pin To Net: NetName=VREFLO1 Pin=L2K-1
Added Pin To Net: NetName=NetC3K_neg Pin=L2K-2
Added Pin To Net: NetName=VREFLO1 Pin=L2L-1
Added Pin To Net: NetName=NetC3L_neg Pin=L2L-2
Added Pin To Net: NetName=VREFLO1 Pin=L2M-1
Added Pin To Net: NetName=NetC3M_neg Pin=L2M-2
Added Pin To Net: NetName=VREFLO1 Pin=L2N-1
Added Pin To Net: NetName=NetC3N_neg Pin=L2N-2
Added Pin To Net: NetName=VREFLO3 Pin=L2O-1
Added Pin To Net: NetName=NetC3O_neg Pin=L2O-2
Added Pin To Net: NetName=PH_CLK13 Pin=R1B-1
Added Pin To Net: NetName=NetR1B_2 Pin=R1B-2
Added Pin To Net: NetName=PH_CLK10 Pin=R1E-1
Added Pin To Net: NetName=NetR1E_2 Pin=R1E-2
Added Pin To Net: NetName=PH_CLK1 Pin=R1F-1
Added Pin To Net: NetName=NetR1F_2 Pin=R1F-2
Added Pin To Net: NetName=PH_CLK2 Pin=R1G-1
Added Pin To Net: NetName=NetR1G_2 Pin=R1G-2
Added Pin To Net: NetName=PH_CLK3 Pin=R1H-1
Added Pin To Net: NetName=NetR1H_2 Pin=R1H-2
Added Pin To Net: NetName=PH_CLK4 Pin=R1I-1
Added Pin To Net: NetName=NetR1I_2 Pin=R1I-2
Added Pin To Net: NetName=PH_CLK5 Pin=R1J-1
Added Pin To Net: NetName=NetR1J_2 Pin=R1J-2
Added Pin To Net: NetName=PH_CLK6 Pin=R1K-1
Added Pin To Net: NetName=NetR1K_2 Pin=R1K-2
Added Pin To Net: NetName=PH_CLK7 Pin=R1L-1
Added Pin To Net: NetName=NetR1L_2 Pin=R1L-2
Added Pin To Net: NetName=PH_CLK8 Pin=R1M-1
Added Pin To Net: NetName=NetR1M_2 Pin=R1M-2
Added Pin To Net: NetName=PH_CLK9 Pin=R1N-1
Added Pin To Net: NetName=NetR1N_2 Pin=R1N-2
Added Pin To Net: NetName=PH_CLK11 Pin=R1O-1
Added Pin To Net: NetName=NetR1O_2 Pin=R1O-2
Added Pin To Net: NetName=NetR2B_1 Pin=R2B-1
Added Pin To Net: NetName=CDO13 Pin=R2B-2
Added Pin To Net: NetName=NetR2E_1 Pin=R2E-1
Added Pin To Net: NetName=CDO10 Pin=R2E-2
Added Pin To Net: NetName=NetR2F_1 Pin=R2F-1
Added Pin To Net: NetName=CDO1 Pin=R2F-2
Added Pin To Net: NetName=NetR2G_1 Pin=R2G-1
Added Pin To Net: NetName=CDO2 Pin=R2G-2
Added Pin To Net: NetName=NetR2H_1 Pin=R2H-1
Added Pin To Net: NetName=CDO3 Pin=R2H-2
Added Pin To Net: NetName=NetR2I_1 Pin=R2I-1
Added Pin To Net: NetName=CDO4 Pin=R2I-2
Added Pin To Net: NetName=NetR2J_1 Pin=R2J-1
Added Pin To Net: NetName=CDO5 Pin=R2J-2
Added Pin To Net: NetName=NetR2K_1 Pin=R2K-1
Added Pin To Net: NetName=CDO6 Pin=R2K-2
Added Pin To Net: NetName=NetR2L_1 Pin=R2L-1
Added Pin To Net: NetName=CDO7 Pin=R2L-2
Added Pin To Net: NetName=NetR2M_1 Pin=R2M-1
Added Pin To Net: NetName=CDO8 Pin=R2M-2
Added Pin To Net: NetName=NetR2N_1 Pin=R2N-1
Added Pin To Net: NetName=CDO9 Pin=R2N-2
Added Pin To Net: NetName=NetR2O_1 Pin=R2O-1
Added Pin To Net: NetName=CDO11 Pin=R2O-2
Added Pin To Net: NetName=NetR2B_1 Pin=TP3B-1
Added Pin To Net: NetName=NetR2E_1 Pin=TP3E-1
Added Pin To Net: NetName=NetR2F_1 Pin=TP3F-1
Added Pin To Net: NetName=NetR2G_1 Pin=TP3G-1
Added Pin To Net: NetName=NetR2H_1 Pin=TP3H-1
Added Pin To Net: NetName=NetR2I_1 Pin=TP3I-1
Added Pin To Net: NetName=NetR2J_1 Pin=TP3J-1
Added Pin To Net: NetName=NetR2K_1 Pin=TP3K-1
Added Pin To Net: NetName=NetR2L_1 Pin=TP3L-1
Added Pin To Net: NetName=NetR2M_1 Pin=TP3M-1
Added Pin To Net: NetName=NetR2N_1 Pin=TP3N-1
Added Pin To Net: NetName=NetR2O_1 Pin=TP3O-1
Added Pin To Net: NetName=NetC2B_2 Pin=U1B-1
Added Pin To Net: NetName=VREFHI4 Pin=U1B-2
Added Pin To Net: NetName=VREFLO4 Pin=U1B-3
Added Pin To Net: NetName=NetC2E_2 Pin=U1E-1
Added Pin To Net: NetName=VREFHI2 Pin=U1E-2
Added Pin To Net: NetName=VREFLO2 Pin=U1E-3
Added Pin To Net: NetName=NetC2F_2 Pin=U1F-1
Added Pin To Net: NetName=VREFHI1 Pin=U1F-2
Added Pin To Net: NetName=VREFLO1 Pin=U1F-3
Added Pin To Net: NetName=NetC2G_2 Pin=U1G-1
Added Pin To Net: NetName=VREFHI1 Pin=U1G-2
Added Pin To Net: NetName=VREFLO1 Pin=U1G-3
Added Pin To Net: NetName=NetC2H_2 Pin=U1H-1
Added Pin To Net: NetName=VREFHI1 Pin=U1H-2
Added Pin To Net: NetName=VREFLO1 Pin=U1H-3
Added Pin To Net: NetName=NetC2I_2 Pin=U1I-1
Added Pin To Net: NetName=VREFHI1 Pin=U1I-2
Added Pin To Net: NetName=VREFLO1 Pin=U1I-3
Added Pin To Net: NetName=NetC2J_2 Pin=U1J-1
Added Pin To Net: NetName=VREFHI1 Pin=U1J-2
Added Pin To Net: NetName=VREFLO1 Pin=U1J-3
Added Pin To Net: NetName=NetC2K_2 Pin=U1K-1
Added Pin To Net: NetName=VREFHI1 Pin=U1K-2
Added Pin To Net: NetName=VREFLO1 Pin=U1K-3
Added Pin To Net: NetName=NetC2L_2 Pin=U1L-1
Added Pin To Net: NetName=VREFHI1 Pin=U1L-2
Added Pin To Net: NetName=VREFLO1 Pin=U1L-3
Added Pin To Net: NetName=NetC2M_2 Pin=U1M-1
Added Pin To Net: NetName=VREFHI1 Pin=U1M-2
Added Pin To Net: NetName=VREFLO1 Pin=U1M-3
Added Pin To Net: NetName=NetC2N_2 Pin=U1N-1
Added Pin To Net: NetName=VREFHI1 Pin=U1N-2
Added Pin To Net: NetName=VREFLO1 Pin=U1N-3
Added Pin To Net: NetName=NetC2O_2 Pin=U1O-1
Added Pin To Net: NetName=VREFHI3 Pin=U1O-2
Added Pin To Net: NetName=VREFLO3 Pin=U1O-3
Added Pin To Net: NetName=NetR1B_2 Pin=U2B-2
Added Pin To Net: NetName=A Pin=U2B-3
Added Pin To Net: NetName=NetC2B_2 Pin=U2B-5
Added Pin To Net: NetName=NetU2B_6 Pin=U2B-6
Added Pin To Net: NetName=VREFLO4 Pin=U2B-8
Added Pin To Net: NetName=NetR1E_2 Pin=U2E-2
Added Pin To Net: NetName=A Pin=U2E-3
Added Pin To Net: NetName=NetC2E_2 Pin=U2E-5
Added Pin To Net: NetName=NetU2E_6 Pin=U2E-6
Added Pin To Net: NetName=VREFLO2 Pin=U2E-8
Added Pin To Net: NetName=NetR1F_2 Pin=U2F-2
Added Pin To Net: NetName=A Pin=U2F-3
Added Pin To Net: NetName=NetC2F_2 Pin=U2F-5
Added Pin To Net: NetName=NetU2F_6 Pin=U2F-6
Added Pin To Net: NetName=VREFLO1 Pin=U2F-8
Added Pin To Net: NetName=NetR1G_2 Pin=U2G-2
Added Pin To Net: NetName=A Pin=U2G-3
Added Pin To Net: NetName=NetC2G_2 Pin=U2G-5
Added Pin To Net: NetName=NetU2G_6 Pin=U2G-6
Added Pin To Net: NetName=VREFLO1 Pin=U2G-8
Added Pin To Net: NetName=NetR1H_2 Pin=U2H-2
Added Pin To Net: NetName=A Pin=U2H-3
Added Pin To Net: NetName=NetC2H_2 Pin=U2H-5
Added Pin To Net: NetName=NetU2H_6 Pin=U2H-6
Added Pin To Net: NetName=VREFLO1 Pin=U2H-8
Added Pin To Net: NetName=NetR1I_2 Pin=U2I-2
Added Pin To Net: NetName=A Pin=U2I-3
Added Pin To Net: NetName=NetC2I_2 Pin=U2I-5
Added Pin To Net: NetName=NetU2I_6 Pin=U2I-6
Added Pin To Net: NetName=VREFLO1 Pin=U2I-8
Added Pin To Net: NetName=NetR1J_2 Pin=U2J-2
Added Pin To Net: NetName=A Pin=U2J-3
Added Pin To Net: NetName=NetC2J_2 Pin=U2J-5
Added Pin To Net: NetName=NetU2J_6 Pin=U2J-6
Added Pin To Net: NetName=VREFLO1 Pin=U2J-8
Added Pin To Net: NetName=NetR1K_2 Pin=U2K-2
Added Pin To Net: NetName=A Pin=U2K-3
Added Pin To Net: NetName=NetC2K_2 Pin=U2K-5
Added Pin To Net: NetName=NetU2K_6 Pin=U2K-6
Added Pin To Net: NetName=VREFLO1 Pin=U2K-8
Added Pin To Net: NetName=NetR1L_2 Pin=U2L-2
Added Pin To Net: NetName=A Pin=U2L-3
Added Pin To Net: NetName=NetC2L_2 Pin=U2L-5
Added Pin To Net: NetName=NetU2L_6 Pin=U2L-6
Added Pin To Net: NetName=VREFLO1 Pin=U2L-8
Added Pin To Net: NetName=NetR1M_2 Pin=U2M-2
Added Pin To Net: NetName=A Pin=U2M-3
Added Pin To Net: NetName=NetC2M_2 Pin=U2M-5
Added Pin To Net: NetName=NetU2M_6 Pin=U2M-6
Added Pin To Net: NetName=VREFLO1 Pin=U2M-8
Added Pin To Net: NetName=NetR1N_2 Pin=U2N-2
Added Pin To Net: NetName=A Pin=U2N-3
Added Pin To Net: NetName=NetC2N_2 Pin=U2N-5
Added Pin To Net: NetName=NetU2N_6 Pin=U2N-6
Added Pin To Net: NetName=VREFLO1 Pin=U2N-8
Added Pin To Net: NetName=NetR1O_2 Pin=U2O-2
Added Pin To Net: NetName=A Pin=U2O-3
Added Pin To Net: NetName=NetC2O_2 Pin=U2O-5
Added Pin To Net: NetName=NetU2O_6 Pin=U2O-6
Added Pin To Net: NetName=VREFLO3 Pin=U2O-8
Added Pin To Net: NetName=NetU2B_6 Pin=U3B-2
Added Pin To Net: NetName=NetC3B_neg Pin=U3B-3
Added Pin To Net: NetName=NetU2B_6 Pin=U3B-4
Added Pin To Net: NetName=NetR2B_1 Pin=U3B-5
Added Pin To Net: NetName=NetC1B_pos Pin=U3B-6
Added Pin To Net: NetName=NetR2B_1 Pin=U3B-7
Added Pin To Net: NetName=NetU2E_6 Pin=U3E-2
Added Pin To Net: NetName=NetC3E_neg Pin=U3E-3
Added Pin To Net: NetName=NetU2E_6 Pin=U3E-4
Added Pin To Net: NetName=NetR2E_1 Pin=U3E-5
Added Pin To Net: NetName=NetC1E_pos Pin=U3E-6
Added Pin To Net: NetName=NetR2E_1 Pin=U3E-7
Added Pin To Net: NetName=NetU2F_6 Pin=U3F-2
Added Pin To Net: NetName=NetC3F_neg Pin=U3F-3
Added Pin To Net: NetName=NetU2F_6 Pin=U3F-4
Added Pin To Net: NetName=NetR2F_1 Pin=U3F-5
Added Pin To Net: NetName=NetC1F_pos Pin=U3F-6
Added Pin To Net: NetName=NetR2F_1 Pin=U3F-7
Added Pin To Net: NetName=NetU2G_6 Pin=U3G-2
Added Pin To Net: NetName=NetC3G_neg Pin=U3G-3
Added Pin To Net: NetName=NetU2G_6 Pin=U3G-4
Added Pin To Net: NetName=NetR2G_1 Pin=U3G-5
Added Pin To Net: NetName=NetC1G_pos Pin=U3G-6
Added Pin To Net: NetName=NetR2G_1 Pin=U3G-7
Added Pin To Net: NetName=NetU2H_6 Pin=U3H-2
Added Pin To Net: NetName=NetC3H_neg Pin=U3H-3
Added Pin To Net: NetName=NetU2H_6 Pin=U3H-4
Added Pin To Net: NetName=NetR2H_1 Pin=U3H-5
Added Pin To Net: NetName=NetC1H_pos Pin=U3H-6
Added Pin To Net: NetName=NetR2H_1 Pin=U3H-7
Added Pin To Net: NetName=NetU2I_6 Pin=U3I-2
Added Pin To Net: NetName=NetC3I_neg Pin=U3I-3
Added Pin To Net: NetName=NetU2I_6 Pin=U3I-4
Added Pin To Net: NetName=NetR2I_1 Pin=U3I-5
Added Pin To Net: NetName=NetC1I_pos Pin=U3I-6
Added Pin To Net: NetName=NetR2I_1 Pin=U3I-7
Added Pin To Net: NetName=NetU2J_6 Pin=U3J-2
Added Pin To Net: NetName=NetC3J_neg Pin=U3J-3
Added Pin To Net: NetName=NetU2J_6 Pin=U3J-4
Added Pin To Net: NetName=NetR2J_1 Pin=U3J-5
Added Pin To Net: NetName=NetC1J_pos Pin=U3J-6
Added Pin To Net: NetName=NetR2J_1 Pin=U3J-7
Added Pin To Net: NetName=NetU2K_6 Pin=U3K-2
Added Pin To Net: NetName=NetC3K_neg Pin=U3K-3
Added Pin To Net: NetName=NetU2K_6 Pin=U3K-4
Added Pin To Net: NetName=NetR2K_1 Pin=U3K-5
Added Pin To Net: NetName=NetC1K_pos Pin=U3K-6
Added Pin To Net: NetName=NetR2K_1 Pin=U3K-7
Added Pin To Net: NetName=NetU2L_6 Pin=U3L-2
Added Pin To Net: NetName=NetC3L_neg Pin=U3L-3
Added Pin To Net: NetName=NetU2L_6 Pin=U3L-4
Added Pin To Net: NetName=NetR2L_1 Pin=U3L-5
Added Pin To Net: NetName=NetC1L_pos Pin=U3L-6
Added Pin To Net: NetName=NetR2L_1 Pin=U3L-7
Added Pin To Net: NetName=NetU2M_6 Pin=U3M-2
Added Pin To Net: NetName=NetC3M_neg Pin=U3M-3
Added Pin To Net: NetName=NetU2M_6 Pin=U3M-4
Added Pin To Net: NetName=NetR2M_1 Pin=U3M-5
Added Pin To Net: NetName=NetC1M_pos Pin=U3M-6
Added Pin To Net: NetName=NetR2M_1 Pin=U3M-7
Added Pin To Net: NetName=NetU2N_6 Pin=U3N-2
Added Pin To Net: NetName=NetC3N_neg Pin=U3N-3
Added Pin To Net: NetName=NetU2N_6 Pin=U3N-4
Added Pin To Net: NetName=NetR2N_1 Pin=U3N-5
Added Pin To Net: NetName=NetC1N_pos Pin=U3N-6
Added Pin To Net: NetName=NetR2N_1 Pin=U3N-7
Added Pin To Net: NetName=NetU2O_6 Pin=U3O-2
Added Pin To Net: NetName=NetC3O_neg Pin=U3O-3
Added Pin To Net: NetName=NetU2O_6 Pin=U3O-4
Added Pin To Net: NetName=NetR2O_1 Pin=U3O-5
Added Pin To Net: NetName=NetC1O_pos Pin=U3O-6
Added Pin To Net: NetName=NetR2O_1 Pin=U3O-7
Added Member To Class: ClassName=PPhase1/22 Member=Component C1B (C1) 35V
Added Member To Class: ClassName=Reset Gate Member=Component C1E (C1) 35V
Added Member To Class: ClassName=SerialPhase6 Member=Component C1F (C1) 35V
Added Member To Class: ClassName=SerialPhase7 Member=Component C1G (C1) 35V
Added Member To Class: ClassName=SerialPhase8 Member=Component C1H (C1) 35V
Added Member To Class: ClassName=SerialPhase9 Member=Component C1I (C1) 35V
Added Member To Class: ClassName=SerialPhase10 Member=Component C1J (C1) 35V
Added Member To Class: ClassName=SerialPhase11 Member=Component C1K (C1) 35V
Added Member To Class: ClassName=SerialPhase12 Member=Component C1L (C1) 35V
Added Member To Class: ClassName=SerialPhase13 Member=Component C1M (C1) 35V
Added Member To Class: ClassName=SerialPhase14 Member=Component C1N (C1) 35V
Added Member To Class: ClassName=Summing Gate Member=Component C1O (C1) 35V
Added Member To Class: ClassName=PPhase1/22 Member=Component C2B (C2) Cap SMD
Added Member To Class: ClassName=Reset Gate Member=Component C2E (C2) Cap SMD
Added Member To Class: ClassName=SerialPhase6 Member=Component C2F (C2) Cap SMD
Added Member To Class: ClassName=SerialPhase7 Member=Component C2G (C2) Cap SMD
Added Member To Class: ClassName=SerialPhase8 Member=Component C2H (C2) Cap SMD
Added Member To Class: ClassName=SerialPhase9 Member=Component C2I (C2) Cap SMD
Added Member To Class: ClassName=SerialPhase10 Member=Component C2J (C2) Cap SMD
Added Member To Class: ClassName=SerialPhase11 Member=Component C2K (C2) Cap SMD
Added Member To Class: ClassName=SerialPhase12 Member=Component C2L (C2) Cap SMD
Added Member To Class: ClassName=SerialPhase13 Member=Component C2M (C2) Cap SMD
Added Member To Class: ClassName=SerialPhase14 Member=Component C2N (C2) Cap SMD
Added Member To Class: ClassName=Summing Gate Member=Component C2O (C2) Cap SMD
Added Member To Class: ClassName=PPhase1/22 Member=Component C3B (C3) 35V
Added Member To Class: ClassName=Reset Gate Member=Component C3E (C3) 35V
Added Member To Class: ClassName=SerialPhase6 Member=Component C3F (C3) 35V
Added Member To Class: ClassName=SerialPhase7 Member=Component C3G (C3) 35V
Added Member To Class: ClassName=SerialPhase8 Member=Component C3H (C3) 35V
Added Member To Class: ClassName=SerialPhase9 Member=Component C3I (C3) 35V
Added Member To Class: ClassName=SerialPhase10 Member=Component C3J (C3) 35V
Added Member To Class: ClassName=SerialPhase11 Member=Component C3K (C3) 35V
Added Member To Class: ClassName=SerialPhase12 Member=Component C3L (C3) 35V
Added Member To Class: ClassName=SerialPhase13 Member=Component C3M (C3) 35V
Added Member To Class: ClassName=SerialPhase14 Member=Component C3N (C3) 35V
Added Member To Class: ClassName=Summing Gate Member=Component C3O (C3) 35V
Added Member To Class: ClassName=PPhase1/22 Member=Component C4B (C4) Cap SMD
Added Member To Class: ClassName=Reset Gate Member=Component C4E (C4) Cap SMD
Added Member To Class: ClassName=SerialPhase6 Member=Component C4F (C4) Cap SMD
Added Member To Class: ClassName=SerialPhase7 Member=Component C4G (C4) Cap SMD
Added Member To Class: ClassName=SerialPhase8 Member=Component C4H (C4) Cap SMD
Added Member To Class: ClassName=SerialPhase9 Member=Component C4I (C4) Cap SMD
Added Member To Class: ClassName=SerialPhase10 Member=Component C4J (C4) Cap SMD
Added Member To Class: ClassName=SerialPhase11 Member=Component C4K (C4) Cap SMD
Added Member To Class: ClassName=SerialPhase12 Member=Component C4L (C4) Cap SMD
Added Member To Class: ClassName=SerialPhase13 Member=Component C4M (C4) Cap SMD
Added Member To Class: ClassName=SerialPhase14 Member=Component C4N (C4) Cap SMD
Added Member To Class: ClassName=Summing Gate Member=Component C4O (C4) Cap SMD
Added Member To Class: ClassName=PPhase1/22 Member=Component L1B (L1) Inductor
Added Member To Class: ClassName=Reset Gate Member=Component L1E (L1) Inductor
Added Member To Class: ClassName=SerialPhase6 Member=Component L1F (L1) Inductor
Added Member To Class: ClassName=SerialPhase7 Member=Component L1G (L1) Inductor
Added Member To Class: ClassName=SerialPhase8 Member=Component L1H (L1) Inductor
Added Member To Class: ClassName=SerialPhase9 Member=Component L1I (L1) Inductor
Added Member To Class: ClassName=SerialPhase10 Member=Component L1J (L1) Inductor
Added Member To Class: ClassName=SerialPhase11 Member=Component L1K (L1) Inductor
Added Member To Class: ClassName=SerialPhase12 Member=Component L1L (L1) Inductor
Added Member To Class: ClassName=SerialPhase13 Member=Component L1M (L1) Inductor
Added Member To Class: ClassName=SerialPhase14 Member=Component L1N (L1) Inductor
Added Member To Class: ClassName=Summing Gate Member=Component L1O (L1) Inductor
Added Member To Class: ClassName=PPhase1/22 Member=Component L2B (L2) Inductor
Added Member To Class: ClassName=Reset Gate Member=Component L2E (L2) Inductor
Added Member To Class: ClassName=SerialPhase6 Member=Component L2F (L2) Inductor
Added Member To Class: ClassName=SerialPhase7 Member=Component L2G (L2) Inductor
Added Member To Class: ClassName=SerialPhase8 Member=Component L2H (L2) Inductor
Added Member To Class: ClassName=SerialPhase9 Member=Component L2I (L2) Inductor
Added Member To Class: ClassName=SerialPhase10 Member=Component L2J (L2) Inductor
Added Member To Class: ClassName=SerialPhase11 Member=Component L2K (L2) Inductor
Added Member To Class: ClassName=SerialPhase12 Member=Component L2L (L2) Inductor
Added Member To Class: ClassName=SerialPhase13 Member=Component L2M (L2) Inductor
Added Member To Class: ClassName=SerialPhase14 Member=Component L2N (L2) Inductor
Added Member To Class: ClassName=Summing Gate Member=Component L2O (L2) Inductor
Added Member To Class: ClassName=PPhase1/22 Member=Component R1B (R1) Res SMD
Added Member To Class: ClassName=Reset Gate Member=Component R1E (R1) Res SMD
Added Member To Class: ClassName=SerialPhase6 Member=Component R1F (R1) Res SMD
Added Member To Class: ClassName=SerialPhase7 Member=Component R1G (R1) Res SMD
Added Member To Class: ClassName=SerialPhase8 Member=Component R1H (R1) Res SMD
Added Member To Class: ClassName=SerialPhase9 Member=Component R1I (R1) Res SMD
Added Member To Class: ClassName=SerialPhase10 Member=Component R1J (R1) Res SMD
Added Member To Class: ClassName=SerialPhase11 Member=Component R1K (R1) Res SMD
Added Member To Class: ClassName=SerialPhase12 Member=Component R1L (R1) Res SMD
Added Member To Class: ClassName=SerialPhase13 Member=Component R1M (R1) Res SMD
Added Member To Class: ClassName=SerialPhase14 Member=Component R1N (R1) Res SMD
Added Member To Class: ClassName=Summing Gate Member=Component R1O (R1) Res SMD
Added Member To Class: ClassName=PPhase1/22 Member=Component R2B (R2) Res SMD
Added Member To Class: ClassName=Reset Gate Member=Component R2E (R2) Res SMD
Added Member To Class: ClassName=SerialPhase6 Member=Component R2F (R2) Res SMD
Added Member To Class: ClassName=SerialPhase7 Member=Component R2G (R2) Res SMD
Added Member To Class: ClassName=SerialPhase8 Member=Component R2H (R2) Res SMD
Added Member To Class: ClassName=SerialPhase9 Member=Component R2I (R2) Res SMD
Added Member To Class: ClassName=SerialPhase10 Member=Component R2J (R2) Res SMD
Added Member To Class: ClassName=SerialPhase11 Member=Component R2K (R2) Res SMD
Added Member To Class: ClassName=SerialPhase12 Member=Component R2L (R2) Res SMD
Added Member To Class: ClassName=SerialPhase13 Member=Component R2M (R2) Res SMD
Added Member To Class: ClassName=SerialPhase14 Member=Component R2N (R2) Res SMD
Added Member To Class: ClassName=Summing Gate Member=Component R2O (R2) Res SMD
Added Member To Class: ClassName=PPhase1/22 Member=Component TP3B (TP3) Test Point SMD
Added Member To Class: ClassName=Reset Gate Member=Component TP3E (TP3) Test Point SMD
Added Member To Class: ClassName=SerialPhase6 Member=Component TP3F (TP3) Test Point SMD
Added Member To Class: ClassName=SerialPhase7 Member=Component TP3G (TP3) Test Point SMD
Added Member To Class: ClassName=SerialPhase8 Member=Component TP3H (TP3) Test Point SMD
Added Member To Class: ClassName=SerialPhase9 Member=Component TP3I (TP3) Test Point SMD
Added Member To Class: ClassName=SerialPhase10 Member=Component TP3J (TP3) Test Point SMD
Added Member To Class: ClassName=SerialPhase11 Member=Component TP3K (TP3) Test Point SMD
Added Member To Class: ClassName=SerialPhase12 Member=Component TP3L (TP3) Test Point SMD
Added Member To Class: ClassName=SerialPhase13 Member=Component TP3M (TP3) Test Point SMD
Added Member To Class: ClassName=SerialPhase14 Member=Component TP3N (TP3) Test Point SMD
Added Member To Class: ClassName=Summing Gate Member=Component TP3O (TP3) Test Point SMD
Added Member To Class: ClassName=PPhase1/22 Member=Component U1B (U1) LM3480IM3-5.0
Added Member To Class: ClassName=Reset Gate Member=Component U1E (U1) LM3480IM3-5.0
Added Member To Class: ClassName=SerialPhase6 Member=Component U1F (U1) LM3480IM3-5.0
Added Member To Class: ClassName=SerialPhase7 Member=Component U1G (U1) LM3480IM3-5.0
Added Member To Class: ClassName=SerialPhase8 Member=Component U1H (U1) LM3480IM3-5.0
Added Member To Class: ClassName=SerialPhase9 Member=Component U1I (U1) LM3480IM3-5.0
Added Member To Class: ClassName=SerialPhase10 Member=Component U1J (U1) LM3480IM3-5.0
Added Member To Class: ClassName=SerialPhase11 Member=Component U1K (U1) LM3480IM3-5.0
Added Member To Class: ClassName=SerialPhase12 Member=Component U1L (U1) LM3480IM3-5.0
Added Member To Class: ClassName=SerialPhase13 Member=Component U1M (U1) LM3480IM3-5.0
Added Member To Class: ClassName=SerialPhase14 Member=Component U1N (U1) LM3480IM3-5.0
Added Member To Class: ClassName=Summing Gate Member=Component U1O (U1) LM3480IM3-5.0
Added Member To Class: ClassName=PPhase1/22 Member=Component U2B (U2) FOD0708
Added Member To Class: ClassName=Reset Gate Member=Component U2E (U2) FOD0708
Added Member To Class: ClassName=SerialPhase6 Member=Component U2F (U2) FOD0708
Added Member To Class: ClassName=SerialPhase7 Member=Component U2G (U2) FOD0708
Added Member To Class: ClassName=SerialPhase8 Member=Component U2H (U2) FOD0708
Added Member To Class: ClassName=SerialPhase9 Member=Component U2I (U2) FOD0708
Added Member To Class: ClassName=SerialPhase10 Member=Component U2J (U2) FOD0708
Added Member To Class: ClassName=SerialPhase11 Member=Component U2K (U2) FOD0708
Added Member To Class: ClassName=SerialPhase12 Member=Component U2L (U2) FOD0708
Added Member To Class: ClassName=SerialPhase13 Member=Component U2M (U2) FOD0708
Added Member To Class: ClassName=SerialPhase14 Member=Component U2N (U2) FOD0708
Added Member To Class: ClassName=Summing Gate Member=Component U2O (U2) FOD0708
Added Member To Class: ClassName=PPhase1/22 Member=Component U3B (U3) IXDN404
Added Member To Class: ClassName=Reset Gate Member=Component U3E (U3) IXDN404
Added Member To Class: ClassName=SerialPhase6 Member=Component U3F (U3) IXDN404
Added Member To Class: ClassName=SerialPhase7 Member=Component U3G (U3) IXDN404
Added Member To Class: ClassName=SerialPhase8 Member=Component U3H (U3) IXDN404
Added Member To Class: ClassName=SerialPhase9 Member=Component U3I (U3) IXDN404
Added Member To Class: ClassName=SerialPhase10 Member=Component U3J (U3) IXDN404
Added Member To Class: ClassName=SerialPhase11 Member=Component U3K (U3) IXDN404
Added Member To Class: ClassName=SerialPhase12 Member=Component U3L (U3) IXDN404
Added Member To Class: ClassName=SerialPhase13 Member=Component U3M (U3) IXDN404
Added Member To Class: ClassName=SerialPhase14 Member=Component U3N (U3) IXDN404
Added Member To Class: ClassName=Summing Gate Member=Component U3O (U3) IXDN404
Added Room: Name=PPhase1/22
Added Room: Name=SerialPhase6
Added Room: Name=SerialPhase7
Added Room: Name=SerialPhase8
Added Room: Name=SerialPhase9
Added Room: Name=SerialPhase10
Added Room: Name=SerialPhase11
Added Room: Name=SerialPhase12
Added Room: Name=SerialPhase13
Added Room: Name=SerialPhase14
Added Room: Name=Summing Gate
