Change Value of Parameter Vendor in Part C7 Old= New=DigiKey
Change Value of Parameter Vendor in Part C12 Old= New=DigiKey
Change Value of Parameter Vendor p/n in Part C12 Old= New=478-1395-1-ND
Change Value of Parameter Vendor in Part C16 Old= New=DigiKey
Change Value of Parameter Vendor p/n in Part C16 Old= New=478-1395-1-ND
Change Value of Parameter Vendor in Part C17 Old= New=DigiKey
Change Value of Parameter Vendor p/n in Part C17 Old= New=478-1395-1-ND
Change Value of Parameter Vendor in Part C18 Old= New=DigiKey
Change Value of Parameter Vendor p/n in Part C18 Old= New=478-1395-1-ND
Change Value of Parameter Vendor in Part C19 Old= New=DigiKey
Change Value of Parameter Vendor p/n in Part C19 Old= New=478-1395-1-ND
Change Value of Parameter Vendor in Part C20 Old= New=DigiKey
Change Value of Parameter Vendor p/n in Part C20 Old= New=478-1395-1-ND
Change Value of Parameter Vendor in Part C21 Old= New=DigiKey
Change Value of Parameter Vendor p/n in Part C21 Old= New=478-1395-1-ND
Change Value of Parameter Vendor in Part C23 Old= New=DigiKey
Change Value of Parameter Vendor p/n in Part C23 Old= New=478-1395-1-ND
Change Value of Parameter Vendor in Part C24 Old= New=DigiKey
Change Value of Parameter Vendor p/n in Part C24 Old= New=478-1395-1-ND
Change Value of Parameter Vendor in Part C26 Old= New=DigiKey
Change Value of Parameter Vendor p/n in Part C26 Old= New=478-1395-1-ND
Change Value of Parameter Vendor in Part C31 Old= New=DigiKey
Change Value of Parameter Vendor p/n in Part C31 Old= New=478-1395-1-ND
Change Value of Parameter Vendor in Part C32 Old= New=DigiKey
Change Value of Parameter Vendor in Part C53 Old= New=DigiKey
Change Value of Parameter Vendor in Part C54 Old= New=DigiKey
Change Value of Parameter Vendor in Part C55 Old= New=DigiKey
Change Value of Parameter Vendor in Part C56 Old= New=DigiKey
Change Value of Parameter Vendor p/n in Part C56 Old= New=478-1395-1-ND
Change Value of Parameter Vendor in Part C57 Old= New=DigiKey
Change Value of Parameter Vendor in Part C58 Old= New=DigiKey
Change Value of Parameter Vendor in Part C59 Old= New=DigiKey
Change Value of Parameter Vendor in Part L5 Old= New=DigiKey
Change Value of Parameter Vendor in Part P1 Old= New=DigiKey
Change Value of Parameter Vendor in Part P2 Old= New=DigiKey
Change Value of Parameter Vendor in Part Q6 Old= New=DigiKey
Change Value of Parameter Vendor in Part R11 Old= New=DigiKey
Change Value of Parameter Vendor in Part RN1 Old= New=DigiKey
Change Value of Parameter COST in Part TP11 Old=0.18 New=0.32
Change Value of Parameter Manuf p/n in Part TP11 Old=1249 New=5015
Change Value of Parameter Vendor in Part TP11 Old=Brisco New=DigiKey
Change Value of Parameter Vendor p/n in Part TP11 Old= New=5015KCT-ND
Change Value of Parameter COST in Part TP12 Old=0.18 New=0.32
Change Value of Parameter Manuf p/n in Part TP12 Old=1249 New=5015
Change Value of Parameter Vendor in Part TP12 Old=Brisco New=DigiKey
Change Value of Parameter Vendor p/n in Part TP12 Old= New=5015KCT-ND
Change Value of Parameter COST in Part TP13 Old=0.18 New=0.32
Change Value of Parameter Manuf p/n in Part TP13 Old=1249 New=5015
Change Value of Parameter Vendor in Part TP13 Old=Brisco New=DigiKey
Change Value of Parameter Vendor p/n in Part TP13 Old= New=5015KCT-ND
Change Value of Parameter COST in Part TP14 Old=0.18 New=0.32
Change Value of Parameter Manuf p/n in Part TP14 Old=1249 New=5015
Change Value of Parameter Vendor in Part TP14 Old=Brisco New=DigiKey
Change Value of Parameter Vendor p/n in Part TP14 Old= New=5015KCT-ND
Change Value of Parameter COST in Part TP15 Old=0.18 New=0.32
Change Value of Parameter Manuf p/n in Part TP15 Old=1249 New=5015
Change Value of Parameter Vendor in Part TP15 Old=Brisco New=DigiKey
Change Value of Parameter Vendor p/n in Part TP15 Old= New=5015KCT-ND
Change Value of Parameter COST in Part TP16 Old=0.18 New=0.32
Change Value of Parameter Manuf p/n in Part TP16 Old=1249 New=5015
Change Value of Parameter Vendor in Part TP16 Old=Brisco New=DigiKey
Change Value of Parameter Vendor p/n in Part TP16 Old= New=5015KCT-ND
Change Value of Parameter COST in Part TP17 Old=0.18 New=0.32
Change Value of Parameter Manuf p/n in Part TP17 Old=1249 New=5015
Change Value of Parameter Vendor in Part TP17 Old=Brisco New=DigiKey
Change Value of Parameter Vendor p/n in Part TP17 Old= New=5015KCT-ND
Change Value of Parameter COST in Part TP18 Old=0.18 New=0.32
Change Value of Parameter Manuf p/n in Part TP18 Old=1249 New=5015
Change Value of Parameter Vendor in Part TP18 Old=Brisco New=DigiKey
Change Value of Parameter Vendor p/n in Part TP18 Old= New=5015KCT-ND
Change Value of Parameter COST in Part TP19 Old=0.18 New=0.32
Change Value of Parameter Manuf p/n in Part TP19 Old=1249 New=5015
Change Value of Parameter Vendor in Part TP19 Old=Brisco New=DigiKey
Change Value of Parameter Vendor p/n in Part TP19 Old= New=5015KCT-ND
Change Value of Parameter COST in Part TP20 Old=0.18 New=0.32
Change Value of Parameter Manuf p/n in Part TP20 Old=1249 New=5015
Change Value of Parameter Vendor in Part TP20 Old=Brisco New=DigiKey
Change Value of Parameter Vendor p/n in Part TP20 Old= New=5015KCT-ND
Change Value of Parameter COST in Part TP21 Old=0.18 New=0.32
Change Value of Parameter Manuf p/n in Part TP21 Old=1249 New=5015
Change Value of Parameter Vendor in Part TP21 Old=Brisco New=DigiKey
Change Value of Parameter Vendor p/n in Part TP21 Old= New=5015KCT-ND
Change Value of Parameter Vendor in Part U9 Old= New=DigiKey
Change Value of Parameter Vendor in Part U9 Old= New=DigiKey
Change Value of Parameter Vendor in Part U9 Old= New=DigiKey
Change Value of Parameter Vendor in Part U9 Old= New=DigiKey
Change Value of Parameter Vendor in Part U9 Old= New=DigiKey
Change Value of Parameter Vendor in Part U10 Old= New=DigiKey
Change Value of Parameter Vendor in Part U19 Old= New=DigiKey
