Change Pin Designator/Name:  Old Designator=U9A-5 Old Name=IO New Designator =IO New Name=74
Change Pin Designator/Name:  Old Designator=U9A-16 Old Name=IO New Designator =IO New Name=78
Change Pin Designator/Name:  Old Designator=U9A-20 Old Name=IO New Designator =IO New Name=39
Change Pin Designator/Name:  Old Designator=U9A-21 Old Name=IO New Designator =IO New Name=38
Change Pin Designator/Name:  Old Designator=U9A-26 Old Name=IO New Designator =IO New Name=37
Change Pin Designator/Name:  Old Designator=U9A-27 Old Name=IO New Designator =IO New Name=40
Change Pin Designator/Name:  Old Designator=U9A-28 Old Name=IO New Designator =IO New Name=42
Change Pin Designator/Name:  Old Designator=U9A-29 Old Name=IO New Designator =IO New Name=41
Change Pin Designator/Name:  Old Designator=U9A-30 Old Name=IO New Designator =IO New Name=47
Change Pin Designator/Name:  Old Designator=U9A-35 Old Name=IO New Designator =IO New Name=77
Change Pin Designator/Name:  Old Designator=U9A-36 Old Name=IO New Designator =IO New Name=55
Change Pin Designator/Name:  Old Designator=U9A-37 Old Name=IO New Designator =IO New Name=53
Change Pin Designator/Name:  Old Designator=U9A-38 Old Name=IO New Designator =IO New Name=51
Change Pin Designator/Name:  Old Designator=U9A-39 Old Name=IO New Designator =IO New Name=52
Change Pin Designator/Name:  Old Designator=U9A-40 Old Name=IO New Designator =IO New Name=54
Change Pin Designator/Name:  Old Designator=U9A-41 Old Name=IO New Designator =IO New Name=56
Change Pin Designator/Name:  Old Designator=U9A-42 Old Name=IO New Designator =IO New Name=58
Change Pin Designator/Name:  Old Designator=U9A-47 Old Name=IO New Designator =IO New Name=61
Change Pin Designator/Name:  Old Designator=U9A-48 Old Name=IO New Designator =IO New Name=57
Change Pin Designator/Name:  Old Designator=U9A-49 Old Name=IO New Designator =IO New Name=5
Change Pin Designator/Name:  Old Designator=U9A-50 Old Name=IO New Designator =IO New Name=16
Change Pin Designator/Name:  Old Designator=U9A-51 Old Name=IO New Designator =IO New Name=20
Change Pin Designator/Name:  Old Designator=U9B-52 Old Name=IO New Designator =IO New Name=21
Change Pin Designator/Name:  Old Designator=U9B-53 Old Name=IO New Designator =IO New Name=26
Change Pin Designator/Name:  Old Designator=U9B-54 Old Name=IO New Designator =IO New Name=27
Change Pin Designator/Name:  Old Designator=U9B-55 Old Name=IO New Designator =IO New Name=28
Change Pin Designator/Name:  Old Designator=U9B-56 Old Name=IO New Designator =IO New Name=29
Change Pin Designator/Name:  Old Designator=U9B-57 Old Name=IO New Designator =IO New Name=30
Change Pin Designator/Name:  Old Designator=U9B-58 Old Name=IO New Designator =IO New Name=35
Change Pin Designator/Name:  Old Designator=U9B-61 Old Name=IO New Designator =IO New Name=36
Change Pin Designator/Name:  Old Designator=U9B-66 Old Name=IO New Designator =IO New Name=48
Change Pin Designator/Name:  Old Designator=U9B-67 Old Name=IO New Designator =IO New Name=92
Change Pin Designator/Name:  Old Designator=U9B-68 Old Name=IO New Designator =IO New Name=95
Change Pin Designator/Name:  Old Designator=U9B-69 Old Name=IO New Designator =IO New Name=96
Change Pin Designator/Name:  Old Designator=U9B-70 Old Name=IO New Designator =IO New Name=97
Change Pin Designator/Name:  Old Designator=U9B-71 Old Name=IO New Designator =IO New Name=99
Change Pin Designator/Name:  Old Designator=U9B-72 Old Name=IO New Designator =IO New Name=75
Change Pin Designator/Name:  Old Designator=U9B-73 Old Name=IO New Designator =IO New Name=76
Change Pin Designator/Name:  Old Designator=U9B-74 Old Name=IO New Designator =IO New Name=49
Change Pin Designator/Name:  Old Designator=U9B-75 Old Name=IO New Designator =IO New Name=50
Change Pin Designator/Name:  Old Designator=U9B-76 Old Name=IO New Designator =IO New Name=73
Change Pin Designator/Name:  Old Designator=U9B-77 Old Name=IO New Designator =IO New Name=72
Change Pin Designator/Name:  Old Designator=U9B-78 Old Name=IO New Designator =IO New Name=71
Change Pin Designator/Name:  Old Designator=U9B-81 Old Name=IO New Designator =IO New Name=70
Change Pin Designator/Name:  Old Designator=U9B-82 Old Name=IO New Designator =IO New Name=69
Change Pin Designator/Name:  Old Designator=U9B-83 Old Name=IO New Designator =IO New Name=68
Change Pin Designator/Name:  Old Designator=U9B-84 Old Name=IO New Designator =IO New Name=67
Change Pin Designator/Name:  Old Designator=U9B-85 Old Name=IO New Designator =IO New Name=66
Change Pin Designator/Name:  Old Designator=U9B-86 Old Name=IO New Designator =IO New Name=90
Change Pin Designator/Name:  Old Designator=U9B-87 Old Name=IO New Designator =IO New Name=89
Change Pin Designator/Name:  Old Designator=U9B-89 Old Name=IO New Designator =IO New Name=87
Change Pin Designator/Name:  Old Designator=U9B-90 Old Name=IO New Designator =IO New Name=86
Change Pin Designator/Name:  Old Designator=U9B-91 Old Name=IO New Designator =IO New Name=85
Change Pin Designator/Name:  Old Designator=U9B-92 Old Name=IO New Designator =IO New Name=84
Change Pin Designator/Name:  Old Designator=U9B-95 Old Name=IO New Designator =IO New Name=83
Change Pin Designator/Name:  Old Designator=U9B-96 Old Name=IO New Designator =IO New Name=82
Change Pin Designator/Name:  Old Designator=U9B-97 Old Name=IO New Designator =IO New Name=81
Change Pin Designator/Name:  Old Designator=U9B-99 Old Name=IO New Designator =IO New Name=91
Change Pin Designator/Name:  Old Designator=U16-22 Old Name=OUT4 New Designator =OUT5 New Name=23
Change Pin Designator/Name:  Old Designator=U16-23 Old Name=OUT5 New Designator =OUT7 New Name=25
Change Pin Designator/Name:  Old Designator=U16-24 Old Name=OUT6 New Designator =OUT4 New Name=22
Change Pin Designator/Name:  Old Designator=U16-25 Old Name=OUT7 New Designator =OUT6 New Name=24
Change Pin Designator/Name:  Old Designator=U16-46 Old Name=AIN12 New Designator =REF2/AIN14 New Name=48
Change Pin Designator/Name:  Old Designator=U16-48 Old Name=REF2/AIN14 New Designator =AIN12 New Name=46
