Removed Pin From Net: NetName=AA Pin=P4-2
Removed Pin From Net: NetName=AA Pin=P4-3
Removed Pin From Net: NetName=AA Pin=P4-4
Removed Pin From Net: NetName=AA Pin=T1-3
Removed Pin From Net: NetName=AA Pin=T1-4
Removed Pin From Net: NetName=AA Pin=T1-6
Removed Pin From Net: NetName=AA Pin=T2-3
Removed Pin From Net: NetName=AA Pin=T2-4
Removed Pin From Net: NetName=AA Pin=T2-6
Removed Pin From Net: NetName=AA Pin=T3-2
Removed Pin From Net: NetName=AA Pin=T3-3
Removed Pin From Net: NetName=AA Pin=T3-4
Added Pin To Net: NetName=BB Pin=P4-2
Added Pin To Net: NetName=BB Pin=T1-4
Added Pin To Net: NetName=BB Pin=T2-4
Added Pin To Net: NetName=BB Pin=T3-3
Added Net: Name=BB
Added Pin To Net: NetName=CC Pin=P4-3
Added Pin To Net: NetName=CC Pin=T1-3
Added Pin To Net: NetName=CC Pin=T2-3
Added Pin To Net: NetName=CC Pin=T3-2
Added Net: Name=CC
Added Pin To Net: NetName=DD Pin=P4-4
Added Pin To Net: NetName=DD Pin=T1-6
Added Pin To Net: NetName=DD Pin=T2-6
Added Pin To Net: NetName=DD Pin=T3-4
Added Net: Name=DD
