Removed Pin From Net: NetName=NetC3_1 Pin=C3-1
Removed Pin From Net: NetName=NetC6_1 Pin=C6-1
Removed Pin From Net: NetName=NetC9_2 Pin=C9-2
Removed Pin From Net: NetName=NetC13_2 Pin=C13-2
Removed Pin From Net: NetName=NetC18_1 Pin=C18-1
Added Pin To Net: NetName=NetC4_pos Pin=C3-1
Added Pin To Net: NetName=NetC7_pos Pin=C6-1
Added Pin To Net: NetName=NetC10_neg Pin=C9-2
Added Pin To Net: NetName=NetC14_neg Pin=C13-2
Added Pin To Net: NetName=NetC19_pos Pin=C18-1
Change Net Name : Old Net Name=NetC3_1 New Net Name=NetC5_pos
Change Net Name : Old Net Name=NetC4_pos New Net Name=NetC3_1
Change Net Name : Old Net Name=NetC6_1 New Net Name=NetC8_pos
Change Net Name : Old Net Name=NetC7_pos New Net Name=NetC6_1
Change Net Name : Old Net Name=NetC9_2 New Net Name=NetC11_neg
Change Net Name : Old Net Name=NetC10_neg New Net Name=NetC9_2
Change Net Name : Old Net Name=NetC13_2 New Net Name=NetC15_neg
Change Net Name : Old Net Name=NetC14_neg New Net Name=NetC13_2
Change Net Name : Old Net Name=NetC18_1 New Net Name=NetC20_pos
Change Net Name : Old Net Name=NetC19_pos New Net Name=NetC18_1
