Removed Pin From Net: NetName=A Pin=P4-2
Removed Pin From Net: NetName=A Pin=P4-3
Removed Pin From Net: NetName=A Pin=P4-4
Removed Pin From Net: NetName=A Pin=T1-1
Removed Pin From Net: NetName=A Pin=T1-3
Removed Pin From Net: NetName=A Pin=T1-4
Removed Pin From Net: NetName=A Pin=T1-6
Removed Pin From Net: NetName=A Pin=T2-1
Removed Pin From Net: NetName=A Pin=T2-3
Removed Pin From Net: NetName=A Pin=T2-4
Removed Pin From Net: NetName=A Pin=T2-6
Removed Pin From Net: NetName=A Pin=T3-1
Removed Pin From Net: NetName=A Pin=T3-2
Removed Pin From Net: NetName=A Pin=T3-3
Removed Pin From Net: NetName=A Pin=T3-4
Added Pin To Net: NetName=AA Pin=T1-1
Added Pin To Net: NetName=AA Pin=T1-3
Added Pin To Net: NetName=AA Pin=T1-4
Added Pin To Net: NetName=AA Pin=T1-6
Added Pin To Net: NetName=AA Pin=T2-1
Added Pin To Net: NetName=AA Pin=T2-3
Added Pin To Net: NetName=AA Pin=T2-4
Added Pin To Net: NetName=AA Pin=T2-6
Added Pin To Net: NetName=AA Pin=T3-1
Added Pin To Net: NetName=AA Pin=T3-2
Added Pin To Net: NetName=AA Pin=T3-3
Added Pin To Net: NetName=AA Pin=T3-4
Added Net: Name=AA
Added Pin To Net: NetName=B Pin=P4-2
Added Net: Name=B
Added Pin To Net: NetName=C Pin=P4-3
Added Net: Name=C
Added Pin To Net: NetName=D Pin=P4-4
Added Net: Name=D
