Removed Pin From Net: NetName=VCC Pin=C23-POS
Removed Pin From Net: NetName=24RTN Pin=P1-5
Removed Pin From Net: NetName=24RTN Pin=P1-12
Removed Pin From Net: NetName=+24V Pin=P1-13
Removed Pin From Net: NetName=+24V Pin=P1-13
Removed Pin From Net: NetName=+24V Pin=P1-13
Removed Pin From Net: NetName=+24V Pin=P1-13
Removed Pin From Net: NetName=+24V Pin=P1-13
Removed Pin From Net: NetName=+24V Pin=P1-13
Removed Pin From Net: NetName=+24V Pin=P1-13
Removed Pin From Net: NetName=+24V Pin=P1-13
Removed Pin From Net: NetName=+24V Pin=P1-14
Removed Pin From Net: NetName=+24V Pin=P1-14
Removed Pin From Net: NetName=+24V Pin=P1-14
Removed Pin From Net: NetName=+24V Pin=P1-14
Removed Pin From Net: NetName=+24V Pin=P1-14
Removed Pin From Net: NetName=+24V Pin=P1-14
Removed Pin From Net: NetName=+24V Pin=P1-14
Removed Pin From Net: NetName=+24V Pin=P1-14
Removed Pin From Net: NetName=24RTN Pin=P1-15
Removed Pin From Net: NetName=24RTN Pin=P1-15
Removed Pin From Net: NetName=24RTN Pin=P1-15
Removed Pin From Net: NetName=24RTN Pin=P1-15
Removed Pin From Net: NetName=24RTN Pin=P1-15
Removed Pin From Net: NetName=24RTN Pin=P1-15
Removed Pin From Net: NetName=24RTN Pin=P1-15
Removed Pin From Net: NetName=24RTN Pin=P1-15
Removed Pin From Net: NetName=24RTN Pin=P1-16
Removed Pin From Net: NetName=24RTN Pin=P1-16
Removed Pin From Net: NetName=24RTN Pin=P1-16
Removed Pin From Net: NetName=24RTN Pin=P1-16
Removed Pin From Net: NetName=24RTN Pin=P1-16
Removed Pin From Net: NetName=24RTN Pin=P1-16
Removed Pin From Net: NetName=24RTN Pin=P1-16
Removed Pin From Net: NetName=24RTN Pin=P1-16
Removed Pin From Net: NetName=+5V Pin=Q2-2
Removed Pin From Net: NetName=+5V Pin=Q2-2
Removed Pin From Net: NetName=+5V Pin=Q2-2
Removed Pin From Net: NetName=+5V Pin=Q2-2
Removed Pin From Net: NetName=+5V Pin=Q2-2
Removed Pin From Net: NetName=+5V Pin=Q2-2
Removed Pin From Net: NetName=+5V Pin=Q2-2
Removed Pin From Net: NetName=+5V Pin=Q2-2
Removed Pin From Net: NetName=+5V Pin=Q2-2
Removed Pin From Net: NetName=+5V Pin=Q2-2
Removed Pin From Net: NetName=+5V Pin=Q2-2
Removed Pin From Net: NetName=+5V Pin=Q2-2
Removed Pin From Net: NetName=+5V Pin=Q2-2
Removed Pin From Net: NetName=+5V Pin=Q2-2
Removed Pin From Net: NetName=+5V Pin=Q2-2
Removed Pin From Net: NetName=+5V Pin=Q2-2
Removed Pin From Net: NetName=+5V Pin=Q2-2
Removed Pin From Net: NetName=+12V Pin=Q3-2
Removed Pin From Net: NetName=+12V Pin=Q3-2
Removed Pin From Net: NetName=+12V Pin=Q3-2
Removed Pin From Net: NetName=+12V Pin=Q3-2
Removed Pin From Net: NetName=+12V Pin=Q3-2
Removed Pin From Net: NetName=+12V Pin=Q3-2
Removed Pin From Net: NetName=+12V Pin=Q3-2
Removed Pin From Net: NetName=+12V Pin=Q3-2
Removed Pin From Net: NetName=+12V Pin=Q3-2
Removed Pin From Net: NetName=+12V Pin=Q3-2
Removed Pin From Net: NetName=+12V Pin=Q3-2
Removed Pin From Net: NetName=+12V Pin=Q3-2
Removed Pin From Net: NetName=+12V Pin=Q3-2
Removed Pin From Net: NetName=+12V Pin=Q3-2
Removed Pin From Net: NetName=+12V Pin=Q3-2
Removed Pin From Net: NetName=+12V Pin=Q3-2
Removed Pin From Net: NetName=+12V Pin=Q3-2
Removed Pin From Net: NetName=-12V Pin=Q4-2
Removed Pin From Net: NetName=-12V Pin=Q4-2
Removed Pin From Net: NetName=-12V Pin=Q4-2
Removed Pin From Net: NetName=-12V Pin=Q4-2
Removed Pin From Net: NetName=-12V Pin=Q4-2
Removed Pin From Net: NetName=-12V Pin=Q4-2
Removed Pin From Net: NetName=-12V Pin=Q4-2
Removed Pin From Net: NetName=-12V Pin=Q4-2
Removed Pin From Net: NetName=-12V Pin=Q4-2
Removed Pin From Net: NetName=-12V Pin=Q4-2
Removed Pin From Net: NetName=-12V Pin=Q4-2
Removed Pin From Net: NetName=-12V Pin=Q4-2
Removed Pin From Net: NetName=-12V Pin=Q4-2
Removed Pin From Net: NetName=-12V Pin=Q4-2
Removed Pin From Net: NetName=-12V Pin=Q4-2
Removed Pin From Net: NetName=-12V Pin=Q4-2
Removed Pin From Net: NetName=-12V Pin=Q4-2
Removed Pin From Net: NetName=-5V Pin=Q5-2
Removed Pin From Net: NetName=-5V Pin=Q5-2
Removed Pin From Net: NetName=-5V Pin=Q5-2
Removed Pin From Net: NetName=-5V Pin=Q5-2
Removed Pin From Net: NetName=-5V Pin=Q5-2
Removed Pin From Net: NetName=-5V Pin=Q5-2
Removed Pin From Net: NetName=-5V Pin=Q5-2
Removed Pin From Net: NetName=-5V Pin=Q5-2
Removed Pin From Net: NetName=-5V Pin=Q5-2
Removed Pin From Net: NetName=-5V Pin=Q5-2
Removed Pin From Net: NetName=-5V Pin=Q5-2
Removed Pin From Net: NetName=-5V Pin=Q5-2
Removed Pin From Net: NetName=-5V Pin=Q5-2
Removed Pin From Net: NetName=-5V Pin=Q5-2
Removed Pin From Net: NetName=-5V Pin=Q5-2
Removed Pin From Net: NetName=-5V Pin=Q5-2
Removed Pin From Net: NetName=-5V Pin=Q5-2
Removed Pin From Net: NetName=+28V Pin=Q6-2
Removed Pin From Net: NetName=+28V Pin=Q6-2
Removed Pin From Net: NetName=+28V Pin=Q6-2
Removed Pin From Net: NetName=+28V Pin=Q6-2
Removed Pin From Net: NetName=+28V Pin=Q6-2
Removed Pin From Net: NetName=+28V Pin=Q6-2
Removed Pin From Net: NetName=+28V Pin=Q6-2
Removed Pin From Net: NetName=+28V Pin=Q6-2
Removed Pin From Net: NetName=+28V Pin=Q6-2
Removed Pin From Net: NetName=+28V Pin=Q6-2
Removed Pin From Net: NetName=+28V Pin=Q6-2
Removed Pin From Net: NetName=+28V Pin=Q6-2
Removed Pin From Net: NetName=+28V Pin=Q6-2
Removed Pin From Net: NetName=+28V Pin=Q6-2
Removed Pin From Net: NetName=+28V Pin=Q6-2
Removed Pin From Net: NetName=+28V Pin=Q6-2
Removed Pin From Net: NetName=+28V Pin=Q6-2
Removed Pin From Net: NetName=VCC Pin=R13-2
Removed Pin From Net: NetName=+24V Pin=TP1-1
Removed Pin From Net: NetName=VCC Pin=U10-2
Added Component: Designator=C25(SMD_CAP_7343)
Added Component: Designator=F1(SMD 2920  PolySwitch)
Added Component: Designator=F2(SMD 2920  PolySwitch)
Added Component: Designator=F3(SMD 2920  PolySwitch)
Added Component: Designator=F4(SMD_1206)
Added Component: Designator=F5(SMD 2920  PolySwitch)
Added Component: Designator=F6(SMD 2920  PolySwitch)
Added Component: Designator=FER3(ACM1513-551-2PL)
Added Pin To Net: NetName=24RTN Pin=C25-NEG
Added Pin To Net: NetName=+24V Pin=C25-POS
Added Pin To Net: NetName=VCC Pin=F1-2
Added Pin To Net: NetName=+5V Pin=F2-2
Added Pin To Net: NetName=-5V Pin=F3-2
Added Pin To Net: NetName=+28V Pin=F4-2
Added Pin To Net: NetName=+12V Pin=F5-2
Added Pin To Net: NetName=-12V Pin=F6-2
Added Pin To Net: NetName=24RTN Pin=FER3-3
Added Pin To Net: NetName=+24V Pin=FER3-4
Added Pin To Net: NetName=NetC23_pos Pin=C23-POS
Added Pin To Net: NetName=NetC23_pos Pin=F1-1
Added Pin To Net: NetName=NetC23_pos Pin=R13-2
Added Pin To Net: NetName=NetC23_pos Pin=U10-2
Added Net: Name=NetC23_pos
Added Pin To Net: NetName=NetF2_1 Pin=F2-1
Added Pin To Net: NetName=NetF2_1 Pin=Q2-2
Added Pin To Net: NetName=NetF2_1 Pin=Q2-2
Added Pin To Net: NetName=NetF2_1 Pin=Q2-2
Added Pin To Net: NetName=NetF2_1 Pin=Q2-2
Added Pin To Net: NetName=NetF2_1 Pin=Q2-2
Added Pin To Net: NetName=NetF2_1 Pin=Q2-2
Added Pin To Net: NetName=NetF2_1 Pin=Q2-2
Added Pin To Net: NetName=NetF2_1 Pin=Q2-2
Added Pin To Net: NetName=NetF2_1 Pin=Q2-2
Added Pin To Net: NetName=NetF2_1 Pin=Q2-2
Added Pin To Net: NetName=NetF2_1 Pin=Q2-2
Added Pin To Net: NetName=NetF2_1 Pin=Q2-2
Added Pin To Net: NetName=NetF2_1 Pin=Q2-2
Added Pin To Net: NetName=NetF2_1 Pin=Q2-2
Added Pin To Net: NetName=NetF2_1 Pin=Q2-2
Added Pin To Net: NetName=NetF2_1 Pin=Q2-2
Added Pin To Net: NetName=NetF2_1 Pin=Q2-2
Added Net: Name=NetF2_1
Added Pin To Net: NetName=NetF3_1 Pin=F3-1
Added Pin To Net: NetName=NetF3_1 Pin=Q5-2
Added Pin To Net: NetName=NetF3_1 Pin=Q5-2
Added Pin To Net: NetName=NetF3_1 Pin=Q5-2
Added Pin To Net: NetName=NetF3_1 Pin=Q5-2
Added Pin To Net: NetName=NetF3_1 Pin=Q5-2
Added Pin To Net: NetName=NetF3_1 Pin=Q5-2
Added Pin To Net: NetName=NetF3_1 Pin=Q5-2
Added Pin To Net: NetName=NetF3_1 Pin=Q5-2
Added Pin To Net: NetName=NetF3_1 Pin=Q5-2
Added Pin To Net: NetName=NetF3_1 Pin=Q5-2
Added Pin To Net: NetName=NetF3_1 Pin=Q5-2
Added Pin To Net: NetName=NetF3_1 Pin=Q5-2
Added Pin To Net: NetName=NetF3_1 Pin=Q5-2
Added Pin To Net: NetName=NetF3_1 Pin=Q5-2
Added Pin To Net: NetName=NetF3_1 Pin=Q5-2
Added Pin To Net: NetName=NetF3_1 Pin=Q5-2
Added Pin To Net: NetName=NetF3_1 Pin=Q5-2
Added Net: Name=NetF3_1
Added Pin To Net: NetName=NetF4_1 Pin=F4-1
Added Pin To Net: NetName=NetF4_1 Pin=Q6-2
Added Pin To Net: NetName=NetF4_1 Pin=Q6-2
Added Pin To Net: NetName=NetF4_1 Pin=Q6-2
Added Pin To Net: NetName=NetF4_1 Pin=Q6-2
Added Pin To Net: NetName=NetF4_1 Pin=Q6-2
Added Pin To Net: NetName=NetF4_1 Pin=Q6-2
Added Pin To Net: NetName=NetF4_1 Pin=Q6-2
Added Pin To Net: NetName=NetF4_1 Pin=Q6-2
Added Pin To Net: NetName=NetF4_1 Pin=Q6-2
Added Pin To Net: NetName=NetF4_1 Pin=Q6-2
Added Pin To Net: NetName=NetF4_1 Pin=Q6-2
Added Pin To Net: NetName=NetF4_1 Pin=Q6-2
Added Pin To Net: NetName=NetF4_1 Pin=Q6-2
Added Pin To Net: NetName=NetF4_1 Pin=Q6-2
Added Pin To Net: NetName=NetF4_1 Pin=Q6-2
Added Pin To Net: NetName=NetF4_1 Pin=Q6-2
Added Pin To Net: NetName=NetF4_1 Pin=Q6-2
Added Net: Name=NetF4_1
Added Pin To Net: NetName=NetF5_1 Pin=F5-1
Added Pin To Net: NetName=NetF5_1 Pin=Q3-2
Added Pin To Net: NetName=NetF5_1 Pin=Q3-2
Added Pin To Net: NetName=NetF5_1 Pin=Q3-2
Added Pin To Net: NetName=NetF5_1 Pin=Q3-2
Added Pin To Net: NetName=NetF5_1 Pin=Q3-2
Added Pin To Net: NetName=NetF5_1 Pin=Q3-2
Added Pin To Net: NetName=NetF5_1 Pin=Q3-2
Added Pin To Net: NetName=NetF5_1 Pin=Q3-2
Added Pin To Net: NetName=NetF5_1 Pin=Q3-2
Added Pin To Net: NetName=NetF5_1 Pin=Q3-2
Added Pin To Net: NetName=NetF5_1 Pin=Q3-2
Added Pin To Net: NetName=NetF5_1 Pin=Q3-2
Added Pin To Net: NetName=NetF5_1 Pin=Q3-2
Added Pin To Net: NetName=NetF5_1 Pin=Q3-2
Added Pin To Net: NetName=NetF5_1 Pin=Q3-2
Added Pin To Net: NetName=NetF5_1 Pin=Q3-2
Added Pin To Net: NetName=NetF5_1 Pin=Q3-2
Added Net: Name=NetF5_1
Added Pin To Net: NetName=NetF6_1 Pin=F6-1
Added Pin To Net: NetName=NetF6_1 Pin=Q4-2
Added Pin To Net: NetName=NetF6_1 Pin=Q4-2
Added Pin To Net: NetName=NetF6_1 Pin=Q4-2
Added Pin To Net: NetName=NetF6_1 Pin=Q4-2
Added Pin To Net: NetName=NetF6_1 Pin=Q4-2
Added Pin To Net: NetName=NetF6_1 Pin=Q4-2
Added Pin To Net: NetName=NetF6_1 Pin=Q4-2
Added Pin To Net: NetName=NetF6_1 Pin=Q4-2
Added Pin To Net: NetName=NetF6_1 Pin=Q4-2
Added Pin To Net: NetName=NetF6_1 Pin=Q4-2
Added Pin To Net: NetName=NetF6_1 Pin=Q4-2
Added Pin To Net: NetName=NetF6_1 Pin=Q4-2
Added Pin To Net: NetName=NetF6_1 Pin=Q4-2
Added Pin To Net: NetName=NetF6_1 Pin=Q4-2
Added Pin To Net: NetName=NetF6_1 Pin=Q4-2
Added Pin To Net: NetName=NetF6_1 Pin=Q4-2
Added Pin To Net: NetName=NetF6_1 Pin=Q4-2
Added Net: Name=NetF6_1
Added Pin To Net: NetName=NetFER3_1 Pin=FER3-1
Added Pin To Net: NetName=NetFER3_1 Pin=P1-13
Added Pin To Net: NetName=NetFER3_1 Pin=P1-13
Added Pin To Net: NetName=NetFER3_1 Pin=P1-13
Added Pin To Net: NetName=NetFER3_1 Pin=P1-13
Added Pin To Net: NetName=NetFER3_1 Pin=P1-13
Added Pin To Net: NetName=NetFER3_1 Pin=P1-13
Added Pin To Net: NetName=NetFER3_1 Pin=P1-13
Added Pin To Net: NetName=NetFER3_1 Pin=P1-13
Added Pin To Net: NetName=NetFER3_1 Pin=P1-14
Added Pin To Net: NetName=NetFER3_1 Pin=P1-14
Added Pin To Net: NetName=NetFER3_1 Pin=P1-14
Added Pin To Net: NetName=NetFER3_1 Pin=P1-14
Added Pin To Net: NetName=NetFER3_1 Pin=P1-14
Added Pin To Net: NetName=NetFER3_1 Pin=P1-14
Added Pin To Net: NetName=NetFER3_1 Pin=P1-14
Added Pin To Net: NetName=NetFER3_1 Pin=P1-14
Added Pin To Net: NetName=NetFER3_1 Pin=TP1-1
Added Net: Name=NetFER3_1
Added Pin To Net: NetName=NetFER3_2 Pin=FER3-2
Added Pin To Net: NetName=NetFER3_2 Pin=P1-5
Added Pin To Net: NetName=NetFER3_2 Pin=P1-12
Added Pin To Net: NetName=NetFER3_2 Pin=P1-15
Added Pin To Net: NetName=NetFER3_2 Pin=P1-15
Added Pin To Net: NetName=NetFER3_2 Pin=P1-15
Added Pin To Net: NetName=NetFER3_2 Pin=P1-15
Added Pin To Net: NetName=NetFER3_2 Pin=P1-15
Added Pin To Net: NetName=NetFER3_2 Pin=P1-15
Added Pin To Net: NetName=NetFER3_2 Pin=P1-15
Added Pin To Net: NetName=NetFER3_2 Pin=P1-15
Added Pin To Net: NetName=NetFER3_2 Pin=P1-16
Added Pin To Net: NetName=NetFER3_2 Pin=P1-16
Added Pin To Net: NetName=NetFER3_2 Pin=P1-16
Added Pin To Net: NetName=NetFER3_2 Pin=P1-16
Added Pin To Net: NetName=NetFER3_2 Pin=P1-16
Added Pin To Net: NetName=NetFER3_2 Pin=P1-16
Added Pin To Net: NetName=NetFER3_2 Pin=P1-16
Added Pin To Net: NetName=NetFER3_2 Pin=P1-16
Added Net: Name=NetFER3_2
Added Member To Class: ClassName=780-00028_rev2_Pg1, Sinistro Power Supply Member=Component C25 35V
Added Member To Class: ClassName=780-00028_rev2_Pg1, Sinistro Power Supply Member=Component F1 Res 0805
Added Member To Class: ClassName=780-00028_rev2_Pg2, Sinistro Power Supply Member=Component F2 Res 0805
Added Member To Class: ClassName=780-00028_rev2_Pg2, Sinistro Power Supply Member=Component F3 Res 0805
Added Member To Class: ClassName=780-00028_rev2_Pg2, Sinistro Power Supply Member=Component F4 Res 0805
Added Member To Class: ClassName=780-00028_rev2_Pg2, Sinistro Power Supply Member=Component F5 Res 0805
Added Member To Class: ClassName=780-00028_rev2_Pg2, Sinistro Power Supply Member=Component F6 Res 0805
Added Member To Class: ClassName=780-00028_rev2_Pg1, Sinistro Power Supply Member=Component FER3 ACM1513-551-2PL-TL
