Removed Parameter Arena Prefix:120 from Part C4
Removed Parameter Arena Prefix:120 from Part C5
Removed Parameter Arena Prefix:120 from Part C7
Removed Parameter Arena Prefix:120 from Part C8
Removed Parameter Arena Prefix:120 from Part C10
Removed Parameter Arena Prefix:120 from Part C11
Removed Parameter Arena Prefix:120 from Part C14
Removed Parameter Arena Prefix:120 from Part C15
Removed Parameter Arena Prefix:120 from Part C19
Removed Parameter Arena Prefix:120 from Part C20
Removed Parameter Arena Prefix:120 from Part C22
Removed Parameter Arena Prefix:120 from Part C23
Removed Parameter Arena Prefix:140 from Part D3
Removed Parameter Arena Type:Capacitor from Part C4
Removed Parameter Arena Type:Capacitor from Part C5
Removed Parameter Arena Type:Capacitor from Part C7
Removed Parameter Arena Type:Capacitor from Part C8
Removed Parameter Arena Type:Capacitor from Part C10
Removed Parameter Arena Type:Capacitor from Part C11
Removed Parameter Arena Type:Capacitor from Part C14
Removed Parameter Arena Type:Capacitor from Part C15
Removed Parameter Arena Type:Capacitor from Part C19
Removed Parameter Arena Type:Capacitor from Part C20
Removed Parameter Arena Type:Capacitor from Part C22
Removed Parameter Arena Type:Capacitor from Part C23
Removed Parameter Arena Type:Diode from Part D3
Removed Parameter LatestRevisionDate:17-Jul-2002 from Part Q9
Removed Parameter LatestRevisionNote:Re-released for DXP Platform. from Part Q9
Removed Parameter PackageDescription:TO, Flat Index; 3 In-Line, Axial Leads; Body Dia. 4.6mm; Lead Dia. 0.5 mm (max) from Part Q9
Removed Parameter PackageReference:E3 from Part Q9
Removed Parameter PackageVersion:1995/1996 from Part Q9
Removed Parameter Published:8-Jun-2000 from Part Q9
Removed Parameter Publisher:Altium Limited from Part Q9
Added Parameter COST= to Part Q9
Added Parameter LCO P/N= to Part Q9
Added Parameter Manufacturer= to Part Q9
Added Parameter Manuf p/n= to Part Q9
Added Parameter Value= to Part Q9
Added Parameter Vendor= to Part Q9
Added Parameter Vendor Mult.= to Part Q9
Added Parameter Vendor p/n= to Part Q9
