Removed Parameter LatestRevisionDate:17-Jul-2002 from Part T?
Removed Parameter LatestRevisionDate:17-Jul-2002 from Part T?
Removed Parameter LatestRevisionNote:Re-released for DXP Platform. from Part T?
Removed Parameter LatestRevisionNote:Re-released for DXP Platform. from Part T?
Removed Parameter PackageReference:TRF_8 from Part T?
Removed Parameter PackageReference:TRF_8 from Part T?
Removed Parameter Published:25-Jan-2001 from Part T?
Removed Parameter Published:25-Jan-2001 from Part T?
Removed Parameter Publisher:Altium Limited from Part T?
Removed Parameter Publisher:Altium Limited from Part T?
Added Parameter COST= to Part T?
Added Parameter COST= to Part T?
Added Parameter LCO p/n= to Part T?
Added Parameter LCO p/n= to Part T?
Added Parameter Manufacturer= to Part T?
Added Parameter Manufacturer= to Part T?
Added Parameter Manuf p/n= to Part T?
Added Parameter Manuf p/n= to Part T?
Added Parameter VALUE= to Part T?
Added Parameter VALUE= to Part T?
Added Parameter Vendor= to Part T?
Added Parameter Vendor= to Part T?
Added Parameter Vendor Mult.= to Part T?
Added Parameter Vendor Mult.= to Part T?
Added Parameter Vendor p/n= to Part T?
Added Parameter Vendor p/n= to Part T?
