Removed Pin From Net: NetName=VCC Pin=R1-2
Removed Pin From Net: NetName=VCC Pin=R5-2
Removed Member From Class: ClassName=780-00017_rev1_Pg1 Member=TP27
Removed Member From Class: ClassName=780-00017_rev1_Pg1 Member=TP29
Change Component Designator: OldDesignator=TP1 NewDesignator=TP4
Change Component Designator: OldDesignator=TP2 NewDesignator=TP5
Change Component Designator: OldDesignator=TP3 NewDesignator=TP6
Change Component Designator: OldDesignator=TP4 NewDesignator=TP7
Change Component Designator: OldDesignator=TP5 NewDesignator=TP8
Change Component Designator: OldDesignator=TP6 NewDesignator=TP9
Change Component Designator: OldDesignator=TP7 NewDesignator=TP10
Change Component Designator: OldDesignator=TP8 NewDesignator=TP11
Change Component Designator: OldDesignator=TP27 NewDesignator=TP2
Change Component Designator: OldDesignator=TP29 NewDesignator=TP3
Added Component: Designator=C3(SMD_0805)
Added Component: Designator=C4(SMD_CAP_3216)
Added Component: Designator=C16(SMD_CAP_3216)
Added Component: Designator=C17(SMD_CAP_3216)
Added Component: Designator=Q1(SOT223 w/PowerPAD)
Added Component: Designator=R14(SMD_0805)
Added Component: Designator=R15(SMD_0805)
Added Component: Designator=R16(SMD_0805)
Added Component: Designator=TP1(SMD_TEST POINT)
Added Component: Designator=U22(S8_M)
Added Pin To Net: NetName=GND Pin=C3-1
Added Pin To Net: NetName=GND Pin=C4-2
Added Pin To Net: NetName=GND Pin=C16-1
Added Pin To Net: NetName=+12V Pin=Q1-4
Added Pin To Net: NetName=+12V Pin=Q1-4
Added Pin To Net: NetName=+12V Pin=Q1-4
Added Pin To Net: NetName=+12V Pin=Q1-4
Added Pin To Net: NetName=+12V Pin=Q1-4
Added Pin To Net: NetName=+12V Pin=Q1-4
Added Pin To Net: NetName=+12V Pin=Q1-4
Added Pin To Net: NetName=+3.3V Pin=R1-2
Added Pin To Net: NetName=+3.3V Pin=R5-2
Added Pin To Net: NetName=+12V Pin=R14-2
Added Pin To Net: NetName=GND Pin=R15-1
Added Pin To Net: NetName=GND Pin=R16-1
Added Pin To Net: NetName=+12V Pin=U1-A5
Added Pin To Net: NetName=GND Pin=U1-A121
Added Pin To Net: NetName=GND Pin=U1-A121
Added Pin To Net: NetName=GND Pin=U1-A121
Added Pin To Net: NetName=GND Pin=U1-A121
Added Pin To Net: NetName=GND Pin=U1-A122
Added Pin To Net: NetName=GND Pin=U1-A122
Added Pin To Net: NetName=GND Pin=U1-A122
Added Pin To Net: NetName=GND Pin=U1-A122
Added Pin To Net: NetName=+3.3V Pin=U1-B121
Added Pin To Net: NetName=+3.3V Pin=U1-B121
Added Pin To Net: NetName=+3.3V Pin=U1-B121
Added Pin To Net: NetName=+3.3V Pin=U1-B121
Added Pin To Net: NetName=GND Pin=U1-B122
Added Pin To Net: NetName=GND Pin=U1-B122
Added Pin To Net: NetName=GND Pin=U1-B122
Added Pin To Net: NetName=GND Pin=U1-B122
Added Pin To Net: NetName=GND Pin=U22-3
Added Pin To Net: NetName=+12V Pin=U22-8
Added Pin To Net: NetName=+5V Pin=C3-2
Added Pin To Net: NetName=+5V Pin=C4-1
Added Pin To Net: NetName=+5V Pin=Q1-3
Added Pin To Net: NetName=+5V Pin=R16-2
Added Pin To Net: NetName=+5V Pin=U1-A1
Added Net: Name=+5V
Added Pin To Net: NetName=-12V Pin=C16-2
Added Pin To Net: NetName=-12V Pin=TP1-1
Added Pin To Net: NetName=-12V Pin=U1-A3
Added Pin To Net: NetName=-12V Pin=U22-5
Added Net: Name=-12V
Added Pin To Net: NetName=NetC17_1 Pin=C17-1
Added Pin To Net: NetName=NetC17_1 Pin=U22-2
Added Net: Name=NetC17_1
Added Pin To Net: NetName=NetC17_2 Pin=C17-2
Added Pin To Net: NetName=NetC17_2 Pin=U22-4
Added Net: Name=NetC17_2
Added Pin To Net: NetName=NetQ1_1 Pin=Q1-1
Added Pin To Net: NetName=NetQ1_1 Pin=R14-1
Added Pin To Net: NetName=NetQ1_1 Pin=R15-2
Added Net: Name=NetQ1_1
Added Member To Class: ClassName=780-00017_rev1_Pg1 Member=Component C3 Cap SMD
Added Member To Class: ClassName=780-00017_rev1_Pg1 Member=Component C4 16V
Added Member To Class: ClassName=780-00017_rev1_Pg1 Member=Component C16 16V
Added Member To Class: ClassName=780-00017_rev1_Pg1 Member=Component C17 16V
Added Member To Class: ClassName=780-00017_rev1_Pg1 Member=Component Q1 NJT4031N
Added Member To Class: ClassName=780-00017_rev1_Pg1 Member=Component R14 Res 0805
Added Member To Class: ClassName=780-00017_rev1_Pg1 Member=Component R15 Res 0805
Added Member To Class: ClassName=780-00017_rev1_Pg1 Member=Component R16 Res 0805
Added Member To Class: ClassName=780-00017_rev1_Pg1 Member=Component TP9 Test Point SMD
Added Member To Class: ClassName=780-00017_rev1_Pg1 Member=Component TP10 Test Point SMD
Added Member To Class: ClassName=780-00017_rev1_Pg1 Member=Component TP11 Test Point SMD
Added Member To Class: ClassName=780-00017_rev1_Pg1 Member=Component U22 LTC1144
