Added Pin To Net: NetName=GND Pin=C18-1
Added Pin To Net: NetName=+24V Pin=C18-2
Added Pin To Net: NetName=GND Pin=C19-1
Added Pin To Net: NetName=+12V Pin=C19-2
Added Pin To Net: NetName=NetC20_1 Pin=C20-1
Added Pin To Net: NetName=+12V Pin=C20-2
Added Pin To Net: NetName=NetL3_1 Pin=L3-1
Added Pin To Net: NetName=+12V Pin=L3-2
Added Pin To Net: NetName=NetR35_1 Pin=R35-1
Added Pin To Net: NetName=+24V Pin=R35-2
Added Pin To Net: NetName=NetC20_1 Pin=R36-1
Added Pin To Net: NetName=+12V Pin=R36-2
Added Pin To Net: NetName=NetR37_1 Pin=R37-1
Added Pin To Net: NetName=NetR35_1 Pin=R37-2
Added Pin To Net: NetName=GND Pin=R38-1
Added Pin To Net: NetName=+12V Pin=R38-2
Added Pin To Net: NetName=GND Pin=R39-1
Added Pin To Net: NetName=NetC20_1 Pin=R39-2
Added Pin To Net: NetName=GND Pin=R40-1
Added Pin To Net: NetName=NetR37_1 Pin=R40-2
Added Pin To Net: NetName=NetL3_1 Pin=U23-1
Added Pin To Net: NetName=+24V Pin=U23-2
Added Pin To Net: NetName=NetR37_1 Pin=U23-3
Added Pin To Net: NetName=NetR35_1 Pin=U23-5
Added Pin To Net: NetName=NetC20_1 Pin=U23-6
Added Pin To Net: NetName=GND Pin=U23-8
Added Pin To Net: NetName=GND Pin=U23-9
