Removed Pin From Net: NetName=NetD147_1 Pin=J6-1
Removed Pin From Net: NetName=NetJ2_119 Pin=J6-2
Removed Pin From Net: NetName=NetD144_1 Pin=J6-3
Removed Pin From Net: NetName=NetJ2_117 Pin=J6-4
Removed Pin From Net: NetName=NetD143_1 Pin=J6-5
Removed Pin From Net: NetName=NetJ2_115 Pin=J6-6
Removed Pin From Net: NetName=NetD141_1 Pin=J6-7
Removed Pin From Net: NetName=NetJ2_113 Pin=J6-8
Removed Pin From Net: NetName=NetJ2_112 Pin=J6-9
Removed Pin From Net: NetName=NetJ2_111 Pin=J6-10
Removed Pin From Net: NetName=NetJ2_110 Pin=J6-11
Removed Pin From Net: NetName=NetJ2_109 Pin=J6-12
Removed Pin From Net: NetName=NetD140_1 Pin=J6-13
Removed Pin From Net: NetName=NetJ2_107 Pin=J6-14
Removed Pin From Net: NetName=NetJ2_106 Pin=J6-15
Removed Pin From Net: NetName=NetJ2_105 Pin=J6-16
Removed Pin From Net: NetName=NetD139_1 Pin=J6-17
Removed Pin From Net: NetName=NetJ2_103 Pin=J6-18
Removed Pin From Net: NetName=NetJ2_102 Pin=J6-19
Removed Pin From Net: NetName=NetJ2_101 Pin=J6-20
Removed Pin From Net: NetName=NetD137_1 Pin=J6-21
Removed Pin From Net: NetName=NetJ2_99 Pin=J6-22
Removed Pin From Net: NetName=NetJ2_98 Pin=J6-23
Removed Pin From Net: NetName=NetJ2_97 Pin=J6-24
Removed Pin From Net: NetName=NetD134_1 Pin=J6-25
Removed Pin From Net: NetName=NetJ2_95 Pin=J6-26
Removed Pin From Net: NetName=NetJ2_94 Pin=J6-27
Removed Pin From Net: NetName=NetJ2_93 Pin=J6-28
Removed Pin From Net: NetName=NetD131_1 Pin=J6-29
Removed Pin From Net: NetName=NetJ2_91 Pin=J6-30
Removed Pin From Net: NetName=NetJ2_90 Pin=J6-31
Removed Pin From Net: NetName=NetJ2_89 Pin=J6-32
Removed Pin From Net: NetName=NetJ2_87 Pin=J6-34
Removed Pin From Net: NetName=NetJ2_86 Pin=J6-35
Removed Pin From Net: NetName=NetJ2_85 Pin=J6-36
Removed Pin From Net: NetName=NetD125_1 Pin=J6-37
Removed Pin From Net: NetName=NetJ2_83 Pin=J6-38
Removed Pin From Net: NetName=NetJ2_82 Pin=J6-39
Removed Pin From Net: NetName=NetJ2_81 Pin=J6-40
Removed Pin From Net: NetName=NetD122_1 Pin=J6-41
Removed Pin From Net: NetName=NetJ2_79 Pin=J6-42
Removed Pin From Net: NetName=NetJ2_78 Pin=J6-43
Removed Pin From Net: NetName=NetJ2_77 Pin=J6-44
Removed Pin From Net: NetName=NetJ2_76 Pin=J6-45
Removed Pin From Net: NetName=NetJ2_75 Pin=J6-46
Removed Pin From Net: NetName=NetJ2_74 Pin=J6-47
Removed Pin From Net: NetName=NetJ2_73 Pin=J6-48
Removed Pin From Net: NetName=NetJ2_72 Pin=J6-49
Removed Pin From Net: NetName=NetJ2_71 Pin=J6-50
Removed Pin From Net: NetName=NetJ2_70 Pin=J6-51
Removed Pin From Net: NetName=NetJ2_69 Pin=J6-52
Removed Pin From Net: NetName=NetJ2_68 Pin=J6-53
Removed Pin From Net: NetName=NetJ2_67 Pin=J6-54
Removed Pin From Net: NetName=NetJ2_66 Pin=J6-55
Removed Pin From Net: NetName=NetJ2_65 Pin=J6-56
Removed Pin From Net: NetName=NetD116_1 Pin=J6-57
Removed Pin From Net: NetName=NetJ2_63 Pin=J6-58
Removed Pin From Net: NetName=NetJ2_62 Pin=J6-59
Removed Pin From Net: NetName=NetJ2_61 Pin=J6-60
Added Pin To Net: NetName=NetJ2_62 Pin=J6-1
Added Pin To Net: NetName=NetJ2_61 Pin=J6-2
Added Pin To Net: NetName=NetD116_1 Pin=J6-3
Added Pin To Net: NetName=NetJ2_63 Pin=J6-4
Added Pin To Net: NetName=NetJ2_66 Pin=J6-5
Added Pin To Net: NetName=NetJ2_65 Pin=J6-6
Added Pin To Net: NetName=NetJ2_68 Pin=J6-7
Added Pin To Net: NetName=NetJ2_67 Pin=J6-8
Added Pin To Net: NetName=NetJ2_70 Pin=J6-9
Added Pin To Net: NetName=NetJ2_69 Pin=J6-10
Added Pin To Net: NetName=NetJ2_72 Pin=J6-11
Added Pin To Net: NetName=NetJ2_71 Pin=J6-12
Added Pin To Net: NetName=NetJ2_74 Pin=J6-13
Added Pin To Net: NetName=NetJ2_73 Pin=J6-14
Added Pin To Net: NetName=NetJ2_76 Pin=J6-15
Added Pin To Net: NetName=NetJ2_75 Pin=J6-16
Added Pin To Net: NetName=NetJ2_78 Pin=J6-17
Added Pin To Net: NetName=NetJ2_77 Pin=J6-18
Added Pin To Net: NetName=NetD122_1 Pin=J6-19
Added Pin To Net: NetName=NetJ2_79 Pin=J6-20
Added Pin To Net: NetName=NetJ2_82 Pin=J6-21
Added Pin To Net: NetName=NetJ2_81 Pin=J6-22
Added Pin To Net: NetName=NetD125_1 Pin=J6-23
Added Pin To Net: NetName=NetJ2_83 Pin=J6-24
Added Pin To Net: NetName=NetJ2_86 Pin=J6-25
Added Pin To Net: NetName=NetJ2_85 Pin=J6-26
Added Pin To Net: NetName=NetJ2_87 Pin=J6-28
Added Pin To Net: NetName=NetJ2_90 Pin=J6-29
Added Pin To Net: NetName=NetJ2_89 Pin=J6-30
Added Pin To Net: NetName=NetD131_1 Pin=J6-31
Added Pin To Net: NetName=NetJ2_91 Pin=J6-32
Added Pin To Net: NetName=NetJ2_94 Pin=J6-33
Added Pin To Net: NetName=NetJ2_93 Pin=J6-34
Added Pin To Net: NetName=NetD134_1 Pin=J6-35
Added Pin To Net: NetName=NetJ2_95 Pin=J6-36
Added Pin To Net: NetName=NetJ2_98 Pin=J6-37
Added Pin To Net: NetName=NetJ2_97 Pin=J6-38
Added Pin To Net: NetName=NetD137_1 Pin=J6-39
Added Pin To Net: NetName=NetJ2_99 Pin=J6-40
Added Pin To Net: NetName=NetJ2_102 Pin=J6-41
Added Pin To Net: NetName=NetJ2_101 Pin=J6-42
Added Pin To Net: NetName=NetD139_1 Pin=J6-43
Added Pin To Net: NetName=NetJ2_103 Pin=J6-44
Added Pin To Net: NetName=NetJ2_106 Pin=J6-45
Added Pin To Net: NetName=NetJ2_105 Pin=J6-46
Added Pin To Net: NetName=NetD140_1 Pin=J6-47
Added Pin To Net: NetName=NetJ2_107 Pin=J6-48
Added Pin To Net: NetName=NetJ2_110 Pin=J6-49
Added Pin To Net: NetName=NetJ2_109 Pin=J6-50
Added Pin To Net: NetName=NetJ2_112 Pin=J6-51
Added Pin To Net: NetName=NetJ2_111 Pin=J6-52
Added Pin To Net: NetName=NetD141_1 Pin=J6-53
Added Pin To Net: NetName=NetJ2_113 Pin=J6-54
Added Pin To Net: NetName=NetD143_1 Pin=J6-55
Added Pin To Net: NetName=NetJ2_115 Pin=J6-56
Added Pin To Net: NetName=NetD144_1 Pin=J6-57
Added Pin To Net: NetName=NetJ2_117 Pin=J6-58
Added Pin To Net: NetName=NetD147_1 Pin=J6-59
Added Pin To Net: NetName=NetJ2_119 Pin=J6-60
Added Pin To Net: NetName=NetJ6_27 Pin=J6-27
Added Pin To Net: NetName=NetJ6_27 Pin=U1-A88
Added Net: Name=NetJ6_27
