Added Component: Designator=D1(LED SMD 0402)
Added Component: Designator=D2(LED SMD 0402)
Added Component: Designator=D3(LED SMD 0402)
Added Component: Designator=D4(LED SMD 0402)
Added Component: Designator=D5(LED SMD 0402)
Added Component: Designator=D6(LED SMD 0402)
Added Component: Designator=D7(LED SMD 0402)
Added Component: Designator=D8(LED SMD 0402)
Added Component: Designator=D9(LED SMD 0402)
Added Component: Designator=D10(LED SMD 0402)
Added Component: Designator=D11(LED SMD 0402)
Added Component: Designator=D12(LED SMD 0402)
Added Component: Designator=D13(LED SMD 0402)
Added Component: Designator=D14(LED SMD 0402)
Added Component: Designator=D15(LED SMD 0402)
Added Component: Designator=D16(LED SMD 0402)
Added Component: Designator=D17(LED SMD 0402)
Added Component: Designator=D18(LED SMD 0402)
Added Component: Designator=D19(LED SMD 0402)
Added Component: Designator=D20(LED SMD 0402)
Added Component: Designator=D21(LED SMD 0402)
Added Component: Designator=D22(LED SMD 0402)
Added Component: Designator=D23(LED SMD 0402)
Added Component: Designator=D24(LED SMD 0402)
Added Component: Designator=D25(LED SMD 0402)
Added Component: Designator=D26(LED SMD 0402)
Added Component: Designator=D27(LED SMD 0402)
Added Component: Designator=D28(LED SMD 0402)
Added Component: Designator=D29(LED SMD 0402)
Added Component: Designator=D30(LED SMD 0402)
Added Component: Designator=D31(LED SMD 0402)
Added Component: Designator=D32(LED SMD 0402)
Added Component: Designator=D33(LED SMD 0402)
Added Component: Designator=D34(LED SMD 0402)
Added Component: Designator=D35(LED SMD 0402)
Added Component: Designator=D36(LED SMD 0402)
Added Component: Designator=D37(LED SMD 0402)
Added Component: Designator=D38(LED SMD 0402)
Added Component: Designator=D39(LED SMD 0402)
Added Component: Designator=D40(LED SMD 0402)
Added Component: Designator=D41(LED SMD 0402)
Added Component: Designator=D42(LED SMD 0402)
Added Component: Designator=D43(LED SMD 0402)
Added Component: Designator=D44(LED SMD 0402)
Added Component: Designator=D45(LED SMD 0402)
Added Component: Designator=D46(LED SMD 0402)
Added Component: Designator=D47(LED SMD 0402)
Added Component: Designator=D48(LED SMD 0402)
Added Component: Designator=D49(LED SMD 0402)
Added Component: Designator=D50(LED SMD 0402)
Added Component: Designator=D51(LED SMD 0402)
Added Component: Designator=D52(LED SMD 0402)
Added Component: Designator=D53(LED SMD 0402)
Added Component: Designator=D54(LED SMD 0402)
Added Component: Designator=D55(LED SMD 0402)
Added Component: Designator=D56(LED SMD 0402)
Added Component: Designator=D57(LED SMD 0402)
Added Component: Designator=D58(LED SMD 0402)
Added Component: Designator=D59(LED SMD 0402)
Added Component: Designator=D60(LED SMD 0402)
Added Component: Designator=D61(LED SMD 0402)
Added Component: Designator=D62(LED SMD 0402)
Added Component: Designator=D63(LED SMD 0402)
Added Component: Designator=D64(LED SMD 0402)
Added Component: Designator=D65(LED SMD 0402)
Added Component: Designator=D66(LED SMD 0402)
Added Component: Designator=D67(LED SMD 0402)
Added Component: Designator=D68(LED SMD 0402)
Added Component: Designator=D69(LED SMD 0402)
Added Component: Designator=D70(LED SMD 0402)
Added Component: Designator=D71(LED SMD 0402)
Added Component: Designator=D72(LED SMD 0402)
Added Component: Designator=D73(LED SMD 0402)
Added Component: Designator=D74(LED SMD 0402)
Added Component: Designator=D75(LED SMD 0402)
Added Component: Designator=D76(LED SMD 0402)
Added Component: Designator=D77(LED SMD 0402)
Added Component: Designator=D78(LED SMD 0402)
Added Component: Designator=D79(LED SMD 0402)
Added Component: Designator=D80(LED SMD 0402)
Added Component: Designator=D81(LED SMD 0402)
Added Component: Designator=D82(LED SMD 0402)
Added Component: Designator=D83(LED SMD 0402)
Added Component: Designator=D84(LED SMD 0402)
Added Component: Designator=D85(LED SMD 0402)
Added Component: Designator=D86(LED SMD 0402)
Added Component: Designator=D87(LED SMD 0402)
Added Component: Designator=D88(LED SMD 0402)
Added Component: Designator=D89(LED SMD 0402)
Added Component: Designator=D90(LED SMD 0402)
Added Component: Designator=D91(LED SMD 0402)
Added Component: Designator=D92(LED SMD 0402)
Added Component: Designator=D93(LED SMD 0402)
Added Component: Designator=D94(LED SMD 0402)
Added Component: Designator=D95(LED SMD 0402)
Added Component: Designator=D96(LED SMD 0402)
Added Component: Designator=D97(LED SMD 0402)
Added Component: Designator=D98(LED SMD 0402)
Added Component: Designator=D99(LED SMD 0402)
Added Component: Designator=D100(LED SMD 0402)
Added Component: Designator=D101(LED SMD 0402)
Added Component: Designator=J1(HEADER 2X30)
Added Component: Designator=J2(QSH-060-010-X-D-A)
Added Component: Designator=J3(QSH-060-010-X-D-A)
Added Component: Designator=J4(HEADER 2X30)
Added Component: Designator=U1(SuperFin Footprint)
Added Pin To Net: NetName=NetD1_1 Pin=D1-1
Added Pin To Net: NetName=NetD1_1 Pin=D5-2
Added Pin To Net: NetName=NetD1_1 Pin=J3-3
Added Net: Name=NetD1_1
Added Pin To Net: NetName=NetD1_2 Pin=D1-2
Added Pin To Net: NetName=NetD1_2 Pin=D5-1
Added Pin To Net: NetName=NetD1_2 Pin=J1-3
Added Pin To Net: NetName=NetD1_2 Pin=U1-B3
Added Net: Name=NetD1_2
Added Pin To Net: NetName=NetD2_1 Pin=D2-1
Added Pin To Net: NetName=NetD2_1 Pin=D2-2
Added Pin To Net: NetName=NetD2_1 Pin=J1-1
Added Pin To Net: NetName=NetD2_1 Pin=J3-1
Added Pin To Net: NetName=NetD2_1 Pin=U1-B1
Added Net: Name=NetD2_1
Added Pin To Net: NetName=NetD3_1 Pin=D3-1
Added Pin To Net: NetName=NetD3_1 Pin=J1-2
Added Pin To Net: NetName=NetD3_1 Pin=U1-B2
Added Net: Name=NetD3_1
Added Pin To Net: NetName=NetD3_2 Pin=D3-2
Added Pin To Net: NetName=NetD3_2 Pin=J3-2
Added Net: Name=NetD3_2
Added Pin To Net: NetName=NetD4_1 Pin=D4-1
Added Pin To Net: NetName=NetD4_1 Pin=D7-2
Added Pin To Net: NetName=NetD4_1 Pin=J3-5
Added Net: Name=NetD4_1
Added Pin To Net: NetName=NetD4_2 Pin=D4-2
Added Pin To Net: NetName=NetD4_2 Pin=D7-1
Added Pin To Net: NetName=NetD4_2 Pin=J1-5
Added Pin To Net: NetName=NetD4_2 Pin=U1-B5
Added Net: Name=NetD4_2
Added Pin To Net: NetName=NetD6_1 Pin=D6-1
Added Pin To Net: NetName=NetD6_1 Pin=D9-2
Added Pin To Net: NetName=NetD6_1 Pin=J3-7
Added Net: Name=NetD6_1
Added Pin To Net: NetName=NetD6_2 Pin=D6-2
Added Pin To Net: NetName=NetD6_2 Pin=D9-1
Added Pin To Net: NetName=NetD6_2 Pin=J1-7
Added Pin To Net: NetName=NetD6_2 Pin=U1-B7
Added Net: Name=NetD6_2
Added Pin To Net: NetName=NetD8_1 Pin=D8-1
Added Pin To Net: NetName=NetD8_1 Pin=J1-6
Added Pin To Net: NetName=NetD8_1 Pin=U1-B6
Added Net: Name=NetD8_1
Added Pin To Net: NetName=NetD8_2 Pin=D8-2
Added Pin To Net: NetName=NetD8_2 Pin=J3-6
Added Net: Name=NetD8_2
Added Pin To Net: NetName=NetD10_1 Pin=D10-1
Added Pin To Net: NetName=NetD10_1 Pin=J1-10
Added Pin To Net: NetName=NetD10_1 Pin=U1-B10
Added Net: Name=NetD10_1
Added Pin To Net: NetName=NetD10_2 Pin=D10-2
Added Pin To Net: NetName=NetD10_2 Pin=J3-10
Added Net: Name=NetD10_2
Added Pin To Net: NetName=NetD11_1 Pin=D11-1
Added Pin To Net: NetName=NetD11_1 Pin=D15-2
Added Pin To Net: NetName=NetD11_1 Pin=J3-13
Added Net: Name=NetD11_1
Added Pin To Net: NetName=NetD11_2 Pin=D11-2
Added Pin To Net: NetName=NetD11_2 Pin=D15-1
Added Pin To Net: NetName=NetD11_2 Pin=J1-13
Added Pin To Net: NetName=NetD11_2 Pin=U1-B13
Added Net: Name=NetD11_2
Added Pin To Net: NetName=NetD12_1 Pin=D12-1
Added Pin To Net: NetName=NetD12_1 Pin=D12-2
Added Pin To Net: NetName=NetD12_1 Pin=J1-11
Added Pin To Net: NetName=NetD12_1 Pin=J3-11
Added Pin To Net: NetName=NetD12_1 Pin=U1-B11
Added Net: Name=NetD12_1
Added Pin To Net: NetName=NetD13_1 Pin=D13-1
Added Pin To Net: NetName=NetD13_1 Pin=D17-2
Added Pin To Net: NetName=NetD13_1 Pin=J3-15
Added Net: Name=NetD13_1
Added Pin To Net: NetName=NetD13_2 Pin=D13-2
Added Pin To Net: NetName=NetD13_2 Pin=D17-1
Added Pin To Net: NetName=NetD13_2 Pin=J1-15
Added Pin To Net: NetName=NetD13_2 Pin=U1-B15
Added Net: Name=NetD13_2
Added Pin To Net: NetName=NetD14_1 Pin=D14-1
Added Pin To Net: NetName=NetD14_1 Pin=J1-14
Added Pin To Net: NetName=NetD14_1 Pin=U1-B14
Added Net: Name=NetD14_1
Added Pin To Net: NetName=NetD14_2 Pin=D14-2
Added Pin To Net: NetName=NetD14_2 Pin=J3-14
Added Net: Name=NetD14_2
Added Pin To Net: NetName=NetD16_1 Pin=D16-1
Added Pin To Net: NetName=NetD16_1 Pin=D18-2
Added Pin To Net: NetName=NetD16_1 Pin=J3-17
Added Net: Name=NetD16_1
Added Pin To Net: NetName=NetD16_2 Pin=D16-2
Added Pin To Net: NetName=NetD16_2 Pin=D18-1
Added Pin To Net: NetName=NetD16_2 Pin=J1-17
Added Pin To Net: NetName=NetD16_2 Pin=U1-B17
Added Net: Name=NetD16_2
Added Pin To Net: NetName=NetD19_1 Pin=D19-1
Added Pin To Net: NetName=NetD19_1 Pin=J1-18
Added Pin To Net: NetName=NetD19_1 Pin=U1-B18
Added Net: Name=NetD19_1
Added Pin To Net: NetName=NetD19_2 Pin=D19-2
Added Pin To Net: NetName=NetD19_2 Pin=J3-18
Added Net: Name=NetD19_2
Added Pin To Net: NetName=NetD20_1 Pin=D20-1
Added Pin To Net: NetName=NetD20_1 Pin=D24-2
Added Pin To Net: NetName=NetD20_1 Pin=J3-23
Added Net: Name=NetD20_1
Added Pin To Net: NetName=NetD20_2 Pin=D20-2
Added Pin To Net: NetName=NetD20_2 Pin=D24-1
Added Pin To Net: NetName=NetD20_2 Pin=J1-23
Added Pin To Net: NetName=NetD20_2 Pin=U1-B23
Added Net: Name=NetD20_2
Added Pin To Net: NetName=NetD21_1 Pin=D21-1
Added Pin To Net: NetName=NetD21_1 Pin=D21-2
Added Pin To Net: NetName=NetD21_1 Pin=J1-21
Added Pin To Net: NetName=NetD21_1 Pin=J3-21
Added Pin To Net: NetName=NetD21_1 Pin=U1-B21
Added Net: Name=NetD21_1
Added Pin To Net: NetName=NetD22_1 Pin=D22-1
Added Pin To Net: NetName=NetD22_1 Pin=J1-22
Added Pin To Net: NetName=NetD22_1 Pin=U1-B22
Added Net: Name=NetD22_1
Added Pin To Net: NetName=NetD22_2 Pin=D22-2
Added Pin To Net: NetName=NetD22_2 Pin=J3-22
Added Net: Name=NetD22_2
Added Pin To Net: NetName=NetD23_1 Pin=D23-1
Added Pin To Net: NetName=NetD23_1 Pin=D26-2
Added Pin To Net: NetName=NetD23_1 Pin=J3-25
Added Net: Name=NetD23_1
Added Pin To Net: NetName=NetD23_2 Pin=D23-2
Added Pin To Net: NetName=NetD23_2 Pin=D26-1
Added Pin To Net: NetName=NetD23_2 Pin=J1-25
Added Pin To Net: NetName=NetD23_2 Pin=U1-B25
Added Net: Name=NetD23_2
Added Pin To Net: NetName=NetD25_1 Pin=D25-1
Added Pin To Net: NetName=NetD25_1 Pin=D28-2
Added Pin To Net: NetName=NetD25_1 Pin=J3-27
Added Net: Name=NetD25_1
Added Pin To Net: NetName=NetD25_2 Pin=D25-2
Added Pin To Net: NetName=NetD25_2 Pin=D28-1
Added Pin To Net: NetName=NetD25_2 Pin=J1-27
Added Pin To Net: NetName=NetD25_2 Pin=U1-B27
Added Net: Name=NetD25_2
Added Pin To Net: NetName=NetD27_1 Pin=D27-1
Added Pin To Net: NetName=NetD27_1 Pin=J1-26
Added Pin To Net: NetName=NetD27_1 Pin=U1-B26
Added Net: Name=NetD27_1
Added Pin To Net: NetName=NetD27_2 Pin=D27-2
Added Pin To Net: NetName=NetD27_2 Pin=J3-26
Added Net: Name=NetD27_2
Added Pin To Net: NetName=NetD29_1 Pin=D29-1
Added Pin To Net: NetName=NetD29_1 Pin=J1-30
Added Pin To Net: NetName=NetD29_1 Pin=U1-B30
Added Net: Name=NetD29_1
Added Pin To Net: NetName=NetD29_2 Pin=D29-2
Added Pin To Net: NetName=NetD29_2 Pin=J3-30
Added Net: Name=NetD29_2
Added Pin To Net: NetName=NetD30_1 Pin=D30-1
Added Pin To Net: NetName=NetD30_1 Pin=J1-34
Added Pin To Net: NetName=NetD30_1 Pin=U1-B34
Added Net: Name=NetD30_1
Added Pin To Net: NetName=NetD30_2 Pin=D30-2
Added Pin To Net: NetName=NetD30_2 Pin=J3-34
Added Net: Name=NetD30_2
Added Pin To Net: NetName=NetD31_1 Pin=D31-1
Added Pin To Net: NetName=NetD31_1 Pin=J1-38
Added Pin To Net: NetName=NetD31_1 Pin=U1-B38
Added Net: Name=NetD31_1
Added Pin To Net: NetName=NetD31_2 Pin=D31-2
Added Pin To Net: NetName=NetD31_2 Pin=J3-38
Added Net: Name=NetD31_2
Added Pin To Net: NetName=NetD32_1 Pin=D32-1
Added Pin To Net: NetName=NetD32_1 Pin=J1-42
Added Pin To Net: NetName=NetD32_1 Pin=U1-B42
Added Net: Name=NetD32_1
Added Pin To Net: NetName=NetD32_2 Pin=D32-2
Added Pin To Net: NetName=NetD32_2 Pin=J3-42
Added Net: Name=NetD32_2
Added Pin To Net: NetName=NetD33_1 Pin=D33-1
Added Pin To Net: NetName=NetD33_1 Pin=J1-46
Added Pin To Net: NetName=NetD33_1 Pin=U1-B46
Added Net: Name=NetD33_1
Added Pin To Net: NetName=NetD33_2 Pin=D33-2
Added Pin To Net: NetName=NetD33_2 Pin=J3-46
Added Net: Name=NetD33_2
Added Pin To Net: NetName=NetD34_1 Pin=D34-1
Added Pin To Net: NetName=NetD34_1 Pin=J1-47
Added Pin To Net: NetName=NetD34_1 Pin=U1-B47
Added Net: Name=NetD34_1
Added Pin To Net: NetName=NetD34_2 Pin=D34-2
Added Pin To Net: NetName=NetD34_2 Pin=J3-47
Added Net: Name=NetD34_2
Added Pin To Net: NetName=NetD35_1 Pin=D35-1
Added Pin To Net: NetName=NetD35_1 Pin=J1-50
Added Pin To Net: NetName=NetD35_1 Pin=U1-B50
Added Net: Name=NetD35_1
Added Pin To Net: NetName=NetD35_2 Pin=D35-2
Added Pin To Net: NetName=NetD35_2 Pin=J3-50
Added Net: Name=NetD35_2
Added Pin To Net: NetName=NetD36_1 Pin=D36-1
Added Pin To Net: NetName=NetD36_1 Pin=J1-51
Added Pin To Net: NetName=NetD36_1 Pin=U1-B51
Added Net: Name=NetD36_1
Added Pin To Net: NetName=NetD36_2 Pin=D36-2
Added Pin To Net: NetName=NetD36_2 Pin=J3-51
Added Net: Name=NetD36_2
Added Pin To Net: NetName=NetD37_1 Pin=D37-1
Added Pin To Net: NetName=NetD37_1 Pin=J1-54
Added Pin To Net: NetName=NetD37_1 Pin=U1-B54
Added Net: Name=NetD37_1
Added Pin To Net: NetName=NetD37_2 Pin=D37-2
Added Pin To Net: NetName=NetD37_2 Pin=J3-54
Added Net: Name=NetD37_2
Added Pin To Net: NetName=NetD38_1 Pin=D38-1
Added Pin To Net: NetName=NetD38_1 Pin=D40-2
Added Pin To Net: NetName=NetD38_1 Pin=J3-57
Added Net: Name=NetD38_1
Added Pin To Net: NetName=NetD38_2 Pin=D38-2
Added Pin To Net: NetName=NetD38_2 Pin=D40-1
Added Pin To Net: NetName=NetD38_2 Pin=J1-57
Added Pin To Net: NetName=NetD38_2 Pin=U1-B57
Added Net: Name=NetD38_2
Added Pin To Net: NetName=NetD39_1 Pin=D39-1
Added Pin To Net: NetName=NetD39_1 Pin=D43-2
Added Pin To Net: NetName=NetD39_1 Pin=J3-59
Added Net: Name=NetD39_1
Added Pin To Net: NetName=NetD39_2 Pin=D39-2
Added Pin To Net: NetName=NetD39_2 Pin=D43-1
Added Pin To Net: NetName=NetD39_2 Pin=J1-59
Added Pin To Net: NetName=NetD39_2 Pin=U1-B59
Added Net: Name=NetD39_2
Added Pin To Net: NetName=NetD41_1 Pin=D41-1
Added Pin To Net: NetName=NetD41_1 Pin=J1-58
Added Pin To Net: NetName=NetD41_1 Pin=U1-B58
Added Net: Name=NetD41_1
Added Pin To Net: NetName=NetD41_2 Pin=D41-2
Added Pin To Net: NetName=NetD41_2 Pin=J3-58
Added Net: Name=NetD41_2
Added Pin To Net: NetName=NetD42_1 Pin=D42-1
Added Pin To Net: NetName=NetD42_1 Pin=D45-2
Added Pin To Net: NetName=NetD42_1 Pin=J3-61
Added Net: Name=NetD42_1
Added Pin To Net: NetName=NetD42_2 Pin=D42-2
Added Pin To Net: NetName=NetD42_2 Pin=D45-1
Added Pin To Net: NetName=NetD42_2 Pin=J4-1
Added Pin To Net: NetName=NetD42_2 Pin=U1-B61
Added Net: Name=NetD42_2
Added Pin To Net: NetName=NetD44_1 Pin=D44-1
Added Pin To Net: NetName=NetD44_1 Pin=D47-2
Added Pin To Net: NetName=NetD44_1 Pin=J3-63
Added Net: Name=NetD44_1
Added Pin To Net: NetName=NetD44_2 Pin=D44-2
Added Pin To Net: NetName=NetD44_2 Pin=D47-1
Added Pin To Net: NetName=NetD44_2 Pin=J4-3
Added Pin To Net: NetName=NetD44_2 Pin=U1-B63
Added Net: Name=NetD44_2
Added Pin To Net: NetName=NetD46_1 Pin=D46-1
Added Pin To Net: NetName=NetD46_1 Pin=J4-2
Added Pin To Net: NetName=NetD46_1 Pin=U1-B62
Added Net: Name=NetD46_1
Added Pin To Net: NetName=NetD46_2 Pin=D46-2
Added Pin To Net: NetName=NetD46_2 Pin=J3-62
Added Net: Name=NetD46_2
Added Pin To Net: NetName=NetD48_1 Pin=D48-1
Added Pin To Net: NetName=NetD48_1 Pin=J4-6
Added Pin To Net: NetName=NetD48_1 Pin=U1-B66
Added Net: Name=NetD48_1
Added Pin To Net: NetName=NetD48_2 Pin=D48-2
Added Pin To Net: NetName=NetD48_2 Pin=J3-66
Added Net: Name=NetD48_2
Added Pin To Net: NetName=NetD49_1 Pin=D49-1
Added Pin To Net: NetName=NetD49_1 Pin=J4-10
Added Pin To Net: NetName=NetD49_1 Pin=U1-B70
Added Net: Name=NetD49_1
Added Pin To Net: NetName=NetD49_2 Pin=D49-2
Added Pin To Net: NetName=NetD49_2 Pin=J3-70
Added Net: Name=NetD49_2
Added Pin To Net: NetName=NetD50_1 Pin=D50-1
Added Pin To Net: NetName=NetD50_1 Pin=D52-2
Added Pin To Net: NetName=NetD50_1 Pin=J3-73
Added Net: Name=NetD50_1
Added Pin To Net: NetName=NetD50_2 Pin=D50-2
Added Pin To Net: NetName=NetD50_2 Pin=D52-1
Added Pin To Net: NetName=NetD50_2 Pin=J4-13
Added Pin To Net: NetName=NetD50_2 Pin=U1-B73
Added Net: Name=NetD50_2
Added Pin To Net: NetName=NetD51_1 Pin=D51-1
Added Pin To Net: NetName=NetD51_1 Pin=D55-2
Added Pin To Net: NetName=NetD51_1 Pin=J3-75
Added Net: Name=NetD51_1
Added Pin To Net: NetName=NetD51_2 Pin=D51-2
Added Pin To Net: NetName=NetD51_2 Pin=D55-1
Added Pin To Net: NetName=NetD51_2 Pin=J4-15
Added Pin To Net: NetName=NetD51_2 Pin=U1-B75
Added Net: Name=NetD51_2
Added Pin To Net: NetName=NetD53_1 Pin=D53-1
Added Pin To Net: NetName=NetD53_1 Pin=J4-14
Added Pin To Net: NetName=NetD53_1 Pin=U1-B74
Added Net: Name=NetD53_1
Added Pin To Net: NetName=NetD53_2 Pin=D53-2
Added Pin To Net: NetName=NetD53_2 Pin=J3-74
Added Net: Name=NetD53_2
Added Pin To Net: NetName=NetD54_1 Pin=D54-1
Added Pin To Net: NetName=NetD54_1 Pin=D57-2
Added Pin To Net: NetName=NetD54_1 Pin=J3-77
Added Net: Name=NetD54_1
Added Pin To Net: NetName=NetD54_2 Pin=D54-2
Added Pin To Net: NetName=NetD54_2 Pin=D57-1
Added Pin To Net: NetName=NetD54_2 Pin=J4-17
Added Pin To Net: NetName=NetD54_2 Pin=U1-B77
Added Net: Name=NetD54_2
Added Pin To Net: NetName=NetD56_1 Pin=D56-1
Added Pin To Net: NetName=NetD56_1 Pin=D59-2
Added Pin To Net: NetName=NetD56_1 Pin=J3-79
Added Net: Name=NetD56_1
Added Pin To Net: NetName=NetD56_2 Pin=D56-2
Added Pin To Net: NetName=NetD56_2 Pin=D59-1
Added Pin To Net: NetName=NetD56_2 Pin=J4-19
Added Pin To Net: NetName=NetD56_2 Pin=U1-B79
Added Net: Name=NetD56_2
Added Pin To Net: NetName=NetD58_1 Pin=D58-1
Added Pin To Net: NetName=NetD58_1 Pin=J4-18
Added Pin To Net: NetName=NetD58_1 Pin=U1-B78
Added Net: Name=NetD58_1
Added Pin To Net: NetName=NetD58_2 Pin=D58-2
Added Pin To Net: NetName=NetD58_2 Pin=J3-78
Added Net: Name=NetD58_2
Added Pin To Net: NetName=NetD60_1 Pin=D60-1
Added Pin To Net: NetName=NetD60_1 Pin=D63-2
Added Pin To Net: NetName=NetD60_1 Pin=J3-83
Added Net: Name=NetD60_1
Added Pin To Net: NetName=NetD60_2 Pin=D60-2
Added Pin To Net: NetName=NetD60_2 Pin=D63-1
Added Pin To Net: NetName=NetD60_2 Pin=J4-23
Added Pin To Net: NetName=NetD60_2 Pin=U1-B83
Added Net: Name=NetD60_2
Added Pin To Net: NetName=NetD61_1 Pin=D61-1
Added Pin To Net: NetName=NetD61_1 Pin=J4-22
Added Pin To Net: NetName=NetD61_1 Pin=U1-B82
Added Net: Name=NetD61_1
Added Pin To Net: NetName=NetD61_2 Pin=D61-2
Added Pin To Net: NetName=NetD61_2 Pin=J3-82
Added Net: Name=NetD61_2
Added Pin To Net: NetName=NetD62_1 Pin=D62-1
Added Pin To Net: NetName=NetD62_1 Pin=D66-2
Added Pin To Net: NetName=NetD62_1 Pin=J3-85
Added Net: Name=NetD62_1
Added Pin To Net: NetName=NetD62_2 Pin=D62-2
Added Pin To Net: NetName=NetD62_2 Pin=D66-1
Added Pin To Net: NetName=NetD62_2 Pin=J4-25
Added Pin To Net: NetName=NetD62_2 Pin=U1-B85
Added Net: Name=NetD62_2
Added Pin To Net: NetName=NetD64_1 Pin=D64-1
Added Pin To Net: NetName=NetD64_1 Pin=D68-2
Added Pin To Net: NetName=NetD64_1 Pin=J3-87
Added Net: Name=NetD64_1
Added Pin To Net: NetName=NetD64_2 Pin=D64-2
Added Pin To Net: NetName=NetD64_2 Pin=D68-1
Added Pin To Net: NetName=NetD64_2 Pin=J4-27
Added Pin To Net: NetName=NetD64_2 Pin=U1-B87
Added Net: Name=NetD64_2
Added Pin To Net: NetName=NetD65_1 Pin=D65-1
Added Pin To Net: NetName=NetD65_1 Pin=J4-26
Added Pin To Net: NetName=NetD65_1 Pin=U1-B86
Added Net: Name=NetD65_1
Added Pin To Net: NetName=NetD65_2 Pin=D65-2
Added Pin To Net: NetName=NetD65_2 Pin=J3-86
Added Net: Name=NetD65_2
Added Pin To Net: NetName=NetD67_1 Pin=D67-1
Added Pin To Net: NetName=NetD67_1 Pin=D69-2
Added Pin To Net: NetName=NetD67_1 Pin=J3-89
Added Net: Name=NetD67_1
Added Pin To Net: NetName=NetD67_2 Pin=D67-2
Added Pin To Net: NetName=NetD67_2 Pin=D69-1
Added Pin To Net: NetName=NetD67_2 Pin=J4-29
Added Pin To Net: NetName=NetD67_2 Pin=U1-B89
Added Net: Name=NetD67_2
Added Pin To Net: NetName=NetD70_1 Pin=D70-1
Added Pin To Net: NetName=NetD70_1 Pin=J4-30
Added Pin To Net: NetName=NetD70_1 Pin=U1-B90
Added Net: Name=NetD70_1
Added Pin To Net: NetName=NetD70_2 Pin=D70-2
Added Pin To Net: NetName=NetD70_2 Pin=J3-90
Added Net: Name=NetD70_2
Added Pin To Net: NetName=NetD71_1 Pin=D71-1
Added Pin To Net: NetName=NetD71_1 Pin=D73-2
Added Pin To Net: NetName=NetD71_1 Pin=J3-93
Added Net: Name=NetD71_1
Added Pin To Net: NetName=NetD71_2 Pin=D71-2
Added Pin To Net: NetName=NetD71_2 Pin=D73-1
Added Pin To Net: NetName=NetD71_2 Pin=J4-33
Added Pin To Net: NetName=NetD71_2 Pin=U1-B93
Added Net: Name=NetD71_2
Added Pin To Net: NetName=NetD72_1 Pin=D72-1
Added Pin To Net: NetName=NetD72_1 Pin=D76-2
Added Pin To Net: NetName=NetD72_1 Pin=J3-95
Added Net: Name=NetD72_1
Added Pin To Net: NetName=NetD72_2 Pin=D72-2
Added Pin To Net: NetName=NetD72_2 Pin=D76-1
Added Pin To Net: NetName=NetD72_2 Pin=J4-35
Added Pin To Net: NetName=NetD72_2 Pin=U1-B95
Added Net: Name=NetD72_2
Added Pin To Net: NetName=NetD74_1 Pin=D74-1
Added Pin To Net: NetName=NetD74_1 Pin=J4-34
Added Pin To Net: NetName=NetD74_1 Pin=U1-B94
Added Net: Name=NetD74_1
Added Pin To Net: NetName=NetD74_2 Pin=D74-2
Added Pin To Net: NetName=NetD74_2 Pin=J3-94
Added Net: Name=NetD74_2
Added Pin To Net: NetName=NetD75_1 Pin=D75-1
Added Pin To Net: NetName=NetD75_1 Pin=D78-2
Added Pin To Net: NetName=NetD75_1 Pin=J3-97
Added Net: Name=NetD75_1
Added Pin To Net: NetName=NetD75_2 Pin=D75-2
Added Pin To Net: NetName=NetD75_2 Pin=D78-1
Added Pin To Net: NetName=NetD75_2 Pin=J4-37
Added Pin To Net: NetName=NetD75_2 Pin=U1-B97
Added Net: Name=NetD75_2
Added Pin To Net: NetName=NetD77_1 Pin=D77-1
Added Pin To Net: NetName=NetD77_1 Pin=D80-2
Added Pin To Net: NetName=NetD77_1 Pin=J3-99
Added Net: Name=NetD77_1
Added Pin To Net: NetName=NetD77_2 Pin=D77-2
Added Pin To Net: NetName=NetD77_2 Pin=D80-1
Added Pin To Net: NetName=NetD77_2 Pin=J4-39
Added Pin To Net: NetName=NetD77_2 Pin=U1-B99
Added Net: Name=NetD77_2
Added Pin To Net: NetName=NetD79_1 Pin=D79-1
Added Pin To Net: NetName=NetD79_1 Pin=J4-38
Added Pin To Net: NetName=NetD79_1 Pin=U1-B98
Added Net: Name=NetD79_1
Added Pin To Net: NetName=NetD79_2 Pin=D79-2
Added Pin To Net: NetName=NetD79_2 Pin=J3-98
Added Net: Name=NetD79_2
Added Pin To Net: NetName=NetD81_1 Pin=D81-1
Added Pin To Net: NetName=NetD81_1 Pin=D84-2
Added Pin To Net: NetName=NetD81_1 Pin=J3-103
Added Net: Name=NetD81_1
Added Pin To Net: NetName=NetD81_2 Pin=D81-2
Added Pin To Net: NetName=NetD81_2 Pin=D84-1
Added Pin To Net: NetName=NetD81_2 Pin=J4-43
Added Pin To Net: NetName=NetD81_2 Pin=U1-B103
Added Net: Name=NetD81_2
Added Pin To Net: NetName=NetD82_1 Pin=D82-1
Added Pin To Net: NetName=NetD82_1 Pin=J4-42
Added Pin To Net: NetName=NetD82_1 Pin=U1-B102
Added Net: Name=NetD82_1
Added Pin To Net: NetName=NetD82_2 Pin=D82-2
Added Pin To Net: NetName=NetD82_2 Pin=J3-102
Added Net: Name=NetD82_2
Added Pin To Net: NetName=NetD83_1 Pin=D83-1
Added Pin To Net: NetName=NetD83_1 Pin=D87-2
Added Pin To Net: NetName=NetD83_1 Pin=J3-105
Added Net: Name=NetD83_1
Added Pin To Net: NetName=NetD83_2 Pin=D83-2
Added Pin To Net: NetName=NetD83_2 Pin=D87-1
Added Pin To Net: NetName=NetD83_2 Pin=J4-45
Added Pin To Net: NetName=NetD83_2 Pin=U1-B105
Added Net: Name=NetD83_2
Added Pin To Net: NetName=NetD85_1 Pin=D85-1
Added Pin To Net: NetName=NetD85_1 Pin=D89-2
Added Pin To Net: NetName=NetD85_1 Pin=J3-107
Added Net: Name=NetD85_1
Added Pin To Net: NetName=NetD85_2 Pin=D85-2
Added Pin To Net: NetName=NetD85_2 Pin=D89-1
Added Pin To Net: NetName=NetD85_2 Pin=J4-47
Added Pin To Net: NetName=NetD85_2 Pin=U1-B107
Added Net: Name=NetD85_2
Added Pin To Net: NetName=NetD86_1 Pin=D86-1
Added Pin To Net: NetName=NetD86_1 Pin=J4-46
Added Pin To Net: NetName=NetD86_1 Pin=U1-B106
Added Net: Name=NetD86_1
Added Pin To Net: NetName=NetD86_2 Pin=D86-2
Added Pin To Net: NetName=NetD86_2 Pin=J3-106
Added Net: Name=NetD86_2
Added Pin To Net: NetName=NetD88_1 Pin=D88-1
Added Pin To Net: NetName=NetD88_1 Pin=D90-2
Added Pin To Net: NetName=NetD88_1 Pin=J3-109
Added Net: Name=NetD88_1
Added Pin To Net: NetName=NetD88_2 Pin=D88-2
Added Pin To Net: NetName=NetD88_2 Pin=D90-1
Added Pin To Net: NetName=NetD88_2 Pin=J4-49
Added Pin To Net: NetName=NetD88_2 Pin=U1-B109
Added Net: Name=NetD88_2
Added Pin To Net: NetName=NetD91_1 Pin=D91-1
Added Pin To Net: NetName=NetD91_1 Pin=J4-50
Added Pin To Net: NetName=NetD91_1 Pin=U1-B110
Added Net: Name=NetD91_1
Added Pin To Net: NetName=NetD91_2 Pin=D91-2
Added Pin To Net: NetName=NetD91_2 Pin=J3-110
Added Net: Name=NetD91_2
Added Pin To Net: NetName=NetD92_1 Pin=D92-1
Added Pin To Net: NetName=NetD92_1 Pin=D94-2
Added Pin To Net: NetName=NetD92_1 Pin=J3-113
Added Net: Name=NetD92_1
Added Pin To Net: NetName=NetD92_2 Pin=D92-2
Added Pin To Net: NetName=NetD92_2 Pin=D94-1
Added Pin To Net: NetName=NetD92_2 Pin=J4-53
Added Pin To Net: NetName=NetD92_2 Pin=U1-B113
Added Net: Name=NetD92_2
Added Pin To Net: NetName=NetD93_1 Pin=D93-1
Added Pin To Net: NetName=NetD93_1 Pin=D97-2
Added Pin To Net: NetName=NetD93_1 Pin=J3-115
Added Net: Name=NetD93_1
Added Pin To Net: NetName=NetD93_2 Pin=D93-2
Added Pin To Net: NetName=NetD93_2 Pin=D97-1
Added Pin To Net: NetName=NetD93_2 Pin=J4-55
Added Pin To Net: NetName=NetD93_2 Pin=U1-B115
Added Net: Name=NetD93_2
Added Pin To Net: NetName=NetD95_1 Pin=D95-1
Added Pin To Net: NetName=NetD95_1 Pin=J4-54
Added Pin To Net: NetName=NetD95_1 Pin=U1-B114
Added Net: Name=NetD95_1
Added Pin To Net: NetName=NetD95_2 Pin=D95-2
Added Pin To Net: NetName=NetD95_2 Pin=J3-114
Added Net: Name=NetD95_2
Added Pin To Net: NetName=NetD96_1 Pin=D96-1
Added Pin To Net: NetName=NetD96_1 Pin=D99-2
Added Pin To Net: NetName=NetD96_1 Pin=J3-117
Added Net: Name=NetD96_1
Added Pin To Net: NetName=NetD96_2 Pin=D96-2
Added Pin To Net: NetName=NetD96_2 Pin=D99-1
Added Pin To Net: NetName=NetD96_2 Pin=J4-57
Added Pin To Net: NetName=NetD96_2 Pin=U1-B117
Added Net: Name=NetD96_2
Added Pin To Net: NetName=NetD98_1 Pin=D98-1
Added Pin To Net: NetName=NetD98_1 Pin=D101-2
Added Pin To Net: NetName=NetD98_1 Pin=J3-119
Added Net: Name=NetD98_1
Added Pin To Net: NetName=NetD98_2 Pin=D98-2
Added Pin To Net: NetName=NetD98_2 Pin=D101-1
Added Pin To Net: NetName=NetD98_2 Pin=J4-59
Added Pin To Net: NetName=NetD98_2 Pin=U1-B119
Added Net: Name=NetD98_2
Added Pin To Net: NetName=NetD100_1 Pin=D100-1
Added Pin To Net: NetName=NetD100_1 Pin=J4-58
Added Pin To Net: NetName=NetD100_1 Pin=U1-B118
Added Net: Name=NetD100_1
Added Pin To Net: NetName=NetD100_2 Pin=D100-2
Added Pin To Net: NetName=NetD100_2 Pin=J3-118
Added Net: Name=NetD100_2
Added Pin To Net: NetName=NetJ1_4 Pin=J1-4
Added Pin To Net: NetName=NetJ1_4 Pin=J3-4
Added Pin To Net: NetName=NetJ1_4 Pin=U1-B4
Added Net: Name=NetJ1_4
Added Pin To Net: NetName=NetJ1_8 Pin=J1-8
Added Pin To Net: NetName=NetJ1_8 Pin=J3-8
Added Pin To Net: NetName=NetJ1_8 Pin=U1-B8
Added Net: Name=NetJ1_8
Added Pin To Net: NetName=NetJ1_9 Pin=J1-9
Added Pin To Net: NetName=NetJ1_9 Pin=J3-9
Added Pin To Net: NetName=NetJ1_9 Pin=U1-B9
Added Net: Name=NetJ1_9
Added Pin To Net: NetName=NetJ1_12 Pin=J1-12
Added Pin To Net: NetName=NetJ1_12 Pin=J3-12
Added Pin To Net: NetName=NetJ1_12 Pin=U1-B12
Added Net: Name=NetJ1_12
Added Pin To Net: NetName=NetJ1_16 Pin=J1-16
Added Pin To Net: NetName=NetJ1_16 Pin=J3-16
Added Pin To Net: NetName=NetJ1_16 Pin=U1-B16
Added Net: Name=NetJ1_16
Added Pin To Net: NetName=NetJ1_19 Pin=J1-19
Added Pin To Net: NetName=NetJ1_19 Pin=J3-19
Added Pin To Net: NetName=NetJ1_19 Pin=U1-B19
Added Net: Name=NetJ1_19
Added Pin To Net: NetName=NetJ1_20 Pin=J1-20
Added Pin To Net: NetName=NetJ1_20 Pin=J3-20
Added Pin To Net: NetName=NetJ1_20 Pin=U1-B20
Added Net: Name=NetJ1_20
Added Pin To Net: NetName=NetJ1_24 Pin=J1-24
Added Pin To Net: NetName=NetJ1_24 Pin=J3-24
Added Pin To Net: NetName=NetJ1_24 Pin=U1-B24
Added Net: Name=NetJ1_24
Added Pin To Net: NetName=NetJ1_28 Pin=J1-28
Added Pin To Net: NetName=NetJ1_28 Pin=J3-28
Added Pin To Net: NetName=NetJ1_28 Pin=U1-B28
Added Net: Name=NetJ1_28
Added Pin To Net: NetName=NetJ1_29 Pin=J1-29
Added Pin To Net: NetName=NetJ1_29 Pin=J3-29
Added Pin To Net: NetName=NetJ1_29 Pin=U1-B29
Added Net: Name=NetJ1_29
Added Pin To Net: NetName=NetJ1_31 Pin=J1-31
Added Pin To Net: NetName=NetJ1_31 Pin=J3-31
Added Pin To Net: NetName=NetJ1_31 Pin=U1-B31
Added Net: Name=NetJ1_31
Added Pin To Net: NetName=NetJ1_32 Pin=J1-32
Added Pin To Net: NetName=NetJ1_32 Pin=J3-32
Added Pin To Net: NetName=NetJ1_32 Pin=U1-B32
Added Net: Name=NetJ1_32
Added Pin To Net: NetName=NetJ1_33 Pin=J1-33
Added Pin To Net: NetName=NetJ1_33 Pin=J3-33
Added Pin To Net: NetName=NetJ1_33 Pin=U1-B33
Added Net: Name=NetJ1_33
Added Pin To Net: NetName=NetJ1_35 Pin=J1-35
Added Pin To Net: NetName=NetJ1_35 Pin=J3-35
Added Pin To Net: NetName=NetJ1_35 Pin=U1-B35
Added Net: Name=NetJ1_35
Added Pin To Net: NetName=NetJ1_36 Pin=J1-36
Added Pin To Net: NetName=NetJ1_36 Pin=J3-36
Added Pin To Net: NetName=NetJ1_36 Pin=U1-B36
Added Net: Name=NetJ1_36
Added Pin To Net: NetName=NetJ1_37 Pin=J1-37
Added Pin To Net: NetName=NetJ1_37 Pin=J3-37
Added Pin To Net: NetName=NetJ1_37 Pin=U1-B37
Added Net: Name=NetJ1_37
Added Pin To Net: NetName=NetJ1_39 Pin=J1-39
Added Pin To Net: NetName=NetJ1_39 Pin=J3-39
Added Pin To Net: NetName=NetJ1_39 Pin=U1-B39
Added Net: Name=NetJ1_39
Added Pin To Net: NetName=NetJ1_40 Pin=J1-40
Added Pin To Net: NetName=NetJ1_40 Pin=J3-40
Added Pin To Net: NetName=NetJ1_40 Pin=U1-B40
Added Net: Name=NetJ1_40
Added Pin To Net: NetName=NetJ1_41 Pin=J1-41
Added Pin To Net: NetName=NetJ1_41 Pin=J3-41
Added Pin To Net: NetName=NetJ1_41 Pin=U1-B41
Added Net: Name=NetJ1_41
Added Pin To Net: NetName=NetJ1_43 Pin=J1-43
Added Pin To Net: NetName=NetJ1_43 Pin=J3-43
Added Pin To Net: NetName=NetJ1_43 Pin=U1-B43
Added Net: Name=NetJ1_43
Added Pin To Net: NetName=NetJ1_44 Pin=J1-44
Added Pin To Net: NetName=NetJ1_44 Pin=J3-44
Added Pin To Net: NetName=NetJ1_44 Pin=U1-B44
Added Net: Name=NetJ1_44
Added Pin To Net: NetName=NetJ1_45 Pin=J1-45
Added Pin To Net: NetName=NetJ1_45 Pin=J3-45
Added Pin To Net: NetName=NetJ1_45 Pin=U1-B45
Added Net: Name=NetJ1_45
Added Pin To Net: NetName=NetJ1_48 Pin=J1-48
Added Pin To Net: NetName=NetJ1_48 Pin=J3-48
Added Pin To Net: NetName=NetJ1_48 Pin=U1-B48
Added Net: Name=NetJ1_48
Added Pin To Net: NetName=NetJ1_49 Pin=J1-49
Added Pin To Net: NetName=NetJ1_49 Pin=J3-49
Added Pin To Net: NetName=NetJ1_49 Pin=U1-B49
Added Net: Name=NetJ1_49
Added Pin To Net: NetName=NetJ1_52 Pin=J1-52
Added Pin To Net: NetName=NetJ1_52 Pin=J3-52
Added Pin To Net: NetName=NetJ1_52 Pin=U1-B52
Added Net: Name=NetJ1_52
Added Pin To Net: NetName=NetJ1_53 Pin=J1-53
Added Pin To Net: NetName=NetJ1_53 Pin=J3-53
Added Pin To Net: NetName=NetJ1_53 Pin=U1-B53
Added Net: Name=NetJ1_53
Added Pin To Net: NetName=NetJ1_55 Pin=J1-55
Added Pin To Net: NetName=NetJ1_55 Pin=J3-55
Added Pin To Net: NetName=NetJ1_55 Pin=U1-B55
Added Net: Name=NetJ1_55
Added Pin To Net: NetName=NetJ1_56 Pin=J1-56
Added Pin To Net: NetName=NetJ1_56 Pin=J3-56
Added Pin To Net: NetName=NetJ1_56 Pin=U1-B56
Added Net: Name=NetJ1_56
Added Pin To Net: NetName=NetJ1_60 Pin=J1-60
Added Pin To Net: NetName=NetJ1_60 Pin=J3-60
Added Pin To Net: NetName=NetJ1_60 Pin=U1-B60
Added Net: Name=NetJ1_60
Added Pin To Net: NetName=NetJ3_64 Pin=J3-64
Added Pin To Net: NetName=NetJ3_64 Pin=J4-4
Added Pin To Net: NetName=NetJ3_64 Pin=U1-B64
Added Net: Name=NetJ3_64
Added Pin To Net: NetName=NetJ3_65 Pin=J3-65
Added Pin To Net: NetName=NetJ3_65 Pin=J4-5
Added Pin To Net: NetName=NetJ3_65 Pin=U1-B65
Added Net: Name=NetJ3_65
Added Pin To Net: NetName=NetJ3_67 Pin=J3-67
Added Pin To Net: NetName=NetJ3_67 Pin=J4-7
Added Pin To Net: NetName=NetJ3_67 Pin=U1-B67
Added Net: Name=NetJ3_67
Added Pin To Net: NetName=NetJ3_68 Pin=J3-68
Added Pin To Net: NetName=NetJ3_68 Pin=J4-8
Added Pin To Net: NetName=NetJ3_68 Pin=U1-B68
Added Net: Name=NetJ3_68
Added Pin To Net: NetName=NetJ3_69 Pin=J3-69
Added Pin To Net: NetName=NetJ3_69 Pin=J4-9
Added Pin To Net: NetName=NetJ3_69 Pin=U1-B69
Added Net: Name=NetJ3_69
Added Pin To Net: NetName=NetJ3_71 Pin=J3-71
Added Pin To Net: NetName=NetJ3_71 Pin=J4-11
Added Pin To Net: NetName=NetJ3_71 Pin=U1-B71
Added Net: Name=NetJ3_71
Added Pin To Net: NetName=NetJ3_72 Pin=J3-72
Added Pin To Net: NetName=NetJ3_72 Pin=J4-12
Added Pin To Net: NetName=NetJ3_72 Pin=U1-B72
Added Net: Name=NetJ3_72
Added Pin To Net: NetName=NetJ3_76 Pin=J3-76
Added Pin To Net: NetName=NetJ3_76 Pin=J4-16
Added Pin To Net: NetName=NetJ3_76 Pin=U1-B76
Added Net: Name=NetJ3_76
Added Pin To Net: NetName=NetJ3_80 Pin=J3-80
Added Pin To Net: NetName=NetJ3_80 Pin=J4-20
Added Pin To Net: NetName=NetJ3_80 Pin=U1-B80
Added Net: Name=NetJ3_80
Added Pin To Net: NetName=NetJ3_81 Pin=J3-81
Added Pin To Net: NetName=NetJ3_81 Pin=J4-21
Added Pin To Net: NetName=NetJ3_81 Pin=U1-B81
Added Net: Name=NetJ3_81
Added Pin To Net: NetName=NetJ3_84 Pin=J3-84
Added Pin To Net: NetName=NetJ3_84 Pin=J4-24
Added Pin To Net: NetName=NetJ3_84 Pin=U1-B84
Added Net: Name=NetJ3_84
Added Pin To Net: NetName=NetJ3_88 Pin=J3-88
Added Pin To Net: NetName=NetJ3_88 Pin=J4-28
Added Pin To Net: NetName=NetJ3_88 Pin=U1-B88
Added Net: Name=NetJ3_88
Added Pin To Net: NetName=NetJ3_91 Pin=J3-91
Added Pin To Net: NetName=NetJ3_91 Pin=J4-31
Added Pin To Net: NetName=NetJ3_91 Pin=U1-B91
Added Net: Name=NetJ3_91
Added Pin To Net: NetName=NetJ3_92 Pin=J3-92
Added Pin To Net: NetName=NetJ3_92 Pin=J4-32
Added Pin To Net: NetName=NetJ3_92 Pin=U1-B92
Added Net: Name=NetJ3_92
Added Pin To Net: NetName=NetJ3_96 Pin=J3-96
Added Pin To Net: NetName=NetJ3_96 Pin=J4-36
Added Pin To Net: NetName=NetJ3_96 Pin=U1-B96
Added Net: Name=NetJ3_96
Added Pin To Net: NetName=NetJ3_100 Pin=J3-100
Added Pin To Net: NetName=NetJ3_100 Pin=J4-40
Added Pin To Net: NetName=NetJ3_100 Pin=U1-B100
Added Net: Name=NetJ3_100
Added Pin To Net: NetName=NetJ3_101 Pin=J3-101
Added Pin To Net: NetName=NetJ3_101 Pin=J4-41
Added Pin To Net: NetName=NetJ3_101 Pin=U1-B101
Added Net: Name=NetJ3_101
Added Pin To Net: NetName=NetJ3_104 Pin=J3-104
Added Pin To Net: NetName=NetJ3_104 Pin=J4-44
Added Pin To Net: NetName=NetJ3_104 Pin=U1-B104
Added Net: Name=NetJ3_104
Added Pin To Net: NetName=NetJ3_108 Pin=J3-108
Added Pin To Net: NetName=NetJ3_108 Pin=J4-48
Added Pin To Net: NetName=NetJ3_108 Pin=U1-B108
Added Net: Name=NetJ3_108
Added Pin To Net: NetName=NetJ3_111 Pin=J3-111
Added Pin To Net: NetName=NetJ3_111 Pin=J4-51
Added Pin To Net: NetName=NetJ3_111 Pin=U1-B111
Added Net: Name=NetJ3_111
Added Pin To Net: NetName=NetJ3_112 Pin=J3-112
Added Pin To Net: NetName=NetJ3_112 Pin=J4-52
Added Pin To Net: NetName=NetJ3_112 Pin=U1-B112
Added Net: Name=NetJ3_112
Added Pin To Net: NetName=NetJ3_116 Pin=J3-116
Added Pin To Net: NetName=NetJ3_116 Pin=J4-56
Added Pin To Net: NetName=NetJ3_116 Pin=U1-B116
Added Net: Name=NetJ3_116
Added Pin To Net: NetName=NetJ3_120 Pin=J3-120
Added Pin To Net: NetName=NetJ3_120 Pin=J4-60
Added Pin To Net: NetName=NetJ3_120 Pin=U1-B120
Added Net: Name=NetJ3_120
Added Class: Name=780-00040, Rev1, Pg1, Super Sniffer
Added Room: Name=780-00040, Rev1, Pg1, Super Sniffer
