Removed Pin From Net: NetName=NetD2_1 Pin=J1-1
Removed Pin From Net: NetName=NetD3_1 Pin=J1-2
Removed Pin From Net: NetName=NetD1_2 Pin=J1-3
Removed Pin From Net: NetName=NetD4_2 Pin=J1-5
Removed Pin From Net: NetName=NetD8_1 Pin=J1-6
Removed Pin From Net: NetName=NetD6_2 Pin=J1-7
Removed Pin From Net: NetName=NetD10_1 Pin=J1-10
Removed Pin From Net: NetName=NetD12_1 Pin=J1-11
Removed Pin From Net: NetName=NetD11_2 Pin=J1-13
Removed Pin From Net: NetName=NetD14_1 Pin=J1-14
Removed Pin From Net: NetName=NetD13_2 Pin=J1-15
Removed Pin From Net: NetName=NetD16_2 Pin=J1-17
Removed Pin From Net: NetName=NetD19_1 Pin=J1-18
Removed Pin From Net: NetName=NetD21_1 Pin=J1-21
Removed Pin From Net: NetName=NetD22_1 Pin=J1-22
Removed Pin From Net: NetName=NetD20_2 Pin=J1-23
Removed Pin From Net: NetName=NetD23_2 Pin=J1-25
Removed Pin From Net: NetName=NetD27_1 Pin=J1-26
Removed Pin From Net: NetName=NetD25_2 Pin=J1-27
Removed Pin From Net: NetName=NetD29_1 Pin=J1-30
Removed Pin From Net: NetName=NetD30_1 Pin=J1-34
Removed Pin From Net: NetName=NetD31_1 Pin=J1-38
Removed Pin From Net: NetName=NetD32_1 Pin=J1-42
Removed Pin From Net: NetName=NetD33_1 Pin=J1-46
Removed Pin From Net: NetName=NetD34_1 Pin=J1-47
Removed Pin From Net: NetName=NetD35_1 Pin=J1-50
Removed Pin From Net: NetName=NetD36_1 Pin=J1-51
Removed Pin From Net: NetName=NetD37_1 Pin=J1-54
Removed Pin From Net: NetName=NetD38_2 Pin=J1-57
Removed Pin From Net: NetName=NetD41_1 Pin=J1-58
Removed Pin From Net: NetName=NetD39_2 Pin=J1-59
Removed Pin From Net: NetName=NetJ1_19 Pin=J3-19
Removed Pin From Net: NetName=NetJ1_20 Pin=J3-20
Removed Pin From Net: NetName=NetJ1_31 Pin=J3-31
Removed Pin From Net: NetName=NetJ1_32 Pin=J3-32
Removed Pin From Net: NetName=NetJ1_35 Pin=J3-35
Removed Pin From Net: NetName=NetJ1_36 Pin=J3-36
Removed Pin From Net: NetName=NetJ1_39 Pin=J3-39
Removed Pin From Net: NetName=NetJ1_40 Pin=J3-40
Removed Pin From Net: NetName=NetJ1_43 Pin=J3-43
Removed Pin From Net: NetName=NetJ1_44 Pin=J3-44
Removed Pin From Net: NetName=NetJ1_55 Pin=J3-55
Removed Pin From Net: NetName=NetJ1_56 Pin=J3-56
Removed Pin From Net: NetName=NetD42_2 Pin=J4-1
Removed Pin From Net: NetName=NetD46_1 Pin=J4-2
Removed Pin From Net: NetName=NetD44_2 Pin=J4-3
Removed Pin From Net: NetName=NetJ3_64 Pin=J4-4
Removed Pin From Net: NetName=NetJ3_65 Pin=J4-5
Removed Pin From Net: NetName=NetD48_1 Pin=J4-6
Removed Pin From Net: NetName=NetJ3_67 Pin=J4-7
Removed Pin From Net: NetName=NetJ3_68 Pin=J4-8
Removed Pin From Net: NetName=NetJ3_69 Pin=J4-9
Removed Pin From Net: NetName=NetD49_1 Pin=J4-10
Removed Pin From Net: NetName=NetJ3_71 Pin=J4-11
Removed Pin From Net: NetName=NetJ3_72 Pin=J4-12
Removed Pin From Net: NetName=NetD50_2 Pin=J4-13
Removed Pin From Net: NetName=NetD53_1 Pin=J4-14
Removed Pin From Net: NetName=NetD51_2 Pin=J4-15
Removed Pin From Net: NetName=NetJ3_76 Pin=J4-16
Removed Pin From Net: NetName=NetD54_2 Pin=J4-17
Removed Pin From Net: NetName=NetD58_1 Pin=J4-18
Removed Pin From Net: NetName=NetD56_2 Pin=J4-19
Removed Pin From Net: NetName=NetJ3_80 Pin=J4-20
Removed Pin From Net: NetName=NetJ3_81 Pin=J4-21
Removed Pin From Net: NetName=NetD61_1 Pin=J4-22
Removed Pin From Net: NetName=NetD60_2 Pin=J4-23
Removed Pin From Net: NetName=NetJ3_84 Pin=J4-24
Removed Pin From Net: NetName=NetD62_2 Pin=J4-25
Removed Pin From Net: NetName=NetD65_1 Pin=J4-26
Removed Pin From Net: NetName=NetD64_2 Pin=J4-27
Removed Pin From Net: NetName=NetJ3_88 Pin=J4-28
Removed Pin From Net: NetName=NetD67_2 Pin=J4-29
Removed Pin From Net: NetName=NetD70_1 Pin=J4-30
Removed Pin From Net: NetName=NetJ3_91 Pin=J4-31
Removed Pin From Net: NetName=NetJ3_92 Pin=J4-32
Removed Pin From Net: NetName=NetD71_2 Pin=J4-33
Removed Pin From Net: NetName=NetD74_1 Pin=J4-34
Removed Pin From Net: NetName=NetD72_2 Pin=J4-35
Removed Pin From Net: NetName=NetJ3_96 Pin=J4-36
Removed Pin From Net: NetName=NetD75_2 Pin=J4-37
Removed Pin From Net: NetName=NetD79_1 Pin=J4-38
Removed Pin From Net: NetName=NetD77_2 Pin=J4-39
Removed Pin From Net: NetName=NetJ3_100 Pin=J4-40
Removed Pin From Net: NetName=NetJ3_101 Pin=J4-41
Removed Pin From Net: NetName=NetD82_1 Pin=J4-42
Removed Pin From Net: NetName=NetD81_2 Pin=J4-43
Removed Pin From Net: NetName=NetJ3_104 Pin=J4-44
Removed Pin From Net: NetName=NetD83_2 Pin=J4-45
Removed Pin From Net: NetName=NetD86_1 Pin=J4-46
Removed Pin From Net: NetName=NetD85_2 Pin=J4-47
Removed Pin From Net: NetName=NetJ3_108 Pin=J4-48
Removed Pin From Net: NetName=NetD88_2 Pin=J4-49
Removed Pin From Net: NetName=NetD91_1 Pin=J4-50
Removed Pin From Net: NetName=NetJ3_111 Pin=J4-51
Removed Pin From Net: NetName=NetJ3_112 Pin=J4-52
Removed Pin From Net: NetName=NetD92_2 Pin=J4-53
Removed Pin From Net: NetName=NetD95_1 Pin=J4-54
Removed Pin From Net: NetName=NetD93_2 Pin=J4-55
Removed Pin From Net: NetName=NetJ3_116 Pin=J4-56
Removed Pin From Net: NetName=NetD96_2 Pin=J4-57
Removed Pin From Net: NetName=NetD100_1 Pin=J4-58
Removed Pin From Net: NetName=NetD98_2 Pin=J4-59
Removed Pin From Net: NetName=NetJ3_120 Pin=J4-60
Removed Pin From Net: NetName=NetJ1_19 Pin=U1-B19
Removed Pin From Net: NetName=NetJ1_20 Pin=U1-B20
Removed Pin From Net: NetName=NetJ1_31 Pin=U1-B31
Removed Pin From Net: NetName=NetJ1_32 Pin=U1-B32
Removed Pin From Net: NetName=NetJ1_35 Pin=U1-B35
Removed Pin From Net: NetName=NetJ1_36 Pin=U1-B36
Removed Pin From Net: NetName=NetJ1_39 Pin=U1-B39
Removed Pin From Net: NetName=NetJ1_40 Pin=U1-B40
Removed Pin From Net: NetName=NetJ1_43 Pin=U1-B43
Removed Pin From Net: NetName=NetJ1_44 Pin=U1-B44
Removed Pin From Net: NetName=NetJ1_55 Pin=U1-B55
Removed Pin From Net: NetName=NetJ1_56 Pin=U1-B56
Added Pin To Net: NetName=NetD3_1 Pin=J1-1
Added Pin To Net: NetName=NetD2_1 Pin=J1-2
Added Pin To Net: NetName=NetD1_2 Pin=J1-4
Added Pin To Net: NetName=NetD8_1 Pin=J1-5
Added Pin To Net: NetName=NetD4_2 Pin=J1-6
Added Pin To Net: NetName=NetD6_2 Pin=J1-8
Added Pin To Net: NetName=NetD10_1 Pin=J1-9
Added Pin To Net: NetName=NetD12_1 Pin=J1-12
Added Pin To Net: NetName=NetD14_1 Pin=J1-13
Added Pin To Net: NetName=NetD11_2 Pin=J1-14
Added Pin To Net: NetName=NetD13_2 Pin=J1-16
Added Pin To Net: NetName=NetD19_1 Pin=J1-17
Added Pin To Net: NetName=NetD16_2 Pin=J1-18
Added Pin To Net: NetName=NetD22_1 Pin=J1-21
Added Pin To Net: NetName=NetD21_1 Pin=J1-22
Added Pin To Net: NetName=NetD20_2 Pin=J1-24
Added Pin To Net: NetName=NetD27_1 Pin=J1-25
Added Pin To Net: NetName=NetD23_2 Pin=J1-26
Added Pin To Net: NetName=NetD25_2 Pin=J1-28
Added Pin To Net: NetName=NetD29_1 Pin=J1-29
Added Pin To Net: NetName=NetD30_1 Pin=J1-33
Added Pin To Net: NetName=NetD31_1 Pin=J1-37
Added Pin To Net: NetName=NetD32_1 Pin=J1-41
Added Pin To Net: NetName=NetD33_1 Pin=J1-45
Added Pin To Net: NetName=NetD34_1 Pin=J1-48
Added Pin To Net: NetName=NetD35_1 Pin=J1-49
Added Pin To Net: NetName=NetD36_1 Pin=J1-52
Added Pin To Net: NetName=NetD37_1 Pin=J1-53
Added Pin To Net: NetName=NetD41_1 Pin=J1-57
Added Pin To Net: NetName=NetD38_2 Pin=J1-58
Added Pin To Net: NetName=NetD39_2 Pin=J1-60
Added Pin To Net: NetName=NetJ1_20 Pin=J3-19
Added Pin To Net: NetName=NetJ1_19 Pin=J3-20
Added Pin To Net: NetName=NetJ1_32 Pin=J3-31
Added Pin To Net: NetName=NetJ1_31 Pin=J3-32
Added Pin To Net: NetName=NetJ1_36 Pin=J3-35
Added Pin To Net: NetName=NetJ1_35 Pin=J3-36
Added Pin To Net: NetName=NetJ1_40 Pin=J3-39
Added Pin To Net: NetName=NetJ1_39 Pin=J3-40
Added Pin To Net: NetName=NetJ1_44 Pin=J3-43
Added Pin To Net: NetName=NetJ1_43 Pin=J3-44
Added Pin To Net: NetName=NetJ1_56 Pin=J3-55
Added Pin To Net: NetName=NetJ1_55 Pin=J3-56
Added Pin To Net: NetName=NetD46_1 Pin=J4-1
Added Pin To Net: NetName=NetD42_2 Pin=J4-2
Added Pin To Net: NetName=NetJ3_64 Pin=J4-3
Added Pin To Net: NetName=NetD44_2 Pin=J4-4
Added Pin To Net: NetName=NetD48_1 Pin=J4-5
Added Pin To Net: NetName=NetJ3_65 Pin=J4-6
Added Pin To Net: NetName=NetJ3_68 Pin=J4-7
Added Pin To Net: NetName=NetJ3_67 Pin=J4-8
Added Pin To Net: NetName=NetD49_1 Pin=J4-9
Added Pin To Net: NetName=NetJ3_69 Pin=J4-10
Added Pin To Net: NetName=NetJ3_72 Pin=J4-11
Added Pin To Net: NetName=NetJ3_71 Pin=J4-12
Added Pin To Net: NetName=NetD53_1 Pin=J4-13
Added Pin To Net: NetName=NetD50_2 Pin=J4-14
Added Pin To Net: NetName=NetJ3_76 Pin=J4-15
Added Pin To Net: NetName=NetD51_2 Pin=J4-16
Added Pin To Net: NetName=NetD58_1 Pin=J4-17
Added Pin To Net: NetName=NetD54_2 Pin=J4-18
Added Pin To Net: NetName=NetJ3_80 Pin=J4-19
Added Pin To Net: NetName=NetD56_2 Pin=J4-20
Added Pin To Net: NetName=NetD61_1 Pin=J4-21
Added Pin To Net: NetName=NetJ3_81 Pin=J4-22
Added Pin To Net: NetName=NetJ3_84 Pin=J4-23
Added Pin To Net: NetName=NetD60_2 Pin=J4-24
Added Pin To Net: NetName=NetD65_1 Pin=J4-25
Added Pin To Net: NetName=NetD62_2 Pin=J4-26
Added Pin To Net: NetName=NetJ3_88 Pin=J4-27
Added Pin To Net: NetName=NetD64_2 Pin=J4-28
Added Pin To Net: NetName=NetD70_1 Pin=J4-29
Added Pin To Net: NetName=NetD67_2 Pin=J4-30
Added Pin To Net: NetName=NetJ3_92 Pin=J4-31
Added Pin To Net: NetName=NetJ3_91 Pin=J4-32
Added Pin To Net: NetName=NetD74_1 Pin=J4-33
Added Pin To Net: NetName=NetD71_2 Pin=J4-34
Added Pin To Net: NetName=NetJ3_96 Pin=J4-35
Added Pin To Net: NetName=NetD72_2 Pin=J4-36
Added Pin To Net: NetName=NetD79_1 Pin=J4-37
Added Pin To Net: NetName=NetD75_2 Pin=J4-38
Added Pin To Net: NetName=NetJ3_100 Pin=J4-39
Added Pin To Net: NetName=NetD77_2 Pin=J4-40
Added Pin To Net: NetName=NetD82_1 Pin=J4-41
Added Pin To Net: NetName=NetJ3_101 Pin=J4-42
Added Pin To Net: NetName=NetJ3_104 Pin=J4-43
Added Pin To Net: NetName=NetD81_2 Pin=J4-44
Added Pin To Net: NetName=NetD86_1 Pin=J4-45
Added Pin To Net: NetName=NetD83_2 Pin=J4-46
Added Pin To Net: NetName=NetJ3_108 Pin=J4-47
Added Pin To Net: NetName=NetD85_2 Pin=J4-48
Added Pin To Net: NetName=NetD91_1 Pin=J4-49
Added Pin To Net: NetName=NetD88_2 Pin=J4-50
Added Pin To Net: NetName=NetJ3_112 Pin=J4-51
Added Pin To Net: NetName=NetJ3_111 Pin=J4-52
Added Pin To Net: NetName=NetD95_1 Pin=J4-53
Added Pin To Net: NetName=NetD92_2 Pin=J4-54
Added Pin To Net: NetName=NetJ3_116 Pin=J4-55
Added Pin To Net: NetName=NetD93_2 Pin=J4-56
Added Pin To Net: NetName=NetD100_1 Pin=J4-57
Added Pin To Net: NetName=NetD96_2 Pin=J4-58
Added Pin To Net: NetName=NetJ3_120 Pin=J4-59
Added Pin To Net: NetName=NetD98_2 Pin=J4-60
Added Pin To Net: NetName=NetJ1_20 Pin=U1-B19
Added Pin To Net: NetName=NetJ1_19 Pin=U1-B20
Added Pin To Net: NetName=NetJ1_32 Pin=U1-B31
Added Pin To Net: NetName=NetJ1_31 Pin=U1-B32
Added Pin To Net: NetName=NetJ1_36 Pin=U1-B35
Added Pin To Net: NetName=NetJ1_35 Pin=U1-B36
Added Pin To Net: NetName=NetJ1_40 Pin=U1-B39
Added Pin To Net: NetName=NetJ1_39 Pin=U1-B40
Added Pin To Net: NetName=NetJ1_44 Pin=U1-B43
Added Pin To Net: NetName=NetJ1_43 Pin=U1-B44
Added Pin To Net: NetName=NetJ1_56 Pin=U1-B55
Added Pin To Net: NetName=NetJ1_55 Pin=U1-B56
Added Pin To Net: NetName=NetJ1_3 Pin=J1-3
Added Pin To Net: NetName=NetJ1_3 Pin=J3-4
Added Pin To Net: NetName=NetJ1_3 Pin=U1-B4
Added Net: Name=NetJ1_3
Added Pin To Net: NetName=NetJ1_7 Pin=J1-7
Added Pin To Net: NetName=NetJ1_7 Pin=J3-8
Added Pin To Net: NetName=NetJ1_7 Pin=U1-B8
Added Net: Name=NetJ1_7
Added Pin To Net: NetName=NetJ1_10 Pin=J1-10
Added Pin To Net: NetName=NetJ1_10 Pin=J3-9
Added Pin To Net: NetName=NetJ1_10 Pin=U1-B9
Added Net: Name=NetJ1_10
Added Pin To Net: NetName=NetJ1_11 Pin=J1-11
Added Pin To Net: NetName=NetJ1_11 Pin=J3-12
Added Pin To Net: NetName=NetJ1_11 Pin=U1-B12
Added Net: Name=NetJ1_11
Added Pin To Net: NetName=NetJ1_15 Pin=J1-15
Added Pin To Net: NetName=NetJ1_15 Pin=J3-16
Added Pin To Net: NetName=NetJ1_15 Pin=U1-B16
Added Net: Name=NetJ1_15
Added Pin To Net: NetName=NetJ1_23 Pin=J1-23
Added Pin To Net: NetName=NetJ1_23 Pin=J3-24
Added Pin To Net: NetName=NetJ1_23 Pin=U1-B24
Added Net: Name=NetJ1_23
Added Pin To Net: NetName=NetJ1_27 Pin=J1-27
Added Pin To Net: NetName=NetJ1_27 Pin=J3-28
Added Pin To Net: NetName=NetJ1_27 Pin=U1-B28
Added Net: Name=NetJ1_27
Added Pin To Net: NetName=NetJ1_30 Pin=J1-30
Added Pin To Net: NetName=NetJ1_30 Pin=J3-29
Added Pin To Net: NetName=NetJ1_30 Pin=U1-B29
Added Net: Name=NetJ1_30
Added Pin To Net: NetName=NetJ1_34 Pin=J1-34
Added Pin To Net: NetName=NetJ1_34 Pin=J3-33
Added Pin To Net: NetName=NetJ1_34 Pin=U1-B33
Added Net: Name=NetJ1_34
Added Pin To Net: NetName=NetJ1_38 Pin=J1-38
Added Pin To Net: NetName=NetJ1_38 Pin=J3-37
Added Pin To Net: NetName=NetJ1_38 Pin=U1-B37
Added Net: Name=NetJ1_38
Added Pin To Net: NetName=NetJ1_42 Pin=J1-42
Added Pin To Net: NetName=NetJ1_42 Pin=J3-41
Added Pin To Net: NetName=NetJ1_42 Pin=U1-B41
Added Net: Name=NetJ1_42
Added Pin To Net: NetName=NetJ1_46 Pin=J1-46
Added Pin To Net: NetName=NetJ1_46 Pin=J3-45
Added Pin To Net: NetName=NetJ1_46 Pin=U1-B45
Added Net: Name=NetJ1_46
Added Pin To Net: NetName=NetJ1_47 Pin=J1-47
Added Pin To Net: NetName=NetJ1_47 Pin=J3-48
Added Pin To Net: NetName=NetJ1_47 Pin=U1-B48
Added Net: Name=NetJ1_47
Added Pin To Net: NetName=NetJ1_50 Pin=J1-50
Added Pin To Net: NetName=NetJ1_50 Pin=J3-49
Added Pin To Net: NetName=NetJ1_50 Pin=U1-B49
Added Net: Name=NetJ1_50
Added Pin To Net: NetName=NetJ1_51 Pin=J1-51
Added Pin To Net: NetName=NetJ1_51 Pin=J3-52
Added Pin To Net: NetName=NetJ1_51 Pin=U1-B52
Added Net: Name=NetJ1_51
Added Pin To Net: NetName=NetJ1_54 Pin=J1-54
Added Pin To Net: NetName=NetJ1_54 Pin=J3-53
Added Pin To Net: NetName=NetJ1_54 Pin=U1-B53
Added Net: Name=NetJ1_54
Added Pin To Net: NetName=NetJ1_59 Pin=J1-59
Added Pin To Net: NetName=NetJ1_59 Pin=J3-60
Added Pin To Net: NetName=NetJ1_59 Pin=U1-B60
Added Net: Name=NetJ1_59
