Removed Pin From Net: NetName=A1OUT Pin=P1-1
Removed Pin From Net: NetName=A1OUT Pin=P1-1
Removed Pin From Net: NetName=VOD Pin=P1-2
Removed Pin From Net: NetName=AGND Pin=P1-5
Removed Pin From Net: NetName=VOG Pin=P1-6
Removed Pin From Net: NetName=A4OUT Pin=P1-7
Removed Pin From Net: NetName=AGND Pin=P1-9
Removed Pin From Net: NetName=S1Q4 Pin=P1-10
Removed Pin From Net: NetName=P1B Pin=P1-13
Removed Pin From Net: NetName=S2Q4 Pin=P1-14
Removed Pin From Net: NetName=RTDF(+) Pin=P1-16
Removed Pin From Net: NetName=P2A Pin=P1-17
Removed Pin From Net: NetName=HEATER(-) Pin=P1-18
Removed Pin From Net: NetName=HEATER(-) Pin=P1-20
Removed Pin From Net: NetName=P3B Pin=P1-21
Removed Pin From Net: NetName=HEATER(-) Pin=P1-22
Removed Pin From Net: NetName=HEATER(-) Pin=P1-24
Removed Pin From Net: NetName=TGA Pin=P1-25
Removed Pin From Net: NetName=RTDF(+) Pin=P1-26
Removed Pin From Net: NetName=HEATER(+) Pin=P1-28
Removed Pin From Net: NetName=S1Q1 Pin=P1-29
Removed Pin From Net: NetName=HEATER(+) Pin=P1-30
Removed Pin From Net: NetName=HEATER(+) Pin=P1-32
Removed Pin From Net: NetName=HEATER(+) Pin=P1-34
Removed Pin From Net: NetName=RTDF(-) Pin=P1-37
Removed Pin From Net: NetName=TGB Pin=P1-38
Removed Pin From Net: NetName=RTDF(-) Pin=P1-41
Removed Pin From Net: NetName=SG Pin=P1-42
Removed Pin From Net: NetName=AGND Pin=P1-43
Removed Pin From Net: NetName=AGND Pin=P1-44
Removed Pin From Net: NetName=P3A Pin=P1-45
Removed Pin From Net: NetName=P2B Pin=P1-46
Removed Pin From Net: NetName=AGND Pin=P1-47
Removed Pin From Net: NetName=AGND Pin=P1-48
Removed Pin From Net: NetName=NetP1_49 Pin=P1-49
Removed Pin From Net: NetName=S2Q2 Pin=P1-50
Removed Pin From Net: NetName=AGND Pin=P1-51
Removed Pin From Net: NetName=AGND Pin=P1-52
Removed Pin From Net: NetName=P1A Pin=P1-53
Removed Pin From Net: NetName=S3 Pin=P1-54
Removed Pin From Net: NetName=AGND Pin=P1-55
Removed Pin From Net: NetName=AGND Pin=P1-56
Removed Pin From Net: NetName=RG Pin=P1-57
Removed Pin From Net: NetName=S2Q3 Pin=P1-58
Removed Pin From Net: NetName=AGND Pin=P1-59
Removed Pin From Net: NetName=A3OUT Pin=P1-61
Removed Pin From Net: NetName=S1Q2 Pin=P1-62
Removed Pin From Net: NetName=AGND Pin=P1-63
Removed Pin From Net: NetName=AGND Pin=P1-64
Removed Pin From Net: NetName=S1Q3 Pin=P1-66
Removed Pin From Net: NetName=A2OUT Pin=P1-67
Removed Pin From Net: NetName=AGND Pin=P1-68
Change Component Footprint: Designator=P1 Old Footprint= New Footprint=FX11LA-68P
Change Component Comment : Designator=P1 Old Comment= New Comment=FX11LA-68P
Added Pin To Net: NetName=TGA Pin=P1-1
Added Pin To Net: NetName=S1Q3 Pin=P1-2
Added Pin To Net: NetName=S2Q3 Pin=P1-5
Added Pin To Net: NetName=S2Q4 Pin=P1-6
Added Pin To Net: NetName=AGND Pin=P1-7
Added Pin To Net: NetName=TGB Pin=P1-9
Added Pin To Net: NetName=SG Pin=P1-10
Added Pin To Net: NetName=S1Q4 Pin=P1-13
Added Pin To Net: NetName=P3B Pin=P1-14
Added Pin To Net: NetName=AGND Pin=P1-16
Added Pin To Net: NetName=P2B Pin=P1-17
Added Pin To Net: NetName=P3A Pin=P1-18
Added Pin To Net: NetName=AGND Pin=P1-20
Added Pin To Net: NetName=P1B Pin=P1-21
Added Pin To Net: NetName=P2A Pin=P1-22
Added Pin To Net: NetName=AGND Pin=P1-24
Added Pin To Net: NetName=S2Q2 Pin=P1-25
Added Pin To Net: NetName=P1A Pin=P1-26
Added Pin To Net: NetName=AGND Pin=P1-28
Added Pin To Net: NetName=S3 Pin=P1-29
Added Pin To Net: NetName=S1Q1 Pin=P1-30
Added Pin To Net: NetName=AGND Pin=P1-32
Added Pin To Net: NetName=S1Q2 Pin=P1-34
Added Pin To Net: NetName=RG Pin=P1-38
Added Pin To Net: NetName=AGND Pin=P1-41
Added Pin To Net: NetName=HEATER(-) Pin=P1-42
Added Pin To Net: NetName=A2OUT Pin=P1-43
Added Pin To Net: NetName=HEATER(-) Pin=P1-44
Added Pin To Net: NetName=AGND Pin=P1-45
Added Pin To Net: NetName=HEATER(-) Pin=P1-46
Added Pin To Net: NetName=NetP1_49 Pin=P1-47
Added Pin To Net: NetName=HEATER(-) Pin=P1-48
Added Pin To Net: NetName=AGND Pin=P1-49
Added Pin To Net: NetName=HEATER(+) Pin=P1-50
Added Pin To Net: NetName=A3OUT Pin=P1-51
Added Pin To Net: NetName=HEATER(+) Pin=P1-52
Added Pin To Net: NetName=AGND Pin=P1-53
Added Pin To Net: NetName=HEATER(+) Pin=P1-54
Added Pin To Net: NetName=VOG Pin=P1-55
Added Pin To Net: NetName=HEATER(+) Pin=P1-56
Added Pin To Net: NetName=AGND Pin=P1-57
Added Pin To Net: NetName=AGND Pin=P1-58
Added Pin To Net: NetName=A4OUT Pin=P1-59
Added Pin To Net: NetName=AGND Pin=P1-61
Added Pin To Net: NetName=RTDF(+) Pin=P1-62
Added Pin To Net: NetName=VOD Pin=P1-63
Added Pin To Net: NetName=RTDF(+) Pin=P1-64
Added Pin To Net: NetName=RTDF(-) Pin=P1-66
Added Pin To Net: NetName=A1OUT Pin=P1-67
Added Pin To Net: NetName=RTDF(-) Pin=P1-68
Change Net Name : Old Net Name=NetP1_49 New Net Name=NetP1_47
