Change Value of Parameter COST in Part J2 Old= New=n/a
Change Value of Parameter Manufacturer in Part J2 Old= New=Detoronics Corp
Change Value of Parameter Manuf p/n in Part J2 Old= New=DFC07H-20-41PN
Change Value of Parameter Vendor in Part J2 Old= New=Detoronics Corp
Change Value of Parameter Vendor p/n in Part J2 Old= New=DFC07H-20-41PN
Change Value of Parameter COST in Part J2 Old= New=n/a
Change Value of Parameter Manufacturer in Part J2 Old= New=Detoronics Corp
Change Value of Parameter Manuf p/n in Part J2 Old= New=DFC07H-20-41PN
Change Value of Parameter Vendor in Part J2 Old= New=Detoronics Corp
Change Value of Parameter Vendor p/n in Part J2 Old= New=DFC07H-20-41PN
Change Value of Parameter COST in Part J2 Old= New=n/a
Change Value of Parameter Manufacturer in Part J2 Old= New=Detoronics Corp
Change Value of Parameter Manuf p/n in Part J2 Old= New=DFC07H-20-41PN
Change Value of Parameter Vendor in Part J2 Old= New=Detoronics Corp
Change Value of Parameter Vendor p/n in Part J2 Old= New=DFC07H-20-41PN
Change Value of Parameter COST in Part J2 Old= New=n/a
Change Value of Parameter Manufacturer in Part J2 Old= New=Detoronics Corp
Change Value of Parameter Manuf p/n in Part J2 Old= New=DFC07H-20-41PN
Change Value of Parameter Vendor in Part J2 Old= New=Detoronics Corp
Change Value of Parameter Vendor p/n in Part J2 Old= New=DFC07H-20-41PN
