Removed Pin From Net: NetName=S2Q3 Pin=J2-aa
Removed Pin From Net: NetName=HEATER(+) Pin=J2-A
Removed Pin From Net: NetName=S3 Pin=J2-bb
Removed Pin From Net: NetName=P2B Pin=J2-B
Removed Pin From Net: NetName=S1Q2 Pin=J2-cc
Removed Pin From Net: NetName=A3OUT Pin=J2-C
Removed Pin From Net: NetName=RTDF(-) Pin=J2-dd
Removed Pin From Net: NetName=COLDBLK(+) Pin=J2-D
Removed Pin From Net: NetName=S2Q1 Pin=J2-ee
Removed Pin From Net: NetName=COLDBLK(-) Pin=J2-E
Removed Pin From Net: NetName=TGA Pin=J2-ff
Removed Pin From Net: NetName=A2OUT Pin=J2-F
Removed Pin From Net: NetName=RTD_CB(-) Pin=J2-G
Removed Pin From Net: NetName=P2A Pin=J2-gg
Removed Pin From Net: NetName=RTD_CB(+) Pin=J2-H
Removed Pin From Net: NetName=P1B Pin=J2-hh
Removed Pin From Net: NetName=P3B Pin=J2-ii
Removed Pin From Net: NetName=S1Q3 Pin=J2-J
Removed Pin From Net: NetName=VOD Pin=J2-jj
Removed Pin From Net: NetName=RG Pin=J2-K
Removed Pin From Net: NetName=TGB Pin=J2-kk
Removed Pin From Net: NetName=SG Pin=J2-L
Removed Pin From Net: NetName=S1Q1 Pin=J2-M
Removed Pin From Net: NetName=P3A Pin=J2-mm
Removed Pin From Net: NetName=RTDS(+) Pin=J2-N
Removed Pin From Net: NetName=P1A Pin=J2-nn
Removed Pin From Net: NetName=RTDS(-) Pin=J2-P
Removed Pin From Net: NetName=S1Q4 Pin=J2-R
Removed Pin From Net: NetName=S2Q4 Pin=J2-S
Removed Pin From Net: NetName=A1OUT Pin=J2-T
Removed Pin From Net: NetName=RTDF(+) Pin=J2-U
Removed Pin From Net: NetName=A4OUT Pin=J2-V
Removed Pin From Net: NetName=HEATER(-) Pin=J2-W
Removed Pin From Net: NetName=VOG Pin=J2-X
Removed Pin From Net: NetName=VRD Pin=J2-Y
Removed Pin From Net: NetName=S2Q2 Pin=J2-Z
Change Class Name : Old Net Name=Flex_Circuit New Net Name=780-00034 rev2 Flex Circuit, Sinistro
Added Room: Name=780-00034 rev2 Flex Circuit, Sinistro
