Added Parameter Arena Prefix=120 to Part C5
Added Parameter Arena Prefix=120 to Part C6
Added Parameter Arena Prefix=120 to Part C8
Added Parameter Arena Prefix=120 to Part C37
Added Parameter Arena Prefix=125 to Part TP4
Added Parameter Arena Prefix=140 to Part D1
Added Parameter Arena Prefix=140 to Part D2
Added Parameter Arena Prefix=150 to Part U4
Added Parameter Arena Prefix=150 to Part U5
Added Parameter Arena Prefix=150 to Part U6
Added Parameter Arena Prefix=150 to Part U7
Added Parameter Arena Prefix=155 to Part L3
Added Parameter Arena Prefix=155 to Part L4
Added Parameter Arena Prefix=180 to Part R3
Added Parameter Arena Prefix=180 to Part R4
Added Parameter Arena Prefix=180 to Part R5
Added Parameter Arena Prefix=180 to Part R6
Added Parameter Arena Type=Capacitor to Part C5
Added Parameter Arena Type=Capacitor to Part C6
Added Parameter Arena Type=Capacitor to Part C8
Added Parameter Arena Type=Capacitor to Part C37
Added Parameter Arena Type=Connector to Part TP4
Added Parameter Arena Type=Diode to Part D1
Added Parameter Arena Type=Diode to Part D2
Added Parameter Arena Type=IC to Part U4
Added Parameter Arena Type=IC to Part U5
Added Parameter Arena Type=IC to Part U6
Added Parameter Arena Type=IC to Part U7
Added Parameter Arena Type=Inductor to Part L3
Added Parameter Arena Type=Inductor to Part L4
Added Parameter Arena Type=Resistor to Part R3
Added Parameter Arena Type=Resistor to Part R4
Added Parameter Arena Type=Resistor to Part R5
Added Parameter Arena Type=Resistor to Part R6
