Added Parameter Arena Prefix=120 to Part C22
Added Parameter Arena Prefix=120 to Part C25
Added Parameter Arena Prefix=120 to Part C27
Added Parameter Arena Prefix=120 to Part C28
Added Parameter Arena Prefix=120 to Part C29
Added Parameter Arena Prefix=120 to Part C30
Added Parameter Arena Prefix=120 to Part C38
Added Parameter Arena Prefix=120 to Part C39
Added Parameter Arena Prefix=120 to Part C40
Added Parameter Arena Prefix=120 to Part C41
Added Parameter Arena Prefix=120 to Part C42
Added Parameter Arena Prefix=120 to Part C43
Added Parameter Arena Prefix=125 to Part TP5
Added Parameter Arena Prefix=125 to Part TP6
Added Parameter Arena Prefix=125 to Part TP7
Added Parameter Arena Prefix=125 to Part TP8
Added Parameter Arena Prefix=125 to Part TP9
Added Parameter Arena Prefix=125 to Part TP10
Added Parameter Arena Prefix=150 to Part U11
Added Parameter Arena Prefix=150 to Part U11
Added Parameter Arena Prefix=150 to Part U12
Added Parameter Arena Prefix=150 to Part U12
Added Parameter Arena Prefix=150 to Part U14
Added Parameter Arena Prefix=150 to Part U14
Added Parameter Arena Prefix=150 to Part U15
Added Parameter Arena Prefix=150 to Part U17
Added Parameter Arena Prefix=150 to Part U17
Added Parameter Arena Prefix=150 to Part U17
Added Parameter Arena Prefix=150 to Part U17
Added Parameter Arena Prefix=150 to Part U17
Added Parameter Arena Prefix=150 to Part U18
Added Parameter Arena Prefix=150 to Part U18
Added Parameter Arena Prefix=180 to Part R15
Added Parameter Arena Prefix=180 to Part R16
Added Parameter Arena Prefix=180 to Part R18
Added Parameter Arena Prefix=180 to Part R19
Added Parameter Arena Prefix=180 to Part R21
Added Parameter Arena Prefix=180 to Part R22
Added Parameter Arena Prefix=180 to Part R24
Added Parameter Arena Prefix=180 to Part R25
Added Parameter Arena Prefix=180 to Part R27
Added Parameter Arena Prefix=180 to Part R28
Added Parameter Arena Prefix=180 to Part R29
Added Parameter Arena Prefix=180 to Part R30
Added Parameter Arena Prefix=180 to Part R31
Added Parameter Arena Prefix=180 to Part R32
Added Parameter Arena Prefix=180 to Part R33
Added Parameter Arena Prefix=180 to Part R34
Added Parameter Arena Prefix=180 to Part R35
Added Parameter Arena Prefix=180 to Part R36
Added Parameter Arena Prefix=180 to Part R37
Added Parameter Arena Prefix=180 to Part R38
Added Parameter Arena Prefix=180 to Part R39
Added Parameter Arena Prefix=180 to Part R40
Added Parameter Arena Prefix=180 to Part R41
Added Parameter Arena Prefix=180 to Part R42
Added Parameter Arena Prefix=180 to Part R43
Added Parameter Arena Prefix=180 to Part R44
Added Parameter Arena Prefix=180 to Part R45
Added Parameter Arena Prefix=180 to Part R46
Added Parameter Arena Prefix=180 to Part R47
Added Parameter Arena Prefix=195 to Part Q3
Added Parameter Arena Prefix=195 to Part Q4
Added Parameter Arena Prefix=195 to Part Q5
Added Parameter Arena Type=Capacitor to Part C22
Added Parameter Arena Type=Capacitor to Part C25
Added Parameter Arena Type=Capacitor to Part C27
Added Parameter Arena Type=Capacitor to Part C28
Added Parameter Arena Type=Capacitor to Part C29
Added Parameter Arena Type=Capacitor to Part C30
Added Parameter Arena Type=Capacitor to Part C38
Added Parameter Arena Type=Capacitor to Part C39
Added Parameter Arena Type=Capacitor to Part C40
Added Parameter Arena Type=Capacitor to Part C41
Added Parameter Arena Type=Capacitor to Part C42
Added Parameter Arena Type=Capacitor to Part C43
Added Parameter Arena Type=Connector to Part TP5
Added Parameter Arena Type=Connector to Part TP6
Added Parameter Arena Type=Connector to Part TP7
Added Parameter Arena Type=Connector to Part TP8
Added Parameter Arena Type=Connector to Part TP9
Added Parameter Arena Type=Connector to Part TP10
Added Parameter Arena Type=IC to Part U11
Added Parameter Arena Type=IC to Part U11
Added Parameter Arena Type=IC to Part U12
Added Parameter Arena Type=IC to Part U12
Added Parameter Arena Type=IC to Part U14
Added Parameter Arena Type=IC to Part U14
Added Parameter Arena Type=IC to Part U15
Added Parameter Arena Type=IC to Part U17
Added Parameter Arena Type=IC to Part U17
Added Parameter Arena Type=IC to Part U17
Added Parameter Arena Type=IC to Part U17
Added Parameter Arena Type=IC to Part U17
Added Parameter Arena Type=IC to Part U18
Added Parameter Arena Type=IC to Part U18
Added Parameter Arena Type=Resistor to Part R15
Added Parameter Arena Type=Resistor to Part R16
Added Parameter Arena Type=Resistor to Part R18
Added Parameter Arena Type=Resistor to Part R19
Added Parameter Arena Type=Resistor to Part R21
Added Parameter Arena Type=Resistor to Part R22
Added Parameter Arena Type=Resistor to Part R24
Added Parameter Arena Type=Resistor to Part R25
Added Parameter Arena Type=Resistor to Part R27
Added Parameter Arena Type=Resistor to Part R28
Added Parameter Arena Type=Resistor to Part R29
Added Parameter Arena Type=Resistor to Part R30
Added Parameter Arena Type=Resistor to Part R31
Added Parameter Arena Type=Resistor to Part R32
Added Parameter Arena Type=Resistor to Part R33
Added Parameter Arena Type=Resistor to Part R34
Added Parameter Arena Type=Resistor to Part R35
Added Parameter Arena Type=Resistor to Part R36
Added Parameter Arena Type=Resistor to Part R37
Added Parameter Arena Type=Resistor to Part R38
Added Parameter Arena Type=Resistor to Part R39
Added Parameter Arena Type=Resistor to Part R40
Added Parameter Arena Type=Resistor to Part R41
Added Parameter Arena Type=Resistor to Part R42
Added Parameter Arena Type=Resistor to Part R43
Added Parameter Arena Type=Resistor to Part R44
Added Parameter Arena Type=Resistor to Part R45
Added Parameter Arena Type=Resistor to Part R46
Added Parameter Arena Type=Resistor to Part R47
Added Parameter Arena Type=Transistor to Part Q3
Added Parameter Arena Type=Transistor to Part Q4
Added Parameter Arena Type=Transistor to Part Q5
