Added Parameter Arena Prefix=120 to Part C1
Added Parameter Arena Prefix=120 to Part C2
Added Parameter Arena Prefix=120 to Part C3
Added Parameter Arena Prefix=120 to Part C4
Added Parameter Arena Prefix=125 to Part TP3
Added Parameter Arena Prefix=150 to Part U1
Added Parameter Arena Prefix=150 to Part U2
Added Parameter Arena Prefix=150 to Part U3
Added Parameter Arena Prefix=155 to Part L1
Added Parameter Arena Prefix=155 to Part L2
Added Parameter Arena Prefix=180 to Part R1
Added Parameter Arena Prefix=180 to Part R2
Added Parameter Arena Type=Capacitor to Part C1
Added Parameter Arena Type=Capacitor to Part C2
Added Parameter Arena Type=Capacitor to Part C3
Added Parameter Arena Type=Capacitor to Part C4
Added Parameter Arena Type=Connector to Part TP3
Added Parameter Arena Type=IC to Part U1
Added Parameter Arena Type=IC to Part U2
Added Parameter Arena Type=IC to Part U3
Added Parameter Arena Type=Inductor to Part L1
Added Parameter Arena Type=Inductor to Part L2
Added Parameter Arena Type=Resistor to Part R1
Added Parameter Arena Type=Resistor to Part R2
