Removed Parameter Note:Each set of VCCIO pins can be connected to 3.3V, 2.5V, 1.8V, or 1.5V. from Part U9
Removed Parameter Note:Each set of VCCIO pins can be connected to 3.3V, 2.5V, 1.8V, or 1.5V. from Part U9
Removed Parameter Note:Each set of VCCIO pins can be connected to 3.3V, 2.5V, 1.8V, or 1.5V. from Part U9
Removed Parameter Note:Each set of VCCIO pins can be connected to 3.3V, 2.5V, 1.8V, or 1.5V. from Part U9
Removed Parameter Note:Each set of VCCIO pins can be connected to 3.3V, 2.5V, 1.8V, or 1.5V. from Part U9
Added Parameter Arena Prefix=120 to Part C7
Added Parameter Arena Prefix=120 to Part C12
Added Parameter Arena Prefix=120 to Part C16
Added Parameter Arena Prefix=120 to Part C17
Added Parameter Arena Prefix=120 to Part C18
Added Parameter Arena Prefix=120 to Part C19
Added Parameter Arena Prefix=120 to Part C20
Added Parameter Arena Prefix=120 to Part C21
Added Parameter Arena Prefix=120 to Part C23
Added Parameter Arena Prefix=120 to Part C24
Added Parameter Arena Prefix=120 to Part C26
Added Parameter Arena Prefix=120 to Part C31
Added Parameter Arena Prefix=120 to Part C32
Added Parameter Arena Prefix=120 to Part C53
Added Parameter Arena Prefix=120 to Part C54
Added Parameter Arena Prefix=120 to Part C55
Added Parameter Arena Prefix=120 to Part C56
Added Parameter Arena Prefix=120 to Part C57
Added Parameter Arena Prefix=120 to Part C58
Added Parameter Arena Prefix=120 to Part C59
Added Parameter Arena Prefix=123 to Part P1
Added Parameter Arena Prefix=123 to Part P2
Added Parameter Arena Prefix=125 to Part J1
Added Parameter Arena Prefix=125 to Part J1
Added Parameter Arena Prefix=125 to Part J1
Added Parameter Arena Prefix=125 to Part J1
Added Parameter Arena Prefix=125 to Part J1
Added Parameter Arena Prefix=125 to Part TP11
Added Parameter Arena Prefix=125 to Part TP12
Added Parameter Arena Prefix=125 to Part TP13
Added Parameter Arena Prefix=125 to Part TP14
Added Parameter Arena Prefix=125 to Part TP15
Added Parameter Arena Prefix=125 to Part TP16
Added Parameter Arena Prefix=125 to Part TP17
Added Parameter Arena Prefix=125 to Part TP18
Added Parameter Arena Prefix=125 to Part TP19
Added Parameter Arena Prefix=125 to Part TP20
Added Parameter Arena Prefix=125 to Part TP21
Added Parameter Arena Prefix=150 to Part U9
Added Parameter Arena Prefix=150 to Part U9
Added Parameter Arena Prefix=150 to Part U9
Added Parameter Arena Prefix=150 to Part U9
Added Parameter Arena Prefix=150 to Part U9
Added Parameter Arena Prefix=150 to Part U10
Added Parameter Arena Prefix=150 to Part U19
Added Parameter Arena Prefix=155 to Part L5
Added Parameter Arena Prefix=180 to Part R11
Added Parameter Arena Prefix=180 to Part RN1
Added Parameter Arena Prefix=195 to Part Q6
Added Parameter Arena Type=Capacitor to Part C7
Added Parameter Arena Type=Capacitor to Part C12
Added Parameter Arena Type=Capacitor to Part C16
Added Parameter Arena Type=Capacitor to Part C17
Added Parameter Arena Type=Capacitor to Part C18
Added Parameter Arena Type=Capacitor to Part C19
Added Parameter Arena Type=Capacitor to Part C20
Added Parameter Arena Type=Capacitor to Part C21
Added Parameter Arena Type=Capacitor to Part C23
Added Parameter Arena Type=Capacitor to Part C24
Added Parameter Arena Type=Capacitor to Part C26
Added Parameter Arena Type=Capacitor to Part C31
Added Parameter Arena Type=Capacitor to Part C32
Added Parameter Arena Type=Capacitor to Part C53
Added Parameter Arena Type=Capacitor to Part C54
Added Parameter Arena Type=Capacitor to Part C55
Added Parameter Arena Type=Capacitor to Part C56
Added Parameter Arena Type=Capacitor to Part C57
Added Parameter Arena Type=Capacitor to Part C58
Added Parameter Arena Type=Capacitor to Part C59
Added Parameter Arena Type=Connector to Part J1
Added Parameter Arena Type=Connector to Part J1
Added Parameter Arena Type=Connector to Part J1
Added Parameter Arena Type=Connector to Part J1
Added Parameter Arena Type=Connector to Part J1
Added Parameter Arena Type=Connector to Part P1
Added Parameter Arena Type=Connector to Part P2
Added Parameter Arena Type=Connector to Part TP11
Added Parameter Arena Type=Connector to Part TP12
Added Parameter Arena Type=Connector to Part TP13
Added Parameter Arena Type=Connector to Part TP14
Added Parameter Arena Type=Connector to Part TP15
Added Parameter Arena Type=Connector to Part TP16
Added Parameter Arena Type=Connector to Part TP17
Added Parameter Arena Type=Connector to Part TP18
Added Parameter Arena Type=Connector to Part TP19
Added Parameter Arena Type=Connector to Part TP20
Added Parameter Arena Type=Connector to Part TP21
Added Parameter Arena Type=IC to Part U9
Added Parameter Arena Type=IC to Part U9
Added Parameter Arena Type=IC to Part U9
Added Parameter Arena Type=IC to Part U9
Added Parameter Arena Type=IC to Part U9
Added Parameter Arena Type=IC to Part U10
Added Parameter Arena Type=IC to Part U19
Added Parameter Arena Type=Inductor to Part L5
Added Parameter Arena Type=Resistor to Part R11
Added Parameter Arena Type=Resistor to Part RN1
Added Parameter Arena Type=Transistor to Part Q6
