Removed Pin From Net: NetName=PH_CLK16 Pin=R3A-1
Removed Pin From Net: NetName=PH_CLK18 Pin=R3B-1
Removed Pin From Net: NetName=PH_CLK20 Pin=R3C-1
Removed Pin From Net: NetName=PH_CLK22 Pin=R3D-1
Removed Pin From Net: NetName=PH_CLK17 Pin=R6A-1
Removed Pin From Net: NetName=PH_CLK19 Pin=R6B-1
Removed Pin From Net: NetName=PH_CLK21 Pin=R6C-1
Removed Pin From Net: NetName=PH_CLK23 Pin=R6D-1
Removed Pin From Net: NetName=A Pin=U5A-3
Removed Pin From Net: NetName=NetC37A_2 Pin=U5A-5
Removed Pin From Net: NetName=VREFLO5 Pin=U5A-8
Removed Pin From Net: NetName=A Pin=U5B-3
Removed Pin From Net: NetName=NetC37B_2 Pin=U5B-5
Removed Pin From Net: NetName=VREFLO5 Pin=U5B-8
Removed Pin From Net: NetName=A Pin=U5C-3
Removed Pin From Net: NetName=NetC37C_2 Pin=U5C-5
Removed Pin From Net: NetName=VREFLO6 Pin=U5C-8
Removed Pin From Net: NetName=A Pin=U5D-3
Removed Pin From Net: NetName=NetC37D_2 Pin=U5D-5
Removed Pin From Net: NetName=VREFLO6 Pin=U5D-8
Removed Pin From Net: NetName=NetC37A_2 Pin=U7A-5
Removed Pin From Net: NetName=VREFLO5 Pin=U7A-8
Removed Pin From Net: NetName=NetC37B_2 Pin=U7B-5
Removed Pin From Net: NetName=VREFLO5 Pin=U7B-8
Removed Pin From Net: NetName=NetC37C_2 Pin=U7C-5
Removed Pin From Net: NetName=VREFLO6 Pin=U7C-8
Removed Pin From Net: NetName=NetC37D_2 Pin=U7D-5
Removed Pin From Net: NetName=VREFLO6 Pin=U7D-8
Added Pin To Net: NetName=PH_CLK17 Pin=R3A-1
Added Pin To Net: NetName=PH_CLK19 Pin=R3B-1
Added Pin To Net: NetName=PH_CLK21 Pin=R3C-1
Added Pin To Net: NetName=PH_CLK23 Pin=R3D-1
Added Pin To Net: NetName=PH_CLK16 Pin=R6A-1
Added Pin To Net: NetName=PH_CLK18 Pin=R6B-1
Added Pin To Net: NetName=PH_CLK20 Pin=R6C-1
Added Pin To Net: NetName=PH_CLK22 Pin=R6D-1
Added Pin To Net: NetName=VREFLO5 Pin=U5A-5
Added Pin To Net: NetName=NetC37A_2 Pin=U5A-8
Added Pin To Net: NetName=VREFLO5 Pin=U5B-5
Added Pin To Net: NetName=NetC37B_2 Pin=U5B-8
Added Pin To Net: NetName=VREFLO6 Pin=U5C-5
Added Pin To Net: NetName=NetC37C_2 Pin=U5C-8
Added Pin To Net: NetName=VREFLO6 Pin=U5D-5
Added Pin To Net: NetName=NetC37D_2 Pin=U5D-8
Added Pin To Net: NetName=VREFLO5 Pin=U7A-5
Added Pin To Net: NetName=NetC37A_2 Pin=U7A-8
Added Pin To Net: NetName=VREFLO5 Pin=U7B-5
Added Pin To Net: NetName=NetC37B_2 Pin=U7B-8
Added Pin To Net: NetName=VREFLO6 Pin=U7C-5
Added Pin To Net: NetName=NetC37C_2 Pin=U7C-8
Added Pin To Net: NetName=VREFLO6 Pin=U7D-5
Added Pin To Net: NetName=NetC37D_2 Pin=U7D-8
