Added Parameter Arena Prefix=120 to Part C9
Added Parameter Arena Prefix=120 to Part C10
Added Parameter Arena Prefix=120 to Part C11
Added Parameter Arena Prefix=120 to Part C13
Added Parameter Arena Prefix=120 to Part C14
Added Parameter Arena Prefix=120 to Part C15
Added Parameter Arena Prefix=125 to Part TP1
Added Parameter Arena Prefix=125 to Part TP2
Added Parameter Arena Prefix=150 to Part U8
Added Parameter Arena Prefix=150 to Part U8
Added Parameter Arena Prefix=180 to Part R7
Added Parameter Arena Prefix=180 to Part R8
Added Parameter Arena Prefix=180 to Part R9
Added Parameter Arena Prefix=180 to Part R10
Added Parameter Arena Prefix=180 to Part R12
Added Parameter Arena Prefix=180 to Part R13
Added Parameter Arena Prefix=180 to Part R14
Added Parameter Arena Prefix=180 to Part R17
Added Parameter Arena Prefix=180 to Part R20
Added Parameter Arena Prefix=180 to Part R23
Added Parameter Arena Prefix=195 to Part Q1
Added Parameter Arena Prefix=195 to Part Q2
Added Parameter Arena Type=Capacitor to Part C9
Added Parameter Arena Type=Capacitor to Part C10
Added Parameter Arena Type=Capacitor to Part C11
Added Parameter Arena Type=Capacitor to Part C13
Added Parameter Arena Type=Capacitor to Part C14
Added Parameter Arena Type=Capacitor to Part C15
Added Parameter Arena Type=Connector to Part TP1
Added Parameter Arena Type=Connector to Part TP2
Added Parameter Arena Type=IC to Part U8
Added Parameter Arena Type=IC to Part U8
Added Parameter Arena Type=Resistor to Part R7
Added Parameter Arena Type=Resistor to Part R8
Added Parameter Arena Type=Resistor to Part R9
Added Parameter Arena Type=Resistor to Part R10
Added Parameter Arena Type=Resistor to Part R12
Added Parameter Arena Type=Resistor to Part R13
Added Parameter Arena Type=Resistor to Part R14
Added Parameter Arena Type=Resistor to Part R17
Added Parameter Arena Type=Resistor to Part R20
Added Parameter Arena Type=Resistor to Part R23
Added Parameter Arena Type=Transistor to Part Q1
Added Parameter Arena Type=Transistor to Part Q2
