Change Value of Parameter COST in Part C1 Old= New=0.09
Change Value of Parameter LCO p/n in Part C1 Old= New=120-00002
Change Value of Parameter Manufacturer in Part C1 Old= New=AVX
Change Value of Parameter Manuf p/n in Part C1 Old= New=08055C104KAT2A
Change Value of Parameter Vendor in Part C1 Old= New=DigiKey
Change Value of Parameter Vendor Mult. in Part C1 Old= New=10
Change Value of Parameter Vendor p/n in Part C1 Old= New=478-1395-1-ND
Change Value of Parameter COST in Part C3 Old= New=0.09
Change Value of Parameter LCO p/n in Part C3 Old= New=120-00002
Change Value of Parameter Manufacturer in Part C3 Old= New=AVX
Change Value of Parameter Manuf p/n in Part C3 Old= New=08055C104KAT2A
Change Value of Parameter Vendor in Part C3 Old= New=DigiKey
Change Value of Parameter Vendor Mult. in Part C3 Old= New=10
Change Value of Parameter Vendor p/n in Part C3 Old= New=478-1395-1-ND
Change Value of Parameter COST in Part C5 Old= New=0.09
Change Value of Parameter LCO p/n in Part C5 Old= New=120-00002
Change Value of Parameter Manufacturer in Part C5 Old= New=AVX
Change Value of Parameter Manuf p/n in Part C5 Old= New=08055C104KAT2A
Change Value of Parameter Vendor in Part C5 Old= New=DigiKey
Change Value of Parameter Vendor Mult. in Part C5 Old= New=10
Change Value of Parameter Vendor p/n in Part C5 Old= New=478-1395-1-ND
Change Value of Parameter COST in Part C6 Old= New=0.09
Change Value of Parameter LCO p/n in Part C6 Old= New=120-00002
Change Value of Parameter Manufacturer in Part C6 Old= New=AVX
Change Value of Parameter Manuf p/n in Part C6 Old= New=08055C104KAT2A
Change Value of Parameter Vendor in Part C6 Old= New=DigiKey
Change Value of Parameter Vendor Mult. in Part C6 Old= New=10
Change Value of Parameter Vendor p/n in Part C6 Old= New=478-1395-1-ND
Change Value of Parameter COST in Part C7 Old= New=0.09
Change Value of Parameter LCO p/n in Part C7 Old= New=120-00002
Change Value of Parameter Manufacturer in Part C7 Old= New=AVX
Change Value of Parameter Manuf p/n in Part C7 Old= New=08055C104KAT2A
Change Value of Parameter Vendor in Part C7 Old= New=DigiKey
Change Value of Parameter Vendor Mult. in Part C7 Old= New=10
Change Value of Parameter Vendor p/n in Part C7 Old= New=478-1395-1-ND
Change Value of Parameter COST in Part C9 Old= New=0.09
Change Value of Parameter LCO p/n in Part C9 Old= New=120-00002
Change Value of Parameter Manufacturer in Part C9 Old= New=AVX
Change Value of Parameter Manuf p/n in Part C9 Old= New=08055C104KAT2A
Change Value of Parameter Vendor in Part C9 Old= New=DigiKey
Change Value of Parameter Vendor Mult. in Part C9 Old= New=10
Change Value of Parameter Vendor p/n in Part C9 Old= New=478-1395-1-ND
Change Value of Parameter COST in Part C11 Old= New=0.09
Change Value of Parameter LCO p/n in Part C11 Old= New=120-00002
Change Value of Parameter Manufacturer in Part C11 Old= New=AVX
Change Value of Parameter Manuf p/n in Part C11 Old= New=08055C104KAT2A
Change Value of Parameter Vendor in Part C11 Old= New=DigiKey
Change Value of Parameter Vendor Mult. in Part C11 Old= New=10
Change Value of Parameter Vendor p/n in Part C11 Old= New=478-1395-1-ND
Change Value of Parameter COST in Part C13 Old= New=0.09
Change Value of Parameter LCO p/n in Part C13 Old= New=120-00002
Change Value of Parameter Manufacturer in Part C13 Old= New=AVX
Change Value of Parameter Manuf p/n in Part C13 Old= New=08055C104KAT2A
Change Value of Parameter Vendor in Part C13 Old= New=DigiKey
Change Value of Parameter Vendor Mult. in Part C13 Old= New=10
Change Value of Parameter Vendor p/n in Part C13 Old= New=478-1395-1-ND
Change Value of Parameter COST in Part C15 Old= New=0.09
Change Value of Parameter LCO p/n in Part C15 Old= New=120-00002
Change Value of Parameter Manufacturer in Part C15 Old= New=AVX
Change Value of Parameter Manuf p/n in Part C15 Old= New=08055C104KAT2A
Change Value of Parameter Vendor in Part C15 Old= New=DigiKey
Change Value of Parameter Vendor Mult. in Part C15 Old= New=10
Change Value of Parameter Vendor p/n in Part C15 Old= New=478-1395-1-ND
Change Value of Parameter COST in Part C16 Old= New=0.09
Change Value of Parameter LCO p/n in Part C16 Old= New=120-00002
Change Value of Parameter Manufacturer in Part C16 Old= New=AVX
Change Value of Parameter Manuf p/n in Part C16 Old= New=08055C104KAT2A
Change Value of Parameter Vendor in Part C16 Old= New=DigiKey
Change Value of Parameter Vendor Mult. in Part C16 Old= New=10
Change Value of Parameter Vendor p/n in Part C16 Old= New=478-1395-1-ND
Change Value of Parameter COST in Part C17 Old= New=0.09
Change Value of Parameter LCO p/n in Part C17 Old= New=120-00002
Change Value of Parameter Manufacturer in Part C17 Old= New=AVX
Change Value of Parameter Manuf p/n in Part C17 Old= New=08055C104KAT2A
Change Value of Parameter Vendor in Part C17 Old= New=DigiKey
Change Value of Parameter Vendor Mult. in Part C17 Old= New=10
Change Value of Parameter Vendor p/n in Part C17 Old= New=478-1395-1-ND
Change Value of Parameter COST in Part C22 Old= New=0.09
Change Value of Parameter LCO p/n in Part C22 Old= New=120-00002
Change Value of Parameter Manufacturer in Part C22 Old= New=AVX
Change Value of Parameter Manuf p/n in Part C22 Old= New=08055C104KAT2A
Change Value of Parameter Vendor in Part C22 Old= New=DigiKey
Change Value of Parameter Vendor Mult. in Part C22 Old= New=10
Change Value of Parameter Vendor p/n in Part C22 Old= New=478-1395-1-ND
Change Value of Parameter COST in Part TP3 Old= New=0.32
Change Value of Parameter LCO p/n in Part TP3 Old= New=160-00001
Change Value of Parameter Manufacturer in Part TP3 Old= New=Keystone
Change Value of Parameter Manuf p/n in Part TP3 Old= New=5015
Change Value of Parameter Vendor in Part TP3 Old= New=DigiKey
Change Value of Parameter Vendor Mult. in Part TP3 Old= New=1
Change Value of Parameter Vendor p/n in Part TP3 Old= New=5015KCT-ND
Change Value of Parameter COST in Part TP4 Old= New=0.32
Change Value of Parameter LCO p/n in Part TP4 Old= New=160-00001
Change Value of Parameter Manufacturer in Part TP4 Old= New=Keystone
Change Value of Parameter Manuf p/n in Part TP4 Old= New=5015
Change Value of Parameter Vendor in Part TP4 Old= New=DigiKey
Change Value of Parameter Vendor Mult. in Part TP4 Old= New=1
Change Value of Parameter Vendor p/n in Part TP4 Old= New=5015KCT-ND
Change Value of Parameter COST in Part TP5 Old= New=0.32
Change Value of Parameter LCO p/n in Part TP5 Old= New=160-00001
Change Value of Parameter Manufacturer in Part TP5 Old= New=Keystone
Change Value of Parameter Manuf p/n in Part TP5 Old= New=5015
Change Value of Parameter Vendor in Part TP5 Old= New=DigiKey
Change Value of Parameter Vendor Mult. in Part TP5 Old= New=1
Change Value of Parameter Vendor p/n in Part TP5 Old= New=5015KCT-ND
Change Value of Parameter COST in Part TP6 Old= New=0.32
Change Value of Parameter LCO p/n in Part TP6 Old= New=160-00001
Change Value of Parameter Manufacturer in Part TP6 Old= New=Keystone
Change Value of Parameter Manuf p/n in Part TP6 Old= New=5015
Change Value of Parameter Vendor in Part TP6 Old= New=DigiKey
Change Value of Parameter Vendor Mult. in Part TP6 Old= New=1
Change Value of Parameter Vendor p/n in Part TP6 Old= New=5015KCT-ND
Change Value of Parameter COST in Part TP7 Old= New=0.32
Change Value of Parameter LCO p/n in Part TP7 Old= New=160-00001
Change Value of Parameter Manufacturer in Part TP7 Old= New=Keystone
Change Value of Parameter Manuf p/n in Part TP7 Old= New=5015
Change Value of Parameter Vendor in Part TP7 Old= New=DigiKey
Change Value of Parameter Vendor Mult. in Part TP7 Old= New=1
Change Value of Parameter Vendor p/n in Part TP7 Old= New=5015KCT-ND
Change Value of Parameter COST in Part TP8 Old= New=0.32
Change Value of Parameter LCO p/n in Part TP8 Old= New=160-00001
Change Value of Parameter Manufacturer in Part TP8 Old= New=Keystone
Change Value of Parameter Manuf p/n in Part TP8 Old= New=5015
Change Value of Parameter Vendor in Part TP8 Old= New=DigiKey
Change Value of Parameter Vendor Mult. in Part TP8 Old= New=1
Change Value of Parameter Vendor p/n in Part TP8 Old= New=5015KCT-ND
Change Value of Parameter COST in Part TP9 Old= New=0.32
Change Value of Parameter LCO p/n in Part TP9 Old= New=160-00001
Change Value of Parameter Manufacturer in Part TP9 Old= New=Keystone
Change Value of Parameter Manuf p/n in Part TP9 Old= New=5015
Change Value of Parameter Vendor in Part TP9 Old= New=DigiKey
Change Value of Parameter Vendor Mult. in Part TP9 Old= New=1
Change Value of Parameter Vendor p/n in Part TP9 Old= New=5015KCT-ND
Change Value of Parameter COST in Part TP10 Old= New=0.32
Change Value of Parameter LCO p/n in Part TP10 Old= New=160-00001
Change Value of Parameter Manufacturer in Part TP10 Old= New=Keystone
Change Value of Parameter Manuf p/n in Part TP10 Old= New=5015
Change Value of Parameter Vendor in Part TP10 Old= New=DigiKey
Change Value of Parameter Vendor Mult. in Part TP10 Old= New=1
Change Value of Parameter Vendor p/n in Part TP10 Old= New=5015KCT-ND
Change Value of Parameter COST in Part TP11 Old= New=0.32
Change Value of Parameter LCO p/n in Part TP11 Old= New=160-00001
Change Value of Parameter Manufacturer in Part TP11 Old= New=Keystone
Change Value of Parameter Manuf p/n in Part TP11 Old= New=5015
Change Value of Parameter Vendor in Part TP11 Old= New=DigiKey
Change Value of Parameter Vendor Mult. in Part TP11 Old= New=1
Change Value of Parameter Vendor p/n in Part TP11 Old= New=5015KCT-ND
Change Value of Parameter COST in Part TP12 Old= New=0.32
Change Value of Parameter LCO p/n in Part TP12 Old= New=160-00001
Change Value of Parameter Manufacturer in Part TP12 Old= New=Keystone
Change Value of Parameter Manuf p/n in Part TP12 Old= New=5015
Change Value of Parameter Vendor in Part TP12 Old= New=DigiKey
Change Value of Parameter Vendor Mult. in Part TP12 Old= New=1
Change Value of Parameter Vendor p/n in Part TP12 Old= New=5015KCT-ND
Change Value of Parameter COST in Part TP13 Old= New=0.32
Change Value of Parameter LCO p/n in Part TP13 Old= New=160-00001
Change Value of Parameter Manufacturer in Part TP13 Old= New=Keystone
Change Value of Parameter Manuf p/n in Part TP13 Old= New=5015
Change Value of Parameter Vendor in Part TP13 Old= New=DigiKey
Change Value of Parameter Vendor Mult. in Part TP13 Old= New=1
Change Value of Parameter Vendor p/n in Part TP13 Old= New=5015KCT-ND
Change Value of Parameter COST in Part TP14 Old= New=0.32
Change Value of Parameter LCO p/n in Part TP14 Old= New=160-00001
Change Value of Parameter Manufacturer in Part TP14 Old= New=Keystone
Change Value of Parameter Manuf p/n in Part TP14 Old= New=5015
Change Value of Parameter Vendor in Part TP14 Old= New=DigiKey
Change Value of Parameter Vendor Mult. in Part TP14 Old= New=1
Change Value of Parameter Vendor p/n in Part TP14 Old= New=5015KCT-ND
Change Value of Parameter COST in Part TP15 Old= New=0.32
Change Value of Parameter LCO p/n in Part TP15 Old= New=160-00001
Change Value of Parameter Manufacturer in Part TP15 Old= New=Keystone
Change Value of Parameter Manuf p/n in Part TP15 Old= New=5015
Change Value of Parameter Vendor in Part TP15 Old= New=DigiKey
Change Value of Parameter Vendor Mult. in Part TP15 Old= New=1
Change Value of Parameter Vendor p/n in Part TP15 Old= New=5015KCT-ND
Change Value of Parameter COST in Part TP16 Old= New=0.32
Change Value of Parameter LCO p/n in Part TP16 Old= New=160-00001
Change Value of Parameter Manufacturer in Part TP16 Old= New=Keystone
Change Value of Parameter Manuf p/n in Part TP16 Old= New=5015
Change Value of Parameter Vendor in Part TP16 Old= New=DigiKey
Change Value of Parameter Vendor Mult. in Part TP16 Old= New=1
Change Value of Parameter Vendor p/n in Part TP16 Old= New=5015KCT-ND
Change Value of Parameter COST in Part TP17 Old= New=0.32
Change Value of Parameter LCO p/n in Part TP17 Old= New=160-00001
Change Value of Parameter Manufacturer in Part TP17 Old= New=Keystone
Change Value of Parameter Manuf p/n in Part TP17 Old= New=5015
Change Value of Parameter Vendor in Part TP17 Old= New=DigiKey
Change Value of Parameter Vendor Mult. in Part TP17 Old= New=1
Change Value of Parameter Vendor p/n in Part TP17 Old= New=5015KCT-ND
Change Value of Parameter COST in Part TP18 Old= New=0.32
Change Value of Parameter LCO p/n in Part TP18 Old= New=160-00001
Change Value of Parameter Manufacturer in Part TP18 Old= New=Keystone
Change Value of Parameter Manuf p/n in Part TP18 Old= New=5015
Change Value of Parameter Vendor in Part TP18 Old= New=DigiKey
Change Value of Parameter Vendor Mult. in Part TP18 Old= New=1
Change Value of Parameter Vendor p/n in Part TP18 Old= New=5015KCT-ND
Change Value of Parameter COST in Part TP19 Old= New=0.32
Change Value of Parameter LCO p/n in Part TP19 Old= New=160-00001
Change Value of Parameter Manufacturer in Part TP19 Old= New=Keystone
Change Value of Parameter Manuf p/n in Part TP19 Old= New=5015
Change Value of Parameter Vendor in Part TP19 Old= New=DigiKey
Change Value of Parameter Vendor Mult. in Part TP19 Old= New=1
Change Value of Parameter Vendor p/n in Part TP19 Old= New=5015KCT-ND
Change Value of Parameter COST in Part TP20 Old= New=0.32
Change Value of Parameter LCO p/n in Part TP20 Old= New=160-00001
Change Value of Parameter Manufacturer in Part TP20 Old= New=Keystone
Change Value of Parameter Manuf p/n in Part TP20 Old= New=5015
Change Value of Parameter Vendor in Part TP20 Old= New=DigiKey
Change Value of Parameter Vendor Mult. in Part TP20 Old= New=1
Change Value of Parameter Vendor p/n in Part TP20 Old= New=5015KCT-ND
Change Value of Parameter COST in Part TP21 Old= New=0.32
Change Value of Parameter LCO p/n in Part TP21 Old= New=160-00001
Change Value of Parameter Manufacturer in Part TP21 Old= New=Keystone
Change Value of Parameter Manuf p/n in Part TP21 Old= New=5015
Change Value of Parameter Vendor in Part TP21 Old= New=DigiKey
Change Value of Parameter Vendor Mult. in Part TP21 Old= New=1
Change Value of Parameter Vendor p/n in Part TP21 Old= New=5015KCT-ND
Change Value of Parameter COST in Part TP22 Old= New=0.32
Change Value of Parameter LCO p/n in Part TP22 Old= New=160-00001
Change Value of Parameter Manufacturer in Part TP22 Old= New=Keystone
Change Value of Parameter Manuf p/n in Part TP22 Old= New=5015
Change Value of Parameter Vendor in Part TP22 Old= New=DigiKey
Change Value of Parameter Vendor Mult. in Part TP22 Old= New=1
Change Value of Parameter Vendor p/n in Part TP22 Old= New=5015KCT-ND
Change Value of Parameter COST in Part TP23 Old= New=0.32
Change Value of Parameter LCO p/n in Part TP23 Old= New=160-00001
Change Value of Parameter Manufacturer in Part TP23 Old= New=Keystone
Change Value of Parameter Manuf p/n in Part TP23 Old= New=5015
Change Value of Parameter Vendor in Part TP23 Old= New=DigiKey
Change Value of Parameter Vendor Mult. in Part TP23 Old= New=1
Change Value of Parameter Vendor p/n in Part TP23 Old= New=5015KCT-ND
Change Value of Parameter COST in Part TP24 Old= New=0.32
Change Value of Parameter LCO p/n in Part TP24 Old= New=160-00001
Change Value of Parameter Manufacturer in Part TP24 Old= New=Keystone
Change Value of Parameter Manuf p/n in Part TP24 Old= New=5015
Change Value of Parameter Vendor in Part TP24 Old= New=DigiKey
Change Value of Parameter Vendor Mult. in Part TP24 Old= New=1
Change Value of Parameter Vendor p/n in Part TP24 Old= New=5015KCT-ND
Change Value of Parameter COST in Part TP25 Old= New=0.32
Change Value of Parameter LCO p/n in Part TP25 Old= New=160-00001
Change Value of Parameter Manufacturer in Part TP25 Old= New=Keystone
Change Value of Parameter Manuf p/n in Part TP25 Old= New=5015
Change Value of Parameter Vendor in Part TP25 Old= New=DigiKey
Change Value of Parameter Vendor Mult. in Part TP25 Old= New=1
Change Value of Parameter Vendor p/n in Part TP25 Old= New=5015KCT-ND
Change Value of Parameter COST in Part TP26 Old= New=0.32
Change Value of Parameter LCO p/n in Part TP26 Old= New=160-00001
Change Value of Parameter Manufacturer in Part TP26 Old= New=Keystone
Change Value of Parameter Manuf p/n in Part TP26 Old= New=5015
Change Value of Parameter Vendor in Part TP26 Old= New=DigiKey
Change Value of Parameter Vendor Mult. in Part TP26 Old= New=1
Change Value of Parameter Vendor p/n in Part TP26 Old= New=5015KCT-ND
Change Value of Parameter COST in Part TP27 Old= New=0.32
Change Value of Parameter LCO p/n in Part TP27 Old= New=160-00001
Change Value of Parameter Manufacturer in Part TP27 Old= New=Keystone
Change Value of Parameter Manuf p/n in Part TP27 Old= New=5015
Change Value of Parameter Vendor in Part TP27 Old= New=DigiKey
Change Value of Parameter Vendor Mult. in Part TP27 Old= New=1
Change Value of Parameter Vendor p/n in Part TP27 Old= New=5015KCT-ND
Change Value of Parameter COST in Part TP28 Old= New=0.32
Change Value of Parameter LCO p/n in Part TP28 Old= New=160-00001
Change Value of Parameter Manufacturer in Part TP28 Old= New=Keystone
Change Value of Parameter Manuf p/n in Part TP28 Old= New=5015
Change Value of Parameter Vendor in Part TP28 Old= New=DigiKey
Change Value of Parameter Vendor Mult. in Part TP28 Old= New=1
Change Value of Parameter Vendor p/n in Part TP28 Old= New=5015KCT-ND
Change Value of Parameter COST in Part TP29 Old= New=0.32
Change Value of Parameter LCO p/n in Part TP29 Old= New=160-00001
Change Value of Parameter Manufacturer in Part TP29 Old= New=Keystone
Change Value of Parameter Manuf p/n in Part TP29 Old= New=5015
Change Value of Parameter Vendor in Part TP29 Old= New=DigiKey
Change Value of Parameter Vendor Mult. in Part TP29 Old= New=1
Change Value of Parameter Vendor p/n in Part TP29 Old= New=5015KCT-ND
Change Value of Parameter COST in Part TP30 Old= New=0.32
Change Value of Parameter LCO p/n in Part TP30 Old= New=160-00001
Change Value of Parameter Manufacturer in Part TP30 Old= New=Keystone
Change Value of Parameter Manuf p/n in Part TP30 Old= New=5015
Change Value of Parameter Vendor in Part TP30 Old= New=DigiKey
Change Value of Parameter Vendor Mult. in Part TP30 Old= New=1
Change Value of Parameter Vendor p/n in Part TP30 Old= New=5015KCT-ND
Change Value of Parameter COST in Part TP31 Old= New=0.32
Change Value of Parameter LCO p/n in Part TP31 Old= New=160-00001
Change Value of Parameter Manufacturer in Part TP31 Old= New=Keystone
Change Value of Parameter Manuf p/n in Part TP31 Old= New=5015
Change Value of Parameter Vendor in Part TP31 Old= New=DigiKey
Change Value of Parameter Vendor Mult. in Part TP31 Old= New=1
Change Value of Parameter Vendor p/n in Part TP31 Old= New=5015KCT-ND
