Removed Parameter Arena Prefix: from Part C1
Removed Parameter Arena Prefix: from Part C2
Removed Parameter Arena Prefix: from Part C3
Removed Parameter Arena Prefix: from Part C4
Removed Parameter Arena Prefix: from Part C5
Removed Parameter Arena Prefix: from Part C6
Removed Parameter Arena Prefix: from Part C7
Removed Parameter Arena Prefix: from Part C8
Removed Parameter Arena Prefix: from Part C9
Removed Parameter Arena Prefix: from Part C10
Removed Parameter Arena Prefix: from Part C11
Removed Parameter Arena Prefix: from Part C12
Removed Parameter Arena Prefix: from Part C13
Removed Parameter Arena Prefix: from Part C14
Removed Parameter Arena Prefix: from Part C15
Removed Parameter Arena Prefix: from Part C16
Removed Parameter Arena Prefix: from Part C17
Removed Parameter Arena Prefix: from Part C18
Removed Parameter Arena Prefix: from Part C19
Removed Parameter Arena Prefix: from Part C20
Removed Parameter Arena Prefix: from Part C21
Removed Parameter Arena Prefix: from Part C22
Removed Parameter Arena Prefix: from Part C23
Removed Parameter Arena Prefix: from Part C24
Removed Parameter Arena Prefix: from Part C25
Removed Parameter Arena Prefix: from Part C26
Removed Parameter Arena Prefix: from Part D1
Removed Parameter Arena Prefix: from Part D2
Removed Parameter Arena Prefix: from Part D3
Removed Parameter Arena Prefix: from Part D4
Removed Parameter Arena Prefix: from Part D5
Removed Parameter Arena Prefix: from Part D6
Removed Parameter Arena Prefix: from Part D7
Removed Parameter Arena Prefix: from Part D8
Removed Parameter Arena Prefix: from Part L1
Removed Parameter Arena Prefix: from Part L2
Removed Parameter Arena Prefix: from Part P1
Removed Parameter Arena Prefix: from Part P2
Removed Parameter Arena Prefix: from Part P2
Removed Parameter Arena Prefix: from Part P2
Removed Parameter Arena Prefix: from Part P2
Removed Parameter Arena Prefix: from Part P3
Removed Parameter Arena Prefix: from Part P4
Removed Parameter Arena Prefix: from Part P4
Removed Parameter Arena Prefix: from Part P4
Removed Parameter Arena Prefix: from Part P4
Removed Parameter Arena Prefix: from Part P4
Removed Parameter Arena Prefix: from Part P5
Removed Parameter Arena Prefix: from Part P5
Removed Parameter Arena Prefix: from Part P5
Removed Parameter Arena Prefix: from Part P5
Removed Parameter Arena Prefix: from Part P5
Removed Parameter Arena Prefix: from Part P6
Removed Parameter Arena Prefix: from Part P6
Removed Parameter Arena Prefix: from Part P6
Removed Parameter Arena Prefix: from Part P6
Removed Parameter Arena Prefix: from Part P6
Removed Parameter Arena Prefix: from Part P7
Removed Parameter Arena Prefix: from Part P7
Removed Parameter Arena Prefix: from Part P7
Removed Parameter Arena Prefix: from Part P7
Removed Parameter Arena Prefix: from Part P7
Removed Parameter Arena Prefix: from Part P8
Removed Parameter Arena Prefix: from Part P9
Removed Parameter Arena Prefix: from Part P10
Removed Parameter Arena Prefix: from Part P11
Removed Parameter Arena Prefix: from Part P12
Removed Parameter Arena Prefix: from Part P13
Removed Parameter Arena Prefix: from Part Q1
Removed Parameter Arena Prefix: from Part Q2
Removed Parameter Arena Prefix: from Part Q3
Removed Parameter Arena Prefix: from Part Q4
Removed Parameter Arena Prefix: from Part R1
Removed Parameter Arena Prefix: from Part R2
Removed Parameter Arena Prefix: from Part R3
Removed Parameter Arena Prefix: from Part R4
Removed Parameter Arena Prefix: from Part R5
Removed Parameter Arena Prefix: from Part R6
Removed Parameter Arena Prefix: from Part R7
Removed Parameter Arena Prefix: from Part R8
Removed Parameter Arena Prefix: from Part R9
Removed Parameter Arena Prefix: from Part R10
Removed Parameter Arena Prefix: from Part R11
Removed Parameter Arena Prefix: from Part R12
Removed Parameter Arena Prefix: from Part R13
Removed Parameter Arena Prefix: from Part R14
Removed Parameter Arena Prefix: from Part R15
Removed Parameter Arena Prefix: from Part R16
Removed Parameter Arena Prefix: from Part R17
Removed Parameter Arena Prefix: from Part R18
Removed Parameter Arena Prefix: from Part TP1
Removed Parameter Arena Prefix: from Part TP2
Removed Parameter Arena Prefix: from Part TP3
Removed Parameter Arena Prefix: from Part TP4
Removed Parameter Arena Prefix: from Part TP5
Removed Parameter Arena Prefix: from Part TP6
Removed Parameter Arena Prefix: from Part TP7
Removed Parameter Arena Prefix: from Part TP8
Removed Parameter Arena Prefix: from Part TP9
Removed Parameter Arena Prefix: from Part TP10
Removed Parameter Arena Prefix: from Part TP11
Removed Parameter Arena Prefix: from Part TP12
Removed Parameter Arena Prefix: from Part TP13
Removed Parameter Arena Prefix: from Part TP14
Removed Parameter Arena Prefix: from Part TP15
Removed Parameter Arena Prefix: from Part TP16
Removed Parameter Arena Prefix: from Part TP17
Removed Parameter Arena Prefix: from Part TP18
Removed Parameter Arena Prefix: from Part TP19
Removed Parameter Arena Prefix: from Part TP20
Removed Parameter Arena Prefix: from Part TP21
Removed Parameter Arena Prefix: from Part TP22
Removed Parameter Arena Prefix: from Part TP23
Removed Parameter Arena Prefix: from Part TP24
Removed Parameter Arena Prefix: from Part TP25
Removed Parameter Arena Prefix: from Part TP26
Removed Parameter Arena Prefix: from Part TP27
Removed Parameter Arena Prefix: from Part TP28
Removed Parameter Arena Prefix: from Part TP29
Removed Parameter Arena Prefix: from Part TP30
Removed Parameter Arena Prefix: from Part TP31
Removed Parameter Arena Prefix: from Part U1
Removed Parameter Arena Prefix: from Part U2
Removed Parameter Arena Prefix: from Part U3
Removed Parameter Arena Prefix: from Part U4
Removed Parameter Arena Prefix: from Part U5
Removed Parameter Arena Prefix: from Part U6
Removed Parameter Arena Prefix: from Part U7
Removed Parameter Arena Prefix: from Part U8
Removed Parameter Arena Prefix: from Part U9
Removed Parameter Arena Type:Capacitor from Part C4
Removed Parameter Arena Type:Capacitor from Part C10
Removed Parameter Arena Type:Capacitor from Part C14
Removed Parameter Arena Type:Capacitor from Part C23
Removed Parameter Arena Type:Connector from Part TP1
Removed Parameter Arena Type:Connector from Part TP2
Removed Parameter Arena Type:Diode from Part D1
Removed Parameter Arena Type:Diode from Part D2
Removed Parameter Arena Type: from Part C1
Removed Parameter Arena Type: from Part C2
Removed Parameter Arena Type: from Part C3
Removed Parameter Arena Type: from Part C5
Removed Parameter Arena Type: from Part C6
Removed Parameter Arena Type: from Part C7
Removed Parameter Arena Type: from Part C8
Removed Parameter Arena Type: from Part C9
Removed Parameter Arena Type: from Part C11
Removed Parameter Arena Type: from Part C12
Removed Parameter Arena Type: from Part C13
Removed Parameter Arena Type: from Part C15
Removed Parameter Arena Type: from Part C16
Removed Parameter Arena Type: from Part C17
Removed Parameter Arena Type: from Part C18
Removed Parameter Arena Type: from Part C19
Removed Parameter Arena Type: from Part C20
Removed Parameter Arena Type: from Part C21
Removed Parameter Arena Type: from Part C22
Removed Parameter Arena Type: from Part C24
Removed Parameter Arena Type: from Part C25
Removed Parameter Arena Type: from Part C26
Removed Parameter Arena Type: from Part D3
Removed Parameter Arena Type: from Part D4
Removed Parameter Arena Type: from Part D5
Removed Parameter Arena Type: from Part D6
Removed Parameter Arena Type: from Part D7
Removed Parameter Arena Type: from Part D8
Removed Parameter Arena Type: from Part L1
Removed Parameter Arena Type: from Part L2
Removed Parameter Arena Type: from Part P1
Removed Parameter Arena Type: from Part P2
Removed Parameter Arena Type: from Part P2
Removed Parameter Arena Type: from Part P2
Removed Parameter Arena Type: from Part P2
Removed Parameter Arena Type: from Part P3
Removed Parameter Arena Type: from Part P4
Removed Parameter Arena Type: from Part P4
Removed Parameter Arena Type: from Part P4
Removed Parameter Arena Type: from Part P4
Removed Parameter Arena Type: from Part P4
Removed Parameter Arena Type: from Part P5
Removed Parameter Arena Type: from Part P5
Removed Parameter Arena Type: from Part P5
Removed Parameter Arena Type: from Part P5
Removed Parameter Arena Type: from Part P5
Removed Parameter Arena Type: from Part P6
Removed Parameter Arena Type: from Part P6
Removed Parameter Arena Type: from Part P6
Removed Parameter Arena Type: from Part P6
Removed Parameter Arena Type: from Part P6
Removed Parameter Arena Type: from Part P7
Removed Parameter Arena Type: from Part P7
Removed Parameter Arena Type: from Part P7
Removed Parameter Arena Type: from Part P7
Removed Parameter Arena Type: from Part P7
Removed Parameter Arena Type: from Part P8
Removed Parameter Arena Type: from Part P9
Removed Parameter Arena Type: from Part P10
Removed Parameter Arena Type: from Part P11
Removed Parameter Arena Type: from Part P12
Removed Parameter Arena Type: from Part P13
Removed Parameter Arena Type: from Part Q1
Removed Parameter Arena Type: from Part Q3
Removed Parameter Arena Type: from Part R1
Removed Parameter Arena Type: from Part R3
Removed Parameter Arena Type: from Part R4
Removed Parameter Arena Type: from Part R5
Removed Parameter Arena Type: from Part R6
Removed Parameter Arena Type: from Part R7
Removed Parameter Arena Type: from Part R8
Removed Parameter Arena Type: from Part R9
Removed Parameter Arena Type: from Part R11
Removed Parameter Arena Type: from Part R12
Removed Parameter Arena Type: from Part R13
Removed Parameter Arena Type: from Part R14
Removed Parameter Arena Type: from Part R15
Removed Parameter Arena Type: from Part R16
Removed Parameter Arena Type: from Part R17
Removed Parameter Arena Type: from Part R18
Removed Parameter Arena Type: from Part TP3
Removed Parameter Arena Type: from Part TP4
Removed Parameter Arena Type: from Part TP5
Removed Parameter Arena Type: from Part TP6
Removed Parameter Arena Type: from Part TP7
Removed Parameter Arena Type: from Part TP8
Removed Parameter Arena Type: from Part TP9
Removed Parameter Arena Type: from Part TP10
Removed Parameter Arena Type: from Part TP11
Removed Parameter Arena Type: from Part TP12
Removed Parameter Arena Type: from Part TP13
Removed Parameter Arena Type: from Part TP14
Removed Parameter Arena Type: from Part TP15
Removed Parameter Arena Type: from Part TP16
Removed Parameter Arena Type: from Part TP17
Removed Parameter Arena Type: from Part TP18
Removed Parameter Arena Type: from Part TP19
Removed Parameter Arena Type: from Part TP20
Removed Parameter Arena Type: from Part TP21
Removed Parameter Arena Type: from Part TP22
Removed Parameter Arena Type: from Part TP23
Removed Parameter Arena Type: from Part TP24
Removed Parameter Arena Type: from Part TP25
Removed Parameter Arena Type: from Part TP26
Removed Parameter Arena Type: from Part TP27
Removed Parameter Arena Type: from Part TP28
Removed Parameter Arena Type: from Part TP29
Removed Parameter Arena Type: from Part TP30
Removed Parameter Arena Type: from Part TP31
Removed Parameter Arena Type: from Part U1
Removed Parameter Arena Type: from Part U2
Removed Parameter Arena Type: from Part U3
Removed Parameter Arena Type: from Part U4
Removed Parameter Arena Type: from Part U6
Removed Parameter Arena Type: from Part U7
Removed Parameter Arena Type: from Part U8
Removed Parameter Arena Type:IC from Part U5
Removed Parameter Arena Type:IC from Part U9
Removed Parameter Arena Type:Resistor from Part R2
Removed Parameter Arena Type:Resistor from Part R10
Removed Parameter Arena Type:Transistor from Part Q2
Removed Parameter Arena Type:Transistor from Part Q4
Removed Parameter Note:Pin 5 is NC (not internally connected) pin. from Part U4
Removed Parameter Note:Pin 5 is NC (not internally connected) pin. from Part U8
