Added Component: Designator=J1(Conn feed thru)
Added Component: Designator=J2(Conn feed thru)
Added Component: Designator=J3(Conn feed thru)
Added Component: Designator=J4(Conn feed thru)
Added Component: Designator=J5(Conn feed thru)
Added Component: Designator=J6(Conn feed thru)
Added Component: Designator=J7(Conn feed thru)
Added Component: Designator=J8(Conn feed thru)
Added Component: Designator=J9(Conn feed thru)
Added Component: Designator=J10(Conn feed thru)
Added Component: Designator=J11(Conn feed thru)
Added Component: Designator=J12(Conn feed thru)
Added Component: Designator=J13(Conn feed thru)
Added Component: Designator=J14(Conn feed thru)
Added Component: Designator=J15(Conn feed thru)
Added Component: Designator=J16(Conn feed thru)
Added Component: Designator=J17(Conn feed thru)
Added Component: Designator=J18(Conn feed thru)
Added Component: Designator=J19(Conn feed thru)
Added Component: Designator=J20(Conn feed thru)
Added Component: Designator=J21(Conn feed thru)
Added Component: Designator=J22(Conn feed thru)
Added Component: Designator=J23(Conn feed thru)
Added Component: Designator=J24(Conn feed thru)
Added Component: Designator=J25(Conn feed thru)
Added Component: Designator=J26(Conn feed thru)
Added Component: Designator=J27(Conn feed thru)
Added Component: Designator=U1(SITe 1024 x 1024)
Added Pin To Net: NetName=VDD Pin=J1-1
Added Pin To Net: NetName=GND Pin=J2-1
Added Pin To Net: NetName=SG Pin=J3-1
Added Pin To Net: NetName=TGB Pin=J4-1
Added Pin To Net: NetName=P2B Pin=J5-1
Added Pin To Net: NetName=P1B Pin=J6-1
Added Pin To Net: NetName=P3B Pin=J7-1
Added Pin To Net: NetName=P1A Pin=J8-1
Added Pin To Net: NetName=P2A Pin=J9-1
Added Pin To Net: NetName=TGA Pin=J10-1
Added Pin To Net: NetName=A2OUT Pin=J11-1
Added Pin To Net: NetName=VRD Pin=J12-1
Added Pin To Net: NetName=RG Pin=J13-1
Added Pin To Net: NetName=VOD Pin=J14-1
Added Pin To Net: NetName=S2Q2 Pin=J15-1
Added Pin To Net: NetName=S1Q2 Pin=J16-1
Added Pin To Net: NetName=S3 Pin=J17-1
Added Pin To Net: NetName=S1Q1 Pin=J18-1
Added Pin To Net: NetName=S2Q1 Pin=J19-1
Added Pin To Net: NetName=P3A Pin=J20-1
Added Pin To Net: NetName=S1Q4 Pin=J21-1
Added Pin To Net: NetName=S2Q4 Pin=J22-1
Added Pin To Net: NetName=S2Q3 Pin=J23-1
Added Pin To Net: NetName=S1Q3 Pin=J24-1
Added Pin To Net: NetName=A4OUT Pin=J25-1
Added Pin To Net: NetName=A3OUT Pin=J26-1
Added Pin To Net: NetName=A1OUT Pin=J27-1
Added Pin To Net: NetName=A1OUT Pin=U1-1
Added Pin To Net: NetName=GND Pin=U1-2
Added Pin To Net: NetName=VRD Pin=U1-3
Added Pin To Net: NetName=RG Pin=U1-4
Added Pin To Net: NetName=VOD Pin=U1-5
Added Pin To Net: NetName=S2Q1 Pin=U1-6
Added Pin To Net: NetName=S1Q1 Pin=U1-7
Added Pin To Net: NetName=S3 Pin=U1-8
Added Pin To Net: NetName=S1Q2 Pin=U1-9
Added Pin To Net: NetName=S2Q2 Pin=U1-10
Added Pin To Net: NetName=VOD Pin=U1-11
Added Pin To Net: NetName=RG Pin=U1-12
Added Pin To Net: NetName=VRD Pin=U1-13
Added Pin To Net: NetName=GND Pin=U1-14
Added Pin To Net: NetName=A2OUT Pin=U1-15
Added Pin To Net: NetName=A2OUT Pin=U1-15
Added Pin To Net: NetName=VDD Pin=U1-16
Added Pin To Net: NetName=GND Pin=U1-17
Added Pin To Net: NetName=SG Pin=U1-18
Added Pin To Net: NetName=TGA Pin=U1-19
Added Pin To Net: NetName=P2A Pin=U1-20
Added Pin To Net: NetName=P1A Pin=U1-21
Added Pin To Net: NetName=P3B Pin=U1-22
Added Pin To Net: NetName=P1B Pin=U1-23
Added Pin To Net: NetName=P2B Pin=U1-24
Added Pin To Net: NetName=TGB Pin=U1-25
Added Pin To Net: NetName=SG Pin=U1-26
Added Pin To Net: NetName=GND Pin=U1-27
Added Pin To Net: NetName=VDD Pin=U1-28
Added Pin To Net: NetName=A3OUT Pin=U1-29
Added Pin To Net: NetName=A3OUT Pin=U1-29
Added Pin To Net: NetName=GND Pin=U1-30
Added Pin To Net: NetName=VRD Pin=U1-31
Added Pin To Net: NetName=RG Pin=U1-32
Added Pin To Net: NetName=VOD Pin=U1-33
Added Pin To Net: NetName=S1Q3 Pin=U1-34
Added Pin To Net: NetName=S2Q3 Pin=U1-35
Added Pin To Net: NetName=S3 Pin=U1-36
Added Pin To Net: NetName=S2Q4 Pin=U1-37
Added Pin To Net: NetName=S1Q4 Pin=U1-38
Added Pin To Net: NetName=VOD Pin=U1-39
Added Pin To Net: NetName=RG Pin=U1-40
Added Pin To Net: NetName=VRD Pin=U1-41
Added Pin To Net: NetName=GND Pin=U1-42
Added Pin To Net: NetName=A4OUT Pin=U1-43
Added Pin To Net: NetName=A4OUT Pin=U1-43
Added Pin To Net: NetName=VDD Pin=U1-44
Added Pin To Net: NetName=GND Pin=U1-45
Added Pin To Net: NetName=SG Pin=U1-46
Added Pin To Net: NetName=TGB Pin=U1-47
Added Pin To Net: NetName=P2B Pin=U1-48
Added Pin To Net: NetName=P1B Pin=U1-49
Added Pin To Net: NetName=P3A Pin=U1-50
Added Pin To Net: NetName=P1A Pin=U1-51
Added Pin To Net: NetName=P2A Pin=U1-52
Added Pin To Net: NetName=TGA Pin=U1-53
Added Pin To Net: NetName=SG Pin=U1-54
Added Pin To Net: NetName=GND Pin=U1-55
Added Pin To Net: NetName=VDD Pin=U1-56
Added Member To Class: ClassName=CCD Socket Member=Component J1 Conn Feedthru
Added Member To Class: ClassName=CCD Socket Member=Component J2 Conn Feedthru
Added Member To Class: ClassName=CCD Socket Member=Component J3 Conn Feedthru
Added Member To Class: ClassName=CCD Socket Member=Component J4 Conn Feedthru
Added Member To Class: ClassName=CCD Socket Member=Component J5 Conn Feedthru
Added Member To Class: ClassName=CCD Socket Member=Component J6 Conn Feedthru
Added Member To Class: ClassName=CCD Socket Member=Component J7 Conn Feedthru
Added Member To Class: ClassName=CCD Socket Member=Component J8 Conn Feedthru
Added Member To Class: ClassName=CCD Socket Member=Component J9 Conn Feedthru
Added Member To Class: ClassName=CCD Socket Member=Component J10 Conn Feedthru
Added Member To Class: ClassName=CCD Socket Member=Component J11 Conn Feedthru
Added Member To Class: ClassName=CCD Socket Member=Component J12 Conn Feedthru
Added Member To Class: ClassName=CCD Socket Member=Component J13 Conn Feedthru
Added Member To Class: ClassName=CCD Socket Member=Component J14 Conn Feedthru
Added Member To Class: ClassName=CCD Socket Member=Component J15 Conn Feedthru
Added Member To Class: ClassName=CCD Socket Member=Component J16 Conn Feedthru
Added Member To Class: ClassName=CCD Socket Member=Component J17 Conn Feedthru
Added Member To Class: ClassName=CCD Socket Member=Component J18 Conn Feedthru
Added Member To Class: ClassName=CCD Socket Member=Component J19 Conn Feedthru
Added Member To Class: ClassName=CCD Socket Member=Component J20 Conn Feedthru
Added Member To Class: ClassName=CCD Socket Member=Component J21 Conn Feedthru
Added Member To Class: ClassName=CCD Socket Member=Component J22 Conn Feedthru
Added Member To Class: ClassName=CCD Socket Member=Component J23 Conn Feedthru
Added Member To Class: ClassName=CCD Socket Member=Component J24 Conn Feedthru
Added Member To Class: ClassName=CCD Socket Member=Component J25 Conn Feedthru
Added Member To Class: ClassName=CCD Socket Member=Component J26 Conn Feedthru
Added Member To Class: ClassName=CCD Socket Member=Component J27 Conn Feedthru
Added Member To Class: ClassName=CCD Socket Member=Component U1 SITe 1024 x 1024
Added Room: Name=CCD Socket
