Change Value of Parameter Vendor Mult. in Part C1 Old= New=1
Change Value of Parameter Vendor Mult. in Part C2 Old= New=1
Change Value of Parameter Vendor Mult. in Part C3 Old= New=1
Change Value of Parameter Vendor Mult. in Part C4 Old= New=1
Change Value of Parameter Vendor Mult. in Part C5 Old= New=1
Change Value of Parameter Vendor Mult. in Part C6 Old= New=1
Change Value of Parameter Vendor Mult. in Part C7 Old= New=1
Change Value of Parameter Vendor Mult. in Part C8 Old= New=1
Change Value of Parameter Vendor Mult. in Part C9 Old= New=1
Change Value of Parameter Vendor Mult. in Part C10 Old= New=1
Change Value of Parameter Vendor in Part D2 Old= New=DigiKey
Change Value of Parameter Vendor Mult. in Part D2 Old= New=1
Change Value of Parameter Vendor in Part J3 Old= New=DigiKey
Change Value of Parameter Vendor Mult. in Part J3 Old= New=1
Change Value of Parameter Vendor in Part P2 Old= New=DigiKey
Change Value of Parameter Vendor Mult. in Part P2 Old= New=1
Change Value of Parameter Vendor in Part P6 Old= New=DigiKey
Change Value of Parameter Vendor Mult. in Part P6 Old= New=1
Change Value of Parameter Vendor in Part R1 Old= New=DigiKey
Change Value of Parameter Vendor Mult. in Part R1 Old= New=1
Change Value of Parameter Vendor in Part R2 Old= New=DigiKey
Change Value of Parameter Vendor Mult. in Part R2 Old= New=1
Change Value of Parameter Vendor in Part R3 Old= New=DigiKey
Change Value of Parameter Vendor Mult. in Part R3 Old= New=1
Change Value of Parameter Vendor in Part R5 Old= New=DigiKey
Change Value of Parameter Vendor Mult. in Part R5 Old= New=1
Change Value of Parameter Vendor in Part R6 Old= New=DigiKey
Change Value of Parameter Vendor Mult. in Part R6 Old= New=1
Change Value of Parameter Vendor in Part S1 Old= New=DigiKey
Change Value of Parameter Vendor Mult. in Part S1 Old= New=1
Change Value of Parameter Vendor in Part S2 Old= New=DigiKey
Change Value of Parameter Vendor Mult. in Part S2 Old= New=1
Change Value of Parameter Vendor in Part U2 Old= New=DigiKey
Change Value of Parameter Vendor Mult. in Part U2 Old= New=1
Change Value of Parameter Vendor in Part U3 Old= New=DigiKey
Change Value of Parameter Vendor Mult. in Part U3 Old= New=1
