Removed Parameter Bottom:20 from Part S2
Removed Parameter Bottom:130 from Part J3
Removed Parameter LatestRevisionDate:04-Mar-2005 from Part R1
Removed Parameter LatestRevisionDate:04-Mar-2005 from Part R2
Removed Parameter LatestRevisionDate:04-Mar-2005 from Part R3
Removed Parameter LatestRevisionDate:04-Mar-2005 from Part R5
Removed Parameter LatestRevisionDate:04-Mar-2005 from Part R6
Removed Parameter LatestRevisionDate:17-Jul-2002 from Part C2
Removed Parameter LatestRevisionDate:17-Jul-2002 from Part C3
Removed Parameter LatestRevisionDate:17-Jul-2002 from Part C4
Removed Parameter LatestRevisionDate:17-Jul-2002 from Part C5
Removed Parameter LatestRevisionDate:17-Jul-2002 from Part C6
Removed Parameter LatestRevisionDate:17-Jul-2002 from Part C7
Removed Parameter LatestRevisionDate:17-Jul-2002 from Part C8
Removed Parameter LatestRevisionDate:17-Jul-2002 from Part C9
Removed Parameter LatestRevisionDate:17-Jul-2002 from Part C10
Removed Parameter LatestRevisionDate:17-Jul-2002 from Part P2
Removed Parameter LatestRevisionDate:17-Jul-2002 from Part P6
Removed Parameter LatestRevisionDate:17-Jul-2002 from Part S1
Removed Parameter LatestRevisionDate: from Part C1
Removed Parameter LatestRevisionNote: from Part C1
Removed Parameter LatestRevisionNote:PCB Footprint replaced. from Part R1
Removed Parameter LatestRevisionNote:PCB Footprint replaced. from Part R2
Removed Parameter LatestRevisionNote:PCB Footprint replaced. from Part R3
Removed Parameter LatestRevisionNote:PCB Footprint replaced. from Part R5
Removed Parameter LatestRevisionNote:PCB Footprint replaced. from Part R6
Removed Parameter LatestRevisionNote:Re-released for DXP Platform. from Part C2
Removed Parameter LatestRevisionNote:Re-released for DXP Platform. from Part C3
Removed Parameter LatestRevisionNote:Re-released for DXP Platform. from Part C4
Removed Parameter LatestRevisionNote:Re-released for DXP Platform. from Part C5
Removed Parameter LatestRevisionNote:Re-released for DXP Platform. from Part C6
Removed Parameter LatestRevisionNote:Re-released for DXP Platform. from Part C7
Removed Parameter LatestRevisionNote:Re-released for DXP Platform. from Part C8
Removed Parameter LatestRevisionNote:Re-released for DXP Platform. from Part C9
Removed Parameter LatestRevisionNote:Re-released for DXP Platform. from Part C10
Removed Parameter LatestRevisionNote:Re-released for DXP Platform. from Part P2
Removed Parameter LatestRevisionNote:Re-released for DXP Platform. from Part P6
Removed Parameter LatestRevisionNote:Re-released for DXP Platform. from Part S1
Removed Parameter PackageReference: from Part C1
Removed Parameter PackageReference:J1-0603 from Part R1
Removed Parameter PackageReference:J1-0603 from Part R2
Removed Parameter PackageReference:J1-0603 from Part R3
Removed Parameter PackageReference:J1-0603 from Part R5
Removed Parameter PackageReference:J1-0603 from Part R6
Removed Parameter PackageReference:RAD-0.3 from Part C2
Removed Parameter PackageReference:RAD-0.3 from Part C3
Removed Parameter PackageReference:RAD-0.3 from Part C4
Removed Parameter PackageReference:RAD-0.3 from Part C5
Removed Parameter PackageReference:RAD-0.3 from Part C6
Removed Parameter PackageReference:RAD-0.3 from Part C7
Removed Parameter PackageReference:RAD-0.3 from Part C8
Removed Parameter PackageReference:RAD-0.3 from Part C9
Removed Parameter PackageReference:RAD-0.3 from Part C10
Removed Parameter PackageReference:SPST-2 from Part S1
Removed Parameter Published:8-Jun-2000 from Part C2
Removed Parameter Published:8-Jun-2000 from Part C3
Removed Parameter Published:8-Jun-2000 from Part C4
Removed Parameter Published:8-Jun-2000 from Part C5
Removed Parameter Published:8-Jun-2000 from Part C6
Removed Parameter Published:8-Jun-2000 from Part C7
Removed Parameter Published:8-Jun-2000 from Part C8
Removed Parameter Published:8-Jun-2000 from Part C9
Removed Parameter Published:8-Jun-2000 from Part C10
Removed Parameter Published:8-Jun-2000 from Part R1
Removed Parameter Published:8-Jun-2000 from Part R2
Removed Parameter Published:8-Jun-2000 from Part R3
Removed Parameter Published:8-Jun-2000 from Part R5
Removed Parameter Published:8-Jun-2000 from Part R6
Removed Parameter Published:24-Mar-1999 from Part S1
Removed Parameter Published: from Part C1
Removed Parameter Publisher:Altium Limited from Part C2
Removed Parameter Publisher:Altium Limited from Part C3
Removed Parameter Publisher:Altium Limited from Part C4
Removed Parameter Publisher:Altium Limited from Part C5
Removed Parameter Publisher:Altium Limited from Part C6
Removed Parameter Publisher:Altium Limited from Part C7
Removed Parameter Publisher:Altium Limited from Part C8
Removed Parameter Publisher:Altium Limited from Part C9
Removed Parameter Publisher:Altium Limited from Part C10
Removed Parameter Publisher:Altium Limited from Part P2
Removed Parameter Publisher:Altium Limited from Part P6
Removed Parameter Publisher:Altium Limited from Part R1
Removed Parameter Publisher:Altium Limited from Part R2
Removed Parameter Publisher:Altium Limited from Part R3
Removed Parameter Publisher:Altium Limited from Part R5
Removed Parameter Publisher:Altium Limited from Part R6
Removed Parameter Publisher:Altium Limited from Part S1
Removed Parameter Publisher: from Part C1
Removed Parameter Right:20 from Part S2
Removed Parameter Right:30 from Part J3
