Added Parameter COST= to Part C1
Added Parameter COST= to Part C2
Added Parameter COST= to Part C3
Added Parameter COST= to Part C4
Added Parameter COST= to Part C5
Added Parameter COST= to Part C6
Added Parameter COST= to Part C7
Added Parameter COST= to Part C8
Added Parameter COST= to Part C9
Added Parameter COST= to Part C10
Added Parameter COST= to Part J3
Added Parameter COST= to Part P2
Added Parameter COST= to Part P6
Added Parameter COST= to Part R1
Added Parameter COST= to Part R2
Added Parameter COST= to Part R3
Added Parameter COST= to Part R5
Added Parameter COST= to Part R6
Added Parameter COST= to Part S1
Added Parameter COST= to Part S2
Added Parameter COST= to Part U2
Added Parameter COST= to Part U3
Added Parameter Manufacturer= to Part C1
Added Parameter Manufacturer= to Part C2
Added Parameter Manufacturer= to Part C3
Added Parameter Manufacturer= to Part C4
Added Parameter Manufacturer= to Part C5
Added Parameter Manufacturer= to Part C6
Added Parameter Manufacturer= to Part C7
Added Parameter Manufacturer= to Part C8
Added Parameter Manufacturer= to Part C9
Added Parameter Manufacturer= to Part C10
Added Parameter Manufacturer= to Part J3
Added Parameter Manufacturer= to Part P2
Added Parameter Manufacturer= to Part P6
Added Parameter Manufacturer= to Part R1
Added Parameter Manufacturer= to Part R2
Added Parameter Manufacturer= to Part R3
Added Parameter Manufacturer= to Part R5
Added Parameter Manufacturer= to Part R6
Added Parameter Manufacturer= to Part S1
Added Parameter Manufacturer= to Part S2
Added Parameter Manufacturer= to Part U2
Added Parameter Manufacturer= to Part U3
Added Parameter Manuf p/n= to Part C1
Added Parameter Manuf p/n= to Part C2
Added Parameter Manuf p/n= to Part C3
Added Parameter Manuf p/n= to Part C4
Added Parameter Manuf p/n= to Part C5
Added Parameter Manuf p/n= to Part C6
Added Parameter Manuf p/n= to Part C7
Added Parameter Manuf p/n= to Part C8
Added Parameter Manuf p/n= to Part C9
Added Parameter Manuf p/n= to Part C10
Added Parameter Manuf p/n= to Part J3
Added Parameter Manuf p/n= to Part P2
Added Parameter Manuf p/n= to Part P6
Added Parameter Manuf p/n= to Part R1
Added Parameter Manuf p/n= to Part R2
Added Parameter Manuf p/n= to Part R3
Added Parameter Manuf p/n= to Part R5
Added Parameter Manuf p/n= to Part R6
Added Parameter Manuf p/n= to Part S1
Added Parameter Manuf p/n= to Part S2
Added Parameter Manuf p/n= to Part U2
Added Parameter Manuf p/n= to Part U3
Added Parameter Value= to Part J3
Added Parameter Value= to Part P2
Added Parameter Value= to Part P6
Added Parameter Value= to Part S1
Added Parameter Value= to Part S2
Added Parameter Value= to Part U2
Added Parameter Value= to Part U3
Added Parameter Vendor= to Part J3
Added Parameter Vendor= to Part P2
Added Parameter Vendor= to Part P6
Added Parameter Vendor= to Part R1
Added Parameter Vendor= to Part R2
Added Parameter Vendor= to Part R3
Added Parameter Vendor= to Part R5
Added Parameter Vendor= to Part R6
Added Parameter Vendor= to Part S1
Added Parameter Vendor= to Part S2
Added Parameter Vendor= to Part U2
Added Parameter Vendor= to Part U3
Added Parameter Vendor Mult.= to Part C1
Added Parameter Vendor Mult.= to Part C2
Added Parameter Vendor Mult.= to Part C3
Added Parameter Vendor Mult.= to Part C4
Added Parameter Vendor Mult.= to Part C5
Added Parameter Vendor Mult.= to Part C6
Added Parameter Vendor Mult.= to Part C7
Added Parameter Vendor Mult.= to Part C8
Added Parameter Vendor Mult.= to Part C9
Added Parameter Vendor Mult.= to Part C10
Added Parameter Vendor Mult.= to Part J3
Added Parameter Vendor Mult.= to Part P2
Added Parameter Vendor Mult.= to Part P6
Added Parameter Vendor Mult.= to Part R1
Added Parameter Vendor Mult.= to Part R2
Added Parameter Vendor Mult.= to Part R3
Added Parameter Vendor Mult.= to Part R5
Added Parameter Vendor Mult.= to Part R6
Added Parameter Vendor Mult.= to Part S1
Added Parameter Vendor Mult.= to Part S2
Added Parameter Vendor Mult.= to Part U2
Added Parameter Vendor Mult.= to Part U3
Added Parameter Vendor p/n= to Part C1
Added Parameter Vendor p/n= to Part C2
Added Parameter Vendor p/n= to Part C3
Added Parameter Vendor p/n= to Part C4
Added Parameter Vendor p/n= to Part C5
Added Parameter Vendor p/n= to Part C6
Added Parameter Vendor p/n= to Part C7
Added Parameter Vendor p/n= to Part C8
Added Parameter Vendor p/n= to Part C9
Added Parameter Vendor p/n= to Part C10
Added Parameter Vendor p/n= to Part J3
Added Parameter Vendor p/n= to Part P2
Added Parameter Vendor p/n= to Part P6
Added Parameter Vendor p/n= to Part R1
Added Parameter Vendor p/n= to Part R2
Added Parameter Vendor p/n= to Part R3
Added Parameter Vendor p/n= to Part R5
Added Parameter Vendor p/n= to Part R6
Added Parameter Vendor p/n= to Part S1
Added Parameter Vendor p/n= to Part S2
Added Parameter Vendor p/n= to Part U2
Added Parameter Vendor p/n= to Part U3
