Change Value of Parameter COST in Part C3 Old= New=0.09
Change Value of Parameter Manufacturer in Part C3 Old= New=AVX
Change Value of Parameter Manuf p/n in Part C3 Old= New=08055C104KAT2A
Change Value of Parameter Vendor Mult. in Part C3 Old=1 New=10
Change Value of Parameter Vendor p/n in Part C3 Old= New=478-1395-1-ND
Change Value of Parameter COST in Part C4 Old= New=0.09
Change Value of Parameter Manufacturer in Part C4 Old= New=AVX
Change Value of Parameter Manuf p/n in Part C4 Old= New=08055C104KAT2A
Change Value of Parameter Vendor Mult. in Part C4 Old=1 New=10
Change Value of Parameter Vendor p/n in Part C4 Old= New=478-1395-1-ND
Change Value of Parameter COST in Part C6 Old= New=0.09
Change Value of Parameter Manufacturer in Part C6 Old= New=AVX
Change Value of Parameter Manuf p/n in Part C6 Old= New=08055C104KAT2A
Change Value of Parameter Vendor Mult. in Part C6 Old=1 New=10
Change Value of Parameter Vendor p/n in Part C6 Old= New=478-1395-1-ND
Change Value of Parameter COST in Part C7 Old= New=0.09
Change Value of Parameter Manufacturer in Part C7 Old= New=AVX
Change Value of Parameter Manuf p/n in Part C7 Old= New=08055C104KAT2A
Change Value of Parameter Vendor Mult. in Part C7 Old=1 New=10
Change Value of Parameter Vendor p/n in Part C7 Old= New=478-1395-1-ND
Change Value of Parameter COST in Part C9 Old= New=0.09
Change Value of Parameter Manufacturer in Part C9 Old= New=AVX
Change Value of Parameter Manuf p/n in Part C9 Old= New=08055C104KAT2A
Change Value of Parameter Vendor Mult. in Part C9 Old=1 New=10
Change Value of Parameter Vendor p/n in Part C9 Old= New=478-1395-1-ND
Change Value of Parameter COST in Part C10 Old= New=0.09
Change Value of Parameter Manufacturer in Part C10 Old= New=AVX
Change Value of Parameter Manuf p/n in Part C10 Old= New=08055C104KAT2A
Change Value of Parameter Vendor Mult. in Part C10 Old=1 New=10
Change Value of Parameter Vendor p/n in Part C10 Old= New=478-1395-1-ND
