Change Value of Parameter COST in Part U1 Old= New=9.60
Change Value of Parameter Manufacturer in Part U1 Old= New=XILINX
Change Value of Parameter Manuf p/n in Part U1 Old= New=XCR3128XL-10VQ100C
Change Value of Parameter Value in Part U1 Old= New=CPLD 128 MACROCELLS 100-VQFP
Change Value of Parameter Vendor p/n in Part U1 Old= New=122-1282-ND
Change Value of Parameter COST in Part U1 Old= New=9.60
Change Value of Parameter Manufacturer in Part U1 Old= New=XILINX
Change Value of Parameter Manuf p/n in Part U1 Old= New=XCR3128XL-10VQ100C
Change Value of Parameter Value in Part U1 Old= New=CPLD 128 MACROCELLS 100-VQFP
Change Value of Parameter Vendor p/n in Part U1 Old= New=122-1282-ND
Change Value of Parameter COST in Part U1 Old= New=9.60
Change Value of Parameter Manufacturer in Part U1 Old= New=XILINX
Change Value of Parameter Manuf p/n in Part U1 Old= New=XCR3128XL-10VQ100C
Change Value of Parameter Value in Part U1 Old= New=CPLD 128 MACROCELLS 100-VQFP
Change Value of Parameter Vendor p/n in Part U1 Old= New=122-1282-ND
Change Value of Parameter COST in Part U1 Old= New=9.60
Change Value of Parameter Manufacturer in Part U1 Old= New=XILINX
Change Value of Parameter Manuf p/n in Part U1 Old= New=XCR3128XL-10VQ100C
Change Value of Parameter Value in Part U1 Old= New=CPLD 128 MACROCELLS 100-VQFP
Change Value of Parameter Vendor p/n in Part U1 Old= New=122-1282-ND
Change Value of Parameter COST in Part U1 Old= New=9.60
Change Value of Parameter Manufacturer in Part U1 Old= New=XILINX
Change Value of Parameter Manuf p/n in Part U1 Old= New=XCR3128XL-10VQ100C
Change Value of Parameter Value in Part U1 Old= New=CPLD 128 MACROCELLS 100-VQFP
Change Value of Parameter Vendor p/n in Part U1 Old= New=122-1282-ND
Change Value of Parameter COST in Part U1 Old= New=9.60
Change Value of Parameter Manufacturer in Part U1 Old= New=XILINX
Change Value of Parameter Manuf p/n in Part U1 Old= New=XCR3128XL-10VQ100C
Change Value of Parameter Value in Part U1 Old= New=CPLD 128 MACROCELLS 100-VQFP
Change Value of Parameter Vendor p/n in Part U1 Old= New=122-1282-ND
Change Value of Parameter COST in Part U1 Old= New=9.60
Change Value of Parameter Manufacturer in Part U1 Old= New=XILINX
Change Value of Parameter Manuf p/n in Part U1 Old= New=XCR3128XL-10VQ100C
Change Value of Parameter Value in Part U1 Old= New=CPLD 128 MACROCELLS 100-VQFP
Change Value of Parameter Vendor p/n in Part U1 Old= New=122-1282-ND
Change Value of Parameter COST in Part U1 Old= New=9.60
Change Value of Parameter Manufacturer in Part U1 Old= New=XILINX
Change Value of Parameter Manuf p/n in Part U1 Old= New=XCR3128XL-10VQ100C
Change Value of Parameter Value in Part U1 Old= New=CPLD 128 MACROCELLS 100-VQFP
Change Value of Parameter Vendor p/n in Part U1 Old= New=122-1282-ND
Change Value of Parameter COST in Part U1 Old= New=9.60
Change Value of Parameter Manufacturer in Part U1 Old= New=XILINX
Change Value of Parameter Manuf p/n in Part U1 Old= New=XCR3128XL-10VQ100C
Change Value of Parameter Value in Part U1 Old= New=CPLD 128 MACROCELLS 100-VQFP
Change Value of Parameter Vendor p/n in Part U1 Old= New=122-1282-ND
Change Value of Parameter COST in Part U1 Old= New=9.60
Change Value of Parameter Manufacturer in Part U1 Old= New=XILINX
Change Value of Parameter Manuf p/n in Part U1 Old= New=XCR3128XL-10VQ100C
Change Value of Parameter Value in Part U1 Old= New=CPLD 128 MACROCELLS 100-VQFP
Change Value of Parameter Vendor p/n in Part U1 Old= New=122-1282-ND
