Removed Parameter Code_JEDEC:MS-026-AED from Part U1
Removed Parameter Code_JEDEC:MS-026-AED from Part U1
Removed Parameter Code_JEDEC:MS-026-AED from Part U1
Removed Parameter Code_JEDEC:MS-026-AED from Part U1
Removed Parameter Code_JEDEC:MS-026-AED from Part U1
Removed Parameter Code_JEDEC:MS-026-AED from Part U1
Removed Parameter Code_JEDEC:MS-026-AED from Part U1
Removed Parameter Code_JEDEC:MS-026-AED from Part U1
Removed Parameter Code_JEDEC:MS-026-AED from Part U1
Removed Parameter Code_JEDEC:MS-026-AED from Part U1
Removed Parameter Code_JEDEC:MS-026-AED from Part U1
Removed Parameter ComponentLink1Description:Manufacturer Link from Part U1
Removed Parameter ComponentLink1Description:Manufacturer Link from Part U1
Removed Parameter ComponentLink1Description:Manufacturer Link from Part U1
Removed Parameter ComponentLink1Description:Manufacturer Link from Part U1
Removed Parameter ComponentLink1Description:Manufacturer Link from Part U1
Removed Parameter ComponentLink1Description:Manufacturer Link from Part U1
Removed Parameter ComponentLink1Description:Manufacturer Link from Part U1
Removed Parameter ComponentLink1Description:Manufacturer Link from Part U1
Removed Parameter ComponentLink1Description:Manufacturer Link from Part U1
Removed Parameter ComponentLink1Description:Manufacturer Link from Part U1
Removed Parameter ComponentLink1Description:Manufacturer Link from Part U1
Removed Parameter ComponentLink1URL:http://www.xilinx.com/products/silicon_solutions/cplds/coolrunner_series/coolrunner_xpla3_cplds/index.htm from Part U1
Removed Parameter ComponentLink1URL:http://www.xilinx.com/products/silicon_solutions/cplds/coolrunner_series/coolrunner_xpla3_cplds/index.htm from Part U1
Removed Parameter ComponentLink1URL:http://www.xilinx.com/products/silicon_solutions/cplds/coolrunner_series/coolrunner_xpla3_cplds/index.htm from Part U1
Removed Parameter ComponentLink1URL:http://www.xilinx.com/products/silicon_solutions/cplds/coolrunner_series/coolrunner_xpla3_cplds/index.htm from Part U1
Removed Parameter ComponentLink1URL:http://www.xilinx.com/products/silicon_solutions/cplds/coolrunner_series/coolrunner_xpla3_cplds/index.htm from Part U1
Removed Parameter ComponentLink1URL:http://www.xilinx.com/products/silicon_solutions/cplds/coolrunner_series/coolrunner_xpla3_cplds/index.htm from Part U1
Removed Parameter ComponentLink1URL:http://www.xilinx.com/products/silicon_solutions/cplds/coolrunner_series/coolrunner_xpla3_cplds/index.htm from Part U1
Removed Parameter ComponentLink1URL:http://www.xilinx.com/products/silicon_solutions/cplds/coolrunner_series/coolrunner_xpla3_cplds/index.htm from Part U1
Removed Parameter ComponentLink1URL:http://www.xilinx.com/products/silicon_solutions/cplds/coolrunner_series/coolrunner_xpla3_cplds/index.htm from Part U1
Removed Parameter ComponentLink1URL:http://www.xilinx.com/products/silicon_solutions/cplds/coolrunner_series/coolrunner_xpla3_cplds/index.htm from Part U1
Removed Parameter ComponentLink1URL:http://www.xilinx.com/products/silicon_solutions/cplds/coolrunner_series/coolrunner_xpla3_cplds/index.htm from Part U1
Removed Parameter ComponentLink2Description:Datasheet from Part U1
Removed Parameter ComponentLink2Description:Datasheet from Part U1
Removed Parameter ComponentLink2Description:Datasheet from Part U1
Removed Parameter ComponentLink2Description:Datasheet from Part U1
Removed Parameter ComponentLink2Description:Datasheet from Part U1
Removed Parameter ComponentLink2Description:Datasheet from Part U1
Removed Parameter ComponentLink2Description:Datasheet from Part U1
Removed Parameter ComponentLink2Description:Datasheet from Part U1
Removed Parameter ComponentLink2Description:Datasheet from Part U1
Removed Parameter ComponentLink2Description:Datasheet from Part U1
Removed Parameter ComponentLink2Description:Datasheet from Part U1
Removed Parameter ComponentLink2URL:http://direct.xilinx.com/bvdocs/publications/ds016.pdf from Part U1
Removed Parameter ComponentLink2URL:http://direct.xilinx.com/bvdocs/publications/ds016.pdf from Part U1
Removed Parameter ComponentLink2URL:http://direct.xilinx.com/bvdocs/publications/ds016.pdf from Part U1
Removed Parameter ComponentLink2URL:http://direct.xilinx.com/bvdocs/publications/ds016.pdf from Part U1
Removed Parameter ComponentLink2URL:http://direct.xilinx.com/bvdocs/publications/ds016.pdf from Part U1
Removed Parameter ComponentLink2URL:http://direct.xilinx.com/bvdocs/publications/ds016.pdf from Part U1
Removed Parameter ComponentLink2URL:http://direct.xilinx.com/bvdocs/publications/ds016.pdf from Part U1
Removed Parameter ComponentLink2URL:http://direct.xilinx.com/bvdocs/publications/ds016.pdf from Part U1
Removed Parameter ComponentLink2URL:http://direct.xilinx.com/bvdocs/publications/ds016.pdf from Part U1
Removed Parameter ComponentLink2URL:http://direct.xilinx.com/bvdocs/publications/ds016.pdf from Part U1
Removed Parameter ComponentLink2URL:http://direct.xilinx.com/bvdocs/publications/ds016.pdf from Part U1
Removed Parameter DatasheetVersion:ver2.6, Mar-2006 from Part U1
Removed Parameter DatasheetVersion:ver2.6, Mar-2006 from Part U1
Removed Parameter DatasheetVersion:ver2.6, Mar-2006 from Part U1
Removed Parameter DatasheetVersion:ver2.6, Mar-2006 from Part U1
Removed Parameter DatasheetVersion:ver2.6, Mar-2006 from Part U1
Removed Parameter DatasheetVersion:ver2.6, Mar-2006 from Part U1
Removed Parameter DatasheetVersion:ver2.6, Mar-2006 from Part U1
Removed Parameter DatasheetVersion:ver2.6, Mar-2006 from Part U1
Removed Parameter DatasheetVersion:ver2.6, Mar-2006 from Part U1
Removed Parameter DatasheetVersion:ver2.6, Mar-2006 from Part U1
Removed Parameter DatasheetVersion:ver2.6, Mar-2006 from Part U1
Removed Parameter LatestRevisionDate:13-Apr-2006 from Part U1
Removed Parameter LatestRevisionDate:13-Apr-2006 from Part U1
Removed Parameter LatestRevisionDate:13-Apr-2006 from Part U1
Removed Parameter LatestRevisionDate:13-Apr-2006 from Part U1
Removed Parameter LatestRevisionDate:13-Apr-2006 from Part U1
Removed Parameter LatestRevisionDate:13-Apr-2006 from Part U1
Removed Parameter LatestRevisionDate:13-Apr-2006 from Part U1
Removed Parameter LatestRevisionDate:13-Apr-2006 from Part U1
Removed Parameter LatestRevisionDate:13-Apr-2006 from Part U1
Removed Parameter LatestRevisionDate:13-Apr-2006 from Part U1
Removed Parameter LatestRevisionDate:13-Apr-2006 from Part U1
Removed Parameter LatestRevisionNote:IPC-7351 Footprint Added. from Part U1
Removed Parameter LatestRevisionNote:IPC-7351 Footprint Added. from Part U1
Removed Parameter LatestRevisionNote:IPC-7351 Footprint Added. from Part U1
Removed Parameter LatestRevisionNote:IPC-7351 Footprint Added. from Part U1
Removed Parameter LatestRevisionNote:IPC-7351 Footprint Added. from Part U1
Removed Parameter LatestRevisionNote:IPC-7351 Footprint Added. from Part U1
Removed Parameter LatestRevisionNote:IPC-7351 Footprint Added. from Part U1
Removed Parameter LatestRevisionNote:IPC-7351 Footprint Added. from Part U1
Removed Parameter LatestRevisionNote:IPC-7351 Footprint Added. from Part U1
Removed Parameter LatestRevisionNote:IPC-7351 Footprint Added. from Part U1
Removed Parameter LatestRevisionNote:IPC-7351 Footprint Added. from Part U1
Removed Parameter PackageDescription:100-Pin Very Thin Quad Flat Pack (VQ100) from Part U1
Removed Parameter PackageDescription:100-Pin Very Thin Quad Flat Pack (VQ100) from Part U1
Removed Parameter PackageDescription:100-Pin Very Thin Quad Flat Pack (VQ100) from Part U1
Removed Parameter PackageDescription:100-Pin Very Thin Quad Flat Pack (VQ100) from Part U1
Removed Parameter PackageDescription:100-Pin Very Thin Quad Flat Pack (VQ100) from Part U1
Removed Parameter PackageDescription:100-Pin Very Thin Quad Flat Pack (VQ100) from Part U1
Removed Parameter PackageDescription:100-Pin Very Thin Quad Flat Pack (VQ100) from Part U1
Removed Parameter PackageDescription:100-Pin Very Thin Quad Flat Pack (VQ100) from Part U1
Removed Parameter PackageDescription:100-Pin Very Thin Quad Flat Pack (VQ100) from Part U1
Removed Parameter PackageDescription:100-Pin Very Thin Quad Flat Pack (VQ100) from Part U1
Removed Parameter PackageDescription:100-Pin Very Thin Quad Flat Pack (VQ100) from Part U1
Removed Parameter PackageReference:VQ100 from Part U1
Removed Parameter PackageReference:VQ100 from Part U1
Removed Parameter PackageReference:VQ100 from Part U1
Removed Parameter PackageReference:VQ100 from Part U1
Removed Parameter PackageReference:VQ100 from Part U1
Removed Parameter PackageReference:VQ100 from Part U1
Removed Parameter PackageReference:VQ100 from Part U1
Removed Parameter PackageReference:VQ100 from Part U1
Removed Parameter PackageReference:VQ100 from Part U1
Removed Parameter PackageReference:VQ100 from Part U1
Removed Parameter PackageReference:VQ100 from Part U1
Removed Parameter PackageVersion:ver1.2, Jun-2004 from Part U1
Removed Parameter PackageVersion:ver1.2, Jun-2004 from Part U1
Removed Parameter PackageVersion:ver1.2, Jun-2004 from Part U1
Removed Parameter PackageVersion:ver1.2, Jun-2004 from Part U1
Removed Parameter PackageVersion:ver1.2, Jun-2004 from Part U1
Removed Parameter PackageVersion:ver1.2, Jun-2004 from Part U1
Removed Parameter PackageVersion:ver1.2, Jun-2004 from Part U1
Removed Parameter PackageVersion:ver1.2, Jun-2004 from Part U1
Removed Parameter PackageVersion:ver1.2, Jun-2004 from Part U1
Removed Parameter PackageVersion:ver1.2, Jun-2004 from Part U1
Removed Parameter PackageVersion:ver1.2, Jun-2004 from Part U1
Removed Parameter Published:17-Jul-2002 from Part U1
Removed Parameter Published:17-Jul-2002 from Part U1
Removed Parameter Published:17-Jul-2002 from Part U1
Removed Parameter Published:17-Jul-2002 from Part U1
Removed Parameter Published:17-Jul-2002 from Part U1
Removed Parameter Published:17-Jul-2002 from Part U1
Removed Parameter Published:17-Jul-2002 from Part U1
Removed Parameter Published:17-Jul-2002 from Part U1
Removed Parameter Published:17-Jul-2002 from Part U1
Removed Parameter Published:17-Jul-2002 from Part U1
Removed Parameter Published:17-Jul-2002 from Part U1
Removed Parameter Publisher:Altium Limited from Part U1
Removed Parameter Publisher:Altium Limited from Part U1
Removed Parameter Publisher:Altium Limited from Part U1
Removed Parameter Publisher:Altium Limited from Part U1
Removed Parameter Publisher:Altium Limited from Part U1
Removed Parameter Publisher:Altium Limited from Part U1
Removed Parameter Publisher:Altium Limited from Part U1
Removed Parameter Publisher:Altium Limited from Part U1
Removed Parameter Publisher:Altium Limited from Part U1
Removed Parameter Publisher:Altium Limited from Part U1
Removed Parameter Publisher:Altium Limited from Part U1
