Added Parameter COST= to Part U1
Added Parameter COST= to Part U1
Added Parameter COST= to Part U1
Added Parameter COST= to Part U1
Added Parameter COST= to Part U1
Added Parameter COST= to Part U1
Added Parameter COST= to Part U1
Added Parameter COST= to Part U1
Added Parameter COST= to Part U1
Added Parameter COST= to Part U1
Added Parameter COST= to Part U1
Added Parameter Manufacturer= to Part U1
Added Parameter Manufacturer= to Part U1
Added Parameter Manufacturer= to Part U1
Added Parameter Manufacturer= to Part U1
Added Parameter Manufacturer= to Part U1
Added Parameter Manufacturer= to Part U1
Added Parameter Manufacturer= to Part U1
Added Parameter Manufacturer= to Part U1
Added Parameter Manufacturer= to Part U1
Added Parameter Manufacturer= to Part U1
Added Parameter Manufacturer= to Part U1
Added Parameter Manuf p/n= to Part U1
Added Parameter Manuf p/n= to Part U1
Added Parameter Manuf p/n= to Part U1
Added Parameter Manuf p/n= to Part U1
Added Parameter Manuf p/n= to Part U1
Added Parameter Manuf p/n= to Part U1
Added Parameter Manuf p/n= to Part U1
Added Parameter Manuf p/n= to Part U1
Added Parameter Manuf p/n= to Part U1
Added Parameter Manuf p/n= to Part U1
Added Parameter Manuf p/n= to Part U1
Added Parameter Value= to Part U1
Added Parameter Value= to Part U1
Added Parameter Value= to Part U1
Added Parameter Value= to Part U1
Added Parameter Value= to Part U1
Added Parameter Value= to Part U1
Added Parameter Value= to Part U1
Added Parameter Value= to Part U1
Added Parameter Value= to Part U1
Added Parameter Value= to Part U1
Added Parameter Value= to Part U1
Added Parameter Vendor= to Part U1
Added Parameter Vendor= to Part U1
Added Parameter Vendor= to Part U1
Added Parameter Vendor= to Part U1
Added Parameter Vendor= to Part U1
Added Parameter Vendor= to Part U1
Added Parameter Vendor= to Part U1
Added Parameter Vendor= to Part U1
Added Parameter Vendor= to Part U1
Added Parameter Vendor= to Part U1
Added Parameter Vendor= to Part U1
Added Parameter Vendor Mult.= to Part U1
Added Parameter Vendor Mult.= to Part U1
Added Parameter Vendor Mult.= to Part U1
Added Parameter Vendor Mult.= to Part U1
Added Parameter Vendor Mult.= to Part U1
Added Parameter Vendor Mult.= to Part U1
Added Parameter Vendor Mult.= to Part U1
Added Parameter Vendor Mult.= to Part U1
Added Parameter Vendor Mult.= to Part U1
Added Parameter Vendor Mult.= to Part U1
Added Parameter Vendor Mult.= to Part U1
Added Parameter Vendor p/n= to Part U1
Added Parameter Vendor p/n= to Part U1
Added Parameter Vendor p/n= to Part U1
Added Parameter Vendor p/n= to Part U1
Added Parameter Vendor p/n= to Part U1
Added Parameter Vendor p/n= to Part U1
Added Parameter Vendor p/n= to Part U1
Added Parameter Vendor p/n= to Part U1
Added Parameter Vendor p/n= to Part U1
Added Parameter Vendor p/n= to Part U1
Added Parameter Vendor p/n= to Part U1
