Change Value of Parameter COST in Part C56 Old= New=0.09
Change Value of Parameter Manufacturer in Part C56 Old= New=AVX
Change Value of Parameter Manuf p/n in Part C56 Old= New=08055C104KAT2A
Change Value of Parameter Vendor Mult. in Part C56 Old=1 New=10
Change Value of Parameter Vendor p/n in Part C56 Old= New=478-1395-1-ND
Change Value of Parameter COST in Part C57 Old= New=0.09
Change Value of Parameter Manufacturer in Part C57 Old= New=AVX
Change Value of Parameter Manuf p/n in Part C57 Old= New=08055C104KAT2A
Change Value of Parameter Vendor Mult. in Part C57 Old=1 New=10
Change Value of Parameter Vendor p/n in Part C57 Old= New=478-1395-1-ND
Change Value of Parameter COST in Part C58 Old= New=0.09
Change Value of Parameter Manufacturer in Part C58 Old= New=AVX
Change Value of Parameter Manuf p/n in Part C58 Old= New=08055C104KAT2A
Change Value of Parameter Vendor Mult. in Part C58 Old=1 New=10
Change Value of Parameter Vendor p/n in Part C58 Old= New=478-1395-1-ND
Change Value of Parameter COST in Part C59 Old= New=0.09
Change Value of Parameter Manufacturer in Part C59 Old= New=AVX
Change Value of Parameter Manuf p/n in Part C59 Old= New=08055C104KAT2A
Change Value of Parameter Vendor Mult. in Part C59 Old=1 New=10
Change Value of Parameter Vendor p/n in Part C59 Old= New=478-1395-1-ND
Change Value of Parameter COST in Part C60 Old= New=0.09
Change Value of Parameter Manufacturer in Part C60 Old= New=AVX
Change Value of Parameter Manuf p/n in Part C60 Old= New=08055C104KAT2A
Change Value of Parameter Vendor Mult. in Part C60 Old=1 New=10
Change Value of Parameter Vendor p/n in Part C60 Old= New=478-1395-1-ND
Change Value of Parameter COST in Part C61 Old= New=0.09
Change Value of Parameter Manufacturer in Part C61 Old= New=AVX
Change Value of Parameter Manuf p/n in Part C61 Old= New=08055C104KAT2A
Change Value of Parameter Vendor Mult. in Part C61 Old=1 New=10
Change Value of Parameter Vendor p/n in Part C61 Old= New=478-1395-1-ND
Change Value of Parameter COST in Part C62 Old= New=0.09
Change Value of Parameter Manufacturer in Part C62 Old= New=AVX
Change Value of Parameter Manuf p/n in Part C62 Old= New=08055C104KAT2A
Change Value of Parameter Vendor Mult. in Part C62 Old=1 New=10
Change Value of Parameter Vendor p/n in Part C62 Old= New=478-1395-1-ND
