Removed Parameter Bottom:20 from Part U7
Removed Parameter Code_JEDEC:DO-214-AB from Part D3
Removed Parameter Code_JEDEC:DO-214-AB from Part D4
Removed Parameter Code_JEDEC:DO-214-AB from Part D5
Removed Parameter LatestRevisionDate:04-Mar-2005 from Part R11
Removed Parameter LatestRevisionDate:17-Jul-2002 from Part C12
Removed Parameter LatestRevisionDate:17-Jul-2002 from Part C13
Removed Parameter LatestRevisionDate:17-Jul-2002 from Part C14
Removed Parameter LatestRevisionDate:17-Jul-2002 from Part C15
Removed Parameter LatestRevisionDate:17-Jul-2002 from Part C16
Removed Parameter LatestRevisionDate:17-Jul-2002 from Part C17
Removed Parameter LatestRevisionDate:17-Jul-2002 from Part C18
Removed Parameter LatestRevisionDate:17-Jul-2002 from Part C19
Removed Parameter LatestRevisionDate:17-Jul-2002 from Part C20
Removed Parameter LatestRevisionDate:17-Jul-2002 from Part C21
Removed Parameter LatestRevisionDate:17-Jul-2002 from Part C22
Removed Parameter LatestRevisionDate:17-Jul-2002 from Part D3
Removed Parameter LatestRevisionDate:17-Jul-2002 from Part D4
Removed Parameter LatestRevisionDate:17-Jul-2002 from Part D5
Removed Parameter LatestRevisionDate:17-Jul-2002 from Part Q1
Removed Parameter LatestRevisionDate:17-Jul-2002 from Part Q2
Removed Parameter LatestRevisionDate:17-Jul-2002 from Part Q3
Removed Parameter LatestRevisionDate:17-Jul-2002 from Part Q5
Removed Parameter LatestRevisionDate:17-Jul-2002 from Part Q6
Removed Parameter LatestRevisionNote:PCB Footprint replaced. from Part R11
Removed Parameter LatestRevisionNote:Re-released for DXP Platform. from Part C12
Removed Parameter LatestRevisionNote:Re-released for DXP Platform. from Part C13
Removed Parameter LatestRevisionNote:Re-released for DXP Platform. from Part C14
Removed Parameter LatestRevisionNote:Re-released for DXP Platform. from Part C15
Removed Parameter LatestRevisionNote:Re-released for DXP Platform. from Part C16
Removed Parameter LatestRevisionNote:Re-released for DXP Platform. from Part C17
Removed Parameter LatestRevisionNote:Re-released for DXP Platform. from Part C18
Removed Parameter LatestRevisionNote:Re-released for DXP Platform. from Part C19
Removed Parameter LatestRevisionNote:Re-released for DXP Platform. from Part C20
Removed Parameter LatestRevisionNote:Re-released for DXP Platform. from Part C21
Removed Parameter LatestRevisionNote:Re-released for DXP Platform. from Part C22
Removed Parameter LatestRevisionNote:Re-released for DXP Platform. from Part D3
Removed Parameter LatestRevisionNote:Re-released for DXP Platform. from Part D4
Removed Parameter LatestRevisionNote:Re-released for DXP Platform. from Part D5
Removed Parameter LatestRevisionNote:Re-released for DXP Platform. from Part Q1
Removed Parameter LatestRevisionNote:Re-released for DXP Platform. from Part Q2
Removed Parameter LatestRevisionNote:Re-released for DXP Platform. from Part Q3
Removed Parameter LatestRevisionNote:Re-released for DXP Platform. from Part Q5
Removed Parameter LatestRevisionNote:Re-released for DXP Platform. from Part Q6
Removed Parameter PackageDocument:1995/1996 from Part Q1
Removed Parameter PackageDocument:1995/1996 from Part Q2
Removed Parameter PackageDocument:1995/1996 from Part Q3
Removed Parameter PackageDocument:1995/1996 from Part Q5
Removed Parameter PackageDocument:1995/1996 from Part Q6
Removed Parameter PackageDocument:Sep-1996 from Part D3
Removed Parameter PackageDocument:Sep-1996 from Part D4
Removed Parameter PackageDocument:Sep-1996 from Part D5
Removed Parameter PackageReference:E3 from Part Q1
Removed Parameter PackageReference:E3 from Part Q2
Removed Parameter PackageReference:E3 from Part Q3
Removed Parameter PackageReference:E3 from Part Q5
Removed Parameter PackageReference:E3 from Part Q6
Removed Parameter PackageReference:J1-0603 from Part R11
Removed Parameter PackageReference:RAD-0.3 from Part C12
Removed Parameter PackageReference:RAD-0.3 from Part C13
Removed Parameter PackageReference:RAD-0.3 from Part C14
Removed Parameter PackageReference:RAD-0.3 from Part C15
Removed Parameter PackageReference:RAD-0.3 from Part C16
Removed Parameter PackageReference:RAD-0.3 from Part C17
Removed Parameter PackageReference:RAD-0.3 from Part C18
Removed Parameter PackageReference:RAD-0.3 from Part C19
Removed Parameter PackageReference:RAD-0.3 from Part C20
Removed Parameter PackageReference:RAD-0.3 from Part C21
Removed Parameter PackageReference:RAD-0.3 from Part C22
Removed Parameter PackageReference:SMC from Part D3
Removed Parameter PackageReference:SMC from Part D4
Removed Parameter PackageReference:SMC from Part D5
Removed Parameter Published:8-Jun-2000 from Part C12
Removed Parameter Published:8-Jun-2000 from Part C13
Removed Parameter Published:8-Jun-2000 from Part C14
Removed Parameter Published:8-Jun-2000 from Part C15
Removed Parameter Published:8-Jun-2000 from Part C16
Removed Parameter Published:8-Jun-2000 from Part C17
Removed Parameter Published:8-Jun-2000 from Part C18
Removed Parameter Published:8-Jun-2000 from Part C19
Removed Parameter Published:8-Jun-2000 from Part C20
Removed Parameter Published:8-Jun-2000 from Part C21
Removed Parameter Published:8-Jun-2000 from Part C22
Removed Parameter Published:8-Jun-2000 from Part D3
Removed Parameter Published:8-Jun-2000 from Part D4
Removed Parameter Published:8-Jun-2000 from Part D5
Removed Parameter Published:8-Jun-2000 from Part Q1
Removed Parameter Published:8-Jun-2000 from Part Q2
Removed Parameter Published:8-Jun-2000 from Part Q3
Removed Parameter Published:8-Jun-2000 from Part Q5
Removed Parameter Published:8-Jun-2000 from Part Q6
Removed Parameter Published:8-Jun-2000 from Part R11
Removed Parameter Publisher:Altium Limited from Part C12
Removed Parameter Publisher:Altium Limited from Part C13
Removed Parameter Publisher:Altium Limited from Part C14
Removed Parameter Publisher:Altium Limited from Part C15
Removed Parameter Publisher:Altium Limited from Part C16
Removed Parameter Publisher:Altium Limited from Part C17
Removed Parameter Publisher:Altium Limited from Part C18
Removed Parameter Publisher:Altium Limited from Part C19
Removed Parameter Publisher:Altium Limited from Part C20
Removed Parameter Publisher:Altium Limited from Part C21
Removed Parameter Publisher:Altium Limited from Part C22
Removed Parameter Publisher:Altium Limited from Part D3
Removed Parameter Publisher:Altium Limited from Part D4
Removed Parameter Publisher:Altium Limited from Part D5
Removed Parameter Publisher:Altium Limited from Part Q1
Removed Parameter Publisher:Altium Limited from Part Q2
Removed Parameter Publisher:Altium Limited from Part Q3
Removed Parameter Publisher:Altium Limited from Part Q5
Removed Parameter Publisher:Altium Limited from Part Q6
Removed Parameter Publisher:Altium Limited from Part R11
Removed Parameter Right:20 from Part U7
