Added Parameter COST=0.98 to Part D3
Added Parameter COST= to Part D4
Added Parameter COST= to Part D5
Added Parameter Manufacturer= to Part D4
Added Parameter Manufacturer= to Part D5
Added Parameter Manufacturer=Vishay/Dale to Part D3
Added Parameter Manuf p/n=SL43-E3/57T to Part D3
Added Parameter Manuf p/n= to Part D4
Added Parameter Manuf p/n= to Part D5
Added Parameter Value= to Part D3
Added Parameter Value= to Part D4
Added Parameter Value= to Part D5
Added Parameter Vendor=DigiKey to Part D3
Added Parameter Vendor= to Part D4
Added Parameter Vendor= to Part D5
Added Parameter Vendor Mult.=1 to Part D3
Added Parameter Vendor Mult.= to Part D4
Added Parameter Vendor Mult.= to Part D5
Added Parameter Vendor p/n= to Part D3
Added Parameter Vendor p/n= to Part D4
Added Parameter Vendor p/n= to Part D5
