Change Value of Parameter COST in Part C21 Old= New=0.48
Change Value of Parameter Manufacturer in Part C21 Old= New=MURATA
Change Value of Parameter Manuf p/n in Part C21 Old= New=GRM21BR71H105KA12L
Change Value of Parameter Vendor Mult. in Part C21 Old=1 New=10
Change Value of Parameter Vendor p/n in Part C21 Old= New=490-4736-1-ND
Change Value of Parameter COST in Part C54 Old= New=0.48
Change Value of Parameter Manufacturer in Part C54 Old= New=MURATA
Change Value of Parameter Manuf p/n in Part C54 Old= New=GRM21BR71H105KA12L
Change Value of Parameter Vendor Mult. in Part C54 Old=1 New=10
Change Value of Parameter Vendor p/n in Part C54 Old= New=490-4736-1-ND
Change Value of Parameter COST in Part C55 Old= New=0.48
Change Value of Parameter Manufacturer in Part C55 Old= New=MURATA
Change Value of Parameter Manuf p/n in Part C55 Old= New=GRM21BR71H105KA12L
Change Value of Parameter Vendor Mult. in Part C55 Old=1 New=10
Change Value of Parameter Vendor p/n in Part C55 Old= New=490-4736-1-ND
Change Value of Parameter COST in Part K1 Old= New=3.88
Change Value of Parameter Manufacturer in Part K1 Old= New=OMRON
Change Value of Parameter Manuf p/n in Part K1 Old= New=G6SK-2 DC24
Change Value of Parameter Value in Part K1 Old= New=DPDT LATCHING
Change Value of Parameter Vendor p/n in Part K1 Old= New=Z2664-ND
Change Value of Parameter COST in Part K1 Old= New=3.88
Change Value of Parameter Manufacturer in Part K1 Old= New=OMRON
Change Value of Parameter Manuf p/n in Part K1 Old= New=G6SK-2 DC24
Change Value of Parameter Value in Part K1 Old= New=DPDT LATCHING
Change Value of Parameter Vendor p/n in Part K1 Old= New=Z2664-ND
