Change Value of Parameter COST in Part C12 Old= New=0.09
Change Value of Parameter Manufacturer in Part C12 Old= New=AVX
Change Value of Parameter Manuf p/n in Part C12 Old= New=08055C104KAT2A
Change Value of Parameter Value in Part C12 Old=100n New=0.1uF
Change Value of Parameter Vendor Mult. in Part C12 Old=1 New=10
Change Value of Parameter Vendor p/n in Part C12 Old= New=478-1395-1-ND
Change Value of Parameter COST in Part C13 Old= New=0.09
Change Value of Parameter Manufacturer in Part C13 Old= New=AVX
Change Value of Parameter Manuf p/n in Part C13 Old= New=08055C104KAT2A
Change Value of Parameter Value in Part C13 Old=100n New=0.1uF
Change Value of Parameter Vendor Mult. in Part C13 Old=1 New=10
Change Value of Parameter Vendor p/n in Part C13 Old= New=478-1395-1-ND
Change Value of Parameter COST in Part C14 Old= New=0.09
Change Value of Parameter Manufacturer in Part C14 Old= New=AVX
Change Value of Parameter Manuf p/n in Part C14 Old= New=08055C104KAT2A
Change Value of Parameter Value in Part C14 Old=100n New=0.1uF
Change Value of Parameter Vendor Mult. in Part C14 Old=1 New=10
Change Value of Parameter Vendor p/n in Part C14 Old= New=478-1395-1-ND
Change Value of Parameter COST in Part C15 Old= New=0.09
Change Value of Parameter Manufacturer in Part C15 Old= New=AVX
Change Value of Parameter Manuf p/n in Part C15 Old= New=08055C104KAT2A
Change Value of Parameter Value in Part C15 Old=100n New=0.1uF
Change Value of Parameter Vendor Mult. in Part C15 Old=1 New=10
Change Value of Parameter Vendor p/n in Part C15 Old= New=478-1395-1-ND
Change Value of Parameter COST in Part C16 Old=0.088 New=0.09
Change Value of Parameter COST in Part C18 Old= New=0.09
Change Value of Parameter Manufacturer in Part C18 Old= New=AVX
Change Value of Parameter Manuf p/n in Part C18 Old= New=08055C104KAT2A
Change Value of Parameter Value in Part C18 Old=100n New=0.1uF
Change Value of Parameter Vendor Mult. in Part C18 Old=1 New=10
Change Value of Parameter Vendor p/n in Part C18 Old= New=478-1395-1-ND
Change Value of Parameter COST in Part C19 Old=0.088 New=0.09
Change Value of Parameter COST in Part C20 Old=0.088 New=0.09
Change Value of Parameter COST in Part C22 Old= New=0.09
Change Value of Parameter Manufacturer in Part C22 Old= New=AVX
Change Value of Parameter Manuf p/n in Part C22 Old= New=08055C104KAT2A
Change Value of Parameter Value in Part C22 Old=100n New=0.1uF
Change Value of Parameter Vendor Mult. in Part C22 Old=1 New=10
Change Value of Parameter Vendor p/n in Part C22 Old= New=478-1395-1-ND
Change Value of Parameter COST in Part C23 Old=0.088 New=0.09
