Added Parameter COST= to Part C12
Added Parameter COST= to Part C13
Added Parameter COST= to Part C14
Added Parameter COST= to Part C15
Added Parameter COST= to Part C16
Added Parameter COST= to Part C17
Added Parameter COST= to Part C18
Added Parameter COST= to Part C19
Added Parameter COST= to Part C20
Added Parameter COST= to Part C21
Added Parameter COST= to Part C22
Added Parameter COST= to Part K1
Added Parameter COST= to Part K1
Added Parameter COST= to Part K1
Added Parameter COST= to Part Q1
Added Parameter COST= to Part Q2
Added Parameter COST= to Part Q3
Added Parameter COST= to Part Q5
Added Parameter COST= to Part Q6
Added Parameter COST= to Part R11
Added Parameter COST= to Part U5
Added Parameter COST= to Part U6
Added Parameter COST= to Part U7
Added Parameter COST= to Part U8
Added Parameter Manufacturer= to Part C12
Added Parameter Manufacturer= to Part C13
Added Parameter Manufacturer= to Part C14
Added Parameter Manufacturer= to Part C15
Added Parameter Manufacturer= to Part C16
Added Parameter Manufacturer= to Part C17
Added Parameter Manufacturer= to Part C18
Added Parameter Manufacturer= to Part C19
Added Parameter Manufacturer= to Part C20
Added Parameter Manufacturer= to Part C21
Added Parameter Manufacturer= to Part C22
Added Parameter Manufacturer= to Part K1
Added Parameter Manufacturer= to Part K1
Added Parameter Manufacturer= to Part K1
Added Parameter Manufacturer= to Part Q1
Added Parameter Manufacturer= to Part Q2
Added Parameter Manufacturer= to Part Q3
Added Parameter Manufacturer= to Part Q5
Added Parameter Manufacturer= to Part Q6
Added Parameter Manufacturer= to Part R11
Added Parameter Manufacturer= to Part U5
Added Parameter Manufacturer= to Part U6
Added Parameter Manufacturer= to Part U7
Added Parameter Manufacturer= to Part U8
Added Parameter Manuf p/n= to Part C12
Added Parameter Manuf p/n= to Part C13
Added Parameter Manuf p/n= to Part C14
Added Parameter Manuf p/n= to Part C15
Added Parameter Manuf p/n= to Part C16
Added Parameter Manuf p/n= to Part C17
Added Parameter Manuf p/n= to Part C18
Added Parameter Manuf p/n= to Part C19
Added Parameter Manuf p/n= to Part C20
Added Parameter Manuf p/n= to Part C21
Added Parameter Manuf p/n= to Part C22
Added Parameter Manuf p/n= to Part K1
Added Parameter Manuf p/n= to Part K1
Added Parameter Manuf p/n= to Part K1
Added Parameter Manuf p/n= to Part Q1
Added Parameter Manuf p/n= to Part Q2
Added Parameter Manuf p/n= to Part Q3
Added Parameter Manuf p/n= to Part Q5
Added Parameter Manuf p/n= to Part Q6
Added Parameter Manuf p/n= to Part R11
Added Parameter Manuf p/n= to Part U5
Added Parameter Manuf p/n= to Part U6
Added Parameter Manuf p/n= to Part U7
Added Parameter Manuf p/n= to Part U8
Added Parameter Value= to Part K1
Added Parameter Value= to Part K1
Added Parameter Value= to Part K1
Added Parameter Value= to Part Q1
Added Parameter Value= to Part Q2
Added Parameter Value= to Part Q3
Added Parameter Value= to Part Q5
Added Parameter Value= to Part Q6
Added Parameter Value= to Part U5
Added Parameter Value= to Part U6
Added Parameter Value= to Part U7
Added Parameter Value= to Part U8
Added Parameter Vendor= to Part K1
Added Parameter Vendor= to Part K1
Added Parameter Vendor= to Part K1
Added Parameter Vendor= to Part Q1
Added Parameter Vendor= to Part Q2
Added Parameter Vendor= to Part Q3
Added Parameter Vendor= to Part Q5
Added Parameter Vendor= to Part Q6
Added Parameter Vendor= to Part R11
Added Parameter Vendor= to Part U5
Added Parameter Vendor= to Part U6
Added Parameter Vendor= to Part U7
Added Parameter Vendor= to Part U8
Added Parameter Vendor Mult.= to Part C12
Added Parameter Vendor Mult.= to Part C13
Added Parameter Vendor Mult.= to Part C14
Added Parameter Vendor Mult.= to Part C15
Added Parameter Vendor Mult.= to Part C16
Added Parameter Vendor Mult.= to Part C17
Added Parameter Vendor Mult.= to Part C18
Added Parameter Vendor Mult.= to Part C19
Added Parameter Vendor Mult.= to Part C20
Added Parameter Vendor Mult.= to Part C21
Added Parameter Vendor Mult.= to Part C22
Added Parameter Vendor Mult.= to Part K1
Added Parameter Vendor Mult.= to Part K1
Added Parameter Vendor Mult.= to Part K1
Added Parameter Vendor Mult.= to Part Q1
Added Parameter Vendor Mult.= to Part Q2
Added Parameter Vendor Mult.= to Part Q3
Added Parameter Vendor Mult.= to Part Q5
Added Parameter Vendor Mult.= to Part Q6
Added Parameter Vendor Mult.= to Part R11
Added Parameter Vendor Mult.= to Part U5
Added Parameter Vendor Mult.= to Part U6
Added Parameter Vendor Mult.= to Part U7
Added Parameter Vendor Mult.= to Part U8
Added Parameter Vendor p/n= to Part C12
Added Parameter Vendor p/n= to Part C13
Added Parameter Vendor p/n= to Part C14
Added Parameter Vendor p/n= to Part C15
Added Parameter Vendor p/n= to Part C16
Added Parameter Vendor p/n= to Part C17
Added Parameter Vendor p/n= to Part C18
Added Parameter Vendor p/n= to Part C19
Added Parameter Vendor p/n= to Part C20
Added Parameter Vendor p/n= to Part C21
Added Parameter Vendor p/n= to Part C22
Added Parameter Vendor p/n= to Part K1
Added Parameter Vendor p/n= to Part K1
Added Parameter Vendor p/n= to Part K1
Added Parameter Vendor p/n= to Part Q1
Added Parameter Vendor p/n= to Part Q2
Added Parameter Vendor p/n= to Part Q3
Added Parameter Vendor p/n= to Part Q5
Added Parameter Vendor p/n= to Part Q6
Added Parameter Vendor p/n= to Part R11
Added Parameter Vendor p/n= to Part U5
Added Parameter Vendor p/n= to Part U6
Added Parameter Vendor p/n= to Part U7
Added Parameter Vendor p/n= to Part U8
