Change Value of Parameter Vendor Mult. in Part C12 Old= New=1
Change Value of Parameter Vendor Mult. in Part C13 Old= New=1
Change Value of Parameter Vendor Mult. in Part C14 Old= New=1
Change Value of Parameter Vendor Mult. in Part C15 Old= New=1
Change Value of Parameter Vendor Mult. in Part C16 Old= New=1
Change Value of Parameter Vendor Mult. in Part C17 Old= New=1
Change Value of Parameter Vendor Mult. in Part C18 Old= New=1
Change Value of Parameter Vendor Mult. in Part C19 Old= New=1
Change Value of Parameter Vendor Mult. in Part C20 Old= New=1
Change Value of Parameter Vendor Mult. in Part C21 Old= New=1
Change Value of Parameter Vendor Mult. in Part C22 Old= New=1
Change Value of Parameter Vendor in Part C54 Old= New=DigiKey
Change Value of Parameter Vendor Mult. in Part C54 Old= New=1
Change Value of Parameter Vendor in Part C55 Old= New=DigiKey
Change Value of Parameter Vendor Mult. in Part C55 Old= New=1
Change Value of Parameter Vendor in Part D4 Old= New=DigiKey
Change Value of Parameter Vendor Mult. in Part D4 Old= New=1
Change Value of Parameter Vendor in Part D5 Old= New=DigiKey
Change Value of Parameter Vendor Mult. in Part D5 Old= New=1
Change Value of Parameter Vendor in Part K1 Old= New=DigiKey
Change Value of Parameter Vendor Mult. in Part K1 Old= New=1
Change Value of Parameter Vendor in Part K1 Old= New=DigiKey
Change Value of Parameter Vendor Mult. in Part K1 Old= New=1
Change Value of Parameter Vendor in Part K1 Old= New=DigiKey
Change Value of Parameter Vendor Mult. in Part K1 Old= New=1
Change Value of Parameter Vendor in Part L1 Old= New=DigiKey
Change Value of Parameter Vendor Mult. in Part L1 Old= New=1
Change Value of Parameter Vendor in Part L3 Old= New=DigiKey
Change Value of Parameter Vendor Mult. in Part L3 Old= New=1
Change Value of Parameter Vendor in Part Q2 Old= New=DigiKey
Change Value of Parameter Vendor Mult. in Part Q2 Old= New=1
Change Value of Parameter Vendor in Part Q3 Old= New=DigiKey
Change Value of Parameter Vendor Mult. in Part Q3 Old= New=1
Change Value of Parameter Vendor in Part Q5 Old= New=DigiKey
Change Value of Parameter Vendor Mult. in Part Q5 Old= New=1
Change Value of Parameter Vendor in Part Q6 Old= New=DigiKey
Change Value of Parameter Vendor Mult. in Part Q6 Old= New=1
Change Value of Parameter Vendor in Part R11 Old= New=DigiKey
Change Value of Parameter Vendor Mult. in Part R11 Old= New=1
Change Value of Parameter Vendor in Part U6 Old= New=DigiKey
Change Value of Parameter Vendor Mult. in Part U6 Old= New=1
Change Value of Parameter Vendor in Part U7 Old= New=DigiKey
Change Value of Parameter Vendor Mult. in Part U7 Old= New=1
Change Value of Parameter Vendor in Part U8 Old= New=DigiKey
Change Value of Parameter Vendor Mult. in Part U8 Old= New=1
