Change Value of Parameter COST in Part TP1 Old= New=0.32
Change Value of Parameter Manufacturer in Part TP1 Old= New=Keystone
Change Value of Parameter Manuf p/n in Part TP1 Old= New=5015
Change Value of Parameter Vendor Mult. in Part TP1 Old= New=1
Change Value of Parameter Vendor p/n in Part TP1 Old= New=5015KCT-ND
Change Value of Parameter COST in Part TP2 Old= New=0.32
Change Value of Parameter Manufacturer in Part TP2 Old= New=Keystone
Change Value of Parameter Manuf p/n in Part TP2 Old= New=5015
Change Value of Parameter Vendor in Part TP2 Old= New=DigiKey
Change Value of Parameter Vendor Mult. in Part TP2 Old= New=1
Change Value of Parameter Vendor p/n in Part TP2 Old= New=5015KCT-ND
Change Value of Parameter COST in Part TP3 Old= New=0.32
Change Value of Parameter Manufacturer in Part TP3 Old= New=Keystone
Change Value of Parameter Manuf p/n in Part TP3 Old= New=5015
Change Value of Parameter Vendor in Part TP3 Old= New=DigiKey
Change Value of Parameter Vendor Mult. in Part TP3 Old= New=1
Change Value of Parameter Vendor p/n in Part TP3 Old= New=5015KCT-ND
Change Value of Parameter COST in Part TP4 Old= New=0.32
Change Value of Parameter Manufacturer in Part TP4 Old= New=Keystone
Change Value of Parameter Manuf p/n in Part TP4 Old= New=5015
Change Value of Parameter Vendor in Part TP4 Old= New=DigiKey
Change Value of Parameter Vendor Mult. in Part TP4 Old= New=1
Change Value of Parameter Vendor p/n in Part TP4 Old= New=5015KCT-ND
Change Value of Parameter COST in Part TP5 Old= New=0.32
Change Value of Parameter Manufacturer in Part TP5 Old= New=Keystone
Change Value of Parameter Manuf p/n in Part TP5 Old= New=5015
Change Value of Parameter Vendor in Part TP5 Old= New=DigiKey
Change Value of Parameter Vendor Mult. in Part TP5 Old= New=1
Change Value of Parameter Vendor p/n in Part TP5 Old= New=5015KCT-ND
Change Value of Parameter COST in Part TP6 Old= New=0.32
Change Value of Parameter Manufacturer in Part TP6 Old= New=Keystone
Change Value of Parameter Manuf p/n in Part TP6 Old= New=5015
Change Value of Parameter Vendor in Part TP6 Old= New=DigiKey
Change Value of Parameter Vendor Mult. in Part TP6 Old= New=1
Change Value of Parameter Vendor p/n in Part TP6 Old= New=5015KCT-ND
Change Value of Parameter COST in Part TP7 Old= New=0.32
Change Value of Parameter Manufacturer in Part TP7 Old= New=Keystone
Change Value of Parameter Manuf p/n in Part TP7 Old= New=5015
Change Value of Parameter Vendor in Part TP7 Old= New=DigiKey
Change Value of Parameter Vendor Mult. in Part TP7 Old= New=1
Change Value of Parameter Vendor p/n in Part TP7 Old= New=5015KCT-ND
Change Value of Parameter COST in Part TP8 Old= New=0.32
Change Value of Parameter Manufacturer in Part TP8 Old= New=Keystone
Change Value of Parameter Manuf p/n in Part TP8 Old= New=5015
Change Value of Parameter Vendor in Part TP8 Old= New=DigiKey
Change Value of Parameter Vendor Mult. in Part TP8 Old= New=1
Change Value of Parameter Vendor p/n in Part TP8 Old= New=5015KCT-ND
Change Value of Parameter COST in Part TP9 Old= New=0.32
Change Value of Parameter Manufacturer in Part TP9 Old= New=Keystone
Change Value of Parameter Manuf p/n in Part TP9 Old= New=5015
Change Value of Parameter Vendor in Part TP9 Old= New=DigiKey
Change Value of Parameter Vendor Mult. in Part TP9 Old= New=1
Change Value of Parameter Vendor p/n in Part TP9 Old= New=5015KCT-ND
Change Value of Parameter COST in Part TP10 Old= New=0.32
Change Value of Parameter Manufacturer in Part TP10 Old= New=Keystone
Change Value of Parameter Manuf p/n in Part TP10 Old= New=5015
Change Value of Parameter Vendor in Part TP10 Old= New=DigiKey
Change Value of Parameter Vendor Mult. in Part TP10 Old= New=1
Change Value of Parameter Vendor p/n in Part TP10 Old= New=5015KCT-ND
Change Value of Parameter COST in Part TP11 Old= New=0.32
Change Value of Parameter Manufacturer in Part TP11 Old= New=Keystone
Change Value of Parameter Manuf p/n in Part TP11 Old= New=5015
Change Value of Parameter Vendor in Part TP11 Old= New=DigiKey
Change Value of Parameter Vendor Mult. in Part TP11 Old= New=1
Change Value of Parameter Vendor p/n in Part TP11 Old= New=5015KCT-ND
Change Value of Parameter COST in Part TP12 Old= New=0.32
Change Value of Parameter Manufacturer in Part TP12 Old= New=Keystone
Change Value of Parameter Manuf p/n in Part TP12 Old= New=5015
Change Value of Parameter Vendor in Part TP12 Old= New=DigiKey
Change Value of Parameter Vendor Mult. in Part TP12 Old= New=1
Change Value of Parameter Vendor p/n in Part TP12 Old= New=5015KCT-ND
Change Value of Parameter COST in Part TP13 Old= New=0.32
Change Value of Parameter Manufacturer in Part TP13 Old= New=Keystone
Change Value of Parameter Manuf p/n in Part TP13 Old= New=5015
Change Value of Parameter Vendor in Part TP13 Old= New=DigiKey
Change Value of Parameter Vendor Mult. in Part TP13 Old= New=1
Change Value of Parameter Vendor p/n in Part TP13 Old= New=5015KCT-ND
Change Value of Parameter COST in Part TP14 Old= New=0.32
Change Value of Parameter Manufacturer in Part TP14 Old= New=Keystone
Change Value of Parameter Manuf p/n in Part TP14 Old= New=5015
Change Value of Parameter Vendor in Part TP14 Old= New=DigiKey
Change Value of Parameter Vendor Mult. in Part TP14 Old= New=1
Change Value of Parameter Vendor p/n in Part TP14 Old= New=5015KCT-ND
Change Value of Parameter COST in Part TP15 Old= New=0.32
Change Value of Parameter Manufacturer in Part TP15 Old= New=Keystone
Change Value of Parameter Manuf p/n in Part TP15 Old= New=5015
Change Value of Parameter Vendor in Part TP15 Old= New=DigiKey
Change Value of Parameter Vendor Mult. in Part TP15 Old= New=1
Change Value of Parameter Vendor p/n in Part TP15 Old= New=5015KCT-ND
Change Value of Parameter COST in Part TP16 Old= New=0.32
Change Value of Parameter Manufacturer in Part TP16 Old= New=Keystone
Change Value of Parameter Manuf p/n in Part TP16 Old= New=5015
Change Value of Parameter Vendor in Part TP16 Old= New=DigiKey
Change Value of Parameter Vendor Mult. in Part TP16 Old= New=1
Change Value of Parameter Vendor p/n in Part TP16 Old= New=5015KCT-ND
Change Value of Parameter COST in Part TP17 Old= New=0.32
Change Value of Parameter Manufacturer in Part TP17 Old= New=Keystone
Change Value of Parameter Manuf p/n in Part TP17 Old= New=5015
Change Value of Parameter Vendor in Part TP17 Old= New=DigiKey
Change Value of Parameter Vendor Mult. in Part TP17 Old= New=1
Change Value of Parameter Vendor p/n in Part TP17 Old= New=5015KCT-ND
