Added Component: Designator=C1(1608[0603])
Added Component: Designator=C2(1608[0603])
Added Component: Designator=C3(1608[0603])
Added Component: Designator=C4(1608[0603])
Added Component: Designator=C5(1608[0603])
Added Component: Designator=C6(1608[0603])
Added Component: Designator=C7(1608[0603])
Added Component: Designator=C8(1608[0603])
Added Component: Designator=C9(1608[0603])
Added Component: Designator=C10(1608[0603])
Added Component: Designator=C11(SMD_Pana size H13)
Added Component: Designator=C12(2012[0805])
Added Component: Designator=C13(2012[0805])
Added Component: Designator=C14(2012[0805])
Added Component: Designator=C15(2012[0805])
Added Component: Designator=C16(1608[0603])
Added Component: Designator=C17(2012[0805])
Added Component: Designator=C18(2012[0805])
Added Component: Designator=C19(1608[0603])
Added Component: Designator=C20(1608[0603])
Added Component: Designator=C21(1608[0603])
Added Component: Designator=C22(2012[0805])
Added Component: Designator=C23(SMD_0805)
Added Component: Designator=C24(3225[1210])
Added Component: Designator=C25(1608[0603])
Added Component: Designator=C26(1608[0603])
Added Component: Designator=C27(1608[0603])
Added Component: Designator=C28(1608[0603])
Added Component: Designator=C29(1608[0603])
Added Component: Designator=C30(1608[0603])
Added Component: Designator=C31(SMD_0805)
Added Component: Designator=C32(SMD_0805)
Added Component: Designator=C33(SMD_0805)
Added Component: Designator=C34(SMD_0805)
Added Component: Designator=C35(SMD_0805)
Added Component: Designator=C36(SMD_CAP_3216)
Added Component: Designator=C37(EEE-FK1V101XP)
Added Component: Designator=C38(EEE-FK1V101XP)
Added Component: Designator=C39(EEE-FK1V101XP)
Added Component: Designator=C40(SMD_0805)
Added Component: Designator=C41(SMD_0805)
Added Component: Designator=C42(SMD_CAP_3216)
Added Component: Designator=C43(SMD_0805)
Added Component: Designator=C44(SMD_0805)
Added Component: Designator=C45(SMD_0805)
Added Component: Designator=C46(SMD_0805)
Added Component: Designator=C47(SMD_0805)
Added Component: Designator=C48(SMD_0805)
Added Component: Designator=C49(SMD_0805)
Added Component: Designator=C50(SMD_0805)
Added Component: Designator=C51(SMD_0805)
Added Component: Designator=C52(SMD_0805)
Added Component: Designator=C53(SMD_0805)
Added Component: Designator=C54(SMD_0805)
Added Component: Designator=C55(SMD_0805)
Added Component: Designator=D1(SOT-143)
Added Component: Designator=D2(SOT-143)
Added Component: Designator=D3(SMC)
Added Component: Designator=D4(SMC)
Added Component: Designator=D5(SMC)
Added Component: Designator=D6(DIODE_SMC)
Added Component: Designator=D7(DIODE_SMC)
Added Component: Designator=D8(DIODE_SMC)
Added Component: Designator=D9(DIODE_SMC)
Added Component: Designator=F1(PolySwitch Radial 0.2)
Added Component: Designator=F2(SMD_1206)
Added Component: Designator=FER1(2012[0805])
Added Component: Designator=FER2(2012[0805])
Added Component: Designator=FER3(ACM1513-551-2PL)
Added Component: Designator=J1(61729-0010BLF)
Added Component: Designator=J2(DB15 HD PCB)
Added Component: Designator=J3(Wurth_7498011002)
Added Component: Designator=K1(Relay Omron G6SK)
Added Component: Designator=L1(SMD_1210_INDUCT)
Added Component: Designator=L2(SMD_1210_INDUCT)
Added Component: Designator=L3(SMD_1210_INDUCT)
Added Component: Designator=P1(HDR 1x12 PHX RT ANGLE)
Added Component: Designator=P2(HDR2X10)
Added Component: Designator=P3(Phoenix M12, 4-Pos)
Added Component: Designator=P4(Phoenix M12, 4-Pos)
Added Component: Designator=P5(Phoenix M12, 4-Pos)
Added Component: Designator=P6(HDR2X7)
Added Component: Designator=Q1(SOT-23B)
Added Component: Designator=Q2(SOT-23B)
Added Component: Designator=Q3(SOT-23B)
Added Component: Designator=Q4(SOT223 w/PowerPAD)
Added Component: Designator=Q5(SOT-23B)
Added Component: Designator=Q6(SOT-23B)
Added Component: Designator=Q8(SOT-23B)
Added Component: Designator=Q9(SOT-23B)
Added Component: Designator=Q10(SOT-23B)
Added Component: Designator=R1(2012[0805])
Added Component: Designator=R2(2012[0805])
Added Component: Designator=R3(2012[0805])
Added Component: Designator=R4(SMD_0805)
Added Component: Designator=R5(2012[0805])
Added Component: Designator=R6(2012[0805])
Added Component: Designator=R7(SMD_0805)
Added Component: Designator=R8(SMD_0805)
Added Component: Designator=R9(SMD_0805)
Added Component: Designator=R10(SMD_0805)
Added Component: Designator=R11(2012[0805])
Added Component: Designator=R12(SMD_0805)
Added Component: Designator=R13(SMD_0805)
Added Component: Designator=R14(SMD_0805)
Added Component: Designator=R15(SMD_0805)
Added Component: Designator=R16(SMD_0805)
Added Component: Designator=R17(SMD_0805)
Added Component: Designator=R18(SMD_0805)
Added Component: Designator=R19(SMD_0805)
Added Component: Designator=R20(SMD_0805)
Added Component: Designator=R21(SMD_0805)
Added Component: Designator=R22(SMD_0805)
Added Component: Designator=R23(SMD_0805)
Added Component: Designator=R24(SMD_0805)
Added Component: Designator=R25(SMD_0805)
Added Component: Designator=R26(SMD_0805)
Added Component: Designator=R27(SMD_0805)
Added Component: Designator=R28(SMD_0805)
Added Component: Designator=R29(2012[0805])
Added Component: Designator=R30(2012[0805])
Added Component: Designator=R31(2012[0805])
Added Component: Designator=S1(B3U-1000P)
Added Component: Designator=S2(DIP6_SMD)
Added Component: Designator=TP1(SMD_TEST POINT)
Added Component: Designator=TP2(SMD_TEST POINT)
Added Component: Designator=TP3(SMD_TEST POINT)
Added Component: Designator=TP4(SMD_TEST POINT)
Added Component: Designator=TP5(SMD_TEST POINT)
Added Component: Designator=TP6(SMD_TEST POINT)
Added Component: Designator=TP7(SMD_TEST POINT)
Added Component: Designator=TP8(SMD_TEST POINT)
Added Component: Designator=TP9(SMD_TEST POINT)
Added Component: Designator=TP10(SMD_TEST POINT)
Added Component: Designator=TP11(SMD_TEST POINT)
Added Component: Designator=TP12(SMD_TEST POINT)
Added Component: Designator=TP13(SMD_TEST POINT)
Added Component: Designator=TP14(SMD_TEST POINT)
Added Component: Designator=TP15(SMD_TEST POINT)
Added Component: Designator=TP16(SMD_TEST POINT)
Added Component: Designator=TP17(SMD_TEST POINT)
Added Component: Designator=TP18(SMD_TEST POINT)
Added Component: Designator=TP19(SMD_TEST POINT)
Added Component: Designator=TP20(SMD_TEST POINT)
Added Component: Designator=TP21(SMD_TEST POINT)
Added Component: Designator=TP22(SMD_TEST POINT)
Added Component: Designator=TP23(SMD_TEST POINT)
Added Component: Designator=TP24(SMD_TEST POINT)
Added Component: Designator=TP25(SMD_TEST POINT)
Added Component: Designator=TP26(SMD_TEST POINT)
Added Component: Designator=TP27(SMD_TEST POINT)
Added Component: Designator=TP28(SMD_TEST POINT)
Added Component: Designator=TP29(SMD_TEST POINT)
Added Component: Designator=TP30(SMD_TEST POINT)
Added Component: Designator=TP31(SMD_TEST POINT)
Added Component: Designator=TP32(SMD_TEST POINT)
Added Component: Designator=TP33(SMD_TEST POINT)
Added Component: Designator=TP34(SMD_TEST POINT)
Added Component: Designator=TP35(SMD_TEST POINT)
Added Component: Designator=TP36(SMD_TEST POINT)
Added Component: Designator=TP37(SMD_TEST POINT)
Added Component: Designator=TP38(SMD_TEST POINT)
Added Component: Designator=TP39(SMD_TEST POINT)
Added Component: Designator=TP40(SMD_TEST POINT)
Added Component: Designator=TP41(SMD_TEST POINT)
Added Component: Designator=TP42(SMD_TEST POINT)
Added Component: Designator=TP43(SMD_TEST POINT)
Added Component: Designator=U1(VQ100_N)
Added Component: Designator=U2(QFN-28 (CP2102))
Added Component: Designator=U3(CM-BF5xx)
Added Component: Designator=U4(TO220-7)
Added Component: Designator=U5(TQFN-6)
Added Component: Designator=U6(TQFN-6)
Added Component: Designator=U7(TSSOP14)
Added Component: Designator=U8(TQFN-6)
Added Component: Designator=U10(SOT223)
Added Component: Designator=U11(PSIP_3_SMD)
Added Component: Designator=U13(TQFP144_M)
Added Component: Designator=U14(SMT 5X3.2mm)
Added Component: Designator=U15(SO-16)
Added Component: Designator=U16(SO-16)
Added Pin To Net: NetName=GND Pin=C1-1
Added Pin To Net: NetName=VCC Pin=C1-2
Added Pin To Net: NetName=GND Pin=C2-1
Added Pin To Net: NetName=VCC Pin=C2-2
Added Pin To Net: NetName=GND Pin=C3-1
Added Pin To Net: NetName=VCC Pin=C3-2
Added Pin To Net: NetName=GND Pin=C4-1
Added Pin To Net: NetName=VCC Pin=C4-2
Added Pin To Net: NetName=GND Pin=C5-1
Added Pin To Net: NetName=NetC5_2 Pin=C5-2
Added Pin To Net: NetName=GND Pin=C6-1
Added Pin To Net: NetName=NetC5_2 Pin=C6-2
Added Pin To Net: NetName=NetC7_1 Pin=C7-1
Added Pin To Net: NetName=GND Pin=C7-2
Added Pin To Net: NetName=GND Pin=C8-1
Added Pin To Net: NetName=VBUS Pin=C8-2
Added Pin To Net: NetName=GND Pin=C9-1
Added Pin To Net: NetName=VBUS Pin=C9-2
Added Pin To Net: NetName=GND Pin=C10-1
Added Pin To Net: NetName=VCC Pin=C10-2
Added Pin To Net: NetName=24V Pin=C11-1
Added Pin To Net: NetName=GND Pin=C11-2
Added Pin To Net: NetName=24V Pin=C12-1
Added Pin To Net: NetName=GND Pin=C12-2
Added Pin To Net: NetName=24V Pin=C13-1
Added Pin To Net: NetName=GND Pin=C13-2
Added Pin To Net: NetName=GND Pin=C14-1
Added Pin To Net: NetName=NetC14_2 Pin=C14-2
Added Pin To Net: NetName=GND Pin=C15-1
Added Pin To Net: NetName=NetC15_2 Pin=C15-2
Added Pin To Net: NetName=VREF Pin=C16-1
Added Pin To Net: NetName=GND Pin=C16-2
Added Pin To Net: NetName=VREF Pin=C17-1
Added Pin To Net: NetName=GND Pin=C17-2
Added Pin To Net: NetName=24V Pin=C18-1
Added Pin To Net: NetName=GND Pin=C18-2
Added Pin To Net: NetName=5V Pin=C19-1
Added Pin To Net: NetName=GND Pin=C19-2
Added Pin To Net: NetName=+5ANA Pin=C20-1
Added Pin To Net: NetName=GND Pin=C20-2
Added Pin To Net: NetName=GND Pin=C21-1
Added Pin To Net: NetName=+5ANA Pin=C21-2
Added Pin To Net: NetName=GND Pin=C22-1
Added Pin To Net: NetName=NetC22_2 Pin=C22-2
Added Pin To Net: NetName=GND Pin=C23-1
Added Pin To Net: NetName=NetC23_2 Pin=C23-2
Added Pin To Net: NetName=24V Pin=C24-1
Added Pin To Net: NetName=GND Pin=C24-2
Added Pin To Net: NetName=NetC25_1 Pin=C25-1
Added Pin To Net: NetName=GND Pin=C25-2
Added Pin To Net: NetName=5V Pin=C26-1
Added Pin To Net: NetName=GND Pin=C26-2
Added Pin To Net: NetName=5V Pin=C27-1
Added Pin To Net: NetName=GND Pin=C27-2
Added Pin To Net: NetName=5V Pin=C28-1
Added Pin To Net: NetName=GND Pin=C28-2
Added Pin To Net: NetName=VCC Pin=C29-1
Added Pin To Net: NetName=GND Pin=C29-2
Added Pin To Net: NetName=VCC Pin=C30-1
Added Pin To Net: NetName=GND Pin=C30-2
Added Pin To Net: NetName=GND Pin=C31-1
Added Pin To Net: NetName=24V Pin=C31-2
Added Pin To Net: NetName=GND Pin=C32-1
Added Pin To Net: NetName=24V Pin=C32-2
Added Pin To Net: NetName=GND Pin=C33-1
Added Pin To Net: NetName=NetC33_2 Pin=C33-2
Added Pin To Net: NetName=GND Pin=C34-1
Added Pin To Net: NetName=24V Pin=C34-2
Added Pin To Net: NetName=GND Pin=C35-1
Added Pin To Net: NetName=NetC35_2 Pin=C35-2
Added Pin To Net: NetName=+5ANA Pin=C36-1
Added Pin To Net: NetName=GND Pin=C36-2
Added Pin To Net: NetName=24V Pin=C37-1
Added Pin To Net: NetName=GND Pin=C37-2
Added Pin To Net: NetName=5V Pin=C38-1
Added Pin To Net: NetName=GND Pin=C38-2
Added Pin To Net: NetName=VCC Pin=C39-1
Added Pin To Net: NetName=GND Pin=C39-2
Added Pin To Net: NetName=GND Pin=C40-1
Added Pin To Net: NetName=VCC Pin=C40-2
Added Pin To Net: NetName=GND Pin=C41-1
Added Pin To Net: NetName=VCC Pin=C41-2
Added Pin To Net: NetName=VCC Pin=C42-1
Added Pin To Net: NetName=GND Pin=C42-2
Added Pin To Net: NetName=GND Pin=C43-1
Added Pin To Net: NetName=VCC Pin=C43-2
Added Pin To Net: NetName=GND Pin=C44-1
Added Pin To Net: NetName=VCC Pin=C44-2
Added Pin To Net: NetName=GND Pin=C45-1
Added Pin To Net: NetName=VCC Pin=C45-2
Added Pin To Net: NetName=GND Pin=C46-1
Added Pin To Net: NetName=VCC Pin=C46-2
Added Pin To Net: NetName=GND Pin=C47-1
Added Pin To Net: NetName=VCC Pin=C47-2
Added Pin To Net: NetName=GND Pin=C48-1
Added Pin To Net: NetName=VCC Pin=C48-2
Added Pin To Net: NetName=GND Pin=C49-1
Added Pin To Net: NetName=VCC Pin=C49-2
Added Pin To Net: NetName=GND Pin=C50-1
Added Pin To Net: NetName=VCC Pin=C50-2
Added Pin To Net: NetName=GND Pin=C51-1
Added Pin To Net: NetName=VCC Pin=C51-2
Added Pin To Net: NetName=GND Pin=C52-1
Added Pin To Net: NetName=VCC Pin=C52-2
Added Pin To Net: NetName=GND Pin=C53-1
Added Pin To Net: NetName=VCC Pin=C53-2
Added Pin To Net: NetName=NetC54_1 Pin=C54-1
Added Pin To Net: NetName=NetC54_2 Pin=C54-2
Added Pin To Net: NetName=NetC55_1 Pin=C55-1
Added Pin To Net: NetName=NetC55_2 Pin=C55-2
Added Pin To Net: NetName=GND Pin=D1-1
Added Pin To Net: NetName=VBUS Pin=D1-2
Added Pin To Net: NetName=USBD- Pin=D1-3
Added Pin To Net: NetName=USBD+ Pin=D1-4
Added Pin To Net: NetName=GND Pin=D2-1
Added Pin To Net: NetName=SCL Pin=D2-3
Added Pin To Net: NetName=SDA Pin=D2-4
Added Pin To Net: NetName=NetD3_1 Pin=D3-1
Added Pin To Net: NetName=24V Pin=D3-2
Added Pin To Net: NetName=NetD4_1 Pin=D4-1
Added Pin To Net: NetName=24V Pin=D4-2
Added Pin To Net: NetName=NetD5_1 Pin=D5-1
Added Pin To Net: NetName=24V Pin=D5-2
Added Pin To Net: NetName=NetD6_1 Pin=D6-1
Added Pin To Net: NetName=GND Pin=D6-2
Added Pin To Net: NetName=24V Pin=D7-1
Added Pin To Net: NetName=GND Pin=D7-2
Added Pin To Net: NetName=5V Pin=D8-1
Added Pin To Net: NetName=GND Pin=D8-2
Added Pin To Net: NetName=VCC Pin=D9-1
Added Pin To Net: NetName=GND Pin=D9-2
Added Pin To Net: NetName=24V_INPUT Pin=F1-1
Added Pin To Net: NetName=NetD6_1 Pin=F1-2
Added Pin To Net: NetName=5V Pin=F2-1
Added Pin To Net: NetName=NetF2_2 Pin=F2-2
Added Pin To Net: NetName=24V Pin=FER1-1
Added Pin To Net: NetName=NetC33_2 Pin=FER1-2
Added Pin To Net: NetName=NetC25_1 Pin=FER2-1
Added Pin To Net: NetName=5V Pin=FER2-2
Added Pin To Net: NetName=NetD6_1 Pin=FER3-1
Added Pin To Net: NetName=GND Pin=FER3-2
Added Pin To Net: NetName=GND Pin=FER3-3
Added Pin To Net: NetName=24V Pin=FER3-4
Added Pin To Net: NetName=VBUS Pin=J1-1
Added Pin To Net: NetName=USBD- Pin=J1-2
Added Pin To Net: NetName=USBD+ Pin=J1-3
Added Pin To Net: NetName=GND Pin=J1-4
Added Pin To Net: NetName=GND Pin=J1-5
Added Pin To Net: NetName=GND Pin=J1-6
Added Pin To Net: NetName=UV/IR_HIGH_SIDE Pin=J2-1
Added Pin To Net: NetName=UV_LOW_SIDE Pin=J2-2
Added Pin To Net: NetName=WHITE_LOW_SIDE Pin=J2-3
Added Pin To Net: NetName=NetF2_2 Pin=J2-4
Added Pin To Net: NetName=NetJ2_5 Pin=J2-5
Added Pin To Net: NetName=DIRECTION Pin=J2-6
Added Pin To Net: NetName=NetJ2_7 Pin=J2-7
Added Pin To Net: NetName=GND Pin=J2-8
Added Pin To Net: NetName=IR_LOW_SIDE Pin=J2-9
Added Pin To Net: NetName=WHITE_HIGH_SIDE Pin=J2-10
Added Pin To Net: NetName=TEMP_OUT Pin=J2-11
Added Pin To Net: NetName=GND Pin=J2-12
Added Pin To Net: NetName=STEP Pin=J2-13
Added Pin To Net: NetName=ENABLE Pin=J2-14
Added Pin To Net: NetName=24V Pin=J2-15
Added Pin To Net: NetName=GND Pin=J2-16
Added Pin To Net: NetName=GND Pin=J2-17
Added Pin To Net: NetName=NetJ3_1 Pin=J3-1
Added Pin To Net: NetName=NetC7_1 Pin=J3-2
Added Pin To Net: NetName=NetJ3_3 Pin=J3-3
Added Pin To Net: NetName=NetJ3_4 Pin=J3-4
Added Pin To Net: NetName=NetJ3_6 Pin=J3-6
Added Pin To Net: NetName=GND Pin=J3-8
Added Pin To Net: NetName=GND Pin=J3-9
Added Pin To Net: NetName=GND Pin=J3-10
Added Pin To Net: NetName=24V Pin=K1-1
Added Pin To Net: NetName=UV_HIGH_SIDE Pin=K1-3
Added Pin To Net: NetName=UV/IR_HIGH_SIDE Pin=K1-4
Added Pin To Net: NetName=IR_HIGH_SIDE Pin=K1-5
Added Pin To Net: NetName=24V Pin=K1-6
Added Pin To Net: NetName=NetC55_2 Pin=K1-7
Added Pin To Net: NetName=VCC Pin=K1-8
Added Pin To Net: NetName=IR/~UV_STATUS Pin=K1-9
Added Pin To Net: NetName=GND Pin=K1-10
Added Pin To Net: NetName=NetC54_2 Pin=K1-12
Added Pin To Net: NetName=UV_LOW_SIDE Pin=L1-1
Added Pin To Net: NetName=NetD3_1 Pin=L1-2
Added Pin To Net: NetName=IR_LOW_SIDE Pin=L2-1
Added Pin To Net: NetName=NetD4_1 Pin=L2-2
Added Pin To Net: NetName=WHITE_LOW_SIDE Pin=L3-1
Added Pin To Net: NetName=NetD5_1 Pin=L3-2
Added Pin To Net: NetName=STOWED_NC Pin=P1-1
Added Pin To Net: NetName=NetP1_2 Pin=P1-2
Added Pin To Net: NetName=EARTH Pin=P1-3
Added Pin To Net: NetName=DEPLOYED_NC Pin=P1-4
Added Pin To Net: NetName=NetP1_5 Pin=P1-5
Added Pin To Net: NetName=EARTH Pin=P1-6
Added Pin To Net: NetName=DC_MOTOR_NEG Pin=P1-7
Added Pin To Net: NetName=DC_MOTOR_POS Pin=P1-8
Added Pin To Net: NetName=EARTH Pin=P1-10
Added Pin To Net: NetName=GND Pin=P1-11
Added Pin To Net: NetName=24V_INPUT Pin=P1-12
Added Pin To Net: NetName=PWM_IR_LOAD Pin=P2-1
Added Pin To Net: NetName=DEPLOYED_1 Pin=P2-2
Added Pin To Net: NetName=PWM_UV_LOAD Pin=P2-3
Added Pin To Net: NetName=STOWED_1 Pin=P2-4
Added Pin To Net: NetName=PWM_WHT_LOAD Pin=P2-5
Added Pin To Net: NetName=UV_STRIP Pin=P2-6
Added Pin To Net: NetName=PWM_IR_EN Pin=P2-7
Added Pin To Net: NetName=IR/~UV_STATUS Pin=P2-8
Added Pin To Net: NetName=PWM_UV_EN Pin=P2-9
Added Pin To Net: NetName=PWM_WHT_EN Pin=P2-11
Added Pin To Net: NetName=H_BRIDGE_ERR Pin=P2-13
Added Pin To Net: NetName=DC_DIRECTION Pin=P2-15
Added Pin To Net: NetName=DC_START Pin=P2-17
Added Pin To Net: NetName=OK_TO_MOVE Pin=P2-19
Added Pin To Net: NetName=GND Pin=P2-20
Added Pin To Net: NetName=NetP3_1 Pin=P3-1
Added Pin To Net: NetName=GND Pin=P3-2
Added Pin To Net: NetName=GND Pin=P3-5
Added Pin To Net: NetName=NetP4_1 Pin=P4-1
Added Pin To Net: NetName=GND Pin=P4-2
Added Pin To Net: NetName=GND Pin=P4-5
Added Pin To Net: NetName=STOWED_2 Pin=P5-1
Added Pin To Net: NetName=DEPLOYED_2 Pin=P5-2
Added Pin To Net: NetName=OPTO_COM Pin=P5-3
Added Pin To Net: NetName=OPTO_24V Pin=P5-4
Added Pin To Net: NetName=GND Pin=P5-5
Added Pin To Net: NetName=GND Pin=P6-1
Added Pin To Net: NetName=EMU Pin=P6-2
Added Pin To Net: NetName=GND Pin=P6-4
Added Pin To Net: NetName=NetP6_5 Pin=P6-5
Added Pin To Net: NetName=TMS Pin=P6-6
Added Pin To Net: NetName=GND Pin=P6-7
Added Pin To Net: NetName=TCK Pin=P6-8
Added Pin To Net: NetName=GND Pin=P6-9
Added Pin To Net: NetName=TRST Pin=P6-10
Added Pin To Net: NetName=GND Pin=P6-11
Added Pin To Net: NetName=TDI Pin=P6-12
Added Pin To Net: NetName=GND Pin=P6-13
Added Pin To Net: NetName=TDO Pin=P6-14
Added Pin To Net: NetName=NetQ1_2 Pin=Q1-1
Added Pin To Net: NetName=GND Pin=Q1-2
Added Pin To Net: NetName=NetD3_1 Pin=Q1-3
Added Pin To Net: NetName=NetQ2_2 Pin=Q2-1
Added Pin To Net: NetName=GND Pin=Q2-2
Added Pin To Net: NetName=NetD4_1 Pin=Q2-3
Added Pin To Net: NetName=NetQ3_2 Pin=Q3-1
Added Pin To Net: NetName=GND Pin=Q3-2
Added Pin To Net: NetName=NetD5_1 Pin=Q3-3
Added Pin To Net: NetName=NetQ4_1 Pin=Q4-1
Added Pin To Net: NetName=+5ANA Pin=Q4-3
Added Pin To Net: NetName=NetQ4_4 Pin=Q4-4
Added Pin To Net: NetName=NetQ4_4 Pin=Q4-4
Added Pin To Net: NetName=NetQ4_4 Pin=Q4-4
Added Pin To Net: NetName=NetQ4_4 Pin=Q4-4
Added Pin To Net: NetName=NetQ4_4 Pin=Q4-4
Added Pin To Net: NetName=NetQ4_4 Pin=Q4-4
Added Pin To Net: NetName=NetQ4_4 Pin=Q4-4
Added Pin To Net: NetName=IR_STRIP Pin=Q5-1
Added Pin To Net: NetName=GND Pin=Q5-2
Added Pin To Net: NetName=NetC54_1 Pin=Q5-3
Added Pin To Net: NetName=UV_STRIP Pin=Q6-1
Added Pin To Net: NetName=GND Pin=Q6-2
Added Pin To Net: NetName=NetC55_1 Pin=Q6-3
Added Pin To Net: NetName=NetQ8_1 Pin=Q8-1
Added Pin To Net: NetName=GND Pin=Q8-2
Added Pin To Net: NetName=STEP Pin=Q8-3
Added Pin To Net: NetName=NetQ9_1 Pin=Q9-1
Added Pin To Net: NetName=GND Pin=Q9-2
Added Pin To Net: NetName=DIRECTION Pin=Q9-3
Added Pin To Net: NetName=GND Pin=Q10-1
Added Pin To Net: NetName=GND Pin=Q10-2
Added Pin To Net: NetName=ENABLE Pin=Q10-3
Added Pin To Net: NetName=SDA Pin=R1-1
Added Pin To Net: NetName=5V Pin=R1-2
Added Pin To Net: NetName=SCL Pin=R2-1
Added Pin To Net: NetName=5V Pin=R2-2
Added Pin To Net: NetName=NetR3_1 Pin=R3-1
Added Pin To Net: NetName=VCC Pin=R3-2
Added Pin To Net: NetName=STOWED_1 Pin=R4-1
Added Pin To Net: NetName=VCC Pin=R4-2
Added Pin To Net: NetName=PF_1 Pin=R5-1
Added Pin To Net: NetName=VCC Pin=R5-2
Added Pin To Net: NetName=NetP6_5 Pin=R6-1
Added Pin To Net: NetName=VCC Pin=R6-2
Added Pin To Net: NetName=H_BRIDGE_ERR Pin=R7-1
Added Pin To Net: NetName=VCC Pin=R7-2
Added Pin To Net: NetName=24V Pin=R8-1
Added Pin To Net: NetName=IR_HIGH_SIDE Pin=R8-2
Added Pin To Net: NetName=24V Pin=R9-1
Added Pin To Net: NetName=UV_HIGH_SIDE Pin=R9-2
Added Pin To Net: NetName=24V Pin=R10-1
Added Pin To Net: NetName=WHITE_HIGH_SIDE Pin=R10-2
Added Pin To Net: NetName=+5ANA Pin=R11-1
Added Pin To Net: NetName=TEMP_OUT Pin=R11-2
Added Pin To Net: NetName=NetC23_2 Pin=R12-1
Added Pin To Net: NetName=TEMP_OUT Pin=R12-2
Added Pin To Net: NetName=NetQ4_4 Pin=R13-1
Added Pin To Net: NetName=24V Pin=R13-2
Added Pin To Net: NetName=NetC35_2 Pin=R14-1
Added Pin To Net: NetName=NetR14_2 Pin=R14-2
Added Pin To Net: NetName=GND Pin=R15-1
Added Pin To Net: NetName=+5ANA Pin=R15-2
Added Pin To Net: NetName=DEPLOYED_1 Pin=R16-1
Added Pin To Net: NetName=VCC Pin=R16-2
Added Pin To Net: NetName=LIGHTBAR+ Pin=R17-1
Added Pin To Net: NetName=VCC Pin=R17-2
Added Pin To Net: NetName=NetR18_1 Pin=R18-1
Added Pin To Net: NetName=NetJ2_5 Pin=R18-2
Added Pin To Net: NetName=NetP1_5 Pin=R19-1
Added Pin To Net: NetName=24V Pin=R19-2
Added Pin To Net: NetName=LIGHTBAR- Pin=R20-1
Added Pin To Net: NetName=VCC Pin=R20-2
Added Pin To Net: NetName=NetP1_2 Pin=R21-1
Added Pin To Net: NetName=24V Pin=R21-2
Added Pin To Net: NetName=NetR22_1 Pin=R22-1
Added Pin To Net: NetName=NetJ2_7 Pin=R22-2
Added Pin To Net: NetName=~RA_AXIS_OK Pin=R23-1
Added Pin To Net: NetName=VCC Pin=R23-2
Added Pin To Net: NetName=NetP3_1 Pin=R24-1
Added Pin To Net: NetName=NetR24_2 Pin=R24-2
Added Pin To Net: NetName=DEC_AXIS_OK Pin=R25-1
Added Pin To Net: NetName=VCC Pin=R25-2
Added Pin To Net: NetName=NetP4_1 Pin=R26-1
Added Pin To Net: NetName=NetR26_2 Pin=R26-2
Added Pin To Net: NetName=DEPLOYED_2 Pin=R27-1
Added Pin To Net: NetName=OPTO_24V Pin=R27-2
Added Pin To Net: NetName=STOWED_2 Pin=R28-1
Added Pin To Net: NetName=OPTO_24V Pin=R28-2
Added Pin To Net: NetName=GND Pin=R29-1
Added Pin To Net: NetName=NetQ8_1 Pin=R29-2
Added Pin To Net: NetName=GND Pin=R30-1
Added Pin To Net: NetName=NetQ9_1 Pin=R30-2
Added Pin To Net: NetName=GND Pin=R31-1
Added Pin To Net: NetName=GND Pin=R31-2
Added Pin To Net: NetName=~RESET Pin=S1-1
Added Pin To Net: NetName=GND Pin=S1-2
Added Pin To Net: NetName=VCC Pin=S2-1
Added Pin To Net: NetName=VCC Pin=S2-2
Added Pin To Net: NetName=VCC Pin=S2-3
Added Pin To Net: NetName=BMODE2 Pin=S2-4
Added Pin To Net: NetName=BMODE1 Pin=S2-5
Added Pin To Net: NetName=BMODE0 Pin=S2-6
Added Pin To Net: NetName=IR/~UV_STATUS Pin=TP1-1
Added Pin To Net: NetName=UV/IR_HIGH_SIDE Pin=TP2-1
Added Pin To Net: NetName=IR_STRIP Pin=TP4-1
Added Pin To Net: NetName=IR_HIGH_SIDE Pin=TP5-1
Added Pin To Net: NetName=UV_LOW_SIDE Pin=TP6-1
Added Pin To Net: NetName=UV_HIGH_SIDE Pin=TP7-1
Added Pin To Net: NetName=IR_LOW_SIDE Pin=TP8-1
Added Pin To Net: NetName=PWM_IR_OUT Pin=TP9-1
Added Pin To Net: NetName=PWM_UV_OUT Pin=TP10-1
Added Pin To Net: NetName=WHITE_HIGH_SIDE Pin=TP11-1
Added Pin To Net: NetName=WHITE_LOW_SIDE Pin=TP12-1
Added Pin To Net: NetName=SCL Pin=TP13-1
Added Pin To Net: NetName=SDA Pin=TP14-1
Added Pin To Net: NetName=PWM_WHT_OUT Pin=TP15-1
Added Pin To Net: NetName=NetTP16_1 Pin=TP16-1
Added Pin To Net: NetName=TEMP_OUT Pin=TP17-1
Added Pin To Net: NetName=VCC Pin=TP18-1
Added Pin To Net: NetName=24V_INPUT Pin=TP19-1
Added Pin To Net: NetName=NetD6_1 Pin=TP20-1
Added Pin To Net: NetName=24V Pin=TP21-1
Added Pin To Net: NetName=5V Pin=TP22-1
Added Pin To Net: NetName=+5ANA Pin=TP23-1
Added Pin To Net: NetName=NetC35_2 Pin=TP24-1
Added Pin To Net: NetName=GND Pin=TP25-1
Added Pin To Net: NetName=GND Pin=TP26-1
Added Pin To Net: NetName=GND Pin=TP27-1
Added Pin To Net: NetName=GND Pin=TP28-1
Added Pin To Net: NetName=GND Pin=TP29-1
Added Pin To Net: NetName=GND Pin=TP30-1
Added Pin To Net: NetName=GND Pin=TP31-1
Added Pin To Net: NetName=STEP Pin=TP32-1
Added Pin To Net: NetName=DIRECTION Pin=TP33-1
Added Pin To Net: NetName=~HOME Pin=TP34-1
Added Pin To Net: NetName=ENABLE Pin=TP35-1
Added Pin To Net: NetName=LIGHTBAR+ Pin=TP36-1
Added Pin To Net: NetName=LIGHTBAR- Pin=TP37-1
Added Pin To Net: NetName=~RA_AXIS_OK Pin=TP38-1
Added Pin To Net: NetName=DEC_AXIS_OK Pin=TP39-1
Added Pin To Net: NetName=IN1 Pin=TP40-1
Added Pin To Net: NetName=DC_MOTOR_POS Pin=TP41-1
Added Pin To Net: NetName=IN2 Pin=TP42-1
Added Pin To Net: NetName=DC_MOTOR_NEG Pin=TP43-1
Added Pin To Net: NetName=~RA_AXIS_OK Pin=U1-1
Added Pin To Net: NetName=PWM_UV_LOAD Pin=U1-2
Added Pin To Net: NetName=VCC Pin=U1-3
Added Pin To Net: NetName=TDI/O Pin=U1-4
Added Pin To Net: NetName=DEC_AXIS_OK Pin=U1-5
Added Pin To Net: NetName=PWM_WHT_OUT Pin=U1-10
Added Pin To Net: NetName=GND Pin=U1-11
Added Pin To Net: NetName=LIGHTBAR- Pin=U1-12
Added Pin To Net: NetName=UV_STRIP Pin=U1-13
Added Pin To Net: NetName=STOWED_1 Pin=U1-14
Added Pin To Net: NetName=TMS Pin=U1-15
Added Pin To Net: NetName=PWM_WHT_LOAD Pin=U1-16
Added Pin To Net: NetName=PWM_WHT_EN Pin=U1-17
Added Pin To Net: NetName=VCC Pin=U1-18
Added Pin To Net: NetName=PWM_UV_OUT Pin=U1-19
Added Pin To Net: NetName=PWM_UV_EN Pin=U1-20
Added Pin To Net: NetName=PWM_IR_OUT Pin=U1-21
Added Pin To Net: NetName=PWM_IR_LOAD Pin=U1-22
Added Pin To Net: NetName=PWM_IR_EN Pin=U1-23
Added Pin To Net: NetName=PWM_D7 Pin=U1-24
Added Pin To Net: NetName=PWM_D6 Pin=U1-25
Added Pin To Net: NetName=GND Pin=U1-26
Added Pin To Net: NetName=PWM_D5 Pin=U1-27
Added Pin To Net: NetName=PWM_D4 Pin=U1-28
Added Pin To Net: NetName=PWM_D3 Pin=U1-29
Added Pin To Net: NetName=PWM_D2 Pin=U1-30
Added Pin To Net: NetName=PWM_D1 Pin=U1-31
Added Pin To Net: NetName=PWM_D0 Pin=U1-32
Added Pin To Net: NetName=OK_TO_MOVE Pin=U1-33
Added Pin To Net: NetName=VCC Pin=U1-34
Added Pin To Net: NetName=IN2 Pin=U1-35
Added Pin To Net: NetName=IN1 Pin=U1-36
Added Pin To Net: NetName=DEPLOYED_1 Pin=U1-37
Added Pin To Net: NetName=GND Pin=U1-38
Added Pin To Net: NetName=VCC Pin=U1-39
Added Pin To Net: NetName=DC_START Pin=U1-40
Added Pin To Net: NetName=DC_DIRECTION Pin=U1-41
Added Pin To Net: NetName=~HOME Pin=U1-42
Added Pin To Net: NetName=GND Pin=U1-43
Added Pin To Net: NetName=VCC Pin=U1-51
Added Pin To Net: NetName=GND Pin=U1-59
Added Pin To Net: NetName=TCK Pin=U1-62
Added Pin To Net: NetName=VCC Pin=U1-66
Added Pin To Net: NetName=TDO Pin=U1-73
Added Pin To Net: NetName=GND Pin=U1-74
Added Pin To Net: NetName=VCC Pin=U1-82
Added Pin To Net: NetName=GND Pin=U1-86
Added Pin To Net: NetName=CLK_20MHZ Pin=U1-90
Added Pin To Net: NetName=VCC Pin=U1-91
Added Pin To Net: NetName=GND Pin=U1-95
Added Pin To Net: NetName=IR_STRIP Pin=U1-100
Added Pin To Net: NetName=GND Pin=U2-3
Added Pin To Net: NetName=USBD+ Pin=U2-4
Added Pin To Net: NetName=USBD- Pin=U2-5
Added Pin To Net: NetName=NetC5_2 Pin=U2-6
Added Pin To Net: NetName=VBUS Pin=U2-7
Added Pin To Net: NetName=VBUS Pin=U2-8
Added Pin To Net: NetName=NetR3_1 Pin=U2-9
Added Pin To Net: NetName=PF_0 Pin=U2-25
Added Pin To Net: NetName=PF_1 Pin=U2-26
Added Pin To Net: NetName=GND Pin=U2-29
Added Pin To Net: NetName=GND Pin=U2-30
Added Pin To Net: NetName=SDA Pin=U3-6
Added Pin To Net: NetName=VCC Pin=U3-9
Added Pin To Net: NetName=VCC Pin=U3-10
Added Pin To Net: NetName=PWM_D0 Pin=U3-11
Added Pin To Net: NetName=PWM_D2 Pin=U3-12
Added Pin To Net: NetName=PWM_D4 Pin=U3-13
Added Pin To Net: NetName=PWM_D6 Pin=U3-14
Added Pin To Net: NetName=PWM_IR_LOAD Pin=U3-15
Added Pin To Net: NetName=PWM_WHT_LOAD Pin=U3-16
Added Pin To Net: NetName=PWM_UV_EN Pin=U3-17
Added Pin To Net: NetName=H_BRIDGE_ERR Pin=U3-18
Added Pin To Net: NetName=DC_START Pin=U3-19
Added Pin To Net: NetName=DEPLOYED_1 Pin=U3-20
Added Pin To Net: NetName=IR/~UV_STATUS Pin=U3-22
Added Pin To Net: NetName=PF_1 Pin=U3-23
Added Pin To Net: NetName=PF_11 Pin=U3-24
Added Pin To Net: NetName=PF_13 Pin=U3-25
Added Pin To Net: NetName=BMODE0 Pin=U3-26
Added Pin To Net: NetName=GND Pin=U3-27
Added Pin To Net: NetName=TCK Pin=U3-28
Added Pin To Net: NetName=TDI Pin=U3-29
Added Pin To Net: NetName=TRST Pin=U3-30
Added Pin To Net: NetName=EMU Pin=U3-31
Added Pin To Net: NetName=TMS Pin=U3-32
Added Pin To Net: NetName=TDI/O Pin=U3-33
Added Pin To Net: NetName=BMODE2 Pin=U3-34
Added Pin To Net: NetName=BMODE1 Pin=U3-36
Added Pin To Net: NetName=PF_12 Pin=U3-37
Added Pin To Net: NetName=PF_0 Pin=U3-38
Added Pin To Net: NetName=PF_14 Pin=U3-39
Added Pin To Net: NetName=UV_STRIP Pin=U3-40
Added Pin To Net: NetName=STOWED_1 Pin=U3-41
Added Pin To Net: NetName=OK_TO_MOVE Pin=U3-42
Added Pin To Net: NetName=DC_DIRECTION Pin=U3-43
Added Pin To Net: NetName=PWM_WHT_EN Pin=U3-44
Added Pin To Net: NetName=PWM_IR_EN Pin=U3-45
Added Pin To Net: NetName=PWM_UV_LOAD Pin=U3-46
Added Pin To Net: NetName=PWM_D7 Pin=U3-47
Added Pin To Net: NetName=PWM_D5 Pin=U3-48
Added Pin To Net: NetName=PWM_D3 Pin=U3-49
Added Pin To Net: NetName=PWM_D1 Pin=U3-50
Added Pin To Net: NetName=GND Pin=U3-51
Added Pin To Net: NetName=GND Pin=U3-52
Added Pin To Net: NetName=PF_5 Pin=U3-53
Added Pin To Net: NetName=PF_6 Pin=U3-54
Added Pin To Net: NetName=PF_10 Pin=U3-55
Added Pin To Net: NetName=SCL Pin=U3-56
Added Pin To Net: NetName=BF_CAN_TX Pin=U3-57
Added Pin To Net: NetName=BF_CAN_RX Pin=U3-59
Added Pin To Net: NetName=GND Pin=U3-73
Added Pin To Net: NetName=NetJ3_4 Pin=U3-74
Added Pin To Net: NetName=NetJ3_6 Pin=U3-75
Added Pin To Net: NetName=GND Pin=U3-79
Added Pin To Net: NetName=~RESET Pin=U3-99
Added Pin To Net: NetName=VCC Pin=U3-103
Added Pin To Net: NetName=NetC7_1 Pin=U3-106
Added Pin To Net: NetName=NetJ3_3 Pin=U3-107
Added Pin To Net: NetName=NetJ3_1 Pin=U3-108
Added Pin To Net: NetName=DC_MOTOR_POS Pin=U4-1
Added Pin To Net: NetName=H_BRIDGE_ERR Pin=U4-2
Added Pin To Net: NetName=IN1 Pin=U4-3
Added Pin To Net: NetName=GND Pin=U4-4
Added Pin To Net: NetName=IN2 Pin=U4-5
Added Pin To Net: NetName=24V Pin=U4-6
Added Pin To Net: NetName=DC_MOTOR_NEG Pin=U4-7
Added Pin To Net: NetName=24V Pin=U5-1
Added Pin To Net: NetName=IR_HIGH_SIDE Pin=U5-2
Added Pin To Net: NetName=PWM_IR_OUT Pin=U5-3
Added Pin To Net: NetName=GND Pin=U5-4
Added Pin To Net: NetName=NetQ1_2 Pin=U5-5
Added Pin To Net: NetName=NetC14_2 Pin=U5-6
Added Pin To Net: NetName=GND Pin=U5-7
Added Pin To Net: NetName=24V Pin=U6-1
Added Pin To Net: NetName=UV_HIGH_SIDE Pin=U6-2
Added Pin To Net: NetName=PWM_UV_OUT Pin=U6-3
Added Pin To Net: NetName=GND Pin=U6-4
Added Pin To Net: NetName=NetQ2_2 Pin=U6-5
Added Pin To Net: NetName=NetC15_2 Pin=U6-6
Added Pin To Net: NetName=GND Pin=U6-7
Added Pin To Net: NetName=GND Pin=U7-1
Added Pin To Net: NetName=SCL Pin=U7-2
Added Pin To Net: NetName=SDA Pin=U7-3
Added Pin To Net: NetName=GND Pin=U7-4
Added Pin To Net: NetName=GND Pin=U7-5
Added Pin To Net: NetName=GND Pin=U7-6
Added Pin To Net: NetName=5V Pin=U7-7
Added Pin To Net: NetName=+5ANA Pin=U7-8
Added Pin To Net: NetName=GND Pin=U7-9
Added Pin To Net: NetName=NetTP16_1 Pin=U7-10
Added Pin To Net: NetName=GND Pin=U7-11
Added Pin To Net: NetName=+5ANA Pin=U7-12
Added Pin To Net: NetName=VREF Pin=U7-13
Added Pin To Net: NetName=GND Pin=U7-14
Added Pin To Net: NetName=24V Pin=U8-1
Added Pin To Net: NetName=WHITE_HIGH_SIDE Pin=U8-2
Added Pin To Net: NetName=PWM_WHT_OUT Pin=U8-3
Added Pin To Net: NetName=GND Pin=U8-4
Added Pin To Net: NetName=NetQ3_2 Pin=U8-5
Added Pin To Net: NetName=NetC22_2 Pin=U8-6
Added Pin To Net: NetName=GND Pin=U8-7
Added Pin To Net: NetName=GND Pin=U10-1
Added Pin To Net: NetName=VCC Pin=U10-2
Added Pin To Net: NetName=5V Pin=U10-3
Added Pin To Net: NetName=VCC Pin=U10-4
Added Pin To Net: NetName=SUPPORT Pin=U11-0
Added Pin To Net: NetName=SUPPORT Pin=U11-0
Added Pin To Net: NetName=NetC33_2 Pin=U11-1
Added Pin To Net: NetName=GND Pin=U11-2
Added Pin To Net: NetName=NetC25_1 Pin=U11-3
Added Pin To Net: NetName=GND Pin=U13-3
Added Pin To Net: NetName=VCC Pin=U13-4
Added Pin To Net: NetName=VCC Pin=U13-12
Added Pin To Net: NetName=GND Pin=U13-28
Added Pin To Net: NetName=VCC Pin=U13-29
Added Pin To Net: NetName=LIGHTBAR- Pin=U13-38
Added Pin To Net: NetName=GND Pin=U13-41
Added Pin To Net: NetName=VCC Pin=U13-42
Added Pin To Net: NetName=LIGHTBAR+ Pin=U13-46
Added Pin To Net: NetName=GND Pin=U13-49
Added Pin To Net: NetName=VCC Pin=U13-50
Added Pin To Net: NetName=NetQ9_1 Pin=U13-54
Added Pin To Net: NetName=NetQ8_1 Pin=U13-56
Added Pin To Net: NetName=GND Pin=U13-58
Added Pin To Net: NetName=GND Pin=U13-66
Added Pin To Net: NetName=VCC Pin=U13-67
Added Pin To Net: NetName=BF_CAN_TX Pin=U13-70
Added Pin To Net: NetName=BF_CAN_RX Pin=U13-72
Added Pin To Net: NetName=~HOME Pin=U13-75
Added Pin To Net: NetName=GND Pin=U13-76
Added Pin To Net: NetName=VCC Pin=U13-77
Added Pin To Net: NetName=GND Pin=U13-85
Added Pin To Net: NetName=VCC Pin=U13-86
Added Pin To Net: NetName=GND Pin=U13-94
Added Pin To Net: NetName=VCC Pin=U13-95
Added Pin To Net: NetName=GND Pin=U13-98
Added Pin To Net: NetName=GND Pin=U13-99
Added Pin To Net: NetName=GND Pin=U13-100
Added Pin To Net: NetName=GND Pin=U13-101
Added Pin To Net: NetName=GND Pin=U13-102
Added Pin To Net: NetName=GND Pin=U13-103
Added Pin To Net: NetName=GND Pin=U13-104
Added Pin To Net: NetName=GND Pin=U13-105
Added Pin To Net: NetName=GND Pin=U13-106
Added Pin To Net: NetName=GND Pin=U13-107
Added Pin To Net: NetName=GND Pin=U13-108
Added Pin To Net: NetName=GND Pin=U13-109
Added Pin To Net: NetName=GND Pin=U13-110
Added Pin To Net: NetName=GND Pin=U13-111
Added Pin To Net: NetName=GND Pin=U13-112
Added Pin To Net: NetName=GND Pin=U13-113
Added Pin To Net: NetName=GND Pin=U13-114
Added Pin To Net: NetName=VCC Pin=U13-115
Added Pin To Net: NetName=VCC Pin=U13-116
Added Pin To Net: NetName=GND Pin=U13-117
Added Pin To Net: NetName=VCC Pin=U13-122
Added Pin To Net: NetName=CLK_20MHZ Pin=U13-123
Added Pin To Net: NetName=GND Pin=U13-125
Added Pin To Net: NetName=GND Pin=U13-128
Added Pin To Net: NetName=VCC Pin=U13-129
Added Pin To Net: NetName=~RESET Pin=U13-133
Added Pin To Net: NetName=GND Pin=U13-140
Added Pin To Net: NetName=VCC Pin=U13-141
Added Pin To Net: NetName=VCC Pin=U14-1
Added Pin To Net: NetName=GND Pin=U14-2
Added Pin To Net: NetName=CLK_20MHZ Pin=U14-3
Added Pin To Net: NetName=VCC Pin=U14-4
Added Pin To Net: NetName=STOWED_NC Pin=U15-1
Added Pin To Net: NetName=NetU15_2 Pin=U15-2
Added Pin To Net: NetName=NetR18_1 Pin=U15-3
Added Pin To Net: NetName=GND Pin=U15-4
Added Pin To Net: NetName=DEPLOYED_NC Pin=U15-5
Added Pin To Net: NetName=NetU15_6 Pin=U15-6
Added Pin To Net: NetName=NetR22_1 Pin=U15-7
Added Pin To Net: NetName=GND Pin=U15-8
Added Pin To Net: NetName=GND Pin=U15-9
Added Pin To Net: NetName=LIGHTBAR- Pin=U15-10
Added Pin To Net: NetName=GND Pin=U15-11
Added Pin To Net: NetName=DEPLOYED_1 Pin=U15-12
Added Pin To Net: NetName=GND Pin=U15-13
Added Pin To Net: NetName=LIGHTBAR+ Pin=U15-14
Added Pin To Net: NetName=GND Pin=U15-15
Added Pin To Net: NetName=STOWED_1 Pin=U15-16
Added Pin To Net: NetName=NetU15_2 Pin=U16-1
Added Pin To Net: NetName=GND Pin=U16-2
Added Pin To Net: NetName=NetU15_6 Pin=U16-3
Added Pin To Net: NetName=GND Pin=U16-4
Added Pin To Net: NetName=NetR24_2 Pin=U16-5
Added Pin To Net: NetName=GND Pin=U16-6
Added Pin To Net: NetName=NetR26_2 Pin=U16-7
Added Pin To Net: NetName=GND Pin=U16-8
Added Pin To Net: NetName=GND Pin=U16-9
Added Pin To Net: NetName=DEC_AXIS_OK Pin=U16-10
Added Pin To Net: NetName=GND Pin=U16-11
Added Pin To Net: NetName=~RA_AXIS_OK Pin=U16-12
Added Pin To Net: NetName=OPTO_COM Pin=U16-13
Added Pin To Net: NetName=DEPLOYED_2 Pin=U16-14
Added Pin To Net: NetName=OPTO_COM Pin=U16-15
Added Pin To Net: NetName=STOWED_2 Pin=U16-16
Added Member To Class: ClassName=BlackFin --> CPLD/Stepper Motor Drive Member=Component C1 Cap
Added Member To Class: ClassName=BlackFin --> CPLD/Stepper Motor Drive Member=Component C2 Cap
Added Member To Class: ClassName=BlackFin --> CPLD/Stepper Motor Drive Member=Component C3 Cap
Added Member To Class: ClassName=BlackFin --> CPLD/Stepper Motor Drive Member=Component C4 Cap
Added Member To Class: ClassName=BlackFin --> CPLD/Stepper Motor Drive Member=Component C5 Cap
Added Member To Class: ClassName=BlackFin --> CPLD/Stepper Motor Drive Member=Component C6 Cap
Added Member To Class: ClassName=BlackFin --> CPLD/Stepper Motor Drive Member=Component C7 Cap
Added Member To Class: ClassName=BlackFin --> CPLD/Stepper Motor Drive Member=Component C8 Cap
Added Member To Class: ClassName=BlackFin --> CPLD/Stepper Motor Drive Member=Component C9 Cap
Added Member To Class: ClassName=BlackFin --> CPLD/Stepper Motor Drive Member=Component C10 Cap
Added Member To Class: ClassName=Top_Level_IO Member=Component C11 35V
Added Member To Class: ClassName=LED Drive Member=Component C12 1u
Added Member To Class: ClassName=LED Drive Member=Component C13 1u
Added Member To Class: ClassName=LED Drive Member=Component C14 1u
Added Member To Class: ClassName=LED Drive Member=Component C15 1u
Added Member To Class: ClassName=LED Drive Member=Component C16 Cap
Added Member To Class: ClassName=LED Drive Member=Component C17 Cap
Added Member To Class: ClassName=LED Drive Member=Component C18 1u
Added Member To Class: ClassName=LED Drive Member=Component C19 Cap
Added Member To Class: ClassName=LED Drive Member=Component C20 Cap
Added Member To Class: ClassName=LED Drive Member=Component C21 Cap
Added Member To Class: ClassName=LED Drive Member=Component C22 1u
Added Member To Class: ClassName=LED Drive Member=Component C23 Cap SMD
Added Member To Class: ClassName=Power Supplies Member=Component C24 50V
Added Member To Class: ClassName=Power Supplies Member=Component C25 Cap
Added Member To Class: ClassName=Power Supplies Member=Component C26 Cap
Added Member To Class: ClassName=Power Supplies Member=Component C27 Cap
Added Member To Class: ClassName=Power Supplies Member=Component C28 Cap
Added Member To Class: ClassName=Power Supplies Member=Component C29 Cap
Added Member To Class: ClassName=Power Supplies Member=Component C30 Cap
Added Member To Class: ClassName=Power Supplies Member=Component C31 Cap SMD
Added Member To Class: ClassName=Power Supplies Member=Component C32 Cap SMD
Added Member To Class: ClassName=Power Supplies Member=Component C33 Cap SMD
Added Member To Class: ClassName=Power Supplies Member=Component C34 Cap SMD
Added Member To Class: ClassName=Power Supplies Member=Component C35 Cap SMD
Added Member To Class: ClassName=Power Supplies Member=Component C36 15V
Added Member To Class: ClassName=Power Supplies Member=Component C37 100u, EEE-FK1V101XP
Added Member To Class: ClassName=Power Supplies Member=Component C38 100u, EEE-FK1V101XP
Added Member To Class: ClassName=Power Supplies Member=Component C39 100u, EEE-FK1V101XP
Added Member To Class: ClassName=Stepper Motor Driver IC Member=Component C40 Cap SMD
Added Member To Class: ClassName=Stepper Motor Driver IC Member=Component C41 Cap SMD
Added Member To Class: ClassName=Stepper Motor Driver IC Member=Component C42 15V
Added Member To Class: ClassName=Stepper Motor Driver IC Member=Component C43 Cap SMD
Added Member To Class: ClassName=Stepper Motor Driver IC Member=Component C44 Cap SMD
Added Member To Class: ClassName=Stepper Motor Driver IC Member=Component C45 Cap SMD
Added Member To Class: ClassName=Stepper Motor Driver IC Member=Component C46 Cap SMD
Added Member To Class: ClassName=Stepper Motor Driver IC Member=Component C47 Cap SMD
Added Member To Class: ClassName=Stepper Motor Driver IC Member=Component C48 Cap SMD
Added Member To Class: ClassName=Stepper Motor Driver IC Member=Component C49 Cap SMD
Added Member To Class: ClassName=Stepper Motor Driver IC Member=Component C50 Cap SMD
Added Member To Class: ClassName=Stepper Motor Driver IC Member=Component C51 Cap SMD
Added Member To Class: ClassName=Stepper Motor Driver IC Member=Component C52 Cap SMD
Added Member To Class: ClassName=Stepper Motor Driver IC Member=Component C53 Cap SMD
Added Member To Class: ClassName=LED Drive Member=Component C54 Cap SMD
Added Member To Class: ClassName=LED Drive Member=Component C55 Cap SMD
Added Member To Class: ClassName=Top_Level_IO Member=Component D1 SP0503BAHT
Added Member To Class: ClassName=BlackFin --> CPLD/Stepper Motor Drive Member=Component D2 SP0503BAHT
Added Member To Class: ClassName=LED Drive Member=Component D3 SL43-E3/57T
Added Member To Class: ClassName=LED Drive Member=Component D4 SL43-E3/57T
Added Member To Class: ClassName=LED Drive Member=Component D5 SL43-E3/57T
Added Member To Class: ClassName=Power Supplies Member=Component D6 SMCJ30A
Added Member To Class: ClassName=Power Supplies Member=Component D7 SMCJ30A
Added Member To Class: ClassName=Power Supplies Member=Component D8 SMCJ7.0A
Added Member To Class: ClassName=Power Supplies Member=Component D9 SMCJ5.0A
Added Member To Class: ClassName=Power Supplies Member=Component F1 RUEF400
Added Member To Class: ClassName=Top_Level_IO Member=Component F2 Res 0805
Added Member To Class: ClassName=Power Supplies Member=Component FER1 MI0805K400R-10
Added Member To Class: ClassName=Power Supplies Member=Component FER2 MI0805K400R-10
Added Member To Class: ClassName=Power Supplies Member=Component FER3 ACM1513-551-2PL-TL
Added Member To Class: ClassName=Top_Level_IO Member=Component J1 61729-0010BLF
Added Member To Class: ClassName=Top_Level_IO Member=Component J2 D Connector 15
Added Member To Class: ClassName=BlackFin --> CPLD/Stepper Motor Drive Member=Component J3 Wurth Elektronik 7498011002
Added Member To Class: ClassName=LED Drive Member=Component K1 Latching, 24V
Added Member To Class: ClassName=LED Drive Member=Component L1 Inductor
Added Member To Class: ClassName=LED Drive Member=Component L2 Inductor
Added Member To Class: ClassName=LED Drive Member=Component L3 Inductor
Added Member To Class: ClassName=Top_Level_IO Member=Component P1 Header 12 for screw term
Added Member To Class: ClassName=BlackFin --> CPLD/Stepper Motor Drive Member=Component P2 Header 10X2
Added Member To Class: ClassName=Top_Level_IO Member=Component P3 CONN, 4 PIN, Round
Added Member To Class: ClassName=Top_Level_IO Member=Component P4 CONN, 4 PIN, Round
Added Member To Class: ClassName=Top_Level_IO Member=Component P5 CONN, 4 PIN, Round
Added Member To Class: ClassName=BlackFin --> CPLD/Stepper Motor Drive Member=Component P6 Header 7X2
Added Member To Class: ClassName=LED Drive Member=Component Q1 ZXMN3B14FTA
Added Member To Class: ClassName=LED Drive Member=Component Q2 ZXMN3B14FTA
Added Member To Class: ClassName=LED Drive Member=Component Q3 ZXMN3B14FTA
Added Member To Class: ClassName=Power Supplies Member=Component Q4 NJT4031N
Added Member To Class: ClassName=LED Drive Member=Component Q5 ZXMN3B14FTA
Added Member To Class: ClassName=LED Drive Member=Component Q6 ZXMN3B14FTA
Added Member To Class: ClassName=Stepper Motor Driver IC Member=Component Q8 ZXMN3B14FTA
Added Member To Class: ClassName=Stepper Motor Driver IC Member=Component Q9 ZXMN3B14FTA
Added Member To Class: ClassName=Stepper Motor Driver IC Member=Component Q10 ZXMN3B14FTA
Added Member To Class: ClassName=BlackFin --> CPLD/Stepper Motor Drive Member=Component R1 10k
Added Member To Class: ClassName=BlackFin --> CPLD/Stepper Motor Drive Member=Component R2 10k
Added Member To Class: ClassName=BlackFin --> CPLD/Stepper Motor Drive Member=Component R3 4.7K
Added Member To Class: ClassName=Top_Level_IO Member=Component R4 Res 0805
Added Member To Class: ClassName=BlackFin --> CPLD/Stepper Motor Drive Member=Component R5 100k
Added Member To Class: ClassName=BlackFin --> CPLD/Stepper Motor Drive Member=Component R6 4.7k
Added Member To Class: ClassName=Top_Level_IO Member=Component R7 Res 0805
Added Member To Class: ClassName=LED Drive Member=Component R8 Res 0805
Added Member To Class: ClassName=LED Drive Member=Component R9 Res 0805
Added Member To Class: ClassName=LED Drive Member=Component R10 Res 0805
Added Member To Class: ClassName=LED Drive Member=Component R11 Res3
Added Member To Class: ClassName=LED Drive Member=Component R12 Res SMD
Added Member To Class: ClassName=Power Supplies Member=Component R13 Res 0805
Added Member To Class: ClassName=Power Supplies Member=Component R14 Res SMD
Added Member To Class: ClassName=Power Supplies Member=Component R15 Res 0805
Added Member To Class: ClassName=Top_Level_IO Member=Component R16 Res 0805
Added Member To Class: ClassName=Top_Level_IO Member=Component R17 Res 0805
Added Member To Class: ClassName=Top_Level_IO Member=Component R18 Res 0805
Added Member To Class: ClassName=Top_Level_IO Member=Component R19 Res 0805
Added Member To Class: ClassName=Top_Level_IO Member=Component R20 Res 0805
Added Member To Class: ClassName=Top_Level_IO Member=Component R21 Res 0805
Added Member To Class: ClassName=Top_Level_IO Member=Component R22 Res 0805
Added Member To Class: ClassName=Top_Level_IO Member=Component R23 Res 0805
Added Member To Class: ClassName=Top_Level_IO Member=Component R24 Res 0805
Added Member To Class: ClassName=Top_Level_IO Member=Component R25 Res 0805
Added Member To Class: ClassName=Top_Level_IO Member=Component R26 Res 0805
Added Member To Class: ClassName=Top_Level_IO Member=Component R27 Res 0805
Added Member To Class: ClassName=Top_Level_IO Member=Component R28 Res 0805
Added Member To Class: ClassName=Stepper Motor Driver IC Member=Component R29 330k
Added Member To Class: ClassName=Stepper Motor Driver IC Member=Component R30 330k
Added Member To Class: ClassName=Stepper Motor Driver IC Member=Component R31 330k
Added Member To Class: ClassName=BlackFin --> CPLD/Stepper Motor Drive Member=Component S1 B3U-1000P
Added Member To Class: ClassName=BlackFin --> CPLD/Stepper Motor Drive Member=Component S2 SD03H0SB
Added Member To Class: ClassName=LED Drive Member=Component TP1 Test Point SMD
Added Member To Class: ClassName=LED Drive Member=Component TP2 Test Point SMD
Added Member To Class: ClassName=LED Drive Member=Component TP3 Test Point SMD
Added Member To Class: ClassName=LED Drive Member=Component TP4 Test Point SMD
Added Member To Class: ClassName=LED Drive Member=Component TP5 Test Point SMD
Added Member To Class: ClassName=LED Drive Member=Component TP6 Test Point SMD
Added Member To Class: ClassName=LED Drive Member=Component TP7 Test Point SMD
Added Member To Class: ClassName=LED Drive Member=Component TP8 Test Point SMD
Added Member To Class: ClassName=LED Drive Member=Component TP9 Test Point SMD
Added Member To Class: ClassName=LED Drive Member=Component TP10 Test Point SMD
Added Member To Class: ClassName=LED Drive Member=Component TP11 Test Point SMD
Added Member To Class: ClassName=LED Drive Member=Component TP12 Test Point SMD
Added Member To Class: ClassName=LED Drive Member=Component TP13 Test Point SMD
Added Member To Class: ClassName=LED Drive Member=Component TP14 Test Point SMD
Added Member To Class: ClassName=LED Drive Member=Component TP15 Test Point SMD
Added Member To Class: ClassName=LED Drive Member=Component TP16 Test Point SMD
Added Member To Class: ClassName=LED Drive Member=Component TP17 Test Point SMD
Added Member To Class: ClassName=Power Supplies Member=Component TP18 Test Point SMD
Added Member To Class: ClassName=Power Supplies Member=Component TP19 Test Point SMD
Added Member To Class: ClassName=Power Supplies Member=Component TP20 Test Point SMD
Added Member To Class: ClassName=Power Supplies Member=Component TP21 Test Point SMD
Added Member To Class: ClassName=Power Supplies Member=Component TP22 Test Point SMD
Added Member To Class: ClassName=Power Supplies Member=Component TP23 Test Point SMD
Added Member To Class: ClassName=Power Supplies Member=Component TP24 Test Point SMD
Added Member To Class: ClassName=Power Supplies Member=Component TP25 Test Point SMD
Added Member To Class: ClassName=Power Supplies Member=Component TP26 Test Point SMD
Added Member To Class: ClassName=Power Supplies Member=Component TP27 Test Point SMD
Added Member To Class: ClassName=Power Supplies Member=Component TP28 Test Point SMD
Added Member To Class: ClassName=Power Supplies Member=Component TP29 Test Point SMD
Added Member To Class: ClassName=Power Supplies Member=Component TP30 Test Point SMD
Added Member To Class: ClassName=Power Supplies Member=Component TP31 Test Point SMD
Added Member To Class: ClassName=Stepper Motor Driver IC Member=Component TP32 Test Point SMD
Added Member To Class: ClassName=Stepper Motor Driver IC Member=Component TP33 Test Point SMD
Added Member To Class: ClassName=Stepper Motor Driver IC Member=Component TP34 Test Point SMD
Added Member To Class: ClassName=Stepper Motor Driver IC Member=Component TP35 Test Point SMD
Added Member To Class: ClassName=Top_Level_IO Member=Component TP36 Test Point SMD
Added Member To Class: ClassName=Top_Level_IO Member=Component TP37 Test Point SMD
Added Member To Class: ClassName=Top_Level_IO Member=Component TP38 Test Point SMD
Added Member To Class: ClassName=Top_Level_IO Member=Component TP39 Test Point SMD
Added Member To Class: ClassName=Top_Level_IO Member=Component TP40 Test Point SMD
Added Member To Class: ClassName=Top_Level_IO Member=Component TP41 Test Point SMD
Added Member To Class: ClassName=Top_Level_IO Member=Component TP42 Test Point SMD
Added Member To Class: ClassName=Top_Level_IO Member=Component TP43 Test Point SMD
Added Member To Class: ClassName=Schematic for PLD program Member=Component U1 XCR3128XL-10VQ100C
Added Member To Class: ClassName=BlackFin --> CPLD/Stepper Motor Drive Member=Component U2 CP2102
Added Member To Class: ClassName=BlackFin --> CPLD/Stepper Motor Drive Member=Component U3 CM-BF537E
Added Member To Class: ClassName=Top_Level_IO Member=Component U4 TLE5206-2
Added Member To Class: ClassName=LED Drive Member=Component U5 MAX16820
Added Member To Class: ClassName=LED Drive Member=Component U6 MAX16820
Added Member To Class: ClassName=LED Drive Member=Component U7 MAX1169
Added Member To Class: ClassName=LED Drive Member=Component U8 MAX16820
Added Member To Class: ClassName=Power Supplies Member=Component U10 ADP3338AKCZ-3.3RL7
Added Member To Class: ClassName=Power Supplies Member=Component U11 PT78ST105S
Added Member To Class: ClassName=Stepper Motor Driver IC Member=Component U13 MC55110-CP
Added Member To Class: ClassName=Stepper Motor Driver IC Member=Component U14 Oscillator
Added Member To Class: ClassName=Top_Level_IO Member=Component U15 PS2811-4
Added Member To Class: ClassName=Top_Level_IO Member=Component U16 PS2811-4
Added Room: Name=BlackFin --> CPLD/Stepper Motor Drive
Added Room: Name=LED Drive
Added Room: Name=Power Supplies
Added Room: Name=Schematic for PLD program
Added Room: Name=Stepper Motor Driver IC
Added Room: Name=Top_Level_IO
