Removed Pin From Net: NetName=EARTH Pin=P1-4
Removed Pin From Net: NetName=DEPLOYED_NC Pin=P1-5
Removed Pin From Net: NetName=EARTH Pin=P1-8
Removed Pin From Net: NetName=DC_MOTOR_POS Pin=P1-9
Removed Pin From Net: NetName=DC_MOTOR_NEG Pin=P1-10
Removed Pin From Net: NetName=24V_INPUT Pin=P2-1
Removed Pin From Net: NetName=GND Pin=P2-2
Removed Pin From Net: NetName=EARTH Pin=P2-4
Removed Pin From Net: NetName=GND Pin=P3-3
Removed Pin From Net: NetName=GND Pin=P4-3
Removed Pin From Net: NetName=OPTO_24V Pin=P5-1
Removed Pin From Net: NetName=STOWED_2 Pin=P5-2
Removed Pin From Net: NetName=DEPLOYED_2 Pin=P5-3
Removed Pin From Net: NetName=OPTO_COM Pin=P5-4
Removed Member From Class: ClassName=Top_Level_IO Member=P2
Change Component DesignItemId : Designator=P5 Old DesignItemId=Header 4 New DesignItemId=CONN, 4 PIN, Round
Change Component Footprint: Designator=P5 Old Footprint=HDR1X4 for IDC New Footprint=Phoenix M12, 4-Pos
Change Component Footprint: Designator=P1 Old Footprint=HDR 1x12 PHX New Footprint=HDR 1x12 PHX RT ANGLE
Change Component Comment : Designator=P5 Old Comment=Header 4 New Comment=CONN, 4 PIN, Round
Added Pin To Net: NetName=EARTH Pin=P1-3
Added Pin To Net: NetName=DEPLOYED_NC Pin=P1-4
Added Pin To Net: NetName=EARTH Pin=P1-6
Added Pin To Net: NetName=DC_MOTOR_NEG Pin=P1-7
Added Pin To Net: NetName=DC_MOTOR_POS Pin=P1-8
Added Pin To Net: NetName=EARTH Pin=P1-10
Added Pin To Net: NetName=GND Pin=P1-11
Added Pin To Net: NetName=24V_INPUT Pin=P1-12
Added Pin To Net: NetName=GND Pin=P3-2
Added Pin To Net: NetName=GND Pin=P3-5
Added Pin To Net: NetName=GND Pin=P4-2
Added Pin To Net: NetName=GND Pin=P4-5
Added Pin To Net: NetName=STOWED_2 Pin=P5-1
Added Pin To Net: NetName=DEPLOYED_2 Pin=P5-2
Added Pin To Net: NetName=OPTO_COM Pin=P5-3
Added Pin To Net: NetName=OPTO_24V Pin=P5-4
Added Pin To Net: NetName=GND Pin=P5-5
Added Pin To Net: NetName=DEPLOYED_NC Pin=U15-5
Added Pin To Net: NetName=NetP1_2 Pin=P1-2
Added Pin To Net: NetName=NetP1_2 Pin=R21-1
Added Net: Name=NetP1_2
Added Pin To Net: NetName=NetP1_5 Pin=P1-5
Added Pin To Net: NetName=NetP1_5 Pin=R19-1
Added Net: Name=NetP1_5
Added Pin To Net: NetName=NetP3_1 Pin=P3-1
Added Pin To Net: NetName=NetP3_1 Pin=R24-1
Added Net: Name=NetP3_1
Added Pin To Net: NetName=NetP4_1 Pin=P4-1
Added Pin To Net: NetName=NetP4_1 Pin=R26-1
Added Net: Name=NetP4_1
