Change Value of Parameter COST in Part C25 Old= New=0.48
Change Value of Parameter Manufacturer in Part C25 Old= New=MURATA
Change Value of Parameter Manuf p/n in Part C25 Old= New=GRM21BR71H105KA12L
Change Value of Parameter Vendor Mult. in Part C25 Old=1 New=10
Change Value of Parameter Vendor p/n in Part C25 Old= New=490-4736-1-ND
Change Value of Parameter COST in Part C26 Old= New=0.48
Change Value of Parameter Manufacturer in Part C26 Old= New=MURATA
Change Value of Parameter Manuf p/n in Part C26 Old= New=GRM21BR71H105KA12L
Change Value of Parameter Vendor Mult. in Part C26 Old=1 New=10
Change Value of Parameter Vendor p/n in Part C26 Old= New=490-4736-1-ND
Change Value of Parameter COST in Part C32 Old= New=0.48
Change Value of Parameter Manufacturer in Part C32 Old= New=MURATA
Change Value of Parameter Manuf p/n in Part C32 Old= New=GRM21BR71H105KA12L
Change Value of Parameter Vendor Mult. in Part C32 Old=1 New=10
Change Value of Parameter Vendor p/n in Part C32 Old= New=490-4736-1-ND
Change Value of Parameter COST in Part C33 Old= New=0.48
Change Value of Parameter Manufacturer in Part C33 Old= New=MURATA
Change Value of Parameter Manuf p/n in Part C33 Old= New=GRM21BR71H105KA12L
Change Value of Parameter Vendor Mult. in Part C33 Old=1 New=10
Change Value of Parameter Vendor p/n in Part C33 Old= New=490-4736-1-ND
Change Value of Parameter COST in Part C34 Old= New=0.48
Change Value of Parameter Manufacturer in Part C34 Old= New=MURATA
Change Value of Parameter Manuf p/n in Part C34 Old= New=GRM21BR71H105KA12L
Change Value of Parameter Vendor Mult. in Part C34 Old=1 New=10
Change Value of Parameter Vendor p/n in Part C34 Old= New=490-4736-1-ND
