Added Parameter COST= to Part C24
Added Parameter COST= to Part C37
Added Parameter COST= to Part C38
Added Parameter COST= to Part C39
Added Parameter COST= to Part FER1
Added Parameter COST= to Part FER2
Added Parameter COST= to Part FER3
Added Parameter COST= to Part U10
Added Parameter COST= to Part U11
Added Parameter Manufacturer= to Part C24
Added Parameter Manufacturer= to Part C37
Added Parameter Manufacturer= to Part C38
Added Parameter Manufacturer= to Part C39
Added Parameter Manufacturer= to Part FER1
Added Parameter Manufacturer= to Part FER2
Added Parameter Manufacturer= to Part FER3
Added Parameter Manufacturer= to Part U10
Added Parameter Manufacturer= to Part U11
Added Parameter Manuf p/n= to Part C24
Added Parameter Manuf p/n= to Part C37
Added Parameter Manuf p/n= to Part C38
Added Parameter Manuf p/n= to Part C39
Added Parameter Manuf p/n= to Part FER1
Added Parameter Manuf p/n= to Part FER2
Added Parameter Manuf p/n= to Part FER3
Added Parameter Manuf p/n= to Part U10
Added Parameter Manuf p/n= to Part U11
Added Parameter Value= to Part C37
Added Parameter Value= to Part C38
Added Parameter Value= to Part C39
Added Parameter Value= to Part FER3
Added Parameter Value= to Part U10
Added Parameter Value= to Part U11
Added Parameter Vendor= to Part C24
Added Parameter Vendor= to Part C37
Added Parameter Vendor= to Part C38
Added Parameter Vendor= to Part C39
Added Parameter Vendor= to Part FER1
Added Parameter Vendor= to Part FER2
Added Parameter Vendor= to Part FER3
Added Parameter Vendor= to Part U10
Added Parameter Vendor= to Part U11
Added Parameter Vendor Mult.= to Part C24
Added Parameter Vendor Mult.= to Part C37
Added Parameter Vendor Mult.= to Part C38
Added Parameter Vendor Mult.= to Part C39
Added Parameter Vendor Mult.= to Part FER1
Added Parameter Vendor Mult.= to Part FER2
Added Parameter Vendor Mult.= to Part FER3
Added Parameter Vendor Mult.= to Part U10
Added Parameter Vendor Mult.= to Part U11
Added Parameter Vendor p/n= to Part C24
Added Parameter Vendor p/n= to Part C37
Added Parameter Vendor p/n= to Part C38
Added Parameter Vendor p/n= to Part C39
Added Parameter Vendor p/n= to Part FER1
Added Parameter Vendor p/n= to Part FER2
Added Parameter Vendor p/n= to Part FER3
Added Parameter Vendor p/n= to Part U10
Added Parameter Vendor p/n= to Part U11
