Change Value of Parameter Vendor in Part C24 Old= New=DigiKey
Change Value of Parameter Vendor Mult. in Part C24 Old= New=1
Change Value of Parameter Vendor in Part C25 Old= New=DigiKey
Change Value of Parameter Vendor Mult. in Part C25 Old= New=1
Change Value of Parameter Vendor in Part C26 Old= New=DigiKey
Change Value of Parameter Vendor Mult. in Part C26 Old= New=1
Change Value of Parameter Vendor in Part C27 Old= New=DigiKey
Change Value of Parameter Vendor Mult. in Part C27 Old= New=1
Change Value of Parameter Vendor in Part C28 Old= New=DigiKey
Change Value of Parameter Vendor Mult. in Part C28 Old= New=1
Change Value of Parameter Vendor in Part C29 Old= New=DigiKey
Change Value of Parameter Vendor Mult. in Part C29 Old= New=1
Change Value of Parameter Vendor in Part C30 Old= New=DigiKey
Change Value of Parameter Vendor Mult. in Part C30 Old= New=1
Change Value of Parameter Vendor in Part C31 Old= New=DigiKey
Change Value of Parameter Vendor Mult. in Part C31 Old= New=1
Change Value of Parameter Vendor in Part C32 Old= New=DigiKey
Change Value of Parameter Vendor Mult. in Part C32 Old= New=1
Change Value of Parameter Vendor in Part C33 Old= New=DigiKey
Change Value of Parameter Vendor Mult. in Part C33 Old= New=1
Change Value of Parameter Vendor in Part C34 Old= New=DigiKey
Change Value of Parameter Vendor Mult. in Part C34 Old= New=1
Change Value of Parameter Vendor in Part C36 Old= New=DigiKey
Change Value of Parameter Vendor Mult. in Part C36 Old= New=1
Change Value of Parameter Vendor in Part C37 Old= New=DigiKey
Change Value of Parameter Vendor Mult. in Part C37 Old= New=1
Change Value of Parameter Vendor in Part C38 Old= New=DigiKey
Change Value of Parameter Vendor Mult. in Part C38 Old= New=1
Change Value of Parameter Vendor in Part C39 Old= New=DigiKey
Change Value of Parameter Vendor Mult. in Part C39 Old= New=1
Change Value of Parameter Vendor in Part D6 Old= New=DigiKey
Change Value of Parameter Vendor Mult. in Part D6 Old= New=1
Change Value of Parameter Vendor in Part D7 Old= New=DigiKey
Change Value of Parameter Vendor Mult. in Part D7 Old= New=1
Change Value of Parameter Vendor in Part D8 Old= New=DigiKey
Change Value of Parameter Vendor Mult. in Part D8 Old= New=1
Change Value of Parameter Vendor in Part D9 Old= New=DigiKey
Change Value of Parameter Vendor Mult. in Part D9 Old= New=1
Change Value of Parameter Vendor in Part F1 Old= New=DigiKey
Change Value of Parameter Vendor Mult. in Part F1 Old= New=1
Change Value of Parameter Vendor in Part FER1 Old= New=DigiKey
Change Value of Parameter Vendor Mult. in Part FER1 Old= New=1
Change Value of Parameter Vendor in Part FER2 Old= New=DigiKey
Change Value of Parameter Vendor Mult. in Part FER2 Old= New=1
Change Value of Parameter Vendor in Part FER3 Old= New=DigiKey
Change Value of Parameter Vendor Mult. in Part FER3 Old= New=1
Change Value of Parameter Vendor in Part U10 Old= New=DigiKey
Change Value of Parameter Vendor Mult. in Part U10 Old= New=1
Change Value of Parameter Vendor in Part U11 Old= New=DigiKey
Change Value of Parameter Vendor Mult. in Part U11 Old= New=1
Change Value of Parameter Vendor Mult. in Part U12 Old= New=1
