Change Value of Parameter COST in Part TP18 Old= New=0.32
Change Value of Parameter Manufacturer in Part TP18 Old= New=Keystone
Change Value of Parameter Manuf p/n in Part TP18 Old= New=5015
Change Value of Parameter Vendor in Part TP18 Old= New=DigiKey
Change Value of Parameter Vendor Mult. in Part TP18 Old= New=1
Change Value of Parameter Vendor p/n in Part TP18 Old= New=5015KCT-ND
Change Value of Parameter COST in Part TP19 Old= New=0.32
Change Value of Parameter Manufacturer in Part TP19 Old= New=Keystone
Change Value of Parameter Manuf p/n in Part TP19 Old= New=5015
Change Value of Parameter Vendor in Part TP19 Old= New=DigiKey
Change Value of Parameter Vendor Mult. in Part TP19 Old= New=1
Change Value of Parameter Vendor p/n in Part TP19 Old= New=5015KCT-ND
Change Value of Parameter COST in Part TP20 Old= New=0.32
Change Value of Parameter Manufacturer in Part TP20 Old= New=Keystone
Change Value of Parameter Manuf p/n in Part TP20 Old= New=5015
Change Value of Parameter Vendor in Part TP20 Old= New=DigiKey
Change Value of Parameter Vendor Mult. in Part TP20 Old= New=1
Change Value of Parameter Vendor p/n in Part TP20 Old= New=5015KCT-ND
Change Value of Parameter COST in Part TP21 Old= New=0.32
Change Value of Parameter Manufacturer in Part TP21 Old= New=Keystone
Change Value of Parameter Manuf p/n in Part TP21 Old= New=5015
Change Value of Parameter Vendor in Part TP21 Old= New=DigiKey
Change Value of Parameter Vendor Mult. in Part TP21 Old= New=1
Change Value of Parameter Vendor p/n in Part TP21 Old= New=5015KCT-ND
Change Value of Parameter COST in Part TP22 Old= New=0.32
Change Value of Parameter Manufacturer in Part TP22 Old= New=Keystone
Change Value of Parameter Manuf p/n in Part TP22 Old= New=5015
Change Value of Parameter Vendor in Part TP22 Old= New=DigiKey
Change Value of Parameter Vendor Mult. in Part TP22 Old= New=1
Change Value of Parameter Vendor p/n in Part TP22 Old= New=5015KCT-ND
Change Value of Parameter COST in Part TP23 Old= New=0.32
Change Value of Parameter Manufacturer in Part TP23 Old= New=Keystone
Change Value of Parameter Manuf p/n in Part TP23 Old= New=5015
Change Value of Parameter Vendor in Part TP23 Old= New=DigiKey
Change Value of Parameter Vendor Mult. in Part TP23 Old= New=1
Change Value of Parameter Vendor p/n in Part TP23 Old= New=5015KCT-ND
Change Value of Parameter COST in Part TP24 Old= New=0.32
Change Value of Parameter Manufacturer in Part TP24 Old= New=Keystone
Change Value of Parameter Manuf p/n in Part TP24 Old= New=5015
Change Value of Parameter Vendor in Part TP24 Old= New=DigiKey
Change Value of Parameter Vendor Mult. in Part TP24 Old= New=1
Change Value of Parameter Vendor p/n in Part TP24 Old= New=5015KCT-ND
Change Value of Parameter COST in Part TP25 Old= New=0.32
Change Value of Parameter Manufacturer in Part TP25 Old= New=Keystone
Change Value of Parameter Manuf p/n in Part TP25 Old= New=5015
Change Value of Parameter Vendor in Part TP25 Old= New=DigiKey
Change Value of Parameter Vendor Mult. in Part TP25 Old= New=1
Change Value of Parameter Vendor p/n in Part TP25 Old= New=5015KCT-ND
Change Value of Parameter COST in Part TP26 Old= New=0.32
Change Value of Parameter Manufacturer in Part TP26 Old= New=Keystone
Change Value of Parameter Manuf p/n in Part TP26 Old= New=5015
Change Value of Parameter Vendor in Part TP26 Old= New=DigiKey
Change Value of Parameter Vendor Mult. in Part TP26 Old= New=1
Change Value of Parameter Vendor p/n in Part TP26 Old= New=5015KCT-ND
Change Value of Parameter COST in Part TP27 Old= New=0.32
Change Value of Parameter Manufacturer in Part TP27 Old= New=Keystone
Change Value of Parameter Manuf p/n in Part TP27 Old= New=5015
Change Value of Parameter Vendor in Part TP27 Old= New=DigiKey
Change Value of Parameter Vendor Mult. in Part TP27 Old= New=1
Change Value of Parameter Vendor p/n in Part TP27 Old= New=5015KCT-ND
Change Value of Parameter COST in Part TP28 Old= New=0.32
Change Value of Parameter Manufacturer in Part TP28 Old= New=Keystone
Change Value of Parameter Manuf p/n in Part TP28 Old= New=5015
Change Value of Parameter Vendor in Part TP28 Old= New=DigiKey
Change Value of Parameter Vendor Mult. in Part TP28 Old= New=1
Change Value of Parameter Vendor p/n in Part TP28 Old= New=5015KCT-ND
Change Value of Parameter COST in Part TP29 Old= New=0.32
Change Value of Parameter Manufacturer in Part TP29 Old= New=Keystone
Change Value of Parameter Manuf p/n in Part TP29 Old= New=5015
Change Value of Parameter Vendor in Part TP29 Old= New=DigiKey
Change Value of Parameter Vendor Mult. in Part TP29 Old= New=1
Change Value of Parameter Vendor p/n in Part TP29 Old= New=5015KCT-ND
Change Value of Parameter COST in Part TP30 Old= New=0.32
Change Value of Parameter Manufacturer in Part TP30 Old= New=Keystone
Change Value of Parameter Manuf p/n in Part TP30 Old= New=5015
Change Value of Parameter Vendor in Part TP30 Old= New=DigiKey
Change Value of Parameter Vendor Mult. in Part TP30 Old= New=1
Change Value of Parameter Vendor p/n in Part TP30 Old= New=5015KCT-ND
Change Value of Parameter COST in Part TP31 Old= New=0.32
Change Value of Parameter Manufacturer in Part TP31 Old= New=Keystone
Change Value of Parameter Manuf p/n in Part TP31 Old= New=5015
Change Value of Parameter Vendor in Part TP31 Old= New=DigiKey
Change Value of Parameter Vendor Mult. in Part TP31 Old= New=1
Change Value of Parameter Vendor p/n in Part TP31 Old= New=5015KCT-ND
