Added Parameter COST= to Part D6
Added Parameter COST= to Part D7
Added Parameter COST= to Part D8
Added Parameter COST= to Part D9
Added Parameter COST= to Part F1
Added Parameter Manufacturer= to Part D6
Added Parameter Manufacturer= to Part D7
Added Parameter Manufacturer= to Part D8
Added Parameter Manufacturer= to Part D9
Added Parameter Manufacturer= to Part F1
Added Parameter Manuf p/n= to Part D6
Added Parameter Manuf p/n= to Part D7
Added Parameter Manuf p/n= to Part D8
Added Parameter Manuf p/n= to Part D9
Added Parameter Manuf p/n= to Part F1
Added Parameter Value= to Part D6
Added Parameter Value= to Part D7
Added Parameter Value= to Part D8
Added Parameter Value= to Part D9
Added Parameter Value= to Part F1
Added Parameter Vendor= to Part D6
Added Parameter Vendor= to Part D7
Added Parameter Vendor= to Part D8
Added Parameter Vendor= to Part D9
Added Parameter Vendor= to Part F1
Added Parameter Vendor Mult.= to Part D6
Added Parameter Vendor Mult.= to Part D7
Added Parameter Vendor Mult.= to Part D8
Added Parameter Vendor Mult.= to Part D9
Added Parameter Vendor Mult.= to Part F1
Added Parameter Vendor p/n= to Part D6
Added Parameter Vendor p/n= to Part D7
Added Parameter Vendor p/n= to Part D8
Added Parameter Vendor p/n= to Part D9
Added Parameter Vendor p/n= to Part F1
