Change Value of Parameter COST in Part U13 Old= New=55.00
Change Value of Parameter Manufacturer in Part U13 Old= New=PMD
Change Value of Parameter Manuf p/n in Part U13 Old= New=MC55110CP2.4.G
Change Value of Parameter Value in Part U13 Old= New=MC5110-CP
Change Value of Parameter Vendor in Part U13 Old=DigiKey New=PMD
Change Value of Parameter Vendor p/n in Part U13 Old= New=MC55110CP2.4.G
Change Value of Parameter COST in Part U13 Old= New=55.00
Change Value of Parameter Manufacturer in Part U13 Old= New=PMD
Change Value of Parameter Manuf p/n in Part U13 Old= New=MC55110CP2.4.G
Change Value of Parameter Value in Part U13 Old= New=MC5110-CP
Change Value of Parameter Vendor in Part U13 Old=DigiKey New=PMD
Change Value of Parameter Vendor p/n in Part U13 Old= New=MC55110CP2.4.G
Change Value of Parameter COST in Part U13 Old= New=55.00
Change Value of Parameter Manufacturer in Part U13 Old= New=PMD
Change Value of Parameter Manuf p/n in Part U13 Old= New=MC55110CP2.4.G
Change Value of Parameter Value in Part U13 Old= New=MC5110-CP
Change Value of Parameter Vendor in Part U13 Old=DigiKey New=PMD
Change Value of Parameter Vendor p/n in Part U13 Old= New=MC55110CP2.4.G
Change Value of Parameter COST in Part U13 Old= New=55.00
Change Value of Parameter Manufacturer in Part U13 Old= New=PMD
Change Value of Parameter Manuf p/n in Part U13 Old= New=MC55110CP2.4.G
Change Value of Parameter Value in Part U13 Old= New=MC5110-CP
Change Value of Parameter Vendor in Part U13 Old=DigiKey New=PMD
Change Value of Parameter Vendor p/n in Part U13 Old= New=MC55110CP2.4.G
