Added Parameter COST= to Part Q8
Added Parameter COST= to Part Q9
Added Parameter COST= to Part Q10
Added Parameter COST= to Part U13
Added Parameter COST= to Part U13
Added Parameter COST= to Part U13
Added Parameter COST= to Part U13
Added Parameter COST= to Part U13
Added Parameter COST= to Part U14
Added Parameter Manufacturer= to Part Q8
Added Parameter Manufacturer= to Part Q9
Added Parameter Manufacturer= to Part Q10
Added Parameter Manufacturer= to Part U13
Added Parameter Manufacturer= to Part U13
Added Parameter Manufacturer= to Part U13
Added Parameter Manufacturer= to Part U13
Added Parameter Manufacturer= to Part U13
Added Parameter Manufacturer= to Part U14
Added Parameter Manuf p/n= to Part Q8
Added Parameter Manuf p/n= to Part Q9
Added Parameter Manuf p/n= to Part Q10
Added Parameter Manuf p/n= to Part U13
Added Parameter Manuf p/n= to Part U13
Added Parameter Manuf p/n= to Part U13
Added Parameter Manuf p/n= to Part U13
Added Parameter Manuf p/n= to Part U13
Added Parameter Manuf p/n= to Part U14
Added Parameter Value= to Part Q8
Added Parameter Value= to Part Q9
Added Parameter Value= to Part Q10
Added Parameter Value= to Part U13
Added Parameter Value= to Part U13
Added Parameter Value= to Part U13
Added Parameter Value= to Part U13
Added Parameter Value= to Part U13
Added Parameter Vendor= to Part Q8
Added Parameter Vendor= to Part Q9
Added Parameter Vendor= to Part Q10
Added Parameter Vendor= to Part U13
Added Parameter Vendor= to Part U13
Added Parameter Vendor= to Part U13
Added Parameter Vendor= to Part U13
Added Parameter Vendor= to Part U13
Added Parameter Vendor= to Part U14
Added Parameter Vendor Mult.= to Part Q8
Added Parameter Vendor Mult.= to Part Q9
Added Parameter Vendor Mult.= to Part Q10
Added Parameter Vendor Mult.= to Part U13
Added Parameter Vendor Mult.= to Part U13
Added Parameter Vendor Mult.= to Part U13
Added Parameter Vendor Mult.= to Part U13
Added Parameter Vendor Mult.= to Part U13
Added Parameter Vendor Mult.= to Part U14
Added Parameter Vendor p/n= to Part Q8
Added Parameter Vendor p/n= to Part Q9
Added Parameter Vendor p/n= to Part Q10
Added Parameter Vendor p/n= to Part U13
Added Parameter Vendor p/n= to Part U13
Added Parameter Vendor p/n= to Part U13
Added Parameter Vendor p/n= to Part U13
Added Parameter Vendor p/n= to Part U13
