Change Value of Parameter COST in Part TP32 Old= New=0.32
Change Value of Parameter Manufacturer in Part TP32 Old= New=Keystone
Change Value of Parameter Manuf p/n in Part TP32 Old= New=5015
Change Value of Parameter Vendor in Part TP32 Old= New=DigiKey
Change Value of Parameter Vendor Mult. in Part TP32 Old= New=1
Change Value of Parameter Vendor p/n in Part TP32 Old= New=5015KCT-ND
Change Value of Parameter COST in Part TP33 Old= New=0.32
Change Value of Parameter Manufacturer in Part TP33 Old= New=Keystone
Change Value of Parameter Manuf p/n in Part TP33 Old= New=5015
Change Value of Parameter Vendor in Part TP33 Old= New=DigiKey
Change Value of Parameter Vendor Mult. in Part TP33 Old= New=1
Change Value of Parameter Vendor p/n in Part TP33 Old= New=5015KCT-ND
Change Value of Parameter COST in Part TP34 Old= New=0.32
Change Value of Parameter Manufacturer in Part TP34 Old= New=Keystone
Change Value of Parameter Manuf p/n in Part TP34 Old= New=5015
Change Value of Parameter Vendor in Part TP34 Old= New=DigiKey
Change Value of Parameter Vendor Mult. in Part TP34 Old= New=1
Change Value of Parameter Vendor p/n in Part TP34 Old= New=5015KCT-ND
Change Value of Parameter COST in Part TP35 Old= New=0.32
Change Value of Parameter Manufacturer in Part TP35 Old= New=Keystone
Change Value of Parameter Manuf p/n in Part TP35 Old= New=5015
Change Value of Parameter Vendor in Part TP35 Old= New=DigiKey
Change Value of Parameter Vendor Mult. in Part TP35 Old= New=1
Change Value of Parameter Vendor p/n in Part TP35 Old= New=5015KCT-ND
