Change Value of Parameter Vendor in Part C40 Old= New=DigiKey
Change Value of Parameter Vendor Mult. in Part C40 Old= New=1
Change Value of Parameter Vendor in Part C41 Old= New=DigiKey
Change Value of Parameter Vendor Mult. in Part C41 Old= New=1
Change Value of Parameter Vendor in Part C42 Old= New=DigiKey
Change Value of Parameter Vendor Mult. in Part C42 Old= New=1
Change Value of Parameter Vendor in Part C43 Old= New=DigiKey
Change Value of Parameter Vendor Mult. in Part C43 Old= New=1
Change Value of Parameter Vendor in Part C44 Old= New=DigiKey
Change Value of Parameter Vendor Mult. in Part C44 Old= New=1
Change Value of Parameter Vendor in Part C45 Old= New=DigiKey
Change Value of Parameter Vendor Mult. in Part C45 Old= New=1
Change Value of Parameter Vendor in Part C46 Old= New=DigiKey
Change Value of Parameter Vendor Mult. in Part C46 Old= New=1
Change Value of Parameter Vendor in Part C47 Old= New=DigiKey
Change Value of Parameter Vendor Mult. in Part C47 Old= New=1
Change Value of Parameter Vendor in Part C48 Old= New=DigiKey
Change Value of Parameter Vendor Mult. in Part C48 Old= New=1
Change Value of Parameter Vendor in Part C49 Old= New=DigiKey
Change Value of Parameter Vendor Mult. in Part C49 Old= New=1
Change Value of Parameter Vendor in Part C50 Old= New=DigiKey
Change Value of Parameter Vendor Mult. in Part C50 Old= New=1
Change Value of Parameter Vendor in Part C51 Old= New=DigiKey
Change Value of Parameter Vendor Mult. in Part C51 Old= New=1
Change Value of Parameter Vendor in Part C52 Old= New=DigiKey
Change Value of Parameter Vendor Mult. in Part C52 Old= New=1
Change Value of Parameter Vendor in Part C53 Old= New=DigiKey
Change Value of Parameter Vendor Mult. in Part C53 Old= New=1
Change Value of Parameter Vendor in Part Q8 Old= New=DigiKey
Change Value of Parameter Vendor Mult. in Part Q8 Old= New=1
Change Value of Parameter Vendor in Part Q9 Old= New=DigiKey
Change Value of Parameter Vendor Mult. in Part Q9 Old= New=1
Change Value of Parameter Vendor in Part Q10 Old= New=DigiKey
Change Value of Parameter Vendor Mult. in Part Q10 Old= New=1
Change Value of Parameter Vendor in Part U13 Old= New=DigiKey
Change Value of Parameter Vendor Mult. in Part U13 Old= New=1
Change Value of Parameter Vendor in Part U13 Old= New=DigiKey
Change Value of Parameter Vendor Mult. in Part U13 Old= New=1
Change Value of Parameter Vendor in Part U13 Old= New=DigiKey
Change Value of Parameter Vendor Mult. in Part U13 Old= New=1
Change Value of Parameter Vendor in Part U13 Old= New=DigiKey
Change Value of Parameter Vendor Mult. in Part U13 Old= New=1
Change Value of Parameter Vendor in Part U13 Old= New=DigiKey
Change Value of Parameter Vendor Mult. in Part U13 Old= New=1
Change Value of Parameter Vendor in Part U14 Old= New=DigiKey
Change Value of Parameter Vendor Mult. in Part U14 Old= New=1
