Change Pin Designator/Name:  Old Designator=P2-8 Old Name=8 New Designator =16 New Name=16
Change Pin Designator/Name:  Old Designator=P2-10 Old Name=10 New Designator =13 New Name=13
Change Pin Designator/Name:  Old Designator=P2-11 Old Name=11 New Designator =8 New Name=8
Change Pin Designator/Name:  Old Designator=P2-12 Old Name=12 New Designator =15 New Name=15
Change Pin Designator/Name:  Old Designator=P2-13 Old Name=13 New Designator =12 New Name=12
Change Pin Designator/Name:  Old Designator=P2-14 Old Name=14 New Designator =17 New Name=17
Change Pin Designator/Name:  Old Designator=P2-15 Old Name=15 New Designator =10 New Name=10
Change Pin Designator/Name:  Old Designator=P2-16 Old Name=16 New Designator =19 New Name=19
Change Pin Designator/Name:  Old Designator=P2-17 Old Name=17 New Designator =11 New Name=11
Change Pin Designator/Name:  Old Designator=P2-19 Old Name=19 New Designator =14 New Name=14
Change Pin Designator/Name:  Old Designator=U1E-1 Old Name=I/O New Designator =I/O New Name=31
Change Pin Designator/Name:  Old Designator=U1E-2 Old Name=I/O New Designator =I/O New Name=65
Change Pin Designator/Name:  Old Designator=U1F-5 Old Name=I/O New Designator =I/O New Name=25
Change Pin Designator/Name:  Old Designator=U1F-10 Old Name=I/O New Designator =I/O New Name=100
Change Pin Designator/Name:  Old Designator=U1F-12 Old Name=I/O New Designator =I/O New Name=99
Change Pin Designator/Name:  Old Designator=U1F-13 Old Name=I/O New Designator =I/O New Name=63
Change Pin Designator/Name:  Old Designator=U1F-14 Old Name=I/O New Designator =I/O New Name=64
Change Pin Designator/Name:  Old Designator=U1H-16 Old Name=I/O New Designator =I/O New Name=61
Change Pin Designator/Name:  Old Designator=U1H-17 Old Name=I/O New Designator =I/O New Name=50
Change Pin Designator/Name:  Old Designator=U1H-19 Old Name=I/O New Designator =I/O New Name=78
Change Pin Designator/Name:  Old Designator=U1H-20 Old Name=I/O New Designator =I/O New Name=48
Change Pin Designator/Name:  Old Designator=U1H-21 Old Name=I/O New Designator =I/O New Name=85
Change Pin Designator/Name:  Old Designator=U1H-22 Old Name=I/O New Designator =I/O New Name=69
Change Pin Designator/Name:  Old Designator=U1H-23 Old Name=I/O New Designator =I/O New Name=56
Change Pin Designator/Name:  Old Designator=U1H-24 Old Name=I/O New Designator =I/O New Name=52
Change Pin Designator/Name:  Old Designator=U1H-25 Old Name=I/O New Designator =I/O New Name=49
Change Pin Designator/Name:  Old Designator=U1G-27 Old Name=I/O New Designator =I/O New Name=53
Change Pin Designator/Name:  Old Designator=U1G-28 Old Name=I/O New Designator =I/O New Name=54
Change Pin Designator/Name:  Old Designator=U1G-29 Old Name=I/O New Designator =I/O New Name=55
Change Pin Designator/Name:  Old Designator=U1G-30 Old Name=I/O New Designator =I/O New Name=58
Change Pin Designator/Name:  Old Designator=U1G-31 Old Name=I/O New Designator =I/O New Name=57
Change Pin Designator/Name:  Old Designator=U1G-32 Old Name=I/O New Designator =I/O New Name=60
Change Pin Designator/Name:  Old Designator=U1G-33 Old Name=I/O New Designator =I/O New Name=45
Change Pin Designator/Name:  Old Designator=U1G-35 Old Name=I/O New Designator =I/O New Name=77
Change Pin Designator/Name:  Old Designator=U1G-36 Old Name=I/O New Designator =I/O New Name=76
Change Pin Designator/Name:  Old Designator=U1G-37 Old Name=I/O New Designator =I/O New Name=70
Change Pin Designator/Name:  Old Designator=U1D-40 Old Name=I/O New Designator =I/O New Name=46
Change Pin Designator/Name:  Old Designator=U1D-41 Old Name=I/O New Designator =I/O New Name=47
Change Pin Designator/Name:  Old Designator=U1D-42 Old Name=I/O New Designator =I/O New Name=75
Change Pin Designator/Name:  Old Designator=U1D-45 Old Name=I/O New Designator =I/O New Name=1
Change Pin Designator/Name:  Old Designator=U1D-46 Old Name=I/O New Designator =I/O New Name=2
Change Pin Designator/Name:  Old Designator=U1D-47 Old Name=I/O New Designator =I/O New Name=5
Change Pin Designator/Name:  Old Designator=U1D-48 Old Name=I/O New Designator =I/O New Name=10
Change Pin Designator/Name:  Old Designator=U1D-49 Old Name=I/O New Designator =I/O New Name=12
Change Pin Designator/Name:  Old Designator=U1D-50 Old Name=I/O New Designator =I/O New Name=13
Change Pin Designator/Name:  Old Designator=U1C-52 Old Name=I/O New Designator =I/O New Name=14
Change Pin Designator/Name:  Old Designator=U1C-53 Old Name=I/O New Designator =I/O New Name=16
Change Pin Designator/Name:  Old Designator=U1C-54 Old Name=I/O New Designator =I/O New Name=17
Change Pin Designator/Name:  Old Designator=U1C-55 Old Name=I/O New Designator =I/O New Name=19
Change Pin Designator/Name:  Old Designator=U1C-56 Old Name=I/O New Designator =I/O New Name=20
Change Pin Designator/Name:  Old Designator=U1C-57 Old Name=I/O New Designator =I/O New Name=21
Change Pin Designator/Name:  Old Designator=U1C-58 Old Name=I/O New Designator =I/O New Name=22
Change Pin Designator/Name:  Old Designator=U1C-60 Old Name=I/O New Designator =I/O New Name=23
Change Pin Designator/Name:  Old Designator=U1C-61 Old Name=I/O New Designator =I/O New Name=24
Change Pin Designator/Name:  Old Designator=U1A-63 Old Name=I/O New Designator =I/O New Name=27
Change Pin Designator/Name:  Old Designator=U1A-64 Old Name=I/O New Designator =I/O New Name=28
Change Pin Designator/Name:  Old Designator=U1A-65 Old Name=I/O New Designator =I/O New Name=29
Change Pin Designator/Name:  Old Designator=U1A-69 Old Name=I/O New Designator =I/O New Name=30
Change Pin Designator/Name:  Old Designator=U1A-70 Old Name=I/O New Designator =I/O New Name=32
Change Pin Designator/Name:  Old Designator=U1B-75 Old Name=I/O New Designator =I/O New Name=33
Change Pin Designator/Name:  Old Designator=U1B-76 Old Name=I/O New Designator =I/O New Name=35
Change Pin Designator/Name:  Old Designator=U1B-77 Old Name=I/O New Designator =I/O New Name=36
Change Pin Designator/Name:  Old Designator=U1B-78 Old Name=I/O New Designator =I/O New Name=37
Change Pin Designator/Name:  Old Designator=U1B-85 Old Name=I/O New Designator =I/O New Name=40
Change Pin Designator/Name:  Old Designator=U1I-87 Old Name=IN3 / CLK3 New Designator =IN0 / CLK0 New Name=90
Change Pin Designator/Name:  Old Designator=U1I-90 Old Name=IN0 / CLK0 New Designator =IN3 / CLK3 New Name=87
Change Pin Designator/Name:  Old Designator=U1E-94 Old Name=I/O New Designator =I/O New Name=41
Change Pin Designator/Name:  Old Designator=U1E-99 Old Name=I/O New Designator =I/O New Name=42
Change Pin Designator/Name:  Old Designator=U1E-100 Old Name=I/O New Designator =I/O New Name=94
