Change Value of Parameter Vendor Mult. in Part C11 Old= New=1
Change Value of Parameter Vendor in Part D1 Old= New=DigiKey
Change Value of Parameter Vendor Mult. in Part D1 Old= New=1
Change Value of Parameter Vendor in Part F2 Old= New=DigiKey
Change Value of Parameter Vendor Mult. in Part F2 Old= New=1
Change Value of Parameter Vendor in Part J1 Old= New=DigiKey
Change Value of Parameter Vendor Mult. in Part J1 Old= New=1
Change Value of Parameter Vendor in Part J2 Old= New=DigiKey
Change Value of Parameter Vendor Mult. in Part J2 Old= New=1
Change Value of Parameter Vendor in Part P3 Old= New=DigiKey
Change Value of Parameter Vendor Mult. in Part P3 Old= New=1
Change Value of Parameter Vendor in Part P4 Old= New=DigiKey
Change Value of Parameter Vendor Mult. in Part P4 Old= New=1
Change Value of Parameter Vendor in Part P5 Old= New=DigiKey
Change Value of Parameter Vendor Mult. in Part P5 Old= New=1
Change Value of Parameter Vendor in Part U4 Old= New=DigiKey
Change Value of Parameter Vendor Mult. in Part U4 Old= New=1
Change Value of Parameter Vendor in Part U15 Old= New=DigiKey
Change Value of Parameter Vendor Mult. in Part U15 Old= New=1
Change Value of Parameter Vendor in Part U15 Old= New=DigiKey
Change Value of Parameter Vendor Mult. in Part U15 Old= New=1
Change Value of Parameter Vendor in Part U15 Old= New=DigiKey
Change Value of Parameter Vendor Mult. in Part U15 Old= New=1
Change Value of Parameter Vendor in Part U15 Old= New=DigiKey
Change Value of Parameter Vendor Mult. in Part U15 Old= New=1
Change Value of Parameter Vendor in Part U16 Old= New=DigiKey
Change Value of Parameter Vendor Mult. in Part U16 Old= New=1
Change Value of Parameter Vendor in Part U16 Old= New=DigiKey
Change Value of Parameter Vendor Mult. in Part U16 Old= New=1
Change Value of Parameter Vendor in Part U16 Old= New=DigiKey
Change Value of Parameter Vendor Mult. in Part U16 Old= New=1
Change Value of Parameter Vendor in Part U16 Old= New=DigiKey
Change Value of Parameter Vendor Mult. in Part U16 Old= New=1
