Change Value of Parameter COST in Part TP36 Old= New=0.32
Change Value of Parameter Manufacturer in Part TP36 Old= New=Keystone
Change Value of Parameter Manuf p/n in Part TP36 Old= New=5015
Change Value of Parameter Vendor in Part TP36 Old= New=DigiKey
Change Value of Parameter Vendor Mult. in Part TP36 Old= New=1
Change Value of Parameter Vendor p/n in Part TP36 Old= New=5015KCT-ND
Change Value of Parameter COST in Part TP37 Old= New=0.32
Change Value of Parameter Manufacturer in Part TP37 Old= New=Keystone
Change Value of Parameter Manuf p/n in Part TP37 Old= New=5015
Change Value of Parameter Vendor in Part TP37 Old= New=DigiKey
Change Value of Parameter Vendor Mult. in Part TP37 Old= New=1
Change Value of Parameter Vendor p/n in Part TP37 Old= New=5015KCT-ND
Change Value of Parameter COST in Part TP38 Old= New=0.32
Change Value of Parameter Manufacturer in Part TP38 Old= New=Keystone
Change Value of Parameter Manuf p/n in Part TP38 Old= New=5015
Change Value of Parameter Vendor in Part TP38 Old= New=DigiKey
Change Value of Parameter Vendor Mult. in Part TP38 Old= New=1
Change Value of Parameter Vendor p/n in Part TP38 Old= New=5015KCT-ND
Change Value of Parameter COST in Part TP39 Old= New=0.32
Change Value of Parameter Manufacturer in Part TP39 Old= New=Keystone
Change Value of Parameter Manuf p/n in Part TP39 Old= New=5015
Change Value of Parameter Vendor in Part TP39 Old= New=DigiKey
Change Value of Parameter Vendor Mult. in Part TP39 Old= New=1
Change Value of Parameter Vendor p/n in Part TP39 Old= New=5015KCT-ND
Change Value of Parameter COST in Part TP40 Old= New=0.32
Change Value of Parameter Manufacturer in Part TP40 Old= New=Keystone
Change Value of Parameter Manuf p/n in Part TP40 Old= New=5015
Change Value of Parameter Vendor in Part TP40 Old= New=DigiKey
Change Value of Parameter Vendor Mult. in Part TP40 Old= New=1
Change Value of Parameter Vendor p/n in Part TP40 Old= New=5015KCT-ND
Change Value of Parameter COST in Part TP41 Old= New=0.32
Change Value of Parameter Manufacturer in Part TP41 Old= New=Keystone
Change Value of Parameter Manuf p/n in Part TP41 Old= New=5015
Change Value of Parameter Vendor in Part TP41 Old= New=DigiKey
Change Value of Parameter Vendor Mult. in Part TP41 Old= New=1
Change Value of Parameter Vendor p/n in Part TP41 Old= New=5015KCT-ND
Change Value of Parameter COST in Part TP42 Old= New=0.32
Change Value of Parameter Manufacturer in Part TP42 Old= New=Keystone
Change Value of Parameter Manuf p/n in Part TP42 Old= New=5015
Change Value of Parameter Vendor in Part TP42 Old= New=DigiKey
Change Value of Parameter Vendor Mult. in Part TP42 Old= New=1
Change Value of Parameter Vendor p/n in Part TP42 Old= New=5015KCT-ND
Change Value of Parameter COST in Part TP43 Old= New=0.32
Change Value of Parameter Manufacturer in Part TP43 Old= New=Keystone
Change Value of Parameter Manuf p/n in Part TP43 Old= New=5015
Change Value of Parameter Vendor in Part TP43 Old= New=DigiKey
Change Value of Parameter Vendor Mult. in Part TP43 Old= New=1
Change Value of Parameter Vendor p/n in Part TP43 Old= New=5015KCT-ND
