Added Parameter COST= to Part J1
Added Parameter COST= to Part J2
Added Parameter COST= to Part P3
Added Parameter COST= to Part P4
Added Parameter COST= to Part P5
Added Parameter COST= to Part U4
Added Parameter COST= to Part U15
Added Parameter COST= to Part U15
Added Parameter COST= to Part U15
Added Parameter COST= to Part U15
Added Parameter COST= to Part U16
Added Parameter COST= to Part U16
Added Parameter COST= to Part U16
Added Parameter COST= to Part U16
Added Parameter Manufacturer= to Part J1
Added Parameter Manufacturer= to Part J2
Added Parameter Manufacturer= to Part P3
Added Parameter Manufacturer= to Part P4
Added Parameter Manufacturer= to Part P5
Added Parameter Manufacturer= to Part U4
Added Parameter Manufacturer= to Part U15
Added Parameter Manufacturer= to Part U15
Added Parameter Manufacturer= to Part U15
Added Parameter Manufacturer= to Part U15
Added Parameter Manufacturer= to Part U16
Added Parameter Manufacturer= to Part U16
Added Parameter Manufacturer= to Part U16
Added Parameter Manufacturer= to Part U16
Added Parameter Manuf p/n= to Part J1
Added Parameter Manuf p/n= to Part J2
Added Parameter Manuf p/n= to Part P3
Added Parameter Manuf p/n= to Part P4
Added Parameter Manuf p/n= to Part P5
Added Parameter Manuf p/n= to Part U4
Added Parameter Manuf p/n= to Part U15
Added Parameter Manuf p/n= to Part U15
Added Parameter Manuf p/n= to Part U15
Added Parameter Manuf p/n= to Part U15
Added Parameter Manuf p/n= to Part U16
Added Parameter Manuf p/n= to Part U16
Added Parameter Manuf p/n= to Part U16
Added Parameter Manuf p/n= to Part U16
Added Parameter Value= to Part J1
Added Parameter Value= to Part J2
Added Parameter Value= to Part P3
Added Parameter Value= to Part P4
Added Parameter Value= to Part P5
Added Parameter Value= to Part U4
Added Parameter Value= to Part U15
Added Parameter Value= to Part U15
Added Parameter Value= to Part U15
Added Parameter Value= to Part U15
Added Parameter Value= to Part U16
Added Parameter Value= to Part U16
Added Parameter Value= to Part U16
Added Parameter Value= to Part U16
Added Parameter Vendor= to Part J1
Added Parameter Vendor= to Part J2
Added Parameter Vendor= to Part P3
Added Parameter Vendor= to Part P4
Added Parameter Vendor= to Part P5
Added Parameter Vendor= to Part U4
Added Parameter Vendor= to Part U15
Added Parameter Vendor= to Part U15
Added Parameter Vendor= to Part U15
Added Parameter Vendor= to Part U15
Added Parameter Vendor= to Part U16
Added Parameter Vendor= to Part U16
Added Parameter Vendor= to Part U16
Added Parameter Vendor= to Part U16
Added Parameter Vendor Mult.= to Part J1
Added Parameter Vendor Mult.= to Part J2
Added Parameter Vendor Mult.= to Part P3
Added Parameter Vendor Mult.= to Part P4
Added Parameter Vendor Mult.= to Part P5
Added Parameter Vendor Mult.= to Part U4
Added Parameter Vendor Mult.= to Part U15
Added Parameter Vendor Mult.= to Part U15
Added Parameter Vendor Mult.= to Part U15
Added Parameter Vendor Mult.= to Part U15
Added Parameter Vendor Mult.= to Part U16
Added Parameter Vendor Mult.= to Part U16
Added Parameter Vendor Mult.= to Part U16
Added Parameter Vendor Mult.= to Part U16
Added Parameter Vendor p/n= to Part J1
Added Parameter Vendor p/n= to Part J2
Added Parameter Vendor p/n= to Part P3
Added Parameter Vendor p/n= to Part P4
Added Parameter Vendor p/n= to Part P5
Added Parameter Vendor p/n= to Part U4
Added Parameter Vendor p/n= to Part U15
Added Parameter Vendor p/n= to Part U15
Added Parameter Vendor p/n= to Part U15
Added Parameter Vendor p/n= to Part U15
Added Parameter Vendor p/n= to Part U16
Added Parameter Vendor p/n= to Part U16
Added Parameter Vendor p/n= to Part U16
Added Parameter Vendor p/n= to Part U16
