Removed Pin From Net: NetName=+24V Pin=C27-1
Removed Pin From Net: NetName=A Pin=C27-2
Removed Pin From Net: NetName=-5ANA Pin=C28-1
Removed Pin From Net: NetName=A Pin=C28-2
Removed Pin From Net: NetName=COLDBLK(+) Pin=F2-1
Removed Pin From Net: NetName=+24V Pin=Q4-4
Removed Pin From Net: NetName=+24V Pin=Q4-4
Removed Pin From Net: NetName=+24V Pin=Q4-4
Removed Pin From Net: NetName=+24V Pin=Q4-4
Removed Pin From Net: NetName=+24V Pin=Q4-4
Removed Pin From Net: NetName=+24V Pin=Q4-4
Removed Pin From Net: NetName=+24V Pin=Q4-4
Removed Pin From Net: NetName=A Pin=R18-2
Removed Pin From Net: NetName=A Pin=R20-1
Removed Pin From Net: NetName=COLDBLK(+) Pin=TP13-1
Removed Pin From Net: NetName=-5ANA Pin=U9-4
Removed Pin From Net: NetName=+24V Pin=U9-7
Removed Member From Class: ClassName=780-00018_rev3_Pg1 Member=C23
Removed Member From Class: ClassName=780-00018_rev3_Pg1 Member=C27
Removed Member From Class: ClassName=780-00018_rev3_Pg1 Member=C28
Removed Member From Class: ClassName=780-00018_rev3_Pg1 Member=F2
Removed Member From Class: ClassName=780-00018_rev3_Pg1 Member=Q4
Removed Member From Class: ClassName=780-00018_rev3_Pg1 Member=R18
Removed Member From Class: ClassName=780-00018_rev3_Pg1 Member=R19
Removed Member From Class: ClassName=780-00018_rev3_Pg1 Member=R20
Removed Member From Class: ClassName=780-00018_rev3_Pg1 Member=TP2
Removed Member From Class: ClassName=780-00018_rev3_Pg1 Member=TP13
Removed Member From Class: ClassName=780-00018_rev3_Pg1 Member=U9
