Removed Pin From Net: NetName=-12V Pin=C1-1
Removed Pin From Net: NetName=A Pin=C1-2
Removed Pin From Net: NetName=+12V Pin=C3-1
Removed Pin From Net: NetName=A Pin=C3-2
Removed Pin From Net: NetName=+12V Pin=C5-1
Removed Pin From Net: NetName=A Pin=C5-2
Removed Pin From Net: NetName=-12V Pin=C6-1
Removed Pin From Net: NetName=A Pin=C6-2
Removed Pin From Net: NetName=A Pin=C7-1
Removed Pin From Net: NetName=+12V Pin=C7-2
Removed Pin From Net: NetName=A Pin=C8-1
Removed Pin From Net: NetName=-12V Pin=C9-1
Removed Pin From Net: NetName=A Pin=C9-2
Removed Pin From Net: NetName=+12V Pin=Q1-1
Removed Pin From Net: NetName=RTDF(+) Pin=Q1-2
Removed Pin From Net: NetName=A Pin=R3-1
Removed Pin From Net: NetName=RTDF(-) Pin=R3-2
Removed Pin From Net: NetName=RTDF(-) Pin=TP3-1
Removed Pin From Net: NetName=RTDS(-) Pin=TP4-1
Removed Pin From Net: NetName=RTDF(+) Pin=TP8-1
Removed Pin From Net: NetName=RTDS(+) Pin=TP9-1
Removed Pin From Net: NetName=RTDF(-) Pin=U1-2
Removed Pin From Net: NetName=-12V Pin=U1-4
Removed Pin From Net: NetName=+12V Pin=U1-7
Removed Pin From Net: NetName=RTDS(+) Pin=U2-2
Removed Pin From Net: NetName=RTDS(-) Pin=U2-3
Removed Pin From Net: NetName=-12V Pin=U2-4
Removed Pin From Net: NetName=A Pin=U2-5
Removed Pin From Net: NetName=+12V Pin=U2-7
Removed Pin From Net: NetName=+12V Pin=U3-2
Removed Pin From Net: NetName=A Pin=U3-4
Removed Pin From Net: NetName=A Pin=U4-3
Removed Pin From Net: NetName=-12V Pin=U4-4
Removed Pin From Net: NetName=+12V Pin=U4-7
Removed Member From Class: ClassName=780-00018_rev3_Pg1 Member=C1
Removed Member From Class: ClassName=780-00018_rev3_Pg1 Member=C2
Removed Member From Class: ClassName=780-00018_rev3_Pg1 Member=C3
Removed Member From Class: ClassName=780-00018_rev3_Pg1 Member=C5
Removed Member From Class: ClassName=780-00018_rev3_Pg1 Member=C6
Removed Member From Class: ClassName=780-00018_rev3_Pg1 Member=C7
Removed Member From Class: ClassName=780-00018_rev3_Pg1 Member=C8
Removed Member From Class: ClassName=780-00018_rev3_Pg1 Member=C9
Removed Member From Class: ClassName=780-00018_rev3_Pg1 Member=Q1
Removed Member From Class: ClassName=780-00018_rev3_Pg1 Member=R1
Removed Member From Class: ClassName=780-00018_rev3_Pg1 Member=R3
Removed Member From Class: ClassName=780-00018_rev3_Pg1 Member=R4
Removed Member From Class: ClassName=780-00018_rev3_Pg1 Member=R5
Removed Member From Class: ClassName=780-00018_rev3_Pg1 Member=R6
Removed Member From Class: ClassName=780-00018_rev3_Pg1 Member=R7
Removed Member From Class: ClassName=780-00018_rev3_Pg1 Member=R8
Removed Member From Class: ClassName=780-00018_rev3_Pg1 Member=TP3
Removed Member From Class: ClassName=780-00018_rev3_Pg1 Member=TP4
Removed Member From Class: ClassName=780-00018_rev3_Pg1 Member=TP7
Removed Member From Class: ClassName=780-00018_rev3_Pg1 Member=TP8
Removed Member From Class: ClassName=780-00018_rev3_Pg1 Member=TP9
Removed Member From Class: ClassName=780-00018_rev3_Pg1 Member=U1
Removed Member From Class: ClassName=780-00018_rev3_Pg1 Member=U2
Removed Member From Class: ClassName=780-00018_rev3_Pg1 Member=U3
Removed Member From Class: ClassName=780-00018_rev3_Pg1 Member=U4
