Removed Pin From Net: NetName=-12V Pin=C11-1
Removed Pin From Net: NetName=A Pin=C11-2
Removed Pin From Net: NetName=+12V Pin=C13-1
Removed Pin From Net: NetName=A Pin=C13-2
Removed Pin From Net: NetName=+12V Pin=C15-1
Removed Pin From Net: NetName=A Pin=C15-2
Removed Pin From Net: NetName=-12V Pin=C16-1
Removed Pin From Net: NetName=A Pin=C16-2
Removed Pin From Net: NetName=A Pin=C17-1
Removed Pin From Net: NetName=+12V Pin=C17-2
Removed Pin From Net: NetName=-12V Pin=C22-1
Removed Pin From Net: NetName=A Pin=C22-2
Removed Pin From Net: NetName=+12V Pin=Q3-1
Removed Pin From Net: NetName=RTD_CB(+) Pin=Q3-2
Removed Pin From Net: NetName=A Pin=R12-1
Removed Pin From Net: NetName=RTD_CB(-) Pin=R12-2
Removed Pin From Net: NetName=NetR8_1 Pin=R16-1
Removed Pin From Net: NetName=NetR8_1 Pin=R17-1
Removed Pin From Net: NetName=RTD_CB(-) Pin=TP12-1
Removed Pin From Net: NetName=RTD_CB(+) Pin=TP20-1
Removed Pin From Net: NetName=RTD_CB(-) Pin=U6-2
Removed Pin From Net: NetName=NetR8_1 Pin=U6-3
Removed Pin From Net: NetName=-12V Pin=U6-4
Removed Pin From Net: NetName=+12V Pin=U6-7
Removed Pin From Net: NetName=RTD_CB(+) Pin=U7-2
Removed Pin From Net: NetName=RTD_CB(-) Pin=U7-3
Removed Pin From Net: NetName=-12V Pin=U7-4
Removed Pin From Net: NetName=A Pin=U7-5
Removed Pin From Net: NetName=+12V Pin=U7-7
Removed Pin From Net: NetName=A Pin=U8-3
Removed Pin From Net: NetName=-12V Pin=U8-4
Removed Pin From Net: NetName=+12V Pin=U8-7
Removed Member From Class: ClassName=780-00018_rev3_Pg1 Member=C11
Removed Member From Class: ClassName=780-00018_rev3_Pg1 Member=C12
Removed Member From Class: ClassName=780-00018_rev3_Pg1 Member=C13
Removed Member From Class: ClassName=780-00018_rev3_Pg1 Member=C15
Removed Member From Class: ClassName=780-00018_rev3_Pg1 Member=C16
Removed Member From Class: ClassName=780-00018_rev3_Pg1 Member=C17
Removed Member From Class: ClassName=780-00018_rev3_Pg1 Member=C22
Removed Member From Class: ClassName=780-00018_rev3_Pg1 Member=Q3
Removed Member From Class: ClassName=780-00018_rev3_Pg1 Member=R11
Removed Member From Class: ClassName=780-00018_rev3_Pg1 Member=R12
Removed Member From Class: ClassName=780-00018_rev3_Pg1 Member=R13
Removed Member From Class: ClassName=780-00018_rev3_Pg1 Member=R14
Removed Member From Class: ClassName=780-00018_rev3_Pg1 Member=R15
Removed Member From Class: ClassName=780-00018_rev3_Pg1 Member=R16
Removed Member From Class: ClassName=780-00018_rev3_Pg1 Member=R17
Removed Member From Class: ClassName=780-00018_rev3_Pg1 Member=TP12
Removed Member From Class: ClassName=780-00018_rev3_Pg1 Member=TP19
Removed Member From Class: ClassName=780-00018_rev3_Pg1 Member=TP20
Removed Member From Class: ClassName=780-00018_rev3_Pg1 Member=TP21
Removed Member From Class: ClassName=780-00018_rev3_Pg1 Member=U6
Removed Member From Class: ClassName=780-00018_rev3_Pg1 Member=U7
Removed Member From Class: ClassName=780-00018_rev3_Pg1 Member=U8
