Removed Pin From Net: NetName=+24V Pin=C10-1
Removed Pin From Net: NetName=A Pin=C10-2
Removed Pin From Net: NetName=-5ANA Pin=C14-1
Removed Pin From Net: NetName=A Pin=C14-2
Removed Pin From Net: NetName=HEATER(+) Pin=F1-1
Removed Pin From Net: NetName=+24V Pin=Q2-4
Removed Pin From Net: NetName=+24V Pin=Q2-4
Removed Pin From Net: NetName=+24V Pin=Q2-4
Removed Pin From Net: NetName=+24V Pin=Q2-4
Removed Pin From Net: NetName=+24V Pin=Q2-4
Removed Pin From Net: NetName=+24V Pin=Q2-4
Removed Pin From Net: NetName=+24V Pin=Q2-4
Removed Pin From Net: NetName=A Pin=R2-2
Removed Pin From Net: NetName=A Pin=R10-1
Removed Pin From Net: NetName=DAC_CCD_HEATER Pin=R10-2
Removed Pin From Net: NetName=DAC_CCD_HEATER Pin=TP1-1
Removed Pin From Net: NetName=HEATER(+) Pin=TP5-1
Removed Pin From Net: NetName=DAC_CCD_HEATER Pin=U5-3
Removed Pin From Net: NetName=-5ANA Pin=U5-4
Removed Pin From Net: NetName=+24V Pin=U5-7
Removed Member From Class: ClassName=780-00018_rev3_Pg1 Member=C4
Removed Member From Class: ClassName=780-00018_rev3_Pg1 Member=C10
Removed Member From Class: ClassName=780-00018_rev3_Pg1 Member=C14
Removed Member From Class: ClassName=780-00018_rev3_Pg1 Member=F1
Removed Member From Class: ClassName=780-00018_rev3_Pg1 Member=Q2
Removed Member From Class: ClassName=780-00018_rev3_Pg1 Member=R2
Removed Member From Class: ClassName=780-00018_rev3_Pg1 Member=R9
Removed Member From Class: ClassName=780-00018_rev3_Pg1 Member=R10
Removed Member From Class: ClassName=780-00018_rev3_Pg1 Member=TP1
Removed Member From Class: ClassName=780-00018_rev3_Pg1 Member=TP5
Removed Member From Class: ClassName=780-00018_rev3_Pg1 Member=U5
