Removed Pin From Net: NetName=V_MON Pin=P7-23
Removed Pin From Net: NetName=INTERLOCK_NEG Pin=P7-25
Removed Pin From Net: NetName=I_MON Pin=P7-27
Removed Pin From Net: NetName=HV_ON_MON Pin=P7-29
Removed Pin From Net: NetName=HV_ON_MON Pin=P8-1
Removed Pin From Net: NetName=I_MON Pin=P8-2
Removed Pin From Net: NetName=INTERLOCK_NEG Pin=P8-3
Removed Pin From Net: NetName=V_MON Pin=P8-4
Removed Pin From Net: NetName=+24V Pin=P8-5
Removed Pin From Net: NetName=GND Pin=P8-6
Added Pin To Net: NetName=INTERLOCK_NEG Pin=P7-17
Added Pin To Net: NetName=V_MON Pin=P7-19
Added Pin To Net: NetName=I_MON Pin=P7-23
Added Pin To Net: NetName=HV_ON_MON Pin=P7-25
Added Pin To Net: NetName=+24V Pin=P8-1
Added Pin To Net: NetName=HV_ON_MON Pin=P8-2
Added Pin To Net: NetName=I_MON Pin=P8-3
Added Pin To Net: NetName=GND Pin=P8-4
Added Pin To Net: NetName=V_MON Pin=P8-5
Added Pin To Net: NetName=INTERLOCK_NEG Pin=P8-6
