Removed Pin From Net: NetName=A1_OUT Pin=U3A-6
Removed Pin From Net: NetName=NetTP5A_1 Pin=U3A-7
Removed Pin From Net: NetName=NetR1A_2 Pin=U3A-10
Removed Pin From Net: NetName=A2_OUT Pin=U3B-6
Removed Pin From Net: NetName=NetTP5B_1 Pin=U3B-7
Removed Pin From Net: NetName=NetR1B_2 Pin=U3B-10
Removed Pin From Net: NetName=A3_OUT Pin=U3C-6
Removed Pin From Net: NetName=NetTP5C_1 Pin=U3C-7
Removed Pin From Net: NetName=NetR1C_2 Pin=U3C-10
Removed Pin From Net: NetName=A4_OUT Pin=U3D-6
Removed Pin From Net: NetName=NetTP5D_1 Pin=U3D-7
Removed Pin From Net: NetName=NetR1D_2 Pin=U3D-10
Added Pin To Net: NetName=/RESET_BLANK Pin=U3A-1
Added Pin To Net: NetName=NetTP5A_1 Pin=U3A-2
Added Pin To Net: NetName=A1_OUT Pin=U3A-3
Added Pin To Net: NetName=A Pin=U3A-4
Added Pin To Net: NetName=A Pin=U3A-5
Added Pin To Net: NetName=NetR1A_2 Pin=U3A-6
Added Pin To Net: NetName=/GAIN_4X Pin=U3A-8
Added Pin To Net: NetName=/GAIN_4X Pin=U3A-9
Added Pin To Net: NetName=NetR2A_2 Pin=U3A-10
Added Pin To Net: NetName=+5ANA Pin=U3A-12
Added Pin To Net: NetName=+28V Pin=U3A-13
Added Pin To Net: NetName=/RESET_BLANK Pin=U3A-16
Added Pin To Net: NetName=/RESET_BLANK Pin=U3B-1
Added Pin To Net: NetName=NetTP5B_1 Pin=U3B-2
Added Pin To Net: NetName=A2_OUT Pin=U3B-3
Added Pin To Net: NetName=A Pin=U3B-4
Added Pin To Net: NetName=A Pin=U3B-5
Added Pin To Net: NetName=NetR1B_2 Pin=U3B-6
Added Pin To Net: NetName=/GAIN_4X Pin=U3B-8
Added Pin To Net: NetName=/GAIN_4X Pin=U3B-9
Added Pin To Net: NetName=NetR2B_2 Pin=U3B-10
Added Pin To Net: NetName=+5ANA Pin=U3B-12
Added Pin To Net: NetName=+28V Pin=U3B-13
Added Pin To Net: NetName=/RESET_BLANK Pin=U3B-16
Added Pin To Net: NetName=/RESET_BLANK Pin=U3C-1
Added Pin To Net: NetName=NetTP5C_1 Pin=U3C-2
Added Pin To Net: NetName=A3_OUT Pin=U3C-3
Added Pin To Net: NetName=A Pin=U3C-4
Added Pin To Net: NetName=A Pin=U3C-5
Added Pin To Net: NetName=NetR1C_2 Pin=U3C-6
Added Pin To Net: NetName=/GAIN_4X Pin=U3C-8
Added Pin To Net: NetName=/GAIN_4X Pin=U3C-9
Added Pin To Net: NetName=NetR2C_2 Pin=U3C-10
Added Pin To Net: NetName=+5ANA Pin=U3C-12
Added Pin To Net: NetName=+28V Pin=U3C-13
Added Pin To Net: NetName=/RESET_BLANK Pin=U3C-16
Added Pin To Net: NetName=/RESET_BLANK Pin=U3D-1
Added Pin To Net: NetName=NetTP5D_1 Pin=U3D-2
Added Pin To Net: NetName=A4_OUT Pin=U3D-3
Added Pin To Net: NetName=A Pin=U3D-4
Added Pin To Net: NetName=A Pin=U3D-5
Added Pin To Net: NetName=NetR1D_2 Pin=U3D-6
Added Pin To Net: NetName=/GAIN_4X Pin=U3D-8
Added Pin To Net: NetName=/GAIN_4X Pin=U3D-9
Added Pin To Net: NetName=NetR2D_2 Pin=U3D-10
Added Pin To Net: NetName=+5ANA Pin=U3D-12
Added Pin To Net: NetName=+28V Pin=U3D-13
Added Pin To Net: NetName=/RESET_BLANK Pin=U3D-16
Added Pin To Net: NetName=NetU3A_7 Pin=U3A-7
Added Pin To Net: NetName=NetU3A_7 Pin=U3A-11
Added Pin To Net: NetName=NetU3A_7 Pin=U5A-2
Added Net: Name=NetU3A_7
Added Pin To Net: NetName=NetU3B_7 Pin=U3B-7
Added Pin To Net: NetName=NetU3B_7 Pin=U3B-11
Added Pin To Net: NetName=NetU3B_7 Pin=U5B-2
Added Net: Name=NetU3B_7
Added Pin To Net: NetName=NetU3C_7 Pin=U3C-7
Added Pin To Net: NetName=NetU3C_7 Pin=U3C-11
Added Pin To Net: NetName=NetU3C_7 Pin=U5C-2
Added Net: Name=NetU3C_7
Added Pin To Net: NetName=NetU3D_7 Pin=U3D-7
Added Pin To Net: NetName=NetU3D_7 Pin=U3D-11
Added Pin To Net: NetName=NetU3D_7 Pin=U5D-2
Added Net: Name=NetU3D_7
