Removed Pin From Net: NetName=SDA Pin=P8-17
Removed Pin From Net: NetName=SCL Pin=P8-18
Removed Pin From Net: NetName=QUADA4+ Pin=P8-20
Removed Pin From Net: NetName=QUADA4- Pin=P8-21
Removed Pin From Net: NetName=QUADB4+ Pin=P8-22
Removed Pin From Net: NetName=QUADB4- Pin=P8-23
Removed Pin From Net: NetName=INDEX4+ Pin=P8-24
Removed Pin From Net: NetName=INDEX4- Pin=P8-25
Removed Pin From Net: NetName=+5V Pin=P9-17
Removed Pin From Net: NetName=+5V Pin=P9-18
Removed Pin From Net: NetName=+5V Pin=P9-19
Removed Pin From Net: NetName=+3.3V Pin=P9-20
Removed Pin From Net: NetName=+3.3V Pin=P9-21
Removed Pin From Net: NetName=+3.3V Pin=P9-22
Removed Pin From Net: NetName=GND Pin=P9-23
Removed Pin From Net: NetName=GND Pin=P9-24
Removed Pin From Net: NetName=GND Pin=P9-25
Added Pin To Net: NetName=+5V Pin=P8-17
Added Pin To Net: NetName=+5V Pin=P8-18
Added Pin To Net: NetName=+5V Pin=P8-19
Added Pin To Net: NetName=+3.3V Pin=P8-20
Added Pin To Net: NetName=+3.3V Pin=P8-21
Added Pin To Net: NetName=+3.3V Pin=P8-22
Added Pin To Net: NetName=GND Pin=P8-23
Added Pin To Net: NetName=GND Pin=P8-24
Added Pin To Net: NetName=GND Pin=P8-25
Added Pin To Net: NetName=SDA Pin=P9-18
Added Pin To Net: NetName=SCL Pin=P9-19
Added Pin To Net: NetName=QUADA4+ Pin=P9-20
Added Pin To Net: NetName=QUADA4- Pin=P9-21
Added Pin To Net: NetName=QUADB4+ Pin=P9-22
Added Pin To Net: NetName=QUADB4- Pin=P9-23
Added Pin To Net: NetName=INDEX4+ Pin=P9-24
Added Pin To Net: NetName=INDEX4- Pin=P9-25
Change Class Name : Old Net Name=780-00025_rev1_Pg1, Step Motor Interconnect New Net Name=780-00025_rev2_Pg1, Step Motor Interconnect
Added Room: Name=780-00025_rev2_Pg1, Step Motor Interconnect
