Removed Pin From Net: NetName=GND Pin=P7-1
Removed Pin From Net: NetName=GND Pin=P7-2
Removed Pin From Net: NetName=CLK_6_P Pin=P7-3
Removed Pin From Net: NetName=A_SOMI Pin=P7-4
Removed Pin From Net: NetName=CLK_6_N Pin=P7-5
Removed Pin From Net: NetName=A_INTERFACE_RESET_N Pin=P7-6
Removed Pin From Net: NetName=A_SCLK Pin=P7-7
Removed Pin From Net: NetName=A_SIMO Pin=P7-9
Removed Pin From Net: NetName=GND Pin=P7-11
Removed Pin From Net: NetName=GND Pin=P7-12
Removed Pin From Net: NetName=GND Pin=P7-21
Removed Pin From Net: NetName=GND Pin=P7-22
Removed Pin From Net: NetName=GND Pin=P7-31
Removed Pin From Net: NetName=GND Pin=P7-32
Removed Pin From Net: NetName=S_WIRED_1 Pin=P7-39
Removed Pin From Net: NetName=GND Pin=P7-41
Removed Pin From Net: NetName=GND Pin=P7-42
Removed Pin From Net: NetName=I_ADDR0_A Pin=P7-43
Removed Pin From Net: NetName=I_ADDR1 Pin=P7-45
Removed Pin From Net: NetName=I_ADDR2 Pin=P7-47
Removed Pin From Net: NetName=GND Pin=P7-51
Removed Pin From Net: NetName=GND Pin=P7-52
