Added Component: Designator=C1(RAD-0.1)
Added Component: Designator=C2(RAD-0.1)
Added Component: Designator=C3(RAD-0.1)
Added Component: Designator=C4(smd_0805)
Added Component: Designator=C5(RAD-0.1)
Added Component: Designator=C6(RAD-0.1)
Added Component: Designator=C7(RAD-0.1)
Added Component: Designator=C8(RAD-0.1)
Added Component: Designator=C9(RAD-0.1)
Added Component: Designator=C10(smd_0805)
Added Component: Designator=C11(RAD-0.1)
Added Component: Designator=C12(RAD-0.1)
Added Component: Designator=C13(RAD-0.1)
Added Component: Designator=C14(smd_0805)
Added Component: Designator=C15(RAD-0.1)
Added Component: Designator=C16(RAD-0.1)
Added Component: Designator=C17(RAD-0.1)
Added Component: Designator=C18(SMD_CAP_3216)
Added Component: Designator=C19(SMD_CAP_3216)
Added Component: Designator=C20(SMD_CAP_6032)
Added Component: Designator=C21(SMD_CAP_6032)
Added Component: Designator=C22(RAD-0.1)
Added Component: Designator=C23(smd_0805)
Added Component: Designator=C24(SMD_CAP_3216)
Added Component: Designator=C25(SMD_CAP_3216)
Added Component: Designator=C26(SMD_CAP_3216)
Added Component: Designator=D1(SMC)
Added Component: Designator=D2(SMC)
Added Component: Designator=D3(SMD_0805_LED)
Added Component: Designator=D4(SMD_0805_LED)
Added Component: Designator=D5(SMD_0805_LED)
Added Component: Designator=D6(SMD_0805_LED)
Added Component: Designator=D7(SMD_0805_LED)
Added Component: Designator=D8(SMD_0805_LED)
Added Component: Designator=L1(Inductor TH)
Added Component: Designator=L2(Inductor TH)
Added Component: Designator=P1(HDR1X8 for IDC)
Added Component: Designator=P2(MS-3116 Size 20-41, Female)
Added Component: Designator=P3(LEMO SIZE 3 18-pin PCB)
Added Component: Designator=P4(QFS SMD PWR PINS)
Added Component: Designator=P5(QFS SMD PWR PINS)
Added Component: Designator=P6(QFS SMD PWR PINS)
Added Component: Designator=P7(QFS SMD PWR PINS)
Added Component: Designator=P8(HDR1X8 for IDC)
Added Component: Designator=P9(HDR1X8 for IDC)
Added Component: Designator=P10(HDR1X8 for IDC)
Added Component: Designator=P11(HDR1X4 for IDC)
Added Component: Designator=P12(HDR1X8 for IDC)
Added Component: Designator=Q1(TO-252(D-PAK)  PowerPAD)
Added Component: Designator=Q2(SOT-23B)
Added Component: Designator=Q3(TO-252(D-PAK)  PowerPAD)
Added Component: Designator=Q4(SOT-23B)
Added Component: Designator=R1(SMD_0805)
Added Component: Designator=R2(SMD_0805)
Added Component: Designator=R3(AXIAL-0.4)
Added Component: Designator=R4(SMD_0805)
Added Component: Designator=R5(SMD_0805)
Added Component: Designator=R6(SMD_0805)
Added Component: Designator=R7(SMD_0805)
Added Component: Designator=R8(SMD_0805)
Added Component: Designator=R9(SMD_0805)
Added Component: Designator=R10(SMD_0805)
Added Component: Designator=R11(SMD_0805)
Added Component: Designator=R12(AXIAL-0.4)
Added Component: Designator=R13(SMD_0805)
Added Component: Designator=R14(SMD_0805)
Added Component: Designator=R15(SMD_0805)
Added Component: Designator=R16(SMD_0805)
Added Component: Designator=R17(SMD_0805)
Added Component: Designator=R18(SMD_0805)
Added Component: Designator=TP1(SMD_TEST POINT)
Added Component: Designator=TP2(SMD_TEST POINT)
Added Component: Designator=U1(NSO8_M)
Added Component: Designator=U2(NSO8_M)
Added Component: Designator=U3(NSO8_M)
Added Component: Designator=U4(S8_M)
Added Component: Designator=U5(TQFN-6)
Added Component: Designator=U6(NSO8_M)
Added Component: Designator=U7(NSO8_M)
Added Component: Designator=U8(S8_M)
Added Component: Designator=U9(TQFN-6)
Added Pin To Net: NetName=+5ANA Pin=C18-1
Added Pin To Net: NetName=+5ANA Pin=P3-4
Added Pin To Net: NetName=+5ANA Pin=P5-PC03
Added Pin To Net: NetName=+5ANA Pin=P6-PC03
Added Pin To Net: NetName=+5ANA Pin=P7-PC03
Added Net: Name=+5ANA
Added Pin To Net: NetName=+12V Pin=C3-1
Added Pin To Net: NetName=+12V Pin=C7-2
Added Pin To Net: NetName=+12V Pin=C13-1
Added Pin To Net: NetName=+12V Pin=C17-2
Added Pin To Net: NetName=+12V Pin=C26-1
Added Pin To Net: NetName=+12V Pin=P3-1
Added Pin To Net: NetName=+12V Pin=P3-13
Added Pin To Net: NetName=+12V Pin=P5-PC01
Added Pin To Net: NetName=+12V Pin=P6-PC01
Added Pin To Net: NetName=+12V Pin=P7-PC01
Added Pin To Net: NetName=+12V Pin=Q1-4
Added Pin To Net: NetName=+12V Pin=Q1-4
Added Pin To Net: NetName=+12V Pin=Q1-4
Added Pin To Net: NetName=+12V Pin=Q1-4
Added Pin To Net: NetName=+12V Pin=Q1-4
Added Pin To Net: NetName=+12V Pin=Q1-4
Added Pin To Net: NetName=+12V Pin=Q1-4
Added Pin To Net: NetName=+12V Pin=Q1-4
Added Pin To Net: NetName=+12V Pin=Q1-4
Added Pin To Net: NetName=+12V Pin=Q1-4
Added Pin To Net: NetName=+12V Pin=Q1-4
Added Pin To Net: NetName=+12V Pin=Q1-4
Added Pin To Net: NetName=+12V Pin=Q1-4
Added Pin To Net: NetName=+12V Pin=Q1-4
Added Pin To Net: NetName=+12V Pin=Q1-4
Added Pin To Net: NetName=+12V Pin=Q1-4
Added Pin To Net: NetName=+12V Pin=Q1-4
Added Pin To Net: NetName=+12V Pin=Q3-4
Added Pin To Net: NetName=+12V Pin=Q3-4
Added Pin To Net: NetName=+12V Pin=Q3-4
Added Pin To Net: NetName=+12V Pin=Q3-4
Added Pin To Net: NetName=+12V Pin=Q3-4
Added Pin To Net: NetName=+12V Pin=Q3-4
Added Pin To Net: NetName=+12V Pin=Q3-4
Added Pin To Net: NetName=+12V Pin=Q3-4
Added Pin To Net: NetName=+12V Pin=Q3-4
Added Pin To Net: NetName=+12V Pin=Q3-4
Added Pin To Net: NetName=+12V Pin=Q3-4
Added Pin To Net: NetName=+12V Pin=Q3-4
Added Pin To Net: NetName=+12V Pin=Q3-4
Added Pin To Net: NetName=+12V Pin=Q3-4
Added Pin To Net: NetName=+12V Pin=Q3-4
Added Pin To Net: NetName=+12V Pin=Q3-4
Added Pin To Net: NetName=+12V Pin=Q3-4
Added Pin To Net: NetName=+12V Pin=U1-7
Added Pin To Net: NetName=+12V Pin=U2-7
Added Pin To Net: NetName=+12V Pin=U3-2
Added Pin To Net: NetName=+12V Pin=U6-7
Added Pin To Net: NetName=+12V Pin=U7-7
Added Net: Name=+12V
Added Pin To Net: NetName=+24V Pin=C20-POS
Added Pin To Net: NetName=+24V Pin=P3-6
Added Pin To Net: NetName=+24V Pin=P3-16
Added Pin To Net: NetName=+24V Pin=P11-1
Added Net: Name=+24V
Added Pin To Net: NetName=+28V Pin=C21-POS
Added Pin To Net: NetName=+28V Pin=P3-7
Added Pin To Net: NetName=+28V Pin=P3-17
Added Pin To Net: NetName=+28V Pin=P5-PC05
Added Pin To Net: NetName=+28V Pin=P6-PC05
Added Pin To Net: NetName=+28V Pin=P7-PC05
Added Net: Name=+28V
Added Pin To Net: NetName=-5ANA Pin=C24-2
Added Pin To Net: NetName=-5ANA Pin=P3-14
Added Pin To Net: NetName=-5ANA Pin=P5-PC04
Added Pin To Net: NetName=-5ANA Pin=P6-PC04
Added Pin To Net: NetName=-5ANA Pin=P7-PC04
Added Net: Name=-5ANA
Added Pin To Net: NetName=-12V Pin=C1-1
Added Pin To Net: NetName=-12V Pin=C6-1
Added Pin To Net: NetName=-12V Pin=C11-1
Added Pin To Net: NetName=-12V Pin=C16-1
Added Pin To Net: NetName=-12V Pin=C25-2
Added Pin To Net: NetName=-12V Pin=P3-12
Added Pin To Net: NetName=-12V Pin=P3-18
Added Pin To Net: NetName=-12V Pin=P5-PC02
Added Pin To Net: NetName=-12V Pin=P6-PC02
Added Pin To Net: NetName=-12V Pin=P7-PC02
Added Pin To Net: NetName=-12V Pin=U1-4
Added Pin To Net: NetName=-12V Pin=U2-4
Added Pin To Net: NetName=-12V Pin=U6-4
Added Pin To Net: NetName=-12V Pin=U7-4
Added Net: Name=-12V
Added Pin To Net: NetName=24V Pin=C4-1
Added Pin To Net: NetName=24V Pin=C14-1
Added Pin To Net: NetName=24V Pin=D1-2
Added Pin To Net: NetName=24V Pin=D2-2
Added Pin To Net: NetName=24V Pin=R2-1
Added Pin To Net: NetName=24V Pin=R10-1
Added Pin To Net: NetName=24V Pin=U5-1
Added Pin To Net: NetName=24V Pin=U9-1
Added Net: Name=24V
Added Pin To Net: NetName=A2OUT Pin=P2-P
Added Net: Name=A2OUT
Added Pin To Net: NetName=A3OUT Pin=P2-E
Added Net: Name=A3OUT
Added Pin To Net: NetName=A_INTERFACE_RESET_N Pin=P4-141
Added Pin To Net: NetName=A_INTERFACE_RESET_N Pin=P5-47
Added Pin To Net: NetName=A_INTERFACE_RESET_N Pin=P6-6
Added Pin To Net: NetName=A_INTERFACE_RESET_N Pin=P7-6
Added Net: Name=A_INTERFACE_RESET_N
Added Pin To Net: NetName=A_SCLK Pin=P4-108
Added Pin To Net: NetName=A_SCLK Pin=P5-143
Added Pin To Net: NetName=A_SCLK Pin=P6-7
Added Pin To Net: NetName=A_SCLK Pin=P7-7
Added Net: Name=A_SCLK
Added Pin To Net: NetName=A_SIMO Pin=P4-112
Added Pin To Net: NetName=A_SIMO Pin=P5-147
Added Pin To Net: NetName=A_SIMO Pin=P6-9
Added Pin To Net: NetName=A_SIMO Pin=P7-9
Added Net: Name=A_SIMO
Added Pin To Net: NetName=A_SOMI Pin=P4-114
Added Pin To Net: NetName=A_SOMI Pin=P5-149
Added Pin To Net: NetName=A_SOMI Pin=P6-4
Added Pin To Net: NetName=A_SOMI Pin=P7-4
Added Net: Name=A_SOMI
Added Pin To Net: NetName=ASP_1_DAT0 Pin=P4-55
Added Pin To Net: NetName=ASP_1_DAT0 Pin=P5-154
Added Net: Name=ASP_1_DAT0
Added Pin To Net: NetName=ASP_1_DAT1 Pin=P4-57
Added Pin To Net: NetName=ASP_1_DAT1 Pin=P5-152
Added Net: Name=ASP_1_DAT1
Added Pin To Net: NetName=ASP_1_DAT2 Pin=P4-59
Added Pin To Net: NetName=ASP_1_DAT2 Pin=P5-150
Added Net: Name=ASP_1_DAT2
Added Pin To Net: NetName=ASP_1_DAT3 Pin=P4-61
Added Pin To Net: NetName=ASP_1_DAT3 Pin=P5-148
Added Net: Name=ASP_1_DAT3
Added Pin To Net: NetName=ASP_1_DAT4 Pin=P4-65
Added Pin To Net: NetName=ASP_1_DAT4 Pin=P5-144
Added Net: Name=ASP_1_DAT4
Added Pin To Net: NetName=ASP_1_DAT5 Pin=P4-67
Added Pin To Net: NetName=ASP_1_DAT5 Pin=P5-142
Added Net: Name=ASP_1_DAT5
Added Pin To Net: NetName=ASP_1_DAT6 Pin=P4-69
Added Pin To Net: NetName=ASP_1_DAT6 Pin=P5-140
Added Net: Name=ASP_1_DAT6
Added Pin To Net: NetName=ASP_1_DAT7 Pin=P4-71
Added Pin To Net: NetName=ASP_1_DAT7 Pin=P5-138
Added Net: Name=ASP_1_DAT7
Added Pin To Net: NetName=ASP_1_SEL_N Pin=P4-95
Added Pin To Net: NetName=ASP_1_SEL_N Pin=P5-43
Added Net: Name=ASP_1_SEL_N
Added Pin To Net: NetName=A Pin=C1-2
Added Pin To Net: NetName=A Pin=C3-2
Added Pin To Net: NetName=A Pin=C5-1
Added Pin To Net: NetName=A Pin=C5-2
Added Pin To Net: NetName=A Pin=C6-2
Added Pin To Net: NetName=A Pin=C7-1
Added Pin To Net: NetName=A Pin=C8-1
Added Pin To Net: NetName=A Pin=C9-1
Added Pin To Net: NetName=A Pin=C9-2
Added Pin To Net: NetName=A Pin=C11-2
Added Pin To Net: NetName=A Pin=C13-2
Added Pin To Net: NetName=A Pin=C15-1
Added Pin To Net: NetName=A Pin=C15-2
Added Pin To Net: NetName=A Pin=C16-2
Added Pin To Net: NetName=A Pin=C17-1
Added Pin To Net: NetName=A Pin=C18-2
Added Pin To Net: NetName=A Pin=C21-NEG
Added Pin To Net: NetName=A Pin=C22-1
Added Pin To Net: NetName=A Pin=C22-2
Added Pin To Net: NetName=A Pin=C24-1
Added Pin To Net: NetName=A Pin=C25-1
Added Pin To Net: NetName=A Pin=C26-2
Added Pin To Net: NetName=A Pin=P1-8
Added Pin To Net: NetName=A Pin=P2-pp
Added Pin To Net: NetName=A Pin=P2-qq
Added Pin To Net: NetName=A Pin=P2-rr
Added Pin To Net: NetName=A Pin=P2-ss
Added Pin To Net: NetName=A Pin=P2-tt
Added Pin To Net: NetName=A Pin=P3-2
Added Pin To Net: NetName=A Pin=P3-3
Added Pin To Net: NetName=A Pin=P5-PC07
Added Pin To Net: NetName=A Pin=P6-PC07
Added Pin To Net: NetName=A Pin=P7-PC07
Added Pin To Net: NetName=A Pin=R3-1
Added Pin To Net: NetName=A Pin=R12-1
Added Pin To Net: NetName=A Pin=U2-5
Added Pin To Net: NetName=A Pin=U3-4
Added Pin To Net: NetName=A Pin=U4-3
Added Pin To Net: NetName=A Pin=U4-4
Added Pin To Net: NetName=A Pin=U4-7
Added Pin To Net: NetName=A Pin=U7-5
Added Pin To Net: NetName=A Pin=U8-3
Added Pin To Net: NetName=A Pin=U8-4
Added Pin To Net: NetName=A Pin=U8-7
Added Net: Name=A
Added Pin To Net: NetName=CCD_TEMP_OUT Pin=C2-2
Added Pin To Net: NetName=CCD_TEMP_OUT Pin=P1-3
Added Pin To Net: NetName=CCD_TEMP_OUT Pin=R1-2
Added Pin To Net: NetName=CCD_TEMP_OUT Pin=R4-2
Added Pin To Net: NetName=CCD_TEMP_OUT Pin=U4-6
Added Net: Name=CCD_TEMP_OUT
Added Pin To Net: NetName=CLK_1_N Pin=P4-6
Added Pin To Net: NetName=CLK_1_N Pin=P5-153
Added Net: Name=CLK_1_N
Added Pin To Net: NetName=CLK_1_P Pin=P4-4
Added Pin To Net: NetName=CLK_1_P Pin=P5-151
Added Net: Name=CLK_1_P
Added Pin To Net: NetName=CLK_1_SEL_N Pin=P4-99
Added Pin To Net: NetName=CLK_1_SEL_N Pin=P6-29
Added Net: Name=CLK_1_SEL_N
Added Pin To Net: NetName=CLK_3_N Pin=P4-10
Added Pin To Net: NetName=CLK_3_N Pin=P6-5
Added Net: Name=CLK_3_N
Added Pin To Net: NetName=CLK_3_P Pin=P4-8
Added Pin To Net: NetName=CLK_3_P Pin=P6-3
Added Net: Name=CLK_3_P
Added Pin To Net: NetName=CLK_6_N Pin=P4-16
Added Pin To Net: NetName=CLK_6_N Pin=P7-5
Added Net: Name=CLK_6_N
Added Pin To Net: NetName=CLK_6_P Pin=P4-14
Added Pin To Net: NetName=CLK_6_P Pin=P7-3
Added Net: Name=CLK_6_P
Added Pin To Net: NetName=COLDBLK(+) Pin=P2-S
Added Pin To Net: NetName=COLDBLK(+) Pin=R10-2
Added Pin To Net: NetName=COLDBLK(+) Pin=U9-2
Added Net: Name=COLDBLK(+)
Added Pin To Net: NetName=COLDBLK(-) Pin=L2-1
Added Pin To Net: NetName=COLDBLK(-) Pin=P2-R
Added Net: Name=COLDBLK(-)
Added Pin To Net: NetName=CONVST Pin=P4-29
Added Pin To Net: NetName=CONVST Pin=P5-81
Added Net: Name=CONVST
Added Pin To Net: NetName=CRYO_TEMP_OUT Pin=C12-2
Added Pin To Net: NetName=CRYO_TEMP_OUT Pin=P1-1
Added Pin To Net: NetName=CRYO_TEMP_OUT Pin=R11-2
Added Pin To Net: NetName=CRYO_TEMP_OUT Pin=R13-2
Added Pin To Net: NetName=CRYO_TEMP_OUT Pin=U8-6
Added Net: Name=CRYO_TEMP_OUT
Added Pin To Net: NetName=DC_HOLD Pin=P4-47
Added Pin To Net: NetName=DC_HOLD Pin=P5-99
Added Net: Name=DC_HOLD
Added Pin To Net: NetName=FAN_TACH Pin=P7-78
Added Pin To Net: NetName=FAN_TACH Pin=P11-3
Added Net: Name=FAN_TACH
Added Pin To Net: NetName=GAIN_4X Pin=P4-50
Added Pin To Net: NetName=GAIN_4X Pin=P5-102
Added Net: Name=GAIN_4X
Added Pin To Net: NetName=GND Pin=C4-2
Added Pin To Net: NetName=GND Pin=C10-1
Added Pin To Net: NetName=GND Pin=C14-2
Added Pin To Net: NetName=GND Pin=C19-2
Added Pin To Net: NetName=GND Pin=C20-NEG
Added Pin To Net: NetName=GND Pin=C23-1
Added Pin To Net: NetName=GND Pin=P1-7
Added Pin To Net: NetName=GND Pin=P3-10
Added Pin To Net: NetName=GND Pin=P3-11
Added Pin To Net: NetName=GND Pin=P4-1
Added Pin To Net: NetName=GND Pin=P4-2
Added Pin To Net: NetName=GND Pin=P4-12
Added Pin To Net: NetName=GND Pin=P4-21
Added Pin To Net: NetName=GND Pin=P4-27
Added Pin To Net: NetName=GND Pin=P4-28
Added Pin To Net: NetName=GND Pin=P4-31
Added Pin To Net: NetName=GND Pin=P4-32
Added Pin To Net: NetName=GND Pin=P4-37
Added Pin To Net: NetName=GND Pin=P4-38
Added Pin To Net: NetName=GND Pin=P4-41
Added Pin To Net: NetName=GND Pin=P4-42
Added Pin To Net: NetName=GND Pin=P4-46
Added Pin To Net: NetName=GND Pin=P4-51
Added Pin To Net: NetName=GND Pin=P4-52
Added Pin To Net: NetName=GND Pin=P4-53
Added Pin To Net: NetName=GND Pin=P4-54
Added Pin To Net: NetName=GND Pin=P4-63
Added Pin To Net: NetName=GND Pin=P4-93
Added Pin To Net: NetName=GND Pin=P4-94
Added Pin To Net: NetName=GND Pin=P4-103
Added Pin To Net: NetName=GND Pin=P4-104
Added Pin To Net: NetName=GND Pin=P4-105
Added Pin To Net: NetName=GND Pin=P4-106
Added Pin To Net: NetName=GND Pin=P4-110
Added Pin To Net: NetName=GND Pin=P4-115
Added Pin To Net: NetName=GND Pin=P4-116
Added Pin To Net: NetName=GND Pin=P4-125
Added Pin To Net: NetName=GND Pin=P4-126
Added Pin To Net: NetName=GND Pin=P4-135
Added Pin To Net: NetName=GND Pin=P4-136
Added Pin To Net: NetName=GND Pin=P4-145
Added Pin To Net: NetName=GND Pin=P4-146
Added Pin To Net: NetName=GND Pin=P4-155
Added Pin To Net: NetName=GND Pin=P4-156
Added Pin To Net: NetName=GND Pin=P4-157
Added Pin To Net: NetName=GND Pin=P4-158
Added Pin To Net: NetName=GND Pin=P4-159
Added Pin To Net: NetName=GND Pin=P4-PC03
Added Pin To Net: NetName=GND Pin=P4-PC04
Added Pin To Net: NetName=GND Pin=P4-PC05
Added Pin To Net: NetName=GND Pin=P4-PC06
Added Pin To Net: NetName=GND Pin=P4-PC07
Added Pin To Net: NetName=GND Pin=P4-PC08
Added Pin To Net: NetName=GND Pin=P5-1
Added Pin To Net: NetName=GND Pin=P5-2
Added Pin To Net: NetName=GND Pin=P5-5
Added Pin To Net: NetName=GND Pin=P5-9
Added Pin To Net: NetName=GND Pin=P5-11
Added Pin To Net: NetName=GND Pin=P5-12
Added Pin To Net: NetName=GND Pin=P5-15
Added Pin To Net: NetName=GND Pin=P5-19
Added Pin To Net: NetName=GND Pin=P5-21
Added Pin To Net: NetName=GND Pin=P5-22
Added Pin To Net: NetName=GND Pin=P5-31
Added Pin To Net: NetName=GND Pin=P5-32
Added Pin To Net: NetName=GND Pin=P5-41
Added Pin To Net: NetName=GND Pin=P5-42
Added Pin To Net: NetName=GND Pin=P5-51
Added Pin To Net: NetName=GND Pin=P5-52
Added Pin To Net: NetName=GND Pin=P5-53
Added Pin To Net: NetName=GND Pin=P5-54
Added Pin To Net: NetName=GND Pin=P5-63
Added Pin To Net: NetName=GND Pin=P5-64
Added Pin To Net: NetName=GND Pin=P5-73
Added Pin To Net: NetName=GND Pin=P5-74
Added Pin To Net: NetName=GND Pin=P5-83
Added Pin To Net: NetName=GND Pin=P5-84
Added Pin To Net: NetName=GND Pin=P5-89
Added Pin To Net: NetName=GND Pin=P5-93
Added Pin To Net: NetName=GND Pin=P5-94
Added Pin To Net: NetName=GND Pin=P5-98
Added Pin To Net: NetName=GND Pin=P5-103
Added Pin To Net: NetName=GND Pin=P5-104
Added Pin To Net: NetName=GND Pin=P5-105
Added Pin To Net: NetName=GND Pin=P5-106
Added Pin To Net: NetName=GND Pin=P5-115
Added Pin To Net: NetName=GND Pin=P5-116
Added Pin To Net: NetName=GND Pin=P5-120
Added Pin To Net: NetName=GND Pin=P5-125
Added Pin To Net: NetName=GND Pin=P5-126
Added Pin To Net: NetName=GND Pin=P5-135
Added Pin To Net: NetName=GND Pin=P5-136
Added Pin To Net: NetName=GND Pin=P5-145
Added Pin To Net: NetName=GND Pin=P5-146
Added Pin To Net: NetName=GND Pin=P5-155
Added Pin To Net: NetName=GND Pin=P5-156
Added Pin To Net: NetName=GND Pin=P5-157
Added Pin To Net: NetName=GND Pin=P5-158
Added Pin To Net: NetName=GND Pin=P5-159
Added Pin To Net: NetName=GND Pin=P5-PC08
Added Pin To Net: NetName=GND Pin=P6-1
Added Pin To Net: NetName=GND Pin=P6-2
Added Pin To Net: NetName=GND Pin=P6-11
Added Pin To Net: NetName=GND Pin=P6-12
Added Pin To Net: NetName=GND Pin=P6-21
Added Pin To Net: NetName=GND Pin=P6-22
Added Pin To Net: NetName=GND Pin=P6-31
Added Pin To Net: NetName=GND Pin=P6-32
Added Pin To Net: NetName=GND Pin=P6-41
Added Pin To Net: NetName=GND Pin=P6-42
Added Pin To Net: NetName=GND Pin=P6-46
Added Pin To Net: NetName=GND Pin=P6-51
Added Pin To Net: NetName=GND Pin=P6-52
Added Pin To Net: NetName=GND Pin=P6-53
Added Pin To Net: NetName=GND Pin=P6-54
Added Pin To Net: NetName=GND Pin=P6-63
Added Pin To Net: NetName=GND Pin=P6-64
Added Pin To Net: NetName=GND Pin=P6-73
Added Pin To Net: NetName=GND Pin=P6-74
Added Pin To Net: NetName=GND Pin=P6-83
Added Pin To Net: NetName=GND Pin=P6-84
Added Pin To Net: NetName=GND Pin=P6-93
Added Pin To Net: NetName=GND Pin=P6-94
Added Pin To Net: NetName=GND Pin=P6-103
Added Pin To Net: NetName=GND Pin=P6-104
Added Pin To Net: NetName=GND Pin=P6-105
Added Pin To Net: NetName=GND Pin=P6-106
Added Pin To Net: NetName=GND Pin=P6-107
Added Pin To Net: NetName=GND Pin=P6-110
Added Pin To Net: NetName=GND Pin=P6-111
Added Pin To Net: NetName=GND Pin=P6-114
Added Pin To Net: NetName=GND Pin=P6-115
Added Pin To Net: NetName=GND Pin=P6-116
Added Pin To Net: NetName=GND Pin=P6-117
Added Pin To Net: NetName=GND Pin=P6-120
Added Pin To Net: NetName=GND Pin=P6-121
Added Pin To Net: NetName=GND Pin=P6-124
Added Pin To Net: NetName=GND Pin=P6-125
Added Pin To Net: NetName=GND Pin=P6-126
Added Pin To Net: NetName=GND Pin=P6-127
Added Pin To Net: NetName=GND Pin=P6-130
Added Pin To Net: NetName=GND Pin=P6-131
Added Pin To Net: NetName=GND Pin=P6-134
Added Pin To Net: NetName=GND Pin=P6-135
Added Pin To Net: NetName=GND Pin=P6-136
Added Pin To Net: NetName=GND Pin=P6-137
Added Pin To Net: NetName=GND Pin=P6-140
Added Pin To Net: NetName=GND Pin=P6-141
Added Pin To Net: NetName=GND Pin=P6-144
Added Pin To Net: NetName=GND Pin=P6-145
Added Pin To Net: NetName=GND Pin=P6-146
Added Pin To Net: NetName=GND Pin=P6-147
Added Pin To Net: NetName=GND Pin=P6-150
Added Pin To Net: NetName=GND Pin=P6-151
Added Pin To Net: NetName=GND Pin=P6-154
Added Pin To Net: NetName=GND Pin=P6-155
Added Pin To Net: NetName=GND Pin=P6-156
Added Pin To Net: NetName=GND Pin=P6-157
Added Pin To Net: NetName=GND Pin=P6-158
Added Pin To Net: NetName=GND Pin=P6-159
Added Pin To Net: NetName=GND Pin=P6-PC08
Added Pin To Net: NetName=GND Pin=P7-1
Added Pin To Net: NetName=GND Pin=P7-2
Added Pin To Net: NetName=GND Pin=P7-11
Added Pin To Net: NetName=GND Pin=P7-12
Added Pin To Net: NetName=GND Pin=P7-21
Added Pin To Net: NetName=GND Pin=P7-22
Added Pin To Net: NetName=GND Pin=P7-31
Added Pin To Net: NetName=GND Pin=P7-32
Added Pin To Net: NetName=GND Pin=P7-41
Added Pin To Net: NetName=GND Pin=P7-42
Added Pin To Net: NetName=GND Pin=P7-51
Added Pin To Net: NetName=GND Pin=P7-52
Added Pin To Net: NetName=GND Pin=P7-53
Added Pin To Net: NetName=GND Pin=P7-54
Added Pin To Net: NetName=GND Pin=P7-63
Added Pin To Net: NetName=GND Pin=P7-64
Added Pin To Net: NetName=GND Pin=P7-73
Added Pin To Net: NetName=GND Pin=P7-74
Added Pin To Net: NetName=GND Pin=P7-83
Added Pin To Net: NetName=GND Pin=P7-84
Added Pin To Net: NetName=GND Pin=P7-93
Added Pin To Net: NetName=GND Pin=P7-94
Added Pin To Net: NetName=GND Pin=P7-103
Added Pin To Net: NetName=GND Pin=P7-104
Added Pin To Net: NetName=GND Pin=P7-105
Added Pin To Net: NetName=GND Pin=P7-106
Added Pin To Net: NetName=GND Pin=P7-115
Added Pin To Net: NetName=GND Pin=P7-116
Added Pin To Net: NetName=GND Pin=P7-125
Added Pin To Net: NetName=GND Pin=P7-126
Added Pin To Net: NetName=GND Pin=P7-135
Added Pin To Net: NetName=GND Pin=P7-136
Added Pin To Net: NetName=GND Pin=P7-145
Added Pin To Net: NetName=GND Pin=P7-146
Added Pin To Net: NetName=GND Pin=P7-155
Added Pin To Net: NetName=GND Pin=P7-156
Added Pin To Net: NetName=GND Pin=P7-157
Added Pin To Net: NetName=GND Pin=P7-158
Added Pin To Net: NetName=GND Pin=P7-159
Added Pin To Net: NetName=GND Pin=P7-PC08
Added Pin To Net: NetName=GND Pin=P11-4
Added Pin To Net: NetName=GND Pin=Q2-2
Added Pin To Net: NetName=GND Pin=Q4-2
Added Pin To Net: NetName=GND Pin=R9-1
Added Pin To Net: NetName=GND Pin=R18-1
Added Pin To Net: NetName=GND Pin=U5-4
Added Pin To Net: NetName=GND Pin=U5-7
Added Pin To Net: NetName=GND Pin=U9-4
Added Pin To Net: NetName=GND Pin=U9-7
Added Net: Name=GND
Added Net: Name=GPS_1HZ
Added Pin To Net: NetName=HEATER(+) Pin=R2-2
Added Pin To Net: NetName=HEATER(+) Pin=U5-2
Added Net: Name=HEATER(+)
Added Pin To Net: NetName=HEATER(-) Pin=L1-1
Added Net: Name=HEATER(-)
Added Pin To Net: NetName=I_ADDR0_A Pin=P4-107
Added Pin To Net: NetName=I_ADDR0_A Pin=P6-23
Added Pin To Net: NetName=I_ADDR0_A Pin=P7-43
Added Net: Name=I_ADDR0_A
Added Pin To Net: NetName=I_ADDR1 Pin=P4-111
Added Pin To Net: NetName=I_ADDR1 Pin=P6-25
Added Pin To Net: NetName=I_ADDR1 Pin=P7-45
Added Net: Name=I_ADDR1
Added Pin To Net: NetName=I_ADDR2 Pin=P4-113
Added Pin To Net: NetName=I_ADDR2 Pin=P6-27
Added Pin To Net: NetName=I_ADDR2 Pin=P7-47
Added Net: Name=I_ADDR2
Added Pin To Net: NetName=LED_1 Pin=D3-CATH
Added Pin To Net: NetName=LED_1 Pin=P4-147
Added Net: Name=LED_1
Added Pin To Net: NetName=LED_2 Pin=D4-CATH
Added Pin To Net: NetName=LED_2 Pin=P4-149
Added Net: Name=LED_2
Added Pin To Net: NetName=LED_3 Pin=D5-CATH
Added Pin To Net: NetName=LED_3 Pin=P4-148
Added Net: Name=LED_3
Added Pin To Net: NetName=LED_4 Pin=D6-CATH
Added Pin To Net: NetName=LED_4 Pin=P4-150
Added Net: Name=LED_4
Added Pin To Net: NetName=LED_5 Pin=D7-CATH
Added Pin To Net: NetName=LED_5 Pin=P4-152
Added Net: Name=LED_5
Added Pin To Net: NetName=LED_6 Pin=D8-CATH
Added Pin To Net: NetName=LED_6 Pin=P4-154
Added Net: Name=LED_6
Added Pin To Net: NetName=MPP Pin=P4-45
Added Pin To Net: NetName=MPP Pin=P6-20
Added Net: Name=MPP
Added Pin To Net: NetName=NetC2_1 Pin=C2-1
Added Pin To Net: NetName=NetC2_1 Pin=R1-1
Added Pin To Net: NetName=NetC2_1 Pin=R4-1
Added Pin To Net: NetName=NetC2_1 Pin=R6-2
Added Pin To Net: NetName=NetC2_1 Pin=R7-2
Added Pin To Net: NetName=NetC2_1 Pin=R8-2
Added Pin To Net: NetName=NetC2_1 Pin=U4-2
Added Net: Name=NetC2_1
Added Pin To Net: NetName=NetC8_2 Pin=C8-2
Added Pin To Net: NetName=NetC8_2 Pin=U3-3
Added Net: Name=NetC8_2
Added Pin To Net: NetName=NetC10_2 Pin=C10-2
Added Pin To Net: NetName=NetC10_2 Pin=U5-6
Added Net: Name=NetC10_2
Added Pin To Net: NetName=NetC12_1 Pin=C12-1
Added Pin To Net: NetName=NetC12_1 Pin=R11-1
Added Pin To Net: NetName=NetC12_1 Pin=R13-1
Added Pin To Net: NetName=NetC12_1 Pin=R15-2
Added Pin To Net: NetName=NetC12_1 Pin=R16-2
Added Pin To Net: NetName=NetC12_1 Pin=R17-2
Added Pin To Net: NetName=NetC12_1 Pin=U8-2
Added Net: Name=NetC12_1
Added Pin To Net: NetName=NetC23_2 Pin=C23-2
Added Pin To Net: NetName=NetC23_2 Pin=U9-6
Added Net: Name=NetC23_2
Added Pin To Net: NetName=NetD1_1 Pin=D1-1
Added Pin To Net: NetName=NetD1_1 Pin=Q2-3
Added Net: Name=NetD1_1
Added Pin To Net: NetName=NetD2_1 Pin=D2-1
Added Pin To Net: NetName=NetD2_1 Pin=Q4-3
Added Net: Name=NetD2_1
Added Pin To Net: NetName=NetP7_13 Pin=P7-13
Added Pin To Net: NetName=NetP7_13 Pin=P8-1
Added Net: Name=NetP7_13
Added Pin To Net: NetName=NetP7_14 Pin=P7-14
Added Pin To Net: NetName=NetP7_14 Pin=P9-1
Added Net: Name=NetP7_14
Added Pin To Net: NetName=NetP7_15 Pin=P7-15
Added Pin To Net: NetName=NetP7_15 Pin=P8-2
Added Net: Name=NetP7_15
Added Pin To Net: NetName=NetP7_16 Pin=P7-16
Added Pin To Net: NetName=NetP7_16 Pin=P9-2
Added Net: Name=NetP7_16
Added Pin To Net: NetName=NetP7_17 Pin=P7-17
Added Pin To Net: NetName=NetP7_17 Pin=P8-3
Added Net: Name=NetP7_17
Added Pin To Net: NetName=NetP7_18 Pin=P7-18
Added Pin To Net: NetName=NetP7_18 Pin=P9-3
Added Net: Name=NetP7_18
Added Pin To Net: NetName=NetP7_19 Pin=P7-19
Added Pin To Net: NetName=NetP7_19 Pin=P8-4
Added Net: Name=NetP7_19
Added Pin To Net: NetName=NetP7_20 Pin=P7-20
Added Pin To Net: NetName=NetP7_20 Pin=P9-4
Added Net: Name=NetP7_20
Added Pin To Net: NetName=NetP7_23 Pin=P7-23
Added Pin To Net: NetName=NetP7_23 Pin=P8-5
Added Net: Name=NetP7_23
Added Pin To Net: NetName=NetP7_24 Pin=P7-24
Added Pin To Net: NetName=NetP7_24 Pin=P9-5
Added Net: Name=NetP7_24
Added Pin To Net: NetName=NetP7_25 Pin=P7-25
Added Pin To Net: NetName=NetP7_25 Pin=P8-6
Added Net: Name=NetP7_25
Added Pin To Net: NetName=NetP7_26 Pin=P7-26
Added Pin To Net: NetName=NetP7_26 Pin=P9-6
Added Net: Name=NetP7_26
Added Pin To Net: NetName=NetP7_27 Pin=P7-27
Added Pin To Net: NetName=NetP7_27 Pin=P8-7
Added Net: Name=NetP7_27
Added Pin To Net: NetName=NetP7_28 Pin=P7-28
Added Pin To Net: NetName=NetP7_28 Pin=P9-7
Added Net: Name=NetP7_28
Added Pin To Net: NetName=NetP7_29 Pin=P7-29
Added Pin To Net: NetName=NetP7_29 Pin=P8-8
Added Net: Name=NetP7_29
Added Pin To Net: NetName=NetP7_30 Pin=P7-30
Added Pin To Net: NetName=NetP7_30 Pin=P9-8
Added Net: Name=NetP7_30
Added Pin To Net: NetName=NetP7_65 Pin=P7-65
Added Pin To Net: NetName=NetP7_65 Pin=P10-1
Added Net: Name=NetP7_65
Added Pin To Net: NetName=NetP7_67 Pin=P7-67
Added Pin To Net: NetName=NetP7_67 Pin=P10-2
Added Net: Name=NetP7_67
Added Pin To Net: NetName=NetP7_69 Pin=P7-69
Added Pin To Net: NetName=NetP7_69 Pin=P10-3
Added Net: Name=NetP7_69
Added Pin To Net: NetName=NetP7_71 Pin=P7-71
Added Pin To Net: NetName=NetP7_71 Pin=P10-4
Added Net: Name=NetP7_71
Added Pin To Net: NetName=NetP7_75 Pin=P7-75
Added Pin To Net: NetName=NetP7_75 Pin=P10-5
Added Net: Name=NetP7_75
Added Pin To Net: NetName=NetP7_77 Pin=P7-77
Added Pin To Net: NetName=NetP7_77 Pin=P10-6
Added Net: Name=NetP7_77
Added Pin To Net: NetName=NetP7_79 Pin=P7-79
Added Pin To Net: NetName=NetP7_79 Pin=P10-7
Added Net: Name=NetP7_79
Added Pin To Net: NetName=NetP7_81 Pin=P7-81
Added Pin To Net: NetName=NetP7_81 Pin=P10-8
Added Net: Name=NetP7_81
Added Pin To Net: NetName=NetQ1_1 Pin=Q1-1
Added Pin To Net: NetName=NetQ1_1 Pin=U1-6
Added Net: Name=NetQ1_1
Added Pin To Net: NetName=NetQ2_2 Pin=Q2-1
Added Pin To Net: NetName=NetQ2_2 Pin=U5-5
Added Net: Name=NetQ2_2
Added Pin To Net: NetName=NetQ3_1 Pin=Q3-1
Added Pin To Net: NetName=NetQ3_1 Pin=U6-6
Added Net: Name=NetQ3_1
Added Pin To Net: NetName=NetQ4_2 Pin=Q4-1
Added Pin To Net: NetName=NetQ4_2 Pin=U9-5
Added Net: Name=NetQ4_2
Added Pin To Net: NetName=NetR5_1 Pin=R5-1
Added Pin To Net: NetName=NetR5_1 Pin=U2-1
Added Net: Name=NetR5_1
Added Pin To Net: NetName=NetR5_2 Pin=R5-2
Added Pin To Net: NetName=NetR5_2 Pin=U2-8
Added Net: Name=NetR5_2
Added Pin To Net: NetName=NetR6_1 Pin=R6-1
Added Pin To Net: NetName=NetR6_1 Pin=R7-1
Added Pin To Net: NetName=NetR6_1 Pin=U2-6
Added Net: Name=NetR6_1
Added Pin To Net: NetName=NetR8_1 Pin=R8-1
Added Pin To Net: NetName=NetR8_1 Pin=R16-1
Added Pin To Net: NetName=NetR8_1 Pin=R17-1
Added Pin To Net: NetName=NetR8_1 Pin=U1-3
Added Pin To Net: NetName=NetR8_1 Pin=U3-6
Added Pin To Net: NetName=NetR8_1 Pin=U6-3
Added Net: Name=NetR8_1
Added Pin To Net: NetName=NetR14_1 Pin=R14-1
Added Pin To Net: NetName=NetR14_1 Pin=U7-1
Added Net: Name=NetR14_1
Added Pin To Net: NetName=NetR14_2 Pin=R14-2
Added Pin To Net: NetName=NetR14_2 Pin=U7-8
Added Net: Name=NetR14_2
Added Pin To Net: NetName=NetR15_1 Pin=R15-1
Added Pin To Net: NetName=NetR15_1 Pin=U7-6
Added Net: Name=NetR15_1
Added Pin To Net: NetName=P1A Pin=P2-nn
Added Pin To Net: NetName=P1A Pin=P6-152
Added Net: Name=P1A
Added Pin To Net: NetName=P1B Pin=P2-K
Added Pin To Net: NetName=P1B Pin=P6-142
Added Net: Name=P1B
Added Pin To Net: NetName=P1 Pin=P4-33
Added Pin To Net: NetName=P1 Pin=P6-19
Added Net: Name=P1
Added Pin To Net: NetName=P2A Pin=P2-ii
Added Pin To Net: NetName=P2A Pin=P6-132
Added Net: Name=P2A
Added Pin To Net: NetName=P2B Pin=P2-W
Added Pin To Net: NetName=P2B Pin=P6-122
Added Net: Name=P2B
Added Pin To Net: NetName=P2 Pin=P4-35
Added Pin To Net: NetName=P2 Pin=P6-14
Added Net: Name=P2
Added Pin To Net: NetName=P3A Pin=P2-mm
Added Pin To Net: NetName=P3A Pin=P6-153
Added Net: Name=P3A
Added Pin To Net: NetName=P3B Pin=P2-J
Added Pin To Net: NetName=P3B Pin=P6-143
Added Net: Name=P3B
Added Pin To Net: NetName=P3 Pin=P4-39
Added Pin To Net: NetName=P3 Pin=P6-16
Added Net: Name=P3
Added Pin To Net: NetName=PWM_CCD_HEATER Pin=P1-4
Added Pin To Net: NetName=PWM_CCD_HEATER Pin=R9-2
Added Pin To Net: NetName=PWM_CCD_HEATER Pin=TP1-1
Added Pin To Net: NetName=PWM_CCD_HEATER Pin=U5-3
Added Net: Name=PWM_CCD_HEATER
Added Pin To Net: NetName=PWM_CRYO_HEATER Pin=P1-2
Added Pin To Net: NetName=PWM_CRYO_HEATER Pin=R18-2
Added Pin To Net: NetName=PWM_CRYO_HEATER Pin=TP2-1
Added Pin To Net: NetName=PWM_CRYO_HEATER Pin=U9-3
Added Net: Name=PWM_CRYO_HEATER
Added Pin To Net: NetName=RESET_BLANK Pin=P4-48
Added Pin To Net: NetName=RESET_BLANK Pin=P5-100
Added Net: Name=RESET_BLANK
Added Pin To Net: NetName=RG Pin=P2-C
Added Pin To Net: NetName=RG Pin=P4-44
Added Pin To Net: NetName=RG Pin=P6-17
Added Pin To Net: NetName=RG Pin=P6-113
Added Net: Name=RG
Added Pin To Net: NetName=RS2+ Pin=P4-129
Added Net: Name=RS2+
Added Pin To Net: NetName=RS2- Pin=P4-131
Added Net: Name=RS2-
Added Pin To Net: NetName=RS+ Pin=P3-8
Added Pin To Net: NetName=RS+ Pin=P4-151
Added Net: Name=RS+
Added Pin To Net: NetName=RS- Pin=P3-9
Added Pin To Net: NetName=RS- Pin=P4-153
Added Net: Name=RS-
Added Pin To Net: NetName=RTD_CB(+) Pin=P2-U
Added Pin To Net: NetName=RTD_CB(+) Pin=Q3-3
Added Pin To Net: NetName=RTD_CB(+) Pin=U7-2
Added Net: Name=RTD_CB(+)
Added Pin To Net: NetName=RTD_CB(-) Pin=P2-T
Added Pin To Net: NetName=RTD_CB(-) Pin=R12-2
Added Pin To Net: NetName=RTD_CB(-) Pin=U6-2
Added Pin To Net: NetName=RTD_CB(-) Pin=U7-3
Added Net: Name=RTD_CB(-)
Added Pin To Net: NetName=RTDF(+) Pin=Q1-3
Added Net: Name=RTDF(+)
Added Pin To Net: NetName=RTDF(-) Pin=P2-G
Added Pin To Net: NetName=RTDF(-) Pin=R3-2
Added Pin To Net: NetName=RTDF(-) Pin=U1-2
Added Net: Name=RTDF(-)
Added Pin To Net: NetName=RTDS(+) Pin=P2-jj
Added Pin To Net: NetName=RTDS(+) Pin=U2-2
Added Net: Name=RTDS(+)
Added Pin To Net: NetName=RTDS(-) Pin=P2-A
Added Pin To Net: NetName=RTDS(-) Pin=U2-3
Added Net: Name=RTDS(-)
Added Pin To Net: NetName=S1Q1 Pin=P2-H
Added Pin To Net: NetName=S1Q1 Pin=P6-149
Added Net: Name=S1Q1
Added Pin To Net: NetName=S1Q2 Pin=P2-N
Added Pin To Net: NetName=S1Q2 Pin=P6-139
Added Net: Name=S1Q2
Added Pin To Net: NetName=S1Q3 Pin=P2-D
Added Pin To Net: NetName=S1Q3 Pin=P6-129
Added Net: Name=S1Q3
Added Pin To Net: NetName=S1Q4 Pin=P6-119
Added Net: Name=S1Q4
Added Pin To Net: NetName=S1 Pin=P4-34
Added Pin To Net: NetName=S1 Pin=P6-8
Added Net: Name=S1
Added Pin To Net: NetName=S2Q1 Pin=P2-kk
Added Pin To Net: NetName=S2Q1 Pin=P6-112
Added Net: Name=S2Q1
Added Pin To Net: NetName=S2Q2 Pin=P2-M
Added Pin To Net: NetName=S2Q2 Pin=P6-148
Added Net: Name=S2Q2
Added Pin To Net: NetName=S2Q3 Pin=P2-V
Added Pin To Net: NetName=S2Q3 Pin=P6-138
Added Net: Name=S2Q3
Added Pin To Net: NetName=S2Q4 Pin=P2-hh
Added Pin To Net: NetName=S2Q4 Pin=P6-128
Added Net: Name=S2Q4
Added Pin To Net: NetName=S2 Pin=P4-36
Added Pin To Net: NetName=S2 Pin=P6-10
Added Net: Name=S2
Added Pin To Net: NetName=S3 Pin=P2-F
Added Pin To Net: NetName=S3 Pin=P4-40
Added Pin To Net: NetName=S3 Pin=P6-13
Added Pin To Net: NetName=S3 Pin=P6-118
Added Net: Name=S3
Added Pin To Net: NetName=S_WIRED_1 Pin=P4-133
Added Pin To Net: NetName=S_WIRED_1 Pin=P5-45
Added Pin To Net: NetName=S_WIRED_1 Pin=P6-33
Added Pin To Net: NetName=S_WIRED_1 Pin=P7-39
Added Net: Name=S_WIRED_1
Added Pin To Net: NetName=S_WIRED_2 Pin=P4-134
Added Net: Name=S_WIRED_2
Added Pin To Net: NetName=SG Pin=P4-30
Added Pin To Net: NetName=SG Pin=P6-15
Added Pin To Net: NetName=SG Pin=P6-109
Added Net: Name=SG
Added Pin To Net: NetName=SHUT_ON Pin=P4-140
Added Pin To Net: NetName=SHUT_ON Pin=P12-4
Added Net: Name=SHUT_ON
Added Pin To Net: NetName=SHUT_STAT Pin=P4-137
Added Pin To Net: NetName=SHUT_STAT Pin=P12-3
Added Net: Name=SHUT_STAT
Added Pin To Net: NetName=SHUT_VCC Pin=P4-138
Added Pin To Net: NetName=SHUT_VCC Pin=P12-1
Added Net: Name=SHUT_VCC
Added Pin To Net: NetName=SHUTTER_GND Pin=P4-139
Added Pin To Net: NetName=SHUTTER_GND Pin=P12-2
Added Net: Name=SHUTTER_GND
Added Pin To Net: NetName=SPARE _INPUT_1 Pin=P4-143
Added Net: Name=SPARE _INPUT_1
Added Pin To Net: NetName=SPARE _INPUT_2 Pin=P4-144
Added Net: Name=SPARE _INPUT_2
Added Pin To Net: NetName=SWRD_1_SEL_N Pin=P4-127
Added Net: Name=SWRD_1_SEL_N
Added Pin To Net: NetName=SWRD_2_SEL_N Pin=P4-128
Added Net: Name=SWRD_2_SEL_N
Added Pin To Net: NetName=SWRD_3_SEL_N Pin=P4-130
Added Net: Name=SWRD_3_SEL_N
Added Pin To Net: NetName=SWRD_4_SEL_N Pin=P4-132
Added Net: Name=SWRD_4_SEL_N
Added Pin To Net: NetName=SWRD_5_SEL_N Pin=P4-119
Added Net: Name=SWRD_5_SEL_N
Added Pin To Net: NetName=SWRD_6_SEL_N Pin=P4-121
Added Net: Name=SWRD_6_SEL_N
Added Pin To Net: NetName=SWRD_7_SEL_N Pin=P4-123
Added Net: Name=SWRD_7_SEL_N
Added Pin To Net: NetName=TGA Pin=P6-133
Added Net: Name=TGA
Added Pin To Net: NetName=TGB Pin=P2-L
Added Pin To Net: NetName=TGB Pin=P6-123
Added Net: Name=TGB
Added Pin To Net: NetName=TG Pin=P4-43
Added Pin To Net: NetName=TG Pin=P6-18
Added Net: Name=TG
Added Pin To Net: NetName=TT_SEL_N Pin=P4-117
Added Net: Name=TT_SEL_N
Added Pin To Net: NetName=VCC Pin=C19-1
Added Pin To Net: NetName=VCC Pin=D3-ANOD
Added Pin To Net: NetName=VCC Pin=D4-ANOD
Added Pin To Net: NetName=VCC Pin=D5-ANOD
Added Pin To Net: NetName=VCC Pin=D6-ANOD
Added Pin To Net: NetName=VCC Pin=D7-ANOD
Added Pin To Net: NetName=VCC Pin=D8-ANOD
Added Pin To Net: NetName=VCC Pin=P3-5
Added Pin To Net: NetName=VCC Pin=P3-15
Added Pin To Net: NetName=VCC Pin=P4-PC01
Added Pin To Net: NetName=VCC Pin=P4-PC02
Added Pin To Net: NetName=VCC Pin=P5-PC06
Added Pin To Net: NetName=VCC Pin=P6-PC06
Added Pin To Net: NetName=VCC Pin=P7-PC06
Added Net: Name=VCC
Added Pin To Net: NetName=VOD Pin=P6-95
Added Net: Name=VOD
Added Pin To Net: NetName=VOG Pin=P6-99
Added Net: Name=VOG
Added Pin To Net: NetName=VRD Pin=P2-B
Added Pin To Net: NetName=VRD Pin=P6-97
Added Net: Name=VRD
Added Class: Name=Sinistro Backplane Page1
Added Class: Name=ASP_1_DAT[0..7]
Added Differential Pair: Name=CLK_1
Added Differential Pair: Name=CLK_3
Added Differential Pair: Name=CLK_6
Added Room: Name=Sinistro Backplane Page1
