Removed Pin From Net: NetName=S1Q4_DRV Pin=P2-aa
Removed Pin From Net: NetName=RTDS(-) Pin=P2-A
Removed Pin From Net: NetName=VOG Pin=P2-bb
Removed Pin From Net: NetName=VRD Pin=P2-B
Removed Pin From Net: NetName=VOD Pin=P2-cc
Removed Pin From Net: NetName=RG_DRV Pin=P2-C
Removed Pin From Net: NetName=A1OUT Pin=P2-dd
Removed Pin From Net: NetName=S1Q3_DRV Pin=P2-D
Removed Pin From Net: NetName=A4OUT Pin=P2-ee
Removed Pin From Net: NetName=A3OUT Pin=P2-E
Removed Pin From Net: NetName=RTDF(+) Pin=P2-ff
Removed Pin From Net: NetName=S3_DRV Pin=P2-F
Removed Pin From Net: NetName=RTDF(-) Pin=P2-G
Removed Pin From Net: NetName=TGA_DRV Pin=P2-gg
Removed Pin From Net: NetName=S1Q1_DRV Pin=P2-H
Removed Pin From Net: NetName=S2Q4_DRV Pin=P2-hh
Removed Pin From Net: NetName=P2A_DRV Pin=P2-ii
Removed Pin From Net: NetName=P3B_DRV Pin=P2-J
Removed Pin From Net: NetName=RTDS(+) Pin=P2-jj
Removed Pin From Net: NetName=P1B_DRV Pin=P2-K
Removed Pin From Net: NetName=S2Q1_DRV Pin=P2-kk
Removed Pin From Net: NetName=TGB_DRV Pin=P2-L
Removed Pin From Net: NetName=S2Q2_DRV Pin=P2-M
Removed Pin From Net: NetName=S1Q2_DRV Pin=P2-N
Removed Pin From Net: NetName=A2OUT Pin=P2-P
Removed Pin From Net: NetName=COLDBLK(-) Pin=P2-R
Removed Pin From Net: NetName=COLDBLK(+) Pin=P2-S
Removed Pin From Net: NetName=RTD_CB(-) Pin=P2-T
Removed Pin From Net: NetName=RTD_CB(+) Pin=P2-U
Removed Pin From Net: NetName=S2Q3_DRV Pin=P2-V
Removed Pin From Net: NetName=P2B_DRV Pin=P2-W
Removed Pin From Net: NetName=SG_DRV Pin=P2-X
Removed Pin From Net: NetName=HEATER(+) Pin=P2-Y
Removed Pin From Net: NetName=HEATER(-) Pin=P2-Z
Change Component Designator: OldDesignator=P5 NewDesignator=P6
Change Component Designator: OldDesignator=P6 NewDesignator=P5
Added Pin To Net: NetName=S2Q3_DRV Pin=P2-aa
Added Pin To Net: NetName=HEATER(+) Pin=P2-A
Added Pin To Net: NetName=S3_DRV Pin=P2-bb
Added Pin To Net: NetName=P2B_DRV Pin=P2-B
Added Pin To Net: NetName=S1Q2_DRV Pin=P2-cc
Added Pin To Net: NetName=A3OUT Pin=P2-C
Added Pin To Net: NetName=RTDF(-) Pin=P2-dd
Added Pin To Net: NetName=COLDBLK(+) Pin=P2-D
Added Pin To Net: NetName=S2Q1_DRV Pin=P2-ee
Added Pin To Net: NetName=COLDBLK(-) Pin=P2-E
Added Pin To Net: NetName=TGA_DRV Pin=P2-ff
Added Pin To Net: NetName=A2OUT Pin=P2-F
Added Pin To Net: NetName=P2A_DRV Pin=P2-gg
Added Pin To Net: NetName=RTD_CB(-) Pin=P2-G
Added Pin To Net: NetName=P1B_DRV Pin=P2-hh
Added Pin To Net: NetName=RTD_CB(+) Pin=P2-H
Added Pin To Net: NetName=P3B_DRV Pin=P2-ii
Added Pin To Net: NetName=VOD Pin=P2-jj
Added Pin To Net: NetName=S1Q3_DRV Pin=P2-J
Added Pin To Net: NetName=TGB_DRV Pin=P2-kk
Added Pin To Net: NetName=RG_DRV Pin=P2-K
Added Pin To Net: NetName=SG_DRV Pin=P2-L
Added Pin To Net: NetName=S1Q1_DRV Pin=P2-M
Added Pin To Net: NetName=RTDS(+) Pin=P2-N
Added Pin To Net: NetName=RTDS(-) Pin=P2-P
Added Pin To Net: NetName=S1Q4_DRV Pin=P2-R
Added Pin To Net: NetName=S2Q4_DRV Pin=P2-S
Added Pin To Net: NetName=A1OUT Pin=P2-T
Added Pin To Net: NetName=RTDF(+) Pin=P2-U
Added Pin To Net: NetName=A4OUT Pin=P2-V
Added Pin To Net: NetName=HEATER(-) Pin=P2-W
Added Pin To Net: NetName=VOG Pin=P2-X
Added Pin To Net: NetName=VRD Pin=P2-Y
Added Pin To Net: NetName=S2Q2_DRV Pin=P2-Z
Added Pin To Net: NetName=COLDBLK(+) Pin=P7-108
Added Pin To Net: NetName=COLDBLK(-) Pin=P7-110
Added Pin To Net: NetName=RTD_CB(+) Pin=P7-112
Added Pin To Net: NetName=RTD_CB(-) Pin=P7-114
Added Pin To Net: NetName=RTDF(+) Pin=P7-118
Added Pin To Net: NetName=RTDS(+) Pin=P7-120
Added Pin To Net: NetName=RTDF(-) Pin=P7-122
Added Pin To Net: NetName=RTDS(-) Pin=P7-124
Added Pin To Net: NetName=HEATER(+) Pin=P7-128
Added Pin To Net: NetName=HEATER(-) Pin=P7-130
