Added Parameter LCO P/N=120-00002  to Part C22
Added Parameter LCO P/N=120-00002  to Part C25
Added Parameter LCO P/N=120-00002  to Part C27
Added Parameter LCO P/N=120-00002  to Part C28
Added Parameter LCO P/N=120-00002  to Part C29
Added Parameter LCO P/N=120-00002  to Part C30
Added Parameter LCO P/N=120-00002  to Part C38
Added Parameter LCO P/N=120-00002  to Part C39
Added Parameter LCO P/N=120-00002  to Part C40
Added Parameter LCO P/N=120-00002  to Part C41
Added Parameter LCO P/N=120-00002  to Part C42
Added Parameter LCO P/N=120-00002  to Part C43
Added Parameter LCO P/N=120-00002  to Part C45
Added Parameter LCO P/N=120-00002  to Part C46
Added Parameter LCO P/N=120-00002  to Part C47
Added Parameter LCO P/N=160-00001 to Part TP5
Added Parameter LCO P/N=160-00001 to Part TP6
Added Parameter LCO P/N=160-00001 to Part TP7
Added Parameter LCO P/N=160-00001 to Part TP8
Added Parameter LCO P/N=160-00001 to Part TP9
Added Parameter LCO P/N=160-00001 to Part TP10
Added Parameter LCO P/N=195-00001 to Part Q3
Added Parameter LCO P/N=195-00001 to Part Q4
Added Parameter LCO P/N=195-00001 to Part Q5
Added Parameter LCO P/N= to Part R15
Added Parameter LCO P/N= to Part R16
Added Parameter LCO P/N= to Part R18
Added Parameter LCO P/N= to Part R19
Added Parameter LCO P/N= to Part R21
Added Parameter LCO P/N= to Part R22
Added Parameter LCO P/N= to Part R24
Added Parameter LCO P/N= to Part R25
Added Parameter LCO P/N= to Part R26
Added Parameter LCO P/N= to Part R27
Added Parameter LCO P/N= to Part R28
Added Parameter LCO P/N= to Part R29
Added Parameter LCO P/N= to Part R30
Added Parameter LCO P/N= to Part R31
Added Parameter LCO P/N= to Part R32
Added Parameter LCO P/N= to Part R33
Added Parameter LCO P/N= to Part R34
Added Parameter LCO P/N= to Part R35
Added Parameter LCO P/N= to Part R36
Added Parameter LCO P/N= to Part R37
Added Parameter LCO P/N= to Part R38
Added Parameter LCO P/N= to Part R39
Added Parameter LCO P/N= to Part R40
Added Parameter LCO P/N= to Part R41
Added Parameter LCO P/N= to Part R42
Added Parameter LCO P/N= to Part R43
Added Parameter LCO P/N= to Part R44
Added Parameter LCO P/N= to Part R45
Added Parameter LCO P/N= to Part R46
Added Parameter LCO P/N= to Part R47
Added Parameter LCO P/N= to Part R48
Added Parameter LCO P/N= to Part U11
Added Parameter LCO P/N= to Part U11
Added Parameter LCO P/N= to Part U12
Added Parameter LCO P/N= to Part U12
Added Parameter LCO P/N= to Part U14
Added Parameter LCO P/N= to Part U14
Added Parameter LCO P/N= to Part U15
Added Parameter LCO P/N= to Part U17
Added Parameter LCO P/N= to Part U17
Added Parameter LCO P/N= to Part U17
Added Parameter LCO P/N= to Part U17
Added Parameter LCO P/N= to Part U17
Added Parameter LCO P/N= to Part U18
Added Parameter LCO P/N= to Part U18
