Added Parameter LCO P/N=120-00001    to Part C7
Added Parameter LCO P/N=120-00001    to Part C32
Added Parameter LCO P/N=120-00001    to Part C53
Added Parameter LCO P/N=120-00001    to Part C54
Added Parameter LCO P/N=120-00001    to Part C55
Added Parameter LCO P/N=120-00001    to Part C57
Added Parameter LCO P/N=120-00001    to Part C58
Added Parameter LCO P/N=120-00002  to Part C12
Added Parameter LCO P/N=120-00002  to Part C16
Added Parameter LCO P/N=120-00002  to Part C17
Added Parameter LCO P/N=120-00002  to Part C18
Added Parameter LCO P/N=120-00002  to Part C19
Added Parameter LCO P/N=120-00002  to Part C20
Added Parameter LCO P/N=120-00002  to Part C21
Added Parameter LCO P/N=120-00002  to Part C23
Added Parameter LCO P/N=120-00002  to Part C24
Added Parameter LCO P/N=120-00002  to Part C26
Added Parameter LCO P/N=120-00002  to Part C31
Added Parameter LCO P/N=120-00002  to Part C56
Added Parameter LCO P/N=160-00001 to Part TP11
Added Parameter LCO P/N=160-00001 to Part TP12
Added Parameter LCO P/N=160-00001 to Part TP13
Added Parameter LCO P/N=160-00001 to Part TP14
Added Parameter LCO P/N=160-00001 to Part TP15
Added Parameter LCO P/N=160-00001 to Part TP16
Added Parameter LCO P/N=160-00001 to Part TP17
Added Parameter LCO P/N=160-00001 to Part TP18
Added Parameter LCO P/N=160-00001 to Part TP19
Added Parameter LCO P/N=160-00001 to Part TP20
Added Parameter LCO P/N=160-00001 to Part TP21
Added Parameter LCO P/N= to Part C59
Added Parameter LCO P/N= to Part J1
Added Parameter LCO P/N= to Part J1
Added Parameter LCO P/N= to Part J1
Added Parameter LCO P/N= to Part J1
Added Parameter LCO P/N= to Part J1
Added Parameter LCO P/N= to Part L5
Added Parameter LCO P/N= to Part P1
Added Parameter LCO P/N= to Part P2
Added Parameter LCO P/N= to Part Q6
Added Parameter LCO P/N= to Part R11
Added Parameter LCO P/N= to Part RN1
Added Parameter LCO P/N= to Part U9
Added Parameter LCO P/N= to Part U9
Added Parameter LCO P/N= to Part U9
Added Parameter LCO P/N= to Part U9
Added Parameter LCO P/N= to Part U9
Added Parameter LCO P/N= to Part U10
Added Parameter LCO P/N= to Part U19
