Change Value of Parameter Arena Prefix in Part C45 Old= New=120
Change Value of Parameter Arena Type in Part C45 Old= New=Capacitor
Change Value of Parameter COST in Part C45 Old= New=0.088
Change Value of Parameter Manufacturer in Part C45 Old= New=AVX
Change Value of Parameter Manuf p/n in Part C45 Old= New=08055C104KAT2A
Change Value of Parameter Vendor in Part C45 Old= New=DigiKey
Change Value of Parameter Vendor Mult. in Part C45 Old= New=10
Change Value of Parameter Vendor p/n in Part C45 Old= New=478-1395-1-ND
Change Value of Parameter Arena Prefix in Part C46 Old= New=120
Change Value of Parameter Arena Type in Part C46 Old= New=Capacitor
Change Value of Parameter COST in Part C46 Old= New=0.088
Change Value of Parameter Manufacturer in Part C46 Old= New=AVX
Change Value of Parameter Manuf p/n in Part C46 Old= New=08055C104KAT2A
Change Value of Parameter Vendor in Part C46 Old= New=DigiKey
Change Value of Parameter Vendor Mult. in Part C46 Old= New=10
Change Value of Parameter Vendor p/n in Part C46 Old= New=478-1395-1-ND
Change Value of Parameter Arena Prefix in Part C47 Old= New=120
Change Value of Parameter Arena Type in Part C47 Old= New=Capacitor
Change Value of Parameter COST in Part C47 Old= New=0.088
Change Value of Parameter Manufacturer in Part C47 Old= New=AVX
Change Value of Parameter Manuf p/n in Part C47 Old= New=08055C104KAT2A
Change Value of Parameter Vendor in Part C47 Old= New=DigiKey
Change Value of Parameter Vendor Mult. in Part C47 Old= New=10
Change Value of Parameter Vendor p/n in Part C47 Old= New=478-1395-1-ND
