Added Parameter LCO P/N=120-00001    to Part C13
Added Parameter LCO P/N=120-00001    to Part C14
Added Parameter LCO P/N=120-00002  to Part C9
Added Parameter LCO P/N=120-00002  to Part C11
Added Parameter LCO P/N=120-00002  to Part C44
Added Parameter LCO P/N=160-00001 to Part C10
Added Parameter LCO P/N=160-00001 to Part C15
Added Parameter LCO P/N=160-00001 to Part TP1
Added Parameter LCO P/N=160-00001 to Part TP2
Added Parameter LCO P/N=195-00001 to Part Q1
Added Parameter LCO P/N= to Part Q2
Added Parameter LCO P/N= to Part R7
Added Parameter LCO P/N= to Part R8
Added Parameter LCO P/N= to Part R9
Added Parameter LCO P/N= to Part R10
Added Parameter LCO P/N= to Part R12
Added Parameter LCO P/N= to Part R13
Added Parameter LCO P/N= to Part R14
Added Parameter LCO P/N= to Part R17
Added Parameter LCO P/N= to Part R20
Added Parameter LCO P/N= to Part R23
Added Parameter LCO P/N= to Part U8
Added Parameter LCO P/N= to Part U8
Added Parameter LCO P/N= to Part U20
