Removed Pin From Net: NetName=NetR5A_1 Pin=R8A-2
Removed Pin From Net: NetName=NetR5B_1 Pin=R8B-2
Removed Pin From Net: NetName=NetR5C_1 Pin=R8C-2
Removed Pin From Net: NetName=NetR5D_1 Pin=R8D-2
Added Component: Designator=U6A(TQFP48_m)
Added Component: Designator=U6B(TQFP48_m)
Added Component: Designator=U6C(TQFP48_m)
Added Component: Designator=U6D(TQFP48_m)
Added Pin To Net: NetName=NetR5A_1 Pin=R8A-1
Added Pin To Net: NetName=NetR5B_1 Pin=R8B-1
Added Pin To Net: NetName=NetR5C_1 Pin=R8C-1
Added Pin To Net: NetName=NetR5D_1 Pin=R8D-1
Added Pin To Net: NetName=4.096VREF Pin=U6A-1
Added Pin To Net: NetName=COMMOUTA Pin=U6A-3
Added Pin To Net: NetName=+5ANA Pin=U6A-4
Added Pin To Net: NetName=A Pin=U6A-5
Added Pin To Net: NetName=NetC49A_1 Pin=U6A-6
Added Pin To Net: NetName=NetC49A_2 Pin=U6A-7
Added Pin To Net: NetName=A Pin=U6A-8
Added Pin To Net: NetName=NetC22A_2 Pin=U6A-9
Added Pin To Net: NetName=VCC Pin=U6A-10
Added Pin To Net: NetName=A Pin=U6A-12
Added Pin To Net: NetName=NetC23A_2 Pin=U6A-13
Added Pin To Net: NetName=A Pin=U6A-14
Added Pin To Net: NetName=A Pin=U6A-15
Added Pin To Net: NetName=DB15 Pin=U6A-16
Added Pin To Net: NetName=DB14 Pin=U6A-17
Added Pin To Net: NetName=DB13 Pin=U6A-18
Added Pin To Net: NetName=DB12 Pin=U6A-19
Added Pin To Net: NetName=DB11 Pin=U6A-20
Added Pin To Net: NetName=DB10 Pin=U6A-21
Added Pin To Net: NetName=DB9 Pin=U6A-22
Added Pin To Net: NetName=DB8 Pin=U6A-23
Added Pin To Net: NetName=VCC Pin=U6A-24
Added Pin To Net: NetName=A Pin=U6A-25
Added Pin To Net: NetName=DB7 Pin=U6A-26
Added Pin To Net: NetName=DB6 Pin=U6A-27
Added Pin To Net: NetName=DB5 Pin=U6A-28
Added Pin To Net: NetName=DB4 Pin=U6A-29
Added Pin To Net: NetName=DB3 Pin=U6A-30
Added Pin To Net: NetName=DB2 Pin=U6A-31
Added Pin To Net: NetName=DB1 Pin=U6A-32
Added Pin To Net: NetName=DB0 Pin=U6A-33
Added Pin To Net: NetName=VCC Pin=U6A-34
Added Pin To Net: NetName=A Pin=U6A-35
Added Pin To Net: NetName=NetTP10A_1 Pin=U6A-36
Added Pin To Net: NetName=VCC Pin=U6A-37
Added Pin To Net: NetName=RESET_N Pin=U6A-38
Added Pin To Net: NetName=A Pin=U6A-39
Added Pin To Net: NetName=CONVST_N Pin=U6A-40
Added Pin To Net: NetName=RD_N Pin=U6A-41
Added Pin To Net: NetName=CS_N Pin=U6A-42
Added Pin To Net: NetName=+5ANA Pin=U6A-43
Added Pin To Net: NetName=A Pin=U6A-44
Added Pin To Net: NetName=A Pin=U6A-45
Added Pin To Net: NetName=+5ANA Pin=U6A-46
Added Pin To Net: NetName=A Pin=U6A-47
Added Pin To Net: NetName=A Pin=U6A-48
Added Pin To Net: NetName=4.096VREF Pin=U6B-1
Added Pin To Net: NetName=COMMOUTB Pin=U6B-3
Added Pin To Net: NetName=+5ANA Pin=U6B-4
Added Pin To Net: NetName=A Pin=U6B-5
Added Pin To Net: NetName=NetC49B_1 Pin=U6B-6
Added Pin To Net: NetName=NetC49B_2 Pin=U6B-7
Added Pin To Net: NetName=A Pin=U6B-8
Added Pin To Net: NetName=NetC22B_2 Pin=U6B-9
Added Pin To Net: NetName=VCC Pin=U6B-10
Added Pin To Net: NetName=A Pin=U6B-12
Added Pin To Net: NetName=NetC23B_2 Pin=U6B-13
Added Pin To Net: NetName=A Pin=U6B-14
Added Pin To Net: NetName=A Pin=U6B-15
Added Pin To Net: NetName=DB31 Pin=U6B-16
Added Pin To Net: NetName=DB30 Pin=U6B-17
Added Pin To Net: NetName=DB29 Pin=U6B-18
Added Pin To Net: NetName=DB28 Pin=U6B-19
Added Pin To Net: NetName=DB27 Pin=U6B-20
Added Pin To Net: NetName=DB26 Pin=U6B-21
Added Pin To Net: NetName=DB25 Pin=U6B-22
Added Pin To Net: NetName=DB24 Pin=U6B-23
Added Pin To Net: NetName=VCC Pin=U6B-24
Added Pin To Net: NetName=A Pin=U6B-25
Added Pin To Net: NetName=DB23 Pin=U6B-26
Added Pin To Net: NetName=DB22 Pin=U6B-27
Added Pin To Net: NetName=DB21 Pin=U6B-28
Added Pin To Net: NetName=DB20 Pin=U6B-29
Added Pin To Net: NetName=DB19 Pin=U6B-30
Added Pin To Net: NetName=DB18 Pin=U6B-31
Added Pin To Net: NetName=DB17 Pin=U6B-32
Added Pin To Net: NetName=DB16 Pin=U6B-33
Added Pin To Net: NetName=VCC Pin=U6B-34
Added Pin To Net: NetName=A Pin=U6B-35
Added Pin To Net: NetName=NetTP10B_1 Pin=U6B-36
Added Pin To Net: NetName=VCC Pin=U6B-37
Added Pin To Net: NetName=RESET_N Pin=U6B-38
Added Pin To Net: NetName=A Pin=U6B-39
Added Pin To Net: NetName=CONVST_N Pin=U6B-40
Added Pin To Net: NetName=RD_N Pin=U6B-41
Added Pin To Net: NetName=CS_N Pin=U6B-42
Added Pin To Net: NetName=+5ANA Pin=U6B-43
Added Pin To Net: NetName=A Pin=U6B-44
Added Pin To Net: NetName=A Pin=U6B-45
Added Pin To Net: NetName=+5ANA Pin=U6B-46
Added Pin To Net: NetName=A Pin=U6B-47
Added Pin To Net: NetName=A Pin=U6B-48
Added Pin To Net: NetName=4.096VREF Pin=U6C-1
Added Pin To Net: NetName=COMMOUTC Pin=U6C-3
Added Pin To Net: NetName=+5ANA Pin=U6C-4
Added Pin To Net: NetName=A Pin=U6C-5
Added Pin To Net: NetName=NetC49C_1 Pin=U6C-6
Added Pin To Net: NetName=NetC49C_2 Pin=U6C-7
Added Pin To Net: NetName=A Pin=U6C-8
Added Pin To Net: NetName=NetC22C_2 Pin=U6C-9
Added Pin To Net: NetName=VCC Pin=U6C-10
Added Pin To Net: NetName=A Pin=U6C-12
Added Pin To Net: NetName=NetC23C_2 Pin=U6C-13
Added Pin To Net: NetName=A Pin=U6C-14
Added Pin To Net: NetName=A Pin=U6C-15
Added Pin To Net: NetName=DB47 Pin=U6C-16
Added Pin To Net: NetName=DB46 Pin=U6C-17
Added Pin To Net: NetName=DB45 Pin=U6C-18
Added Pin To Net: NetName=DB44 Pin=U6C-19
Added Pin To Net: NetName=DB43 Pin=U6C-20
Added Pin To Net: NetName=DB42 Pin=U6C-21
Added Pin To Net: NetName=DB41 Pin=U6C-22
Added Pin To Net: NetName=DB40 Pin=U6C-23
Added Pin To Net: NetName=VCC Pin=U6C-24
Added Pin To Net: NetName=A Pin=U6C-25
Added Pin To Net: NetName=DB39 Pin=U6C-26
Added Pin To Net: NetName=DB38 Pin=U6C-27
Added Pin To Net: NetName=DB37 Pin=U6C-28
Added Pin To Net: NetName=DB36 Pin=U6C-29
Added Pin To Net: NetName=DB35 Pin=U6C-30
Added Pin To Net: NetName=DB34 Pin=U6C-31
Added Pin To Net: NetName=DB33 Pin=U6C-32
Added Pin To Net: NetName=DB32 Pin=U6C-33
Added Pin To Net: NetName=VCC Pin=U6C-34
Added Pin To Net: NetName=A Pin=U6C-35
Added Pin To Net: NetName=NetTP10C_1 Pin=U6C-36
Added Pin To Net: NetName=VCC Pin=U6C-37
Added Pin To Net: NetName=RESET_N Pin=U6C-38
Added Pin To Net: NetName=A Pin=U6C-39
Added Pin To Net: NetName=CONVST_N Pin=U6C-40
Added Pin To Net: NetName=RD_N Pin=U6C-41
Added Pin To Net: NetName=CS_N Pin=U6C-42
Added Pin To Net: NetName=+5ANA Pin=U6C-43
Added Pin To Net: NetName=A Pin=U6C-44
Added Pin To Net: NetName=A Pin=U6C-45
Added Pin To Net: NetName=+5ANA Pin=U6C-46
Added Pin To Net: NetName=A Pin=U6C-47
Added Pin To Net: NetName=A Pin=U6C-48
Added Pin To Net: NetName=4.096VREF Pin=U6D-1
Added Pin To Net: NetName=COMMOUTD Pin=U6D-3
Added Pin To Net: NetName=+5ANA Pin=U6D-4
Added Pin To Net: NetName=A Pin=U6D-5
Added Pin To Net: NetName=NetC49D_1 Pin=U6D-6
Added Pin To Net: NetName=NetC49D_2 Pin=U6D-7
Added Pin To Net: NetName=A Pin=U6D-8
Added Pin To Net: NetName=NetC22D_2 Pin=U6D-9
Added Pin To Net: NetName=VCC Pin=U6D-10
Added Pin To Net: NetName=A Pin=U6D-12
Added Pin To Net: NetName=NetC23D_2 Pin=U6D-13
Added Pin To Net: NetName=A Pin=U6D-14
Added Pin To Net: NetName=A Pin=U6D-15
Added Pin To Net: NetName=DB63 Pin=U6D-16
Added Pin To Net: NetName=DB62 Pin=U6D-17
Added Pin To Net: NetName=DB61 Pin=U6D-18
Added Pin To Net: NetName=DB60 Pin=U6D-19
Added Pin To Net: NetName=DB59 Pin=U6D-20
Added Pin To Net: NetName=DB58 Pin=U6D-21
Added Pin To Net: NetName=DB57 Pin=U6D-22
Added Pin To Net: NetName=DB56 Pin=U6D-23
Added Pin To Net: NetName=VCC Pin=U6D-24
Added Pin To Net: NetName=A Pin=U6D-25
Added Pin To Net: NetName=DB55 Pin=U6D-26
Added Pin To Net: NetName=DB54 Pin=U6D-27
Added Pin To Net: NetName=DB53 Pin=U6D-28
Added Pin To Net: NetName=DB52 Pin=U6D-29
Added Pin To Net: NetName=DB51 Pin=U6D-30
Added Pin To Net: NetName=DB50 Pin=U6D-31
Added Pin To Net: NetName=DB49 Pin=U6D-32
Added Pin To Net: NetName=DB48 Pin=U6D-33
Added Pin To Net: NetName=VCC Pin=U6D-34
Added Pin To Net: NetName=A Pin=U6D-35
Added Pin To Net: NetName=NetTP10D_1 Pin=U6D-36
Added Pin To Net: NetName=VCC Pin=U6D-37
Added Pin To Net: NetName=RESET_N Pin=U6D-38
Added Pin To Net: NetName=A Pin=U6D-39
Added Pin To Net: NetName=CONVST_N Pin=U6D-40
Added Pin To Net: NetName=RD_N Pin=U6D-41
Added Pin To Net: NetName=CS_N Pin=U6D-42
Added Pin To Net: NetName=+5ANA Pin=U6D-43
Added Pin To Net: NetName=A Pin=U6D-44
Added Pin To Net: NetName=A Pin=U6D-45
Added Pin To Net: NetName=+5ANA Pin=U6D-46
Added Pin To Net: NetName=A Pin=U6D-47
Added Pin To Net: NetName=A Pin=U6D-48
Added Pin To Net: NetName=NetR8A_2 Pin=R8A-2
Added Net: Name=NetR8A_2
Added Pin To Net: NetName=NetR8A_3 Pin=R8A-3
Added Pin To Net: NetName=NetR8A_3 Pin=R18A-1
Added Net: Name=NetR8A_3
Added Pin To Net: NetName=NetR8B_2 Pin=R8B-2
Added Net: Name=NetR8B_2
Added Pin To Net: NetName=NetR8B_3 Pin=R8B-3
Added Pin To Net: NetName=NetR8B_3 Pin=R18B-1
Added Net: Name=NetR8B_3
Added Pin To Net: NetName=NetR8C_2 Pin=R8C-2
Added Net: Name=NetR8C_2
Added Pin To Net: NetName=NetR8C_3 Pin=R8C-3
Added Pin To Net: NetName=NetR8C_3 Pin=R18C-1
Added Net: Name=NetR8C_3
Added Pin To Net: NetName=NetR8D_2 Pin=R8D-2
Added Net: Name=NetR8D_2
Added Pin To Net: NetName=NetR8D_3 Pin=R8D-3
Added Pin To Net: NetName=NetR8D_3 Pin=R18D-1
Added Net: Name=NetR8D_3
Added Member To Class: ClassName=CH1 Member=Component U6A (U6) 0.2 ppm
Added Member To Class: ClassName=CH2 Member=Component U6B (U6) 0.2 ppm
Added Member To Class: ClassName=CH3 Member=Component U6C (U6) 0.2 ppm
Added Member To Class: ClassName=CH4 Member=Component U6D (U6) 0.2 ppm
