Added Parameter Vendor= to Part C2
Added Parameter Vendor= to Part C27
Added Parameter Vendor= to Part C32
Added Parameter Vendor= to Part C33
Added Parameter Vendor= to Part C34
Added Parameter Vendor= to Part C37
Added Parameter Vendor= to Part C38
Added Parameter Vendor= to Part C39
Added Parameter Vendor= to Part C40
Added Parameter Vendor= to Part C41
Added Parameter Vendor= to Part C42
Added Parameter Vendor= to Part C43
Added Parameter Vendor= to Part C44
Added Parameter Vendor= to Part C45
Added Parameter Vendor= to Part C47
Added Parameter Vendor= to Part C50
Added Parameter Vendor= to Part C51
Added Parameter Vendor= to Part C52
Added Parameter Vendor= to Part C53
Added Parameter Vendor= to Part C54
Added Parameter Vendor= to Part C55
Added Parameter Vendor= to Part C56
Added Parameter Vendor= to Part C57
Added Parameter Vendor= to Part C58
Added Parameter Vendor= to Part C59
Added Parameter Vendor= to Part J5
Added Parameter Vendor= to Part J5
Added Parameter Vendor= to Part J5
Added Parameter Vendor= to Part J5
Added Parameter Vendor= to Part J5
Added Parameter Vendor= to Part L5
Added Parameter Vendor= to Part P1
Added Parameter Vendor= to Part P2
Added Parameter Vendor= to Part P3
Added Parameter Vendor= to Part Q1
Added Parameter Vendor= to Part R21
Added Parameter Vendor= to Part RN1
Added Parameter Vendor= to Part TP11
Added Parameter Vendor= to Part TP12
Added Parameter Vendor= to Part TP13
Added Parameter Vendor= to Part TP14
Added Parameter Vendor= to Part TP15
Added Parameter Vendor= to Part TP16
Added Parameter Vendor= to Part TP17
Added Parameter Vendor= to Part TP18
Added Parameter Vendor= to Part TP25
Added Parameter Vendor= to Part TP27
Added Parameter Vendor= to Part TP28
Added Parameter Vendor= to Part TP29
Added Parameter Vendor= to Part TP30
Added Parameter Vendor= to Part TP31
Added Parameter Vendor= to Part U10
Added Parameter Vendor= to Part U14
Added Parameter Vendor= to Part U14
Added Parameter Vendor= to Part U14
Added Parameter Vendor= to Part U14
Added Parameter Vendor= to Part U14
Added Parameter Vendor= to Part U15
Added Parameter Vendor p/n= to Part C2
Added Parameter Vendor p/n= to Part C27
Added Parameter Vendor p/n= to Part C32
Added Parameter Vendor p/n= to Part C33
Added Parameter Vendor p/n= to Part C34
Added Parameter Vendor p/n= to Part C37
Added Parameter Vendor p/n= to Part C38
Added Parameter Vendor p/n= to Part C39
Added Parameter Vendor p/n= to Part C40
Added Parameter Vendor p/n= to Part C41
Added Parameter Vendor p/n= to Part C42
Added Parameter Vendor p/n= to Part C43
Added Parameter Vendor p/n= to Part C44
Added Parameter Vendor p/n= to Part C45
Added Parameter Vendor p/n= to Part C47
Added Parameter Vendor p/n= to Part C50
Added Parameter Vendor p/n= to Part C51
Added Parameter Vendor p/n= to Part C52
Added Parameter Vendor p/n= to Part C53
Added Parameter Vendor p/n= to Part C54
Added Parameter Vendor p/n= to Part C55
Added Parameter Vendor p/n= to Part C56
Added Parameter Vendor p/n= to Part C57
Added Parameter Vendor p/n= to Part C58
Added Parameter Vendor p/n= to Part C59
Added Parameter Vendor p/n= to Part J5
Added Parameter Vendor p/n= to Part J5
Added Parameter Vendor p/n= to Part J5
Added Parameter Vendor p/n= to Part J5
Added Parameter Vendor p/n= to Part J5
Added Parameter Vendor p/n= to Part L5
Added Parameter Vendor p/n= to Part P1
Added Parameter Vendor p/n= to Part P2
Added Parameter Vendor p/n= to Part P3
Added Parameter Vendor p/n= to Part Q1
Added Parameter Vendor p/n= to Part R21
Added Parameter Vendor p/n= to Part RN1
Added Parameter Vendor p/n= to Part TP11
Added Parameter Vendor p/n= to Part TP12
Added Parameter Vendor p/n= to Part TP13
Added Parameter Vendor p/n= to Part TP14
Added Parameter Vendor p/n= to Part TP15
Added Parameter Vendor p/n= to Part TP16
Added Parameter Vendor p/n= to Part TP17
Added Parameter Vendor p/n= to Part TP18
Added Parameter Vendor p/n= to Part TP25
Added Parameter Vendor p/n= to Part TP27
Added Parameter Vendor p/n= to Part TP28
Added Parameter Vendor p/n= to Part TP29
Added Parameter Vendor p/n= to Part TP30
Added Parameter Vendor p/n= to Part TP31
Added Parameter Vendor p/n= to Part U10
Added Parameter Vendor p/n= to Part U14
Added Parameter Vendor p/n= to Part U14
Added Parameter Vendor p/n= to Part U14
Added Parameter Vendor p/n= to Part U14
Added Parameter Vendor p/n= to Part U14
Added Parameter Vendor p/n= to Part U15
