Added Parameter Arena Prefix=120 to Part C7
Added Parameter Arena Prefix=120 to Part C35
Added Parameter Arena Prefix=120 to Part C36
Added Parameter Arena Prefix=120 to Part C60
Added Parameter Arena Prefix=120 to Part C61
Added Parameter Arena Prefix=125 to Part TP8
Added Parameter Arena Prefix=125 to Part TP19
Added Parameter Arena Prefix=125 to Part TP20
Added Parameter Arena Prefix=125 to Part TP21
Added Parameter Arena Prefix=125 to Part TP22
Added Parameter Arena Prefix=125 to Part TP23
Added Parameter Arena Prefix=125 to Part TP24
Added Parameter Arena Prefix=125 to Part TP26
Added Parameter Arena Prefix=140 to Part D1
Added Parameter Arena Prefix=140 to Part D2
Added Parameter Arena Prefix=140 to Part D3
Added Parameter Arena Prefix=140 to Part D4
Added Parameter Arena Prefix=140 to Part D5
Added Parameter Arena Prefix=140 to Part D6
Added Parameter Arena Prefix=150 to Part U8
Added Parameter Arena Prefix=150 to Part U9
Added Parameter Arena Prefix=180 to Part R22
Added Parameter Arena Prefix=180 to Part R23
Added Parameter Arena Prefix=180 to Part R24
Added Parameter Arena Prefix=180 to Part R25
Added Parameter Arena Prefix=180 to Part R26
Added Parameter Arena Prefix=180 to Part R27
Added Parameter Arena Prefix=185 to Part SW1
Added Parameter Arena Type=Capacitor to Part C7
Added Parameter Arena Type=Capacitor to Part C35
Added Parameter Arena Type=Capacitor to Part C36
Added Parameter Arena Type=Capacitor to Part C60
Added Parameter Arena Type=Capacitor to Part C61
Added Parameter Arena Type=Connector to Part TP8
Added Parameter Arena Type=Connector to Part TP19
Added Parameter Arena Type=Connector to Part TP20
Added Parameter Arena Type=Connector to Part TP21
Added Parameter Arena Type=Connector to Part TP22
Added Parameter Arena Type=Connector to Part TP23
Added Parameter Arena Type=Connector to Part TP24
Added Parameter Arena Type=Connector to Part TP26
Added Parameter Arena Type=Diode to Part D1
Added Parameter Arena Type=Diode to Part D2
Added Parameter Arena Type=Diode to Part D3
Added Parameter Arena Type=Diode to Part D4
Added Parameter Arena Type=Diode to Part D5
Added Parameter Arena Type=Diode to Part D6
Added Parameter Arena Type=IC to Part U8
Added Parameter Arena Type=IC to Part U9
Added Parameter Arena Type=Resistor to Part R22
Added Parameter Arena Type=Resistor to Part R23
Added Parameter Arena Type=Resistor to Part R24
Added Parameter Arena Type=Resistor to Part R25
Added Parameter Arena Type=Resistor to Part R26
Added Parameter Arena Type=Resistor to Part R27
Added Parameter Arena Type=Switch to Part SW1
