Removed Parameter Manf. p/n:THS4031 from Part U5
Removed Parameter Manuf. p/n:THS4031 from Part U1
Removed Parameter Manuf. p/n:THS4031 from Part U4
Removed Parameter Manuf. p/n:THS4031 from Part U5
Removed Parameter part:ADS8422 from Part U6
Added Parameter Vendor= to Part C1
Added Parameter Vendor= to Part C3
Added Parameter Vendor= to Part C4
Added Parameter Vendor= to Part C5
Added Parameter Vendor= to Part C6
Added Parameter Vendor= to Part C8
Added Parameter Vendor= to Part C9
Added Parameter Vendor= to Part C10
Added Parameter Vendor= to Part C11
Added Parameter Vendor= to Part C12
Added Parameter Vendor= to Part C13
Added Parameter Vendor= to Part C14
Added Parameter Vendor= to Part C15
Added Parameter Vendor= to Part C16
Added Parameter Vendor= to Part C17
Added Parameter Vendor= to Part C18
Added Parameter Vendor= to Part C19
Added Parameter Vendor= to Part C20
Added Parameter Vendor= to Part C21
Added Parameter Vendor= to Part C22
Added Parameter Vendor= to Part C23
Added Parameter Vendor= to Part C24
Added Parameter Vendor= to Part C25
Added Parameter Vendor= to Part C26
Added Parameter Vendor= to Part C28
Added Parameter Vendor= to Part C29
Added Parameter Vendor= to Part C30
Added Parameter Vendor= to Part C31
Added Parameter Vendor= to Part C46
Added Parameter Vendor= to Part C48
Added Parameter Vendor= to Part C49
Added Parameter Vendor= to Part L1
Added Parameter Vendor= to Part L2
Added Parameter Vendor= to Part L3
Added Parameter Vendor= to Part L4
Added Parameter Vendor= to Part Q10
Added Parameter Vendor= to Part Q10
Added Parameter Vendor= to Part R1
Added Parameter Vendor= to Part R1
Added Parameter Vendor= to Part R2
Added Parameter Vendor= to Part R2
Added Parameter Vendor= to Part R3
Added Parameter Vendor= to Part R4
Added Parameter Vendor= to Part R5
Added Parameter Vendor= to Part R5
Added Parameter Vendor= to Part R6
Added Parameter Vendor= to Part R7
Added Parameter Vendor= to Part R8
Added Parameter Vendor= to Part R8
Added Parameter Vendor= to Part R8
Added Parameter Vendor= to Part R8
Added Parameter Vendor= to Part R9
Added Parameter Vendor= to Part R10
Added Parameter Vendor= to Part R11
Added Parameter Vendor= to Part R12
Added Parameter Vendor= to Part R13
Added Parameter Vendor= to Part R14
Added Parameter Vendor= to Part R15
Added Parameter Vendor= to Part R16
Added Parameter Vendor= to Part R17
Added Parameter Vendor= to Part R18
Added Parameter Vendor= to Part R19
Added Parameter Vendor= to Part R20
Added Parameter Vendor= to Part TP1
Added Parameter Vendor= to Part TP2
Added Parameter Vendor= to Part TP3
Added Parameter Vendor= to Part TP4
Added Parameter Vendor= to Part TP5
Added Parameter Vendor= to Part TP6
Added Parameter Vendor= to Part TP7
Added Parameter Vendor= to Part TP9
Added Parameter Vendor= to Part TP10
Added Parameter Vendor= to Part U1
Added Parameter Vendor= to Part U2
Added Parameter Vendor= to Part U3
Added Parameter Vendor= to Part U3
Added Parameter Vendor= to Part U3
Added Parameter Vendor= to Part U3
Added Parameter Vendor= to Part U3
Added Parameter Vendor= to Part U4
Added Parameter Vendor= to Part U5
Added Parameter Vendor= to Part U6
Added Parameter Vendor= to Part U7
Added Parameter Vendor= to Part U11
Added Parameter Vendor= to Part U12
Added Parameter Vendor= to Part U13
Added Parameter Vendor p/n= to Part C1
Added Parameter Vendor p/n= to Part C3
Added Parameter Vendor p/n= to Part C4
Added Parameter Vendor p/n= to Part C5
Added Parameter Vendor p/n= to Part C6
Added Parameter Vendor p/n= to Part C8
Added Parameter Vendor p/n= to Part C9
Added Parameter Vendor p/n= to Part C10
Added Parameter Vendor p/n= to Part C11
Added Parameter Vendor p/n= to Part C12
Added Parameter Vendor p/n= to Part C13
Added Parameter Vendor p/n= to Part C14
Added Parameter Vendor p/n= to Part C15
Added Parameter Vendor p/n= to Part C16
Added Parameter Vendor p/n= to Part C17
Added Parameter Vendor p/n= to Part C18
Added Parameter Vendor p/n= to Part C19
Added Parameter Vendor p/n= to Part C20
Added Parameter Vendor p/n= to Part C21
Added Parameter Vendor p/n= to Part C22
Added Parameter Vendor p/n= to Part C23
Added Parameter Vendor p/n= to Part C24
Added Parameter Vendor p/n= to Part C25
Added Parameter Vendor p/n= to Part C26
Added Parameter Vendor p/n= to Part C28
Added Parameter Vendor p/n= to Part C29
Added Parameter Vendor p/n= to Part C30
Added Parameter Vendor p/n= to Part C31
Added Parameter Vendor p/n= to Part C46
Added Parameter Vendor p/n= to Part C48
Added Parameter Vendor p/n= to Part C49
Added Parameter Vendor p/n= to Part L1
Added Parameter Vendor p/n= to Part L2
Added Parameter Vendor p/n= to Part L3
Added Parameter Vendor p/n= to Part L4
Added Parameter Vendor p/n= to Part Q10
Added Parameter Vendor p/n= to Part Q10
Added Parameter Vendor p/n= to Part R1
Added Parameter Vendor p/n= to Part R1
Added Parameter Vendor p/n= to Part R2
Added Parameter Vendor p/n= to Part R2
Added Parameter Vendor p/n= to Part R3
Added Parameter Vendor p/n= to Part R4
Added Parameter Vendor p/n= to Part R5
Added Parameter Vendor p/n= to Part R5
Added Parameter Vendor p/n= to Part R6
Added Parameter Vendor p/n= to Part R7
Added Parameter Vendor p/n= to Part R8
Added Parameter Vendor p/n= to Part R8
Added Parameter Vendor p/n= to Part R8
Added Parameter Vendor p/n= to Part R8
Added Parameter Vendor p/n= to Part R9
Added Parameter Vendor p/n= to Part R10
Added Parameter Vendor p/n= to Part R11
Added Parameter Vendor p/n= to Part R12
Added Parameter Vendor p/n= to Part R13
Added Parameter Vendor p/n= to Part R14
Added Parameter Vendor p/n= to Part R15
Added Parameter Vendor p/n= to Part R16
Added Parameter Vendor p/n= to Part R17
Added Parameter Vendor p/n= to Part R18
Added Parameter Vendor p/n= to Part R19
Added Parameter Vendor p/n= to Part R20
Added Parameter Vendor p/n= to Part TP1
Added Parameter Vendor p/n= to Part TP2
Added Parameter Vendor p/n= to Part TP3
Added Parameter Vendor p/n= to Part TP4
Added Parameter Vendor p/n= to Part TP5
Added Parameter Vendor p/n= to Part TP6
Added Parameter Vendor p/n= to Part TP7
Added Parameter Vendor p/n= to Part TP9
Added Parameter Vendor p/n= to Part TP10
Added Parameter Vendor p/n= to Part U1
Added Parameter Vendor p/n= to Part U2
Added Parameter Vendor p/n= to Part U3
Added Parameter Vendor p/n= to Part U3
Added Parameter Vendor p/n= to Part U3
Added Parameter Vendor p/n= to Part U3
Added Parameter Vendor p/n= to Part U3
Added Parameter Vendor p/n= to Part U4
Added Parameter Vendor p/n= to Part U5
Added Parameter Vendor p/n= to Part U6
Added Parameter Vendor p/n= to Part U7
Added Parameter Vendor p/n= to Part U11
Added Parameter Vendor p/n= to Part U12
Added Parameter Vendor p/n= to Part U13
