Removed Parameter Voltage:15V from Part C15
Removed Parameter Voltage:15V from Part C16
Removed Parameter Voltage:15V from Part C21
Removed Parameter Voltage:15V from Part C24
Removed Parameter Voltage:15V from Part C31
Removed Parameter Voltage:15V from Part C48
Removed Parameter Voltage:35V from Part C10
Removed Parameter Voltage: from Part C1
Added Parameter Vendor Mult.=1  to Part C6
Added Parameter Vendor Mult.=1  to Part C10
Added Parameter Vendor Mult.=1  to Part C15
Added Parameter Vendor Mult.=1  to Part C16
Added Parameter Vendor Mult.=1  to Part C17
Added Parameter Vendor Mult.=1  to Part C19
Added Parameter Vendor Mult.=1  to Part C21
Added Parameter Vendor Mult.=1  to Part C24
Added Parameter Vendor Mult.=1  to Part C26
Added Parameter Vendor Mult.=1  to Part C30
Added Parameter Vendor Mult.=1  to Part C31
Added Parameter Vendor Mult.=1  to Part C46
Added Parameter Vendor Mult.=1  to Part C48
Added Parameter Vendor Mult.=1  to Part L1
Added Parameter Vendor Mult.=1  to Part L2
Added Parameter Vendor Mult.=1  to Part L3
Added Parameter Vendor Mult.=1  to Part L4
Added Parameter Vendor Mult.=1  to Part Q10
Added Parameter Vendor Mult.=1  to Part Q10
Added Parameter Vendor Mult.=1  to Part R1
Added Parameter Vendor Mult.=1  to Part R1
Added Parameter Vendor Mult.=1  to Part R2
Added Parameter Vendor Mult.=1  to Part R2
Added Parameter Vendor Mult.=1  to Part R5
Added Parameter Vendor Mult.=1  to Part R5
Added Parameter Vendor Mult.=1  to Part R8
Added Parameter Vendor Mult.=1  to Part R8
Added Parameter Vendor Mult.=1  to Part R8
Added Parameter Vendor Mult.=1  to Part R8
Added Parameter Vendor Mult.=1  to Part U1
Added Parameter Vendor Mult.=1  to Part U2
Added Parameter Vendor Mult.=1  to Part U3
Added Parameter Vendor Mult.=1  to Part U3
Added Parameter Vendor Mult.=1  to Part U3
Added Parameter Vendor Mult.=1  to Part U3
Added Parameter Vendor Mult.=1  to Part U3
Added Parameter Vendor Mult.=1  to Part U4
Added Parameter Vendor Mult.=1  to Part U5
Added Parameter Vendor Mult.=1  to Part U6
Added Parameter Vendor Mult.=1  to Part U7
Added Parameter Vendor Mult.=1  to Part U11
Added Parameter Vendor Mult.=1  to Part U12
Added Parameter Vendor Mult.=1  to Part U13
Added Parameter Vendor Mult.=10 to Part C1
Added Parameter Vendor Mult.=10 to Part C3
Added Parameter Vendor Mult.=10 to Part C4
Added Parameter Vendor Mult.=10 to Part C5
Added Parameter Vendor Mult.=10 to Part C8
Added Parameter Vendor Mult.=10 to Part C9
Added Parameter Vendor Mult.=10 to Part C11
Added Parameter Vendor Mult.=10 to Part C12
Added Parameter Vendor Mult.=10 to Part C13
Added Parameter Vendor Mult.=10 to Part C14
Added Parameter Vendor Mult.=10 to Part C18
Added Parameter Vendor Mult.=10 to Part C20
Added Parameter Vendor Mult.=10 to Part C22
Added Parameter Vendor Mult.=10 to Part C23
Added Parameter Vendor Mult.=10 to Part C25
Added Parameter Vendor Mult.=10 to Part C28
Added Parameter Vendor Mult.=10 to Part C29
Added Parameter Vendor Mult.=10 to Part C49
Added Parameter Vendor Mult.=10 to Part R3
Added Parameter Vendor Mult.=10 to Part R4
Added Parameter Vendor Mult.=10 to Part R6
Added Parameter Vendor Mult.=10 to Part R7
Added Parameter Vendor Mult.=10 to Part R9
Added Parameter Vendor Mult.=10 to Part R10
Added Parameter Vendor Mult.=10 to Part R11
Added Parameter Vendor Mult.=10 to Part R12
Added Parameter Vendor Mult.=10 to Part R13
Added Parameter Vendor Mult.=10 to Part R14
Added Parameter Vendor Mult.=10 to Part R15
Added Parameter Vendor Mult.=10 to Part R16
Added Parameter Vendor Mult.=10 to Part R17
Added Parameter Vendor Mult.=10 to Part R18
Added Parameter Vendor Mult.=10 to Part R19
Added Parameter Vendor Mult.=10 to Part R20
Added Parameter Vendor Mult.=10 to Part TP1
Added Parameter Vendor Mult.=10 to Part TP2
Added Parameter Vendor Mult.=10 to Part TP3
Added Parameter Vendor Mult.=10 to Part TP4
Added Parameter Vendor Mult.=10 to Part TP5
Added Parameter Vendor Mult.=10 to Part TP6
Added Parameter Vendor Mult.=10 to Part TP7
Added Parameter Vendor Mult.=10 to Part TP9
Added Parameter Vendor Mult.=10 to Part TP10
