Removed Pin From Net: NetName=ADC_DAT0 Pin=U14-1
Removed Pin From Net: NetName=ADC_DAT1 Pin=U14-2
Removed Pin From Net: NetName=ADC_DAT2 Pin=U14-3
Removed Pin From Net: NetName=ADC_DAT3 Pin=U14-4
Removed Pin From Net: NetName=ADC_DAT4 Pin=U14-5
Removed Pin From Net: NetName=ADC_DAT5 Pin=U14-6
Removed Pin From Net: NetName=ADC_DAT6 Pin=U14-7
Removed Pin From Net: NetName=ADC_DAT7 Pin=U14-8
Removed Pin From Net: NetName=ASP_SEL_N Pin=U14-11
Removed Pin From Net: NetName=CONVST_N Pin=U14-12
Removed Pin From Net: NetName=RD_N Pin=U14-13
Removed Pin From Net: NetName=CS_N Pin=U14-14
Removed Pin From Net: NetName=Q0 Pin=U14-15
Removed Pin From Net: NetName=Q1 Pin=U14-16
Removed Pin From Net: NetName=SEL0 Pin=U14-21
Removed Pin From Net: NetName=SEL1 Pin=U14-22
Removed Pin From Net: NetName=SEL2 Pin=U14-23
Removed Pin From Net: NetName=START_ACQ Pin=U14-24
Removed Pin From Net: NetName=DAT_STB Pin=U14-27
Removed Pin From Net: NetName=MUX Pin=U14-28
Removed Pin From Net: NetName=END Pin=U14-29
Removed Pin From Net: NetName=CLK_ENBL Pin=U14-30
Removed Pin From Net: NetName=DFF_ENBL Pin=U14-31
Removed Pin From Net: NetName=DB60 Pin=U14-69
Removed Pin From Net: NetName=DB61 Pin=U14-70
Removed Pin From Net: NetName=DB62 Pin=U14-71
Removed Pin From Net: NetName=DB63 Pin=U14-72
Added Pin To Net: NetName=DB60 Pin=U14-1
Added Pin To Net: NetName=DB61 Pin=U14-2
Added Pin To Net: NetName=DB62 Pin=U14-3
Added Pin To Net: NetName=DB63 Pin=U14-4
Added Pin To Net: NetName=ADC_DAT0 Pin=U14-5
Added Pin To Net: NetName=ADC_DAT1 Pin=U14-6
Added Pin To Net: NetName=ADC_DAT2 Pin=U14-7
Added Pin To Net: NetName=ADC_DAT3 Pin=U14-8
Added Pin To Net: NetName=ADC_DAT4 Pin=U14-11
Added Pin To Net: NetName=ADC_DAT5 Pin=U14-12
Added Pin To Net: NetName=ADC_DAT6 Pin=U14-13
Added Pin To Net: NetName=ADC_DAT7 Pin=U14-14
Added Pin To Net: NetName=ASP_SEL_N Pin=U14-15
Added Pin To Net: NetName=CONVST_N Pin=U14-16
Added Pin To Net: NetName=RD_N Pin=U14-21
Added Pin To Net: NetName=CS_N Pin=U14-22
Added Pin To Net: NetName=Q0 Pin=U14-23
Added Pin To Net: NetName=Q1 Pin=U14-24
Added Pin To Net: NetName=SEL0 Pin=U14-27
Added Pin To Net: NetName=SEL1 Pin=U14-28
Added Pin To Net: NetName=SEL2 Pin=U14-29
Added Pin To Net: NetName=START_ACQ Pin=U14-30
Added Pin To Net: NetName=DAT_STB Pin=U14-31
Added Pin To Net: NetName=MUX Pin=U14-32
Added Pin To Net: NetName=END Pin=U14-37
Added Pin To Net: NetName=CLK_ENBL Pin=U14-38
Added Pin To Net: NetName=DFF_ENBL Pin=U14-39
