Change Value of Parameter Manufacturer in Part C60 Old= New=MURATA
Change Value of Parameter Manuf p/n in Part C60 Old= New=GRM21BR71H105KA12L
Change Value of Parameter Vendor in Part C60 Old= New=DigiKey
Change Value of Parameter Vendor p/n in Part C60 Old= New=4904736-1-ND
Change Value of Parameter Manufacturer in Part C61 Old= New=MURATA
Change Value of Parameter Manuf p/n in Part C61 Old= New=GRM21BR71H105KA12L
Change Value of Parameter Vendor in Part C61 Old= New=DigiKey
Change Value of Parameter Vendor p/n in Part C61 Old= New=4904736-1-ND
Change Value of Parameter Manufacturer in Part R22 Old= New=Vishay
Change Value of Parameter Manuf p/n in Part R22 Old= New=CRCW0805XXXXFNEA
Change Value of Parameter Vendor in Part R22 Old= New=DigiKey
Change Value of Parameter Vendor p/n in Part R22 Old= New=541-XXXXCCT-ND
Change Value of Parameter Manufacturer in Part R23 Old= New=Vishay
Change Value of Parameter Manuf p/n in Part R23 Old= New=CRCW0805XXXXFNEA
Change Value of Parameter Vendor in Part R23 Old= New=DigiKey
Change Value of Parameter Vendor p/n in Part R23 Old= New=541-XXXXCCT-ND
Change Value of Parameter Manufacturer in Part R24 Old= New=Vishay
Change Value of Parameter Manuf p/n in Part R24 Old= New=CRCW0805301RFNEA
Change Value of Parameter Vendor in Part R24 Old= New=DigiKey
Change Value of Parameter Vendor p/n in Part R24 Old= New=541-301CCT-ND
Change Value of Parameter Manufacturer in Part R25 Old= New=Vishay
Change Value of Parameter Manuf p/n in Part R25 Old= New=CRCW0805XXXXFNEA
Change Value of Parameter Vendor in Part R25 Old= New=DigiKey
Change Value of Parameter Vendor p/n in Part R25 Old= New=541-XXXXCCT-ND
Change Value of Parameter Manufacturer in Part R26 Old= New=Vishay
Change Value of Parameter Manuf p/n in Part R26 Old= New=CRCW0805301RFNEA
Change Value of Parameter Vendor in Part R26 Old= New=DigiKey
Change Value of Parameter Vendor p/n in Part R26 Old= New=541-301CCT-ND
Change Value of Parameter Manufacturer in Part R27 Old= New=Vishay
Change Value of Parameter Manuf p/n in Part R27 Old= New=CRCW0805150RFNEA
Change Value of Parameter Vendor in Part R27 Old= New=DigiKey
Change Value of Parameter Vendor p/n in Part R27 Old= New=541-150CCT-ND
