Added Parameter COST= to Part C2
Added Parameter COST= to Part C27
Added Parameter COST= to Part C32
Added Parameter COST= to Part C33
Added Parameter COST= to Part C34
Added Parameter COST= to Part C37
Added Parameter COST= to Part C38
Added Parameter COST= to Part C39
Added Parameter COST= to Part C40
Added Parameter COST= to Part C41
Added Parameter COST= to Part C42
Added Parameter COST= to Part C43
Added Parameter COST= to Part C44
Added Parameter COST= to Part C45
Added Parameter COST= to Part C47
Added Parameter COST= to Part C50
Added Parameter COST= to Part C51
Added Parameter COST= to Part C52
Added Parameter COST= to Part C53
Added Parameter COST= to Part C54
Added Parameter COST= to Part C55
Added Parameter COST= to Part C56
Added Parameter COST= to Part C57
Added Parameter COST= to Part C58
Added Parameter COST= to Part C59
Added Parameter COST= to Part J5
Added Parameter COST= to Part J5
Added Parameter COST= to Part J5
Added Parameter COST= to Part J5
Added Parameter COST= to Part J5
Added Parameter COST= to Part L5
Added Parameter COST= to Part P1
Added Parameter COST= to Part P2
Added Parameter COST= to Part P3
Added Parameter COST= to Part Q1
Added Parameter COST= to Part R21
Added Parameter COST= to Part RN1
Added Parameter COST= to Part TP11
Added Parameter COST= to Part TP12
Added Parameter COST= to Part TP13
Added Parameter COST= to Part TP14
Added Parameter COST= to Part TP15
Added Parameter COST= to Part TP16
Added Parameter COST= to Part TP17
Added Parameter COST= to Part TP18
Added Parameter COST= to Part TP25
Added Parameter COST= to Part TP27
Added Parameter COST= to Part TP28
Added Parameter COST= to Part TP29
Added Parameter COST= to Part TP30
Added Parameter COST= to Part TP31
Added Parameter COST= to Part U10
Added Parameter COST= to Part U14
Added Parameter COST= to Part U14
Added Parameter COST= to Part U14
Added Parameter COST= to Part U14
Added Parameter COST= to Part U14
Added Parameter COST= to Part U15
