Added Parameter COST= to Part C1
Added Parameter COST= to Part C3
Added Parameter COST= to Part C4
Added Parameter COST= to Part C5
Added Parameter COST= to Part C6
Added Parameter COST= to Part C8
Added Parameter COST= to Part C9
Added Parameter COST= to Part C10
Added Parameter COST= to Part C11
Added Parameter COST= to Part C12
Added Parameter COST= to Part C13
Added Parameter COST= to Part C14
Added Parameter COST= to Part C15
Added Parameter COST= to Part C16
Added Parameter COST= to Part C17
Added Parameter COST= to Part C18
Added Parameter COST= to Part C19
Added Parameter COST= to Part C20
Added Parameter COST= to Part C21
Added Parameter COST= to Part C22
Added Parameter COST= to Part C23
Added Parameter COST= to Part C24
Added Parameter COST= to Part C25
Added Parameter COST= to Part C26
Added Parameter COST= to Part C28
Added Parameter COST= to Part C29
Added Parameter COST= to Part C30
Added Parameter COST= to Part C31
Added Parameter COST= to Part C46
Added Parameter COST= to Part C48
Added Parameter COST= to Part C49
Added Parameter COST= to Part L1
Added Parameter COST= to Part L2
Added Parameter COST= to Part L3
Added Parameter COST= to Part L4
Added Parameter COST= to Part Q10
Added Parameter COST= to Part Q10
Added Parameter COST= to Part R1
Added Parameter COST= to Part R1
Added Parameter COST= to Part R2
Added Parameter COST= to Part R2
Added Parameter COST= to Part R3
Added Parameter COST= to Part R4
Added Parameter COST= to Part R5
Added Parameter COST= to Part R5
Added Parameter COST= to Part R6
Added Parameter COST= to Part R7
Added Parameter COST= to Part R8
Added Parameter COST= to Part R8
Added Parameter COST= to Part R8
Added Parameter COST= to Part R8
Added Parameter COST= to Part R9
Added Parameter COST= to Part R10
Added Parameter COST= to Part R11
Added Parameter COST= to Part R12
Added Parameter COST= to Part R13
Added Parameter COST= to Part R14
Added Parameter COST= to Part R15
Added Parameter COST= to Part R16
Added Parameter COST= to Part R17
Added Parameter COST= to Part R18
Added Parameter COST= to Part R19
Added Parameter COST= to Part R20
Added Parameter COST= to Part TP1
Added Parameter COST= to Part TP2
Added Parameter COST= to Part TP3
Added Parameter COST= to Part TP4
Added Parameter COST= to Part TP5
Added Parameter COST= to Part TP6
Added Parameter COST= to Part TP7
Added Parameter COST= to Part TP9
Added Parameter COST= to Part TP10
Added Parameter COST= to Part U1
Added Parameter COST= to Part U2
Added Parameter COST= to Part U4
Added Parameter COST= to Part U5
Added Parameter COST= to Part U6
Added Parameter COST= to Part U7
Added Parameter COST= to Part U11
Added Parameter COST= to Part U12
Added Parameter COST= to Part U13
