Added Component: Designator=U3A(SOIC16)
Added Component: Designator=U3B(SOIC16)
Added Component: Designator=U3C(SOIC16)
Added Component: Designator=U3D(SOIC16)
Added Component: Designator=U7A(182H_M)
Added Component: Designator=U7B(182H_M)
Added Component: Designator=U7C(182H_M)
Added Component: Designator=U7D(182H_M)
Added Pin To Net: NetName=/RESET_BLANK Pin=U3A-1
Added Pin To Net: NetName=NetTP5A_1 Pin=U3A-2
Added Pin To Net: NetName=NetC12A_2 Pin=U3A-3
Added Pin To Net: NetName=A Pin=U3A-4
Added Pin To Net: NetName=A Pin=U3A-5
Added Pin To Net: NetName=NetR2A_2 Pin=U3A-6
Added Pin To Net: NetName=NetU3A_7 Pin=U3A-7
Added Pin To Net: NetName=/GAIN_4X Pin=U3A-8
Added Pin To Net: NetName=/GAIN_4X Pin=U3A-9
Added Pin To Net: NetName=NetR1A_2 Pin=U3A-10
Added Pin To Net: NetName=NetU3A_7 Pin=U3A-11
Added Pin To Net: NetName=+5ANA Pin=U3A-12
Added Pin To Net: NetName=+28V Pin=U3A-13
Added Pin To Net: NetName=A1_OUT Pin=U3A-14
Added Pin To Net: NetName=NetTP5A_1 Pin=U3A-15
Added Pin To Net: NetName=/RESET_BLANK Pin=U3A-16
Added Pin To Net: NetName=/RESET_BLANK Pin=U3B-1
Added Pin To Net: NetName=NetTP5B_1 Pin=U3B-2
Added Pin To Net: NetName=NetC12B_2 Pin=U3B-3
Added Pin To Net: NetName=A Pin=U3B-4
Added Pin To Net: NetName=A Pin=U3B-5
Added Pin To Net: NetName=NetR2B_2 Pin=U3B-6
Added Pin To Net: NetName=NetU3B_7 Pin=U3B-7
Added Pin To Net: NetName=/GAIN_4X Pin=U3B-8
Added Pin To Net: NetName=/GAIN_4X Pin=U3B-9
Added Pin To Net: NetName=NetR1B_2 Pin=U3B-10
Added Pin To Net: NetName=NetU3B_7 Pin=U3B-11
Added Pin To Net: NetName=+5ANA Pin=U3B-12
Added Pin To Net: NetName=+28V Pin=U3B-13
Added Pin To Net: NetName=A2_OUT Pin=U3B-14
Added Pin To Net: NetName=NetTP5B_1 Pin=U3B-15
Added Pin To Net: NetName=/RESET_BLANK Pin=U3B-16
Added Pin To Net: NetName=/RESET_BLANK Pin=U3C-1
Added Pin To Net: NetName=NetTP5C_1 Pin=U3C-2
Added Pin To Net: NetName=NetC12C_2 Pin=U3C-3
Added Pin To Net: NetName=A Pin=U3C-4
Added Pin To Net: NetName=A Pin=U3C-5
Added Pin To Net: NetName=NetR2C_2 Pin=U3C-6
Added Pin To Net: NetName=NetU3C_7 Pin=U3C-7
Added Pin To Net: NetName=/GAIN_4X Pin=U3C-8
Added Pin To Net: NetName=/GAIN_4X Pin=U3C-9
Added Pin To Net: NetName=NetR1C_2 Pin=U3C-10
Added Pin To Net: NetName=NetU3C_7 Pin=U3C-11
Added Pin To Net: NetName=+5ANA Pin=U3C-12
Added Pin To Net: NetName=+28V Pin=U3C-13
Added Pin To Net: NetName=A3_OUT Pin=U3C-14
Added Pin To Net: NetName=NetTP5C_1 Pin=U3C-15
Added Pin To Net: NetName=/RESET_BLANK Pin=U3C-16
Added Pin To Net: NetName=/RESET_BLANK Pin=U3D-1
Added Pin To Net: NetName=NetTP5D_1 Pin=U3D-2
Added Pin To Net: NetName=NetC12D_2 Pin=U3D-3
Added Pin To Net: NetName=A Pin=U3D-4
Added Pin To Net: NetName=A Pin=U3D-5
Added Pin To Net: NetName=NetR2D_2 Pin=U3D-6
Added Pin To Net: NetName=NetU3D_7 Pin=U3D-7
Added Pin To Net: NetName=/GAIN_4X Pin=U3D-8
Added Pin To Net: NetName=/GAIN_4X Pin=U3D-9
Added Pin To Net: NetName=NetR1D_2 Pin=U3D-10
Added Pin To Net: NetName=NetU3D_7 Pin=U3D-11
Added Pin To Net: NetName=+5ANA Pin=U3D-12
Added Pin To Net: NetName=+28V Pin=U3D-13
Added Pin To Net: NetName=A4_OUT Pin=U3D-14
Added Pin To Net: NetName=NetTP5D_1 Pin=U3D-15
Added Pin To Net: NetName=/RESET_BLANK Pin=U3D-16
Added Pin To Net: NetName=NetR8A_5 Pin=U7A-1
Added Pin To Net: NetName=COMMOUTA Pin=U7A-2
Added Pin To Net: NetName=NetC16A_1 Pin=U7A-3
Added Pin To Net: NetName=NetR8A_6 Pin=U7A-4
Added Pin To Net: NetName=NetR8A_3 Pin=U7A-5
Added Pin To Net: NetName=NetC26A_1 Pin=U7A-6
Added Pin To Net: NetName=NetR8A_2 Pin=U7A-8
Added Pin To Net: NetName=NetR8B_5 Pin=U7B-1
Added Pin To Net: NetName=COMMOUTB Pin=U7B-2
Added Pin To Net: NetName=NetC16B_1 Pin=U7B-3
Added Pin To Net: NetName=NetR8B_6 Pin=U7B-4
Added Pin To Net: NetName=NetR8B_3 Pin=U7B-5
Added Pin To Net: NetName=NetC26B_1 Pin=U7B-6
Added Pin To Net: NetName=NetR8B_2 Pin=U7B-8
Added Pin To Net: NetName=NetR8C_5 Pin=U7C-1
Added Pin To Net: NetName=COMMOUTC Pin=U7C-2
Added Pin To Net: NetName=NetC16C_1 Pin=U7C-3
Added Pin To Net: NetName=NetR8C_6 Pin=U7C-4
Added Pin To Net: NetName=NetR8C_3 Pin=U7C-5
Added Pin To Net: NetName=NetC26C_1 Pin=U7C-6
Added Pin To Net: NetName=NetR8C_2 Pin=U7C-8
Added Pin To Net: NetName=NetR8D_5 Pin=U7D-1
Added Pin To Net: NetName=COMMOUTD Pin=U7D-2
Added Pin To Net: NetName=NetC16D_1 Pin=U7D-3
Added Pin To Net: NetName=NetR8D_6 Pin=U7D-4
Added Pin To Net: NetName=NetR8D_3 Pin=U7D-5
Added Pin To Net: NetName=NetC26D_1 Pin=U7D-6
Added Pin To Net: NetName=NetR8D_2 Pin=U7D-8
Added Member To Class: ClassName=CH1 Member=Component U3A (U3A) DG213A
Added Member To Class: ClassName=CH2 Member=Component U3B (U3A) DG213A
Added Member To Class: ClassName=CH3 Member=Component U3C (U3A) DG213A
Added Member To Class: ClassName=CH4 Member=Component U3D (U3A) DG213A
Added Member To Class: ClassName=CH1 Member=Component U7A (U7) THS4151
Added Member To Class: ClassName=CH2 Member=Component U7B (U7) THS4151
Added Member To Class: ClassName=CH3 Member=Component U7C (U7) THS4151
Added Member To Class: ClassName=CH4 Member=Component U7D (U7) THS4151
