Added Parameter COST= to Part C7
Added Parameter COST= to Part C35
Added Parameter COST= to Part C36
Added Parameter COST= to Part D1
Added Parameter COST= to Part D2
Added Parameter COST= to Part D3
Added Parameter COST= to Part D4
Added Parameter COST= to Part D5
Added Parameter COST= to Part D6
Added Parameter COST= to Part R22
Added Parameter COST= to Part R23
Added Parameter COST= to Part R24
Added Parameter COST= to Part R25
Added Parameter COST= to Part R26
Added Parameter COST= to Part R27
Added Parameter COST= to Part SW1
Added Parameter COST= to Part TP8
Added Parameter COST= to Part TP19
Added Parameter COST= to Part TP20
Added Parameter COST= to Part TP21
Added Parameter COST= to Part TP22
Added Parameter COST= to Part TP23
Added Parameter COST= to Part TP24
Added Parameter COST= to Part TP26
Added Parameter COST= to Part U9
