Change Value of Parameter Manufacturer in Part C2 Old= New=AVX
Change Value of Parameter Manuf p/n in Part C2 Old= New=08055C104KAT2A
Change Value of Parameter Vendor in Part C2 Old= New=DigiKey
Change Value of Parameter Vendor p/n in Part C2 Old= New=478-1395-1-ND
Change Value of Parameter Manufacturer in Part C27 Old= New=AVX
Change Value of Parameter Manuf p/n in Part C27 Old= New=08055A102JAT2A
Change Value of Parameter Vendor in Part C27 Old= New=DigiKey
Change Value of Parameter Vendor p/n in Part C27 Old= New=478-1328-1-ND
Change Value of Parameter Manufacturer in Part C32 Old= New=KEMET
Change Value of Parameter Manuf p/n in Part C32 Old= New=T494A106M016AT
Change Value of Parameter Vendor in Part C32 Old= New=DigiKey
Change Value of Parameter Vendor p/n in Part C32 Old= New=399-3824-1-ND
Change Value of Parameter Manufacturer in Part C33 Old= New=AVX
Change Value of Parameter Manuf p/n in Part C33 Old= New=08055C104KAT2A
Change Value of Parameter Vendor in Part C33 Old= New=DigiKey
Change Value of Parameter Vendor p/n in Part C33 Old= New=478-1395-1-ND
Change Value of Parameter Manufacturer in Part C34 Old= New=AVX
Change Value of Parameter Manuf p/n in Part C34 Old= New=08055C104KAT2A
Change Value of Parameter Vendor in Part C34 Old= New=DigiKey
Change Value of Parameter Vendor p/n in Part C34 Old= New=478-1395-1-ND
Change Value of Parameter Manufacturer in Part C37 Old= New=AVX
Change Value of Parameter Manuf p/n in Part C37 Old= New=08055C104KAT2A
Change Value of Parameter Vendor in Part C37 Old= New=DigiKey
Change Value of Parameter Vendor p/n in Part C37 Old= New=478-1395-1-ND
Change Value of Parameter Manufacturer in Part C38 Old= New=AVX
Change Value of Parameter Manuf p/n in Part C38 Old= New=08055C104KAT2A
Change Value of Parameter Vendor in Part C38 Old= New=DigiKey
Change Value of Parameter Vendor p/n in Part C38 Old= New=478-1395-1-ND
Change Value of Parameter Manufacturer in Part C39 Old= New=AVX
Change Value of Parameter Manuf p/n in Part C39 Old= New=08055C104KAT2A
Change Value of Parameter Vendor in Part C39 Old= New=DigiKey
Change Value of Parameter Vendor p/n in Part C39 Old= New=478-1395-1-ND
Change Value of Parameter Manufacturer in Part C40 Old= New=AVX
Change Value of Parameter Manuf p/n in Part C40 Old= New=08055C104KAT2A
Change Value of Parameter Vendor in Part C40 Old= New=DigiKey
Change Value of Parameter Vendor p/n in Part C40 Old= New=478-1395-1-ND
Change Value of Parameter Manufacturer in Part C41 Old= New=AVX
Change Value of Parameter Manuf p/n in Part C41 Old= New=08055C104KAT2A
Change Value of Parameter Vendor in Part C41 Old= New=DigiKey
Change Value of Parameter Vendor p/n in Part C41 Old= New=478-1395-1-ND
Change Value of Parameter Manufacturer in Part C42 Old= New=AVX
Change Value of Parameter Manuf p/n in Part C42 Old= New=08055C104KAT2A
Change Value of Parameter Vendor in Part C42 Old= New=DigiKey
Change Value of Parameter Vendor p/n in Part C42 Old= New=478-1395-1-ND
Change Value of Parameter Manufacturer in Part C43 Old= New=AVX
Change Value of Parameter Manuf p/n in Part C43 Old= New=08055C104KAT2A
Change Value of Parameter Vendor in Part C43 Old= New=DigiKey
Change Value of Parameter Vendor p/n in Part C43 Old= New=478-1395-1-ND
Change Value of Parameter Manufacturer in Part C44 Old= New=KEMET
Change Value of Parameter Manuf p/n in Part C44 Old= New=T494A106M016AT
Change Value of Parameter Vendor in Part C44 Old= New=DigiKey
Change Value of Parameter Vendor p/n in Part C44 Old= New=399-3824-1-ND
Change Value of Parameter Manufacturer in Part C45 Old= New=KEMET
Change Value of Parameter Manuf p/n in Part C45 Old= New=T494A106M016AT
Change Value of Parameter Vendor in Part C45 Old= New=DigiKey
Change Value of Parameter Vendor p/n in Part C45 Old= New=399-3824-1-ND
Change Value of Parameter Manufacturer in Part C47 Old= New=AVX
Change Value of Parameter Manuf p/n in Part C47 Old= New=08055C104KAT2A
Change Value of Parameter Vendor in Part C47 Old= New=DigiKey
Change Value of Parameter Vendor p/n in Part C47 Old= New=478-1395-1-ND
Change Value of Parameter Manufacturer in Part C50 Old= New=AVX
Change Value of Parameter Manuf p/n in Part C50 Old= New=08055C104KAT2A
Change Value of Parameter Vendor in Part C50 Old= New=DigiKey
Change Value of Parameter Vendor p/n in Part C50 Old= New=478-1395-1-ND
Change Value of Parameter Manufacturer in Part C51 Old= New=AVX
Change Value of Parameter Manuf p/n in Part C51 Old= New=08055C104KAT2A
Change Value of Parameter Vendor in Part C51 Old= New=DigiKey
Change Value of Parameter Vendor p/n in Part C51 Old= New=478-1395-1-ND
Change Value of Parameter Manufacturer in Part C52 Old= New=AVX
Change Value of Parameter Manuf p/n in Part C52 Old= New=08055C104KAT2A
Change Value of Parameter Vendor in Part C52 Old= New=DigiKey
Change Value of Parameter Vendor p/n in Part C52 Old= New=478-1395-1-ND
Change Value of Parameter Manufacturer in Part C53 Old= New=KEMET
Change Value of Parameter Manuf p/n in Part C53 Old= New=T494A106M016AT
Change Value of Parameter Vendor in Part C53 Old= New=DigiKey
Change Value of Parameter Vendor p/n in Part C53 Old= New=399-3824-1-ND
Change Value of Parameter Manufacturer in Part C54 Old= New=KEMET
Change Value of Parameter Manuf p/n in Part C54 Old= New=T494A106M016AT
Change Value of Parameter Vendor in Part C54 Old= New=DigiKey
Change Value of Parameter Vendor p/n in Part C54 Old= New=399-3824-1-ND
Change Value of Parameter Manufacturer in Part C55 Old= New=KEMET
Change Value of Parameter Manuf p/n in Part C55 Old= New=T494A106M016AT
Change Value of Parameter Vendor in Part C55 Old= New=DigiKey
Change Value of Parameter Vendor p/n in Part C55 Old= New=399-3824-1-ND
Change Value of Parameter Manufacturer in Part C56 Old= New=AVX
Change Value of Parameter Manuf p/n in Part C56 Old= New=08055C104KAT2A
Change Value of Parameter Vendor in Part C56 Old= New=DigiKey
Change Value of Parameter Vendor p/n in Part C56 Old= New=478-1395-1-ND
Change Value of Parameter Manufacturer in Part C57 Old= New=KEMET
Change Value of Parameter Manuf p/n in Part C57 Old= New=T494A106M016AT
Change Value of Parameter Vendor in Part C57 Old= New=DigiKey
Change Value of Parameter Vendor p/n in Part C57 Old= New=399-3824-1-ND
Change Value of Parameter Manufacturer in Part C58 Old= New=KEMET
Change Value of Parameter Manuf p/n in Part C58 Old= New=T494A106M016AT
Change Value of Parameter Vendor in Part C58 Old= New=DigiKey
Change Value of Parameter Vendor p/n in Part C58 Old= New=399-3824-1-ND
Change Value of Parameter Manufacturer in Part C59 Old= New=Nichicon
Change Value of Parameter Manuf p/n in Part C59 Old= New=F911V685MCC
Change Value of Parameter Vendor in Part C59 Old= New=DigiKey
Change Value of Parameter Vendor p/n in Part C59 Old= New=493-2325-1-ND
