Removed Parameter Voltage:15V from Part C32
Removed Parameter Voltage:15V from Part C44
Removed Parameter Voltage:15V from Part C45
Removed Parameter Voltage:15V from Part C53
Removed Parameter Voltage:15V from Part C54
Removed Parameter Voltage:15V from Part C55
Removed Parameter Voltage:15V from Part C57
Removed Parameter Voltage:15V from Part C58
Removed Parameter Voltage:35V from Part C59
Added Parameter Vendor Mult.=1  to Part C32
Added Parameter Vendor Mult.=1  to Part C44
Added Parameter Vendor Mult.=1  to Part C45
Added Parameter Vendor Mult.=1  to Part C53
Added Parameter Vendor Mult.=1  to Part C54
Added Parameter Vendor Mult.=1  to Part C55
Added Parameter Vendor Mult.=1  to Part C57
Added Parameter Vendor Mult.=1  to Part C58
Added Parameter Vendor Mult.=1  to Part C59
Added Parameter Vendor Mult.=1  to Part J5
Added Parameter Vendor Mult.=1  to Part J5
Added Parameter Vendor Mult.=1  to Part J5
Added Parameter Vendor Mult.=1  to Part J5
Added Parameter Vendor Mult.=1  to Part J5
Added Parameter Vendor Mult.=1  to Part L5
Added Parameter Vendor Mult.=1  to Part P1
Added Parameter Vendor Mult.=1  to Part P2
Added Parameter Vendor Mult.=1  to Part P3
Added Parameter Vendor Mult.=1  to Part Q1
Added Parameter Vendor Mult.=1  to Part U10
Added Parameter Vendor Mult.=1  to Part U14
Added Parameter Vendor Mult.=1  to Part U14
Added Parameter Vendor Mult.=1  to Part U14
Added Parameter Vendor Mult.=1  to Part U14
Added Parameter Vendor Mult.=1  to Part U14
Added Parameter Vendor Mult.=1  to Part U15
Added Parameter Vendor Mult.=10 to Part C2
Added Parameter Vendor Mult.=10 to Part C27
Added Parameter Vendor Mult.=10 to Part C33
Added Parameter Vendor Mult.=10 to Part C34
Added Parameter Vendor Mult.=10 to Part C37
Added Parameter Vendor Mult.=10 to Part C38
Added Parameter Vendor Mult.=10 to Part C39
Added Parameter Vendor Mult.=10 to Part C40
Added Parameter Vendor Mult.=10 to Part C41
Added Parameter Vendor Mult.=10 to Part C42
Added Parameter Vendor Mult.=10 to Part C43
Added Parameter Vendor Mult.=10 to Part C47
Added Parameter Vendor Mult.=10 to Part C50
Added Parameter Vendor Mult.=10 to Part C51
Added Parameter Vendor Mult.=10 to Part C52
Added Parameter Vendor Mult.=10 to Part C56
Added Parameter Vendor Mult.=10 to Part R21
Added Parameter Vendor Mult.=10 to Part RN1
Added Parameter Vendor Mult.=10 to Part TP11
Added Parameter Vendor Mult.=10 to Part TP12
Added Parameter Vendor Mult.=10 to Part TP13
Added Parameter Vendor Mult.=10 to Part TP14
Added Parameter Vendor Mult.=10 to Part TP15
Added Parameter Vendor Mult.=10 to Part TP16
Added Parameter Vendor Mult.=10 to Part TP17
Added Parameter Vendor Mult.=10 to Part TP18
Added Parameter Vendor Mult.=10 to Part TP25
Added Parameter Vendor Mult.=10 to Part TP27
Added Parameter Vendor Mult.=10 to Part TP28
Added Parameter Vendor Mult.=10 to Part TP29
Added Parameter Vendor Mult.=10 to Part TP30
Added Parameter Vendor Mult.=10 to Part TP31
