Removed Parameter DatasheetDocument:16-Apr-2002 from Part D1
Removed Parameter DatasheetDocument:16-Apr-2002 from Part D2
Removed Parameter DatasheetDocument:16-Apr-2002 from Part D3
Removed Parameter DatasheetDocument:16-Apr-2002 from Part D4
Removed Parameter DatasheetDocument:16-Apr-2002 from Part D5
Removed Parameter DatasheetDocument:16-Apr-2002 from Part D6
Removed Parameter LatestRevisionDate:17-Dec-2003 from Part D1
Removed Parameter LatestRevisionDate:17-Dec-2003 from Part D2
Removed Parameter LatestRevisionDate:17-Dec-2003 from Part D3
Removed Parameter LatestRevisionDate:17-Dec-2003 from Part D4
Removed Parameter LatestRevisionDate:17-Dec-2003 from Part D5
Removed Parameter LatestRevisionDate:17-Dec-2003 from Part D6
Removed Parameter LatestRevisionDate:17-Jul-2002 from Part C7
Removed Parameter LatestRevisionDate:17-Jul-2002 from Part C35
Removed Parameter LatestRevisionDate:17-Jul-2002 from Part C36
Removed Parameter LatestRevisionDate:17-Jul-2002 from Part R22
Removed Parameter LatestRevisionDate:17-Jul-2002 from Part R23
Removed Parameter LatestRevisionDate:17-Jul-2002 from Part R24
Removed Parameter LatestRevisionDate:17-Jul-2002 from Part R25
Removed Parameter LatestRevisionDate:17-Jul-2002 from Part R26
Removed Parameter LatestRevisionDate:17-Jul-2002 from Part R27
Removed Parameter LatestRevisionDate:17-Jul-2002 from Part SW1
Removed Parameter LatestRevisionNote:PCB Footprint replaced. from Part D1
Removed Parameter LatestRevisionNote:PCB Footprint replaced. from Part D2
Removed Parameter LatestRevisionNote:PCB Footprint replaced. from Part D3
Removed Parameter LatestRevisionNote:PCB Footprint replaced. from Part D4
Removed Parameter LatestRevisionNote:PCB Footprint replaced. from Part D5
Removed Parameter LatestRevisionNote:PCB Footprint replaced. from Part D6
Removed Parameter LatestRevisionNote:Re-released for DXP Platform. from Part C7
Removed Parameter LatestRevisionNote:Re-released for DXP Platform. from Part C35
Removed Parameter LatestRevisionNote:Re-released for DXP Platform. from Part C36
Removed Parameter LatestRevisionNote:Re-released for DXP Platform. from Part R22
Removed Parameter LatestRevisionNote:Re-released for DXP Platform. from Part R23
Removed Parameter LatestRevisionNote:Re-released for DXP Platform. from Part R24
Removed Parameter LatestRevisionNote:Re-released for DXP Platform. from Part R25
Removed Parameter LatestRevisionNote:Re-released for DXP Platform. from Part R26
Removed Parameter LatestRevisionNote:Re-released for DXP Platform. from Part R27
Removed Parameter LatestRevisionNote:Re-released for DXP Platform. from Part SW1
Removed Parameter PackageDocument:16-Apr-2002 from Part D1
Removed Parameter PackageDocument:16-Apr-2002 from Part D2
Removed Parameter PackageDocument:16-Apr-2002 from Part D3
Removed Parameter PackageDocument:16-Apr-2002 from Part D4
Removed Parameter PackageDocument:16-Apr-2002 from Part D5
Removed Parameter PackageDocument:16-Apr-2002 from Part D6
Removed Parameter PackageReference:3.5X2.8X1.9 from Part D1
Removed Parameter PackageReference:3.5X2.8X1.9 from Part D2
Removed Parameter PackageReference:3.5X2.8X1.9 from Part D3
Removed Parameter PackageReference:3.5X2.8X1.9 from Part D4
Removed Parameter PackageReference:3.5X2.8X1.9 from Part D5
Removed Parameter PackageReference:3.5X2.8X1.9 from Part D6
Removed Parameter PackageReference:AXIAL-0.3 from Part R22
Removed Parameter PackageReference:AXIAL-0.3 from Part R23
Removed Parameter PackageReference:AXIAL-0.3 from Part R24
Removed Parameter PackageReference:AXIAL-0.3 from Part R25
Removed Parameter PackageReference:AXIAL-0.3 from Part R26
Removed Parameter PackageReference:AXIAL-0.3 from Part R27
Removed Parameter PackageReference:DPST-4 from Part SW1
Removed Parameter PackageReference:RAD-0.3 from Part C7
Removed Parameter PackageReference:RAD-0.3 from Part C35
Removed Parameter PackageReference:RAD-0.3 from Part C36
Removed Parameter Published:8-Jun-2000 from Part C7
Removed Parameter Published:8-Jun-2000 from Part C35
Removed Parameter Published:8-Jun-2000 from Part C36
Removed Parameter Published:8-Jun-2000 from Part D1
Removed Parameter Published:8-Jun-2000 from Part D2
Removed Parameter Published:8-Jun-2000 from Part D3
Removed Parameter Published:8-Jun-2000 from Part D4
Removed Parameter Published:8-Jun-2000 from Part D5
Removed Parameter Published:8-Jun-2000 from Part D6
Removed Parameter Published:8-Jun-2000 from Part R22
Removed Parameter Published:8-Jun-2000 from Part R23
Removed Parameter Published:8-Jun-2000 from Part R24
Removed Parameter Published:8-Jun-2000 from Part R25
Removed Parameter Published:8-Jun-2000 from Part R26
Removed Parameter Published:8-Jun-2000 from Part R27
Removed Parameter Published:24-Mar-1999 from Part SW1
Removed Parameter Publisher:Altium Limited from Part C7
Removed Parameter Publisher:Altium Limited from Part C35
Removed Parameter Publisher:Altium Limited from Part C36
Removed Parameter Publisher:Altium Limited from Part D1
Removed Parameter Publisher:Altium Limited from Part D2
Removed Parameter Publisher:Altium Limited from Part D3
Removed Parameter Publisher:Altium Limited from Part D4
Removed Parameter Publisher:Altium Limited from Part D5
Removed Parameter Publisher:Altium Limited from Part D6
Removed Parameter Publisher:Altium Limited from Part R22
Removed Parameter Publisher:Altium Limited from Part R23
Removed Parameter Publisher:Altium Limited from Part R24
Removed Parameter Publisher:Altium Limited from Part R25
Removed Parameter Publisher:Altium Limited from Part R26
Removed Parameter Publisher:Altium Limited from Part R27
Removed Parameter Publisher:Altium Limited from Part SW1
