Change Value of Parameter Manufacturer in Part R1 Old= New=Vishay
Change Value of Parameter Manuf p/n in Part R1 Old= New=300144 Series
Change Value of Parameter Manufacturer in Part R1 Old= New=Vishay
Change Value of Parameter Manuf p/n in Part R1 Old= New=300144 Series
Change Value of Parameter Manufacturer in Part R2 Old= New=Vishay
Change Value of Parameter Manuf p/n in Part R2 Old= New=CRCW0805200RFNEA
Change Value of Parameter Value in Part R2 Old=200R0 New=200R
Change Value of Parameter Vendor in Part R2 Old= New=DigiKey
Change Value of Parameter Vendor p/n in Part R2 Old= New=541-200CCT-ND
Change Value of Parameter Manufacturer in Part R2 Old= New=Vishay
Change Value of Parameter Manuf p/n in Part R2 Old= New=300144 Series
Change Value of Parameter Manufacturer in Part R3 Old= New=Vishay
Change Value of Parameter Manuf p/n in Part R3 Old= New=CRCW0805200RFNEA
Change Value of Parameter Vendor in Part R3 Old= New=DigiKey
Change Value of Parameter Vendor p/n in Part R3 Old= New=541-200CCT-ND
Change Value of Parameter Manufacturer in Part R4 Old= New=Vishay
Change Value of Parameter Manuf p/n in Part R4 Old= New=CRCW0805200RFNEA
Change Value of Parameter Vendor in Part R4 Old= New=DigiKey
Change Value of Parameter Vendor p/n in Part R4 Old= New=541-200CCT-ND
Change Value of Parameter Manufacturer in Part R5 Old= New=Vishay
Change Value of Parameter Manuf p/n in Part R5 Old= New=300144 Series
Change Value of Parameter Manufacturer in Part R5 Old= New=Vishay
Change Value of Parameter Manuf p/n in Part R5 Old= New=300144 Series
Change Value of Parameter Manufacturer in Part R6 Old= New=Vishay
Change Value of Parameter Manuf p/n in Part R6 Old= New=CRCW0805499KFNEA
Change Value of Parameter Vendor in Part R6 Old= New=DigiKey
Change Value of Parameter Vendor p/n in Part R6 Old= New=541-499KCCT-ND
Change Value of Parameter Manufacturer in Part R7 Old= New=Vishay
Change Value of Parameter Manuf p/n in Part R7 Old= New=CRCW080539K2FNEA
Change Value of Parameter Vendor in Part R7 Old= New=DigiKey
Change Value of Parameter Vendor p/n in Part R7 Old= New=541-39.2KCCT-ND
Change Value of Parameter Manufacturer in Part R9 Old= New=Vishay
Change Value of Parameter Manuf p/n in Part R9 Old= New=CRCW080549K9FNEA
Change Value of Parameter Vendor in Part R9 Old= New=DigiKey
Change Value of Parameter Vendor p/n in Part R9 Old= New=541-49.9KCCT-ND
Change Value of Parameter Manufacturer in Part R10 Old= New=Vishay
Change Value of Parameter Manuf p/n in Part R10 Old= New=CRCW0805100KFNEA
Change Value of Parameter Vendor in Part R10 Old= New=DigiKey
Change Value of Parameter Vendor p/n in Part R10 Old= New=541-100KCCT-ND
Change Value of Parameter Manufacturer in Part R11 Old= New=Vishay
Change Value of Parameter Manuf p/n in Part R11 Old= New=CRCW080520K0FNEA
Change Value of Parameter Vendor in Part R11 Old= New=DigiKey
Change Value of Parameter Vendor p/n in Part R11 Old= New=541-20.0KCCT-ND
Change Value of Parameter Manufacturer in Part R12 Old= New=Vishay
Change Value of Parameter Manuf p/n in Part R12 Old= New=CRCW08053K32FNEA
Change Value of Parameter Vendor in Part R12 Old= New=DigiKey
Change Value of Parameter Vendor p/n in Part R12 Old= New=541-XXXXCCT-ND
Change Value of Parameter Manufacturer in Part R13 Old= New=Vishay
Change Value of Parameter Manuf p/n in Part R13 Old= New=CRCW080510K0FNEA
Change Value of Parameter Vendor in Part R13 Old= New=DigiKey
Change Value of Parameter Vendor p/n in Part R13 Old= New=541-XXXXCCT-ND
Change Value of Parameter Manufacturer in Part R14 Old= New=Vishay
Change Value of Parameter Manuf p/n in Part R14 Old= New=CRCW080526K7FNEA
Change Value of Parameter Vendor in Part R14 Old= New=DigiKey
Change Value of Parameter Vendor p/n in Part R14 Old= New=541-26.7KCCT-ND
Change Value of Parameter Manufacturer in Part R15 Old= New=Vishay
Change Value of Parameter Manuf p/n in Part R15 Old= New=CRCW08051K00FNEA
Change Value of Parameter Vendor in Part R15 Old= New=DigiKey
Change Value of Parameter Vendor p/n in Part R15 Old= New=541-XXXXCCT-ND
Change Value of Parameter Manufacturer in Part R16 Old= New=Vishay
Change Value of Parameter Manuf p/n in Part R16 Old= New=CRCW0805100R0FNEA
Change Value of Parameter Vendor in Part R16 Old= New=DigiKey
Change Value of Parameter Vendor p/n in Part R16 Old= New=541-100CCT-ND
Change Value of Parameter Manufacturer in Part R17 Old= New=Vishay
Change Value of Parameter Manuf p/n in Part R17 Old= New=CRCW08051K00FNEA
Change Value of Parameter Vendor in Part R17 Old= New=DigiKey
Change Value of Parameter Vendor p/n in Part R17 Old= New=541-XXXXCCT-ND
Change Value of Parameter Manufacturer in Part R18 Old= New=Vishay
Change Value of Parameter Manuf p/n in Part R18 Old= New=CRCW0805249RFNEA
Change Value of Parameter Vendor in Part R18 Old= New=DigiKey
Change Value of Parameter Vendor p/n in Part R18 Old= New=541-249CCT-ND
Change Value of Parameter Manufacturer in Part R19 Old= New=Vishay
Change Value of Parameter Manuf p/n in Part R19 Old= New=CRCW0805249RFNEA
Change Value of Parameter Vendor in Part R19 Old= New=DigiKey
Change Value of Parameter Vendor p/n in Part R19 Old= New=541-249CCT-ND
Change Value of Parameter Manufacturer in Part R20 Old= New=Vishay
Change Value of Parameter Manuf p/n in Part R20 Old= New=CRCW0805XXXXFNEA
Change Value of Parameter Vendor in Part R20 Old= New=DigiKey
Change Value of Parameter Vendor p/n in Part R20 Old= New=541-XXXXCCT-ND
