Change Value of Parameter COST in Part C3 Old= New=0.088
Change Value of Parameter COST in Part C4 Old= New=0.088
Change Value of Parameter COST in Part C5 Old= New=0.088
Change Value of Parameter COST in Part C6 Old= New=4.12
Change Value of Parameter COST in Part C9 Old= New=0.088
Change Value of Parameter COST in Part C10 Old= New=1.55
Change Value of Parameter COST in Part C11 Old= New=0.088
Change Value of Parameter COST in Part C12 Old= New=0.088
Change Value of Parameter COST in Part C13 Old= New=0.088
Change Value of Parameter COST in Part C14 Old= New=0.088
Change Value of Parameter COST in Part C15 Old= New=0.78
Change Value of Parameter COST in Part C16 Old= New=0.78
Change Value of Parameter COST in Part C17 Old= New=0.48
Change Value of Parameter Vendor p/n in Part C17 Old=4904736-1-ND New=490-4736-1-ND
Change Value of Parameter COST in Part C18 Old= New=0.088
Change Value of Parameter COST in Part C19 Old= New=0.45
Change Value of Parameter COST in Part C20 Old= New=0.088
Change Value of Parameter COST in Part C21 Old= New=0.78
Change Value of Parameter COST in Part C22 Old= New=0.088
Change Value of Parameter COST in Part C23 Old= New=0.088
Change Value of Parameter COST in Part C24 Old= New=0.48
Change Value of Parameter Vendor p/n in Part C24 Old=4904736-1-ND New=490-4736-1-ND
Change Value of Parameter COST in Part C25 Old= New=0.088
Change Value of Parameter COST in Part C26 Old= New=0.45
Change Value of Parameter COST in Part C28 Old= New=0.088
Change Value of Parameter COST in Part C29 Old= New=0.088
Change Value of Parameter COST in Part C30 Old= New=0.78
Change Value of Parameter COST in Part C31 Old= New=0.78
Change Value of Parameter COST in Part C46 Old= New=0.48
Change Value of Parameter Vendor p/n in Part C46 Old=4904736-1-ND New=490-4736-1-ND
Change Value of Parameter COST in Part C48 Old= New=0.78
Change Value of Parameter COST in Part L1 Old= New=0.39
Change Value of Parameter Vendor p/n in Part L1 Old=490-2025-1-ND New=490-2505-1-ND
Change Value of Parameter COST in Part L2 Old= New=0.39
Change Value of Parameter Vendor p/n in Part L2 Old=490-2025-1-ND New=490-2505-1-ND
Change Value of Parameter COST in Part L3 Old= New=0.39
Change Value of Parameter Vendor p/n in Part L3 Old=490-2025-1-ND New=490-2505-1-ND
Change Value of Parameter COST in Part L4 Old= New=0.39
Change Value of Parameter Vendor p/n in Part L4 Old=490-2025-1-ND New=490-2505-1-ND
Change Value of Parameter COST in Part R2 Old= New=0.09
Change Value of Parameter COST in Part R3 Old= New=0.09
Change Value of Parameter COST in Part R4 Old= New=0.09
Change Value of Parameter COST in Part R6 Old= New=0.09
Change Value of Parameter COST in Part R7 Old= New=0.09
Change Value of Parameter COST in Part R9 Old= New=0.09
Change Value of Parameter COST in Part R10 Old= New=0.09
Change Value of Parameter COST in Part R11 Old= New=0.09
Change Value of Parameter COST in Part R12 Old= New=0.09
Change Value of Parameter COST in Part R13 Old= New=0.09
Change Value of Parameter Vendor p/n in Part R13 Old=541-10KCCT-ND New=541-10.0KCCT-ND
Change Value of Parameter COST in Part R14 Old= New=0.09
Change Value of Parameter COST in Part R15 Old= New=0.09
Change Value of Parameter Vendor p/n in Part R15 Old=541-1KCCT-ND New=541-1.00KCCT-ND
Change Value of Parameter COST in Part R16 Old= New=0.09
Change Value of Parameter COST in Part R17 Old= New=0.09
Change Value of Parameter Vendor p/n in Part R17 Old=541-1KCCT-ND New=541-1.00KCCT-ND
Change Value of Parameter COST in Part R18 Old= New=0.09
Change Value of Parameter COST in Part R19 Old= New=0.09
Change Value of Parameter COST in Part R20 Old= New=0.09
Change Value of Parameter Vendor p/n in Part R20 Old=541-1KCCT-ND New=541-1.00KCCT-ND
Change Value of Parameter COST in Part U1 Old= New=4.39
Change Value of Parameter Manuf p/n in Part U1 Old=THS40311DGNR New=THS4031IDGNR
Change Value of Parameter COST in Part U2 Old= New=2.00
Change Value of Parameter COST in Part U4 Old= New=4.39
Change Value of Parameter Manuf p/n in Part U4 Old=THS40311DGNR New=THS4031IDGNR
Change Value of Parameter COST in Part U5 Old= New=4.39
Change Value of Parameter Manuf p/n in Part U5 Old=THS40311DGNR New=THS4031IDGNR
Change Value of Parameter COST in Part U7 Old= New=10.30
Change Value of Parameter Manuf p/n in Part U7 Old=THS4151D New=THS4151CD
Change Value of Parameter Vendor in Part U7 Old=DigiKey New=Mouser
Change Value of Parameter Vendor p/n in Part U7 Old=296-10054-ND New=595-THS4151CD
