Added Component: Designator=U11A(SO-8_M)
Added Component: Designator=U11B(SO-8_M)
Added Component: Designator=U11C(SO-8_M)
Added Component: Designator=U11D(SO-8_M)
Added Component: Designator=U13A(SO-8_M)
Added Component: Designator=U13B(SO-8_M)
Added Component: Designator=U13C(SO-8_M)
Added Component: Designator=U13D(SO-8_M)
Added Pin To Net: NetName=NetC46A_2 Pin=U11A-1
Added Pin To Net: NetName=NetC46A_2 Pin=U11A-2
Added Pin To Net: NetName=NetR15A_1 Pin=U11A-3
Added Pin To Net: NetName=NetR16A_1 Pin=U11A-6
Added Pin To Net: NetName=NetC46A_2 Pin=U11A-7
Added Pin To Net: NetName=NetQ10A_1 Pin=U11A-8
Added Pin To Net: NetName=NetC46B_2 Pin=U11B-1
Added Pin To Net: NetName=NetC46B_2 Pin=U11B-2
Added Pin To Net: NetName=NetR15B_1 Pin=U11B-3
Added Pin To Net: NetName=NetR16B_1 Pin=U11B-6
Added Pin To Net: NetName=NetC46B_2 Pin=U11B-7
Added Pin To Net: NetName=NetQ10B_1 Pin=U11B-8
Added Pin To Net: NetName=NetC46C_2 Pin=U11C-1
Added Pin To Net: NetName=NetC46C_2 Pin=U11C-2
Added Pin To Net: NetName=NetR15C_1 Pin=U11C-3
Added Pin To Net: NetName=NetR16C_1 Pin=U11C-6
Added Pin To Net: NetName=NetC46C_2 Pin=U11C-7
Added Pin To Net: NetName=NetQ10C_1 Pin=U11C-8
Added Pin To Net: NetName=NetC46D_2 Pin=U11D-1
Added Pin To Net: NetName=NetC46D_2 Pin=U11D-2
Added Pin To Net: NetName=NetR15D_1 Pin=U11D-3
Added Pin To Net: NetName=NetR16D_1 Pin=U11D-6
Added Pin To Net: NetName=NetC46D_2 Pin=U11D-7
Added Pin To Net: NetName=NetQ10D_1 Pin=U11D-8
Added Pin To Net: NetName=A1_OUT Pin=U13A-1
Added Pin To Net: NetName=NetC17A_2 Pin=U13A-2
Added Pin To Net: NetName=NetR17A_2 Pin=U13A-3
Added Pin To Net: NetName=NetR20A_2 Pin=U13A-6
Added Pin To Net: NetName=NetC17A_2 Pin=U13A-7
Added Pin To Net: NetName=NetC17A_2 Pin=U13A-8
Added Pin To Net: NetName=A2_OUT Pin=U13B-1
Added Pin To Net: NetName=NetC17B_2 Pin=U13B-2
Added Pin To Net: NetName=NetR17B_2 Pin=U13B-3
Added Pin To Net: NetName=NetR20B_2 Pin=U13B-6
Added Pin To Net: NetName=NetC17B_2 Pin=U13B-7
Added Pin To Net: NetName=NetC17B_2 Pin=U13B-8
Added Pin To Net: NetName=A3_OUT Pin=U13C-1
Added Pin To Net: NetName=NetC17C_2 Pin=U13C-2
Added Pin To Net: NetName=NetR17C_2 Pin=U13C-3
Added Pin To Net: NetName=NetR20C_2 Pin=U13C-6
Added Pin To Net: NetName=NetC17C_2 Pin=U13C-7
Added Pin To Net: NetName=NetC17C_2 Pin=U13C-8
Added Pin To Net: NetName=A4_OUT Pin=U13D-1
Added Pin To Net: NetName=NetC17D_2 Pin=U13D-2
Added Pin To Net: NetName=NetR17D_2 Pin=U13D-3
Added Pin To Net: NetName=NetR20D_2 Pin=U13D-6
Added Pin To Net: NetName=NetC17D_2 Pin=U13D-7
Added Pin To Net: NetName=NetC17D_2 Pin=U13D-8
Added Member To Class: ClassName=CH1 Member=Component U11A (U11) SSM2210
Added Member To Class: ClassName=CH2 Member=Component U11B (U11) SSM2210
Added Member To Class: ClassName=CH3 Member=Component U11C (U11) SSM2210
Added Member To Class: ClassName=CH4 Member=Component U11D (U11) SSM2210
Added Member To Class: ClassName=CH1 Member=Component U13A (U13) SSM2210
Added Member To Class: ClassName=CH2 Member=Component U13B (U13) SSM2210
Added Member To Class: ClassName=CH3 Member=Component U13C (U13) SSM2210
Added Member To Class: ClassName=CH4 Member=Component U13D (U13) SSM2210
