Added Parameter Manufacturer= to Part C2
Added Parameter Manufacturer= to Part C27
Added Parameter Manufacturer= to Part C32
Added Parameter Manufacturer= to Part C33
Added Parameter Manufacturer= to Part C34
Added Parameter Manufacturer= to Part C37
Added Parameter Manufacturer= to Part C38
Added Parameter Manufacturer= to Part C39
Added Parameter Manufacturer= to Part C40
Added Parameter Manufacturer= to Part C41
Added Parameter Manufacturer= to Part C42
Added Parameter Manufacturer= to Part C43
Added Parameter Manufacturer= to Part C44
Added Parameter Manufacturer= to Part C45
Added Parameter Manufacturer= to Part C47
Added Parameter Manufacturer= to Part C50
Added Parameter Manufacturer= to Part C51
Added Parameter Manufacturer= to Part C52
Added Parameter Manufacturer= to Part C53
Added Parameter Manufacturer= to Part C54
Added Parameter Manufacturer= to Part C55
Added Parameter Manufacturer= to Part C56
Added Parameter Manufacturer= to Part C57
Added Parameter Manufacturer= to Part C58
Added Parameter Manufacturer= to Part C59
Added Parameter Manufacturer= to Part J5
Added Parameter Manufacturer= to Part J5
Added Parameter Manufacturer= to Part J5
Added Parameter Manufacturer= to Part J5
Added Parameter Manufacturer= to Part J5
Added Parameter Manufacturer= to Part L5
Added Parameter Manufacturer= to Part P1
Added Parameter Manufacturer= to Part P2
Added Parameter Manufacturer= to Part P3
Added Parameter Manufacturer= to Part Q1
Added Parameter Manufacturer= to Part R21
Added Parameter Manufacturer= to Part RN1
Added Parameter Manufacturer= to Part TP11
Added Parameter Manufacturer= to Part TP12
Added Parameter Manufacturer= to Part TP13
Added Parameter Manufacturer= to Part TP14
Added Parameter Manufacturer= to Part TP15
Added Parameter Manufacturer= to Part TP16
Added Parameter Manufacturer= to Part TP17
Added Parameter Manufacturer= to Part TP18
Added Parameter Manufacturer= to Part TP25
Added Parameter Manufacturer= to Part TP27
Added Parameter Manufacturer= to Part TP28
Added Parameter Manufacturer= to Part TP29
Added Parameter Manufacturer= to Part TP30
Added Parameter Manufacturer= to Part TP31
Added Parameter Manufacturer= to Part U10
Added Parameter Manufacturer= to Part U14
Added Parameter Manufacturer= to Part U14
Added Parameter Manufacturer= to Part U14
Added Parameter Manufacturer= to Part U14
Added Parameter Manufacturer= to Part U14
Added Parameter Manufacturer= to Part U15
Added Parameter Manuf p/n= to Part C2
Added Parameter Manuf p/n= to Part C27
Added Parameter Manuf p/n= to Part C32
Added Parameter Manuf p/n= to Part C33
Added Parameter Manuf p/n= to Part C34
Added Parameter Manuf p/n= to Part C37
Added Parameter Manuf p/n= to Part C38
Added Parameter Manuf p/n= to Part C39
Added Parameter Manuf p/n= to Part C40
Added Parameter Manuf p/n= to Part C41
Added Parameter Manuf p/n= to Part C42
Added Parameter Manuf p/n= to Part C43
Added Parameter Manuf p/n= to Part C44
Added Parameter Manuf p/n= to Part C45
Added Parameter Manuf p/n= to Part C47
Added Parameter Manuf p/n= to Part C50
Added Parameter Manuf p/n= to Part C51
Added Parameter Manuf p/n= to Part C52
Added Parameter Manuf p/n= to Part C53
Added Parameter Manuf p/n= to Part C54
Added Parameter Manuf p/n= to Part C55
Added Parameter Manuf p/n= to Part C56
Added Parameter Manuf p/n= to Part C57
Added Parameter Manuf p/n= to Part C58
Added Parameter Manuf p/n= to Part C59
Added Parameter Manuf p/n= to Part J5
Added Parameter Manuf p/n= to Part J5
Added Parameter Manuf p/n= to Part J5
Added Parameter Manuf p/n= to Part J5
Added Parameter Manuf p/n= to Part J5
Added Parameter Manuf p/n= to Part L5
Added Parameter Manuf p/n= to Part P1
Added Parameter Manuf p/n= to Part P2
Added Parameter Manuf p/n= to Part P3
Added Parameter Manuf p/n= to Part Q1
Added Parameter Manuf p/n= to Part R21
Added Parameter Manuf p/n= to Part RN1
Added Parameter Manuf p/n= to Part TP11
Added Parameter Manuf p/n= to Part TP12
Added Parameter Manuf p/n= to Part TP13
Added Parameter Manuf p/n= to Part TP14
Added Parameter Manuf p/n= to Part TP15
Added Parameter Manuf p/n= to Part TP16
Added Parameter Manuf p/n= to Part TP17
Added Parameter Manuf p/n= to Part TP18
Added Parameter Manuf p/n= to Part TP25
Added Parameter Manuf p/n= to Part TP27
Added Parameter Manuf p/n= to Part TP28
Added Parameter Manuf p/n= to Part TP29
Added Parameter Manuf p/n= to Part TP30
Added Parameter Manuf p/n= to Part TP31
Added Parameter Manuf p/n= to Part U10
Added Parameter Manuf p/n= to Part U14
Added Parameter Manuf p/n= to Part U14
Added Parameter Manuf p/n= to Part U14
Added Parameter Manuf p/n= to Part U14
Added Parameter Manuf p/n= to Part U14
Added Parameter Manuf p/n= to Part U15
