Change Value of Parameter Manuf p/n in Part R23 Old=CRCW08051K00FKEA New=CRCW08051K00FNEA
Added Parameter Vendor Mult.=1  to Part C7
Added Parameter Vendor Mult.=1  to Part C60
Added Parameter Vendor Mult.=1  to Part C61
Added Parameter Vendor Mult.=1  to Part D1
Added Parameter Vendor Mult.=1  to Part D2
Added Parameter Vendor Mult.=1  to Part D3
Added Parameter Vendor Mult.=1  to Part D4
Added Parameter Vendor Mult.=1  to Part D5
Added Parameter Vendor Mult.=1  to Part D6
Added Parameter Vendor Mult.=1  to Part SW1
Added Parameter Vendor Mult.=1  to Part U8
Added Parameter Vendor Mult.=1  to Part U9
Added Parameter Vendor Mult.=10 to Part C35
Added Parameter Vendor Mult.=10 to Part C36
Added Parameter Vendor Mult.=10 to Part R22
Added Parameter Vendor Mult.=10 to Part R23
Added Parameter Vendor Mult.=10 to Part R24
Added Parameter Vendor Mult.=10 to Part R25
Added Parameter Vendor Mult.=10 to Part R26
Added Parameter Vendor Mult.=10 to Part R27
Added Parameter Vendor Mult.=10 to Part TP8
Added Parameter Vendor Mult.=10 to Part TP19
Added Parameter Vendor Mult.=10 to Part TP20
Added Parameter Vendor Mult.=10 to Part TP21
Added Parameter Vendor Mult.=10 to Part TP22
Added Parameter Vendor Mult.=10 to Part TP23
Added Parameter Vendor Mult.=10 to Part TP24
Added Parameter Vendor Mult.=10 to Part TP26
