Change Value of Parameter Manufacturer in Part C1 Old= New=AVX
Change Value of Parameter Manuf p/n in Part C1 Old= New=08055A151JAT2A
Change Value of Parameter Vendor in Part C1 Old= New=DigiKey
Change Value of Parameter Vendor p/n in Part C1 Old= New=478-1318-1-ND
Change Value of Parameter Manufacturer in Part C3 Old= New=AVX
Change Value of Parameter Manuf p/n in Part C3 Old= New=08055C104KAT2A
Change Value of Parameter Vendor in Part C3 Old= New=DigiKey
Change Value of Parameter Vendor p/n in Part C3 Old= New=478-1395-1-ND
Change Value of Parameter Manufacturer in Part C4 Old= New=AVX
Change Value of Parameter Manuf p/n in Part C4 Old= New=08055C104KAT2A
Change Value of Parameter Vendor in Part C4 Old= New=DigiKey
Change Value of Parameter Vendor p/n in Part C4 Old= New=478-1395-1-ND
Change Value of Parameter Manufacturer in Part C5 Old= New=AVX
Change Value of Parameter Manuf p/n in Part C5 Old= New=08055C104KAT2A
Change Value of Parameter Vendor in Part C5 Old= New=DigiKey
Change Value of Parameter Vendor p/n in Part C5 Old= New=478-1395-1-ND
Change Value of Parameter Manufacturer in Part C8 Old= New=AVX
Change Value of Parameter Manuf p/n in Part C8 Old= New=08055A151JAT2A
Change Value of Parameter Vendor in Part C8 Old= New=DigiKey
Change Value of Parameter Vendor p/n in Part C8 Old= New=478-1318-1-ND
Change Value of Parameter Manufacturer in Part C9 Old= New=AVX
Change Value of Parameter Manuf p/n in Part C9 Old= New=08055C104KAT2A
Change Value of Parameter Vendor in Part C9 Old= New=DigiKey
Change Value of Parameter Vendor p/n in Part C9 Old= New=478-1395-1-ND
Change Value of Parameter Manufacturer in Part C10 Old= New=Nichicon
Change Value of Parameter Manuf p/n in Part C10 Old= New=F911V685MCC
Change Value of Parameter Vendor in Part C10 Old= New=DigiKey
Change Value of Parameter Vendor p/n in Part C10 Old= New=493-2325-1-ND
Change Value of Parameter Manufacturer in Part C11 Old= New=AVX
Change Value of Parameter Manuf p/n in Part C11 Old= New=08055C104KAT2A
Change Value of Parameter Vendor in Part C11 Old= New=DigiKey
Change Value of Parameter Vendor p/n in Part C11 Old= New=478-1395-1-ND
Change Value of Parameter Manufacturer in Part C12 Old= New=AVX
Change Value of Parameter Manuf p/n in Part C12 Old= New=08055C104KAT2A
Change Value of Parameter Vendor in Part C12 Old= New=DigiKey
Change Value of Parameter Vendor p/n in Part C12 Old= New=478-1395-1-ND
Change Value of Parameter Manufacturer in Part C13 Old= New=AVX
Change Value of Parameter Manuf p/n in Part C13 Old= New=08055C104KAT2A
Change Value of Parameter Vendor in Part C13 Old= New=DigiKey
Change Value of Parameter Vendor p/n in Part C13 Old= New=478-1395-1-ND
Change Value of Parameter Manufacturer in Part C14 Old= New=AVX
Change Value of Parameter Manuf p/n in Part C14 Old= New=08055C104KAT2A
Change Value of Parameter Vendor in Part C14 Old= New=DigiKey
Change Value of Parameter Vendor p/n in Part C14 Old= New=478-1395-1-ND
Change Value of Parameter Manufacturer in Part C15 Old= New=KEMET
Change Value of Parameter Manuf p/n in Part C15 Old= New=T494A106M016AT
Change Value of Parameter Vendor in Part C15 Old= New=DigiKey
Change Value of Parameter Vendor p/n in Part C15 Old= New=399-3824-1-ND
Change Value of Parameter Manufacturer in Part C16 Old= New=KEMET
Change Value of Parameter Manuf p/n in Part C16 Old= New=T494A106M016AT
Change Value of Parameter Vendor in Part C16 Old= New=DigiKey
Change Value of Parameter Vendor p/n in Part C16 Old= New=399-3824-1-ND
Change Value of Parameter Manufacturer in Part C17 Old= New=MURATA
Change Value of Parameter Manuf p/n in Part C17 Old= New=GRM21BR71H105KA12L
Change Value of Parameter Vendor in Part C17 Old= New=DigiKey
Change Value of Parameter Vendor p/n in Part C17 Old= New=4904736-1-ND
Change Value of Parameter Manufacturer in Part C18 Old= New=AVX
Change Value of Parameter Manuf p/n in Part C18 Old= New=08055C104KAT2A
Change Value of Parameter Vendor in Part C18 Old= New=DigiKey
Change Value of Parameter Vendor p/n in Part C18 Old= New=478-1395-1-ND
Change Value of Parameter Manufacturer in Part C19 Old= New=MURATA
Change Value of Parameter Manuf p/n in Part C19 Old= New=GRM2195C1H103JA01D
Change Value of Parameter Vendor in Part C19 Old= New=DigiKey
Change Value of Parameter Vendor p/n in Part C19 Old= New=490-1642-1-ND
Change Value of Parameter Manufacturer in Part C20 Old= New=AVX
Change Value of Parameter Manuf p/n in Part C20 Old= New=08055C104KAT2A
Change Value of Parameter Vendor in Part C20 Old= New=DigiKey
Change Value of Parameter Vendor p/n in Part C20 Old= New=478-1395-1-ND
Change Value of Parameter Manufacturer in Part C21 Old= New=KEMET
Change Value of Parameter Manuf p/n in Part C21 Old= New=T494A106M016AT
Change Value of Parameter Vendor in Part C21 Old= New=DigiKey
Change Value of Parameter Vendor p/n in Part C21 Old= New=399-3824-1-ND
Change Value of Parameter Manufacturer in Part C22 Old= New=AVX
Change Value of Parameter Manuf p/n in Part C22 Old= New=08055C104KAT2A
Change Value of Parameter Vendor in Part C22 Old= New=DigiKey
Change Value of Parameter Vendor p/n in Part C22 Old= New=478-1395-1-ND
Change Value of Parameter Manufacturer in Part C23 Old= New=AVX
Change Value of Parameter Manuf p/n in Part C23 Old= New=08055C104KAT2A
Change Value of Parameter Vendor in Part C23 Old= New=DigiKey
Change Value of Parameter Vendor p/n in Part C23 Old= New=478-1395-1-ND
Change Value of Parameter Manufacturer in Part C24 Old= New=MURATA
Change Value of Parameter Manuf p/n in Part C24 Old= New=GRM21BR71H105KA12L
Change Value of Parameter Vendor in Part C24 Old= New=DigiKey
Change Value of Parameter Vendor p/n in Part C24 Old= New=4904736-1-ND
Change Value of Parameter Manufacturer in Part C25 Old= New=AVX
Change Value of Parameter Manuf p/n in Part C25 Old= New=08055C104KAT2A
Change Value of Parameter Vendor in Part C25 Old= New=DigiKey
Change Value of Parameter Vendor p/n in Part C25 Old= New=478-1395-1-ND
Change Value of Parameter Manufacturer in Part C26 Old= New=MURATA
Change Value of Parameter Manuf p/n in Part C26 Old= New=GRM2195C1H103JA01D
Change Value of Parameter Vendor in Part C26 Old= New=DigiKey
Change Value of Parameter Vendor p/n in Part C26 Old= New=490-1642-1-ND
Change Value of Parameter Manufacturer in Part C28 Old= New=AVX
Change Value of Parameter Manuf p/n in Part C28 Old= New=08055C104KAT2A
Change Value of Parameter Vendor in Part C28 Old= New=DigiKey
Change Value of Parameter Vendor p/n in Part C28 Old= New=478-1395-1-ND
Change Value of Parameter Manufacturer in Part C29 Old= New=AVX
Change Value of Parameter Manuf p/n in Part C29 Old= New=08055C104KAT2A
Change Value of Parameter Vendor in Part C29 Old= New=DigiKey
Change Value of Parameter Vendor p/n in Part C29 Old= New=478-1395-1-ND
Change Value of Parameter Manufacturer in Part C30 Old= New=KEMET
Change Value of Parameter Manuf p/n in Part C30 Old= New=T494A106M016AT
Change Value of Parameter Vendor in Part C30 Old= New=DigiKey
Change Value of Parameter Vendor p/n in Part C30 Old= New=399-3824-1-ND
Change Value of Parameter Manufacturer in Part C31 Old= New=KEMET
Change Value of Parameter Manuf p/n in Part C31 Old= New=T494A106M016AT
Change Value of Parameter Vendor in Part C31 Old= New=DigiKey
Change Value of Parameter Vendor p/n in Part C31 Old= New=399-3824-1-ND
Change Value of Parameter Manufacturer in Part C46 Old= New=MURATA
Change Value of Parameter Manuf p/n in Part C46 Old= New=GRM21BR71H105KA12L
Change Value of Parameter Vendor in Part C46 Old= New=DigiKey
Change Value of Parameter Vendor p/n in Part C46 Old= New=4904736-1-ND
Change Value of Parameter Manufacturer in Part C48 Old= New=KEMET
Change Value of Parameter Manuf p/n in Part C48 Old= New=T494A106M016AT
Change Value of Parameter Vendor in Part C48 Old= New=DigiKey
Change Value of Parameter Vendor p/n in Part C48 Old= New=399-3824-1-ND
Change Value of Parameter Manufacturer in Part C49 Old= New=AVX
Change Value of Parameter Manuf p/n in Part C49 Old= New=08055A271JAT2A
Change Value of Parameter Vendor in Part C49 Old= New=DigiKey
Change Value of Parameter Vendor p/n in Part C49 Old= New=478-1321-1-ND
Change Value of Parameter Manufacturer in Part L1 Old= New=MURATA
Change Value of Parameter Manuf p/n in Part L1 Old= New=LQH32MN100J23L
Change Value of Parameter Vendor in Part L1 Old= New=DigiKey
Change Value of Parameter Vendor p/n in Part L1 Old= New=490-2025-1-ND
Change Value of Parameter Manufacturer in Part L2 Old= New=MURATA
Change Value of Parameter Manuf p/n in Part L2 Old= New=LQH32MN100J23L
Change Value of Parameter Vendor in Part L2 Old= New=DigiKey
Change Value of Parameter Vendor p/n in Part L2 Old= New=490-2025-1-ND
Change Value of Parameter Manufacturer in Part L3 Old= New=MURATA
Change Value of Parameter Manuf p/n in Part L3 Old= New=LQH32MN100J23L
Change Value of Parameter Vendor in Part L3 Old= New=DigiKey
Change Value of Parameter Vendor p/n in Part L3 Old= New=490-2025-1-ND
Change Value of Parameter Manufacturer in Part L4 Old= New=MURATA
Change Value of Parameter Manuf p/n in Part L4 Old= New=LQH32MN100J23L
Change Value of Parameter Vendor in Part L4 Old= New=DigiKey
Change Value of Parameter Vendor p/n in Part L4 Old= New=490-2025-1-ND
