Added Parameter Arena Prefix=120 to Part C1
Added Parameter Arena Prefix=120 to Part C3
Added Parameter Arena Prefix=120 to Part C4
Added Parameter Arena Prefix=120 to Part C5
Added Parameter Arena Prefix=120 to Part C6
Added Parameter Arena Prefix=120 to Part C8
Added Parameter Arena Prefix=120 to Part C9
Added Parameter Arena Prefix=120 to Part C10
Added Parameter Arena Prefix=120 to Part C11
Added Parameter Arena Prefix=120 to Part C12
Added Parameter Arena Prefix=120 to Part C13
Added Parameter Arena Prefix=120 to Part C14
Added Parameter Arena Prefix=120 to Part C15
Added Parameter Arena Prefix=120 to Part C16
Added Parameter Arena Prefix=120 to Part C17
Added Parameter Arena Prefix=120 to Part C18
Added Parameter Arena Prefix=120 to Part C19
Added Parameter Arena Prefix=120 to Part C20
Added Parameter Arena Prefix=120 to Part C21
Added Parameter Arena Prefix=120 to Part C22
Added Parameter Arena Prefix=120 to Part C23
Added Parameter Arena Prefix=120 to Part C24
Added Parameter Arena Prefix=120 to Part C25
Added Parameter Arena Prefix=120 to Part C26
Added Parameter Arena Prefix=120 to Part C28
Added Parameter Arena Prefix=120 to Part C29
Added Parameter Arena Prefix=120 to Part C30
Added Parameter Arena Prefix=120 to Part C31
Added Parameter Arena Prefix=120 to Part C46
Added Parameter Arena Prefix=120 to Part C48
Added Parameter Arena Prefix=120 to Part C49
Added Parameter Arena Prefix=125 to Part TP1
Added Parameter Arena Prefix=125 to Part TP2
Added Parameter Arena Prefix=125 to Part TP3
Added Parameter Arena Prefix=125 to Part TP4
Added Parameter Arena Prefix=125 to Part TP5
Added Parameter Arena Prefix=125 to Part TP6
Added Parameter Arena Prefix=125 to Part TP7
Added Parameter Arena Prefix=125 to Part TP9
Added Parameter Arena Prefix=125 to Part TP10
Added Parameter Arena Prefix=150 to Part U1
Added Parameter Arena Prefix=150 to Part U2
Added Parameter Arena Prefix=150 to Part U3
Added Parameter Arena Prefix=150 to Part U3
Added Parameter Arena Prefix=150 to Part U3
Added Parameter Arena Prefix=150 to Part U3
Added Parameter Arena Prefix=150 to Part U3
Added Parameter Arena Prefix=150 to Part U4
Added Parameter Arena Prefix=150 to Part U5
Added Parameter Arena Prefix=150 to Part U6
Added Parameter Arena Prefix=150 to Part U7
Added Parameter Arena Prefix=150 to Part U11
Added Parameter Arena Prefix=150 to Part U12
Added Parameter Arena Prefix=150 to Part U13
Added Parameter Arena Prefix=155 to Part L1
Added Parameter Arena Prefix=155 to Part L2
Added Parameter Arena Prefix=155 to Part L3
Added Parameter Arena Prefix=155 to Part L4
Added Parameter Arena Prefix=180 to Part R1
Added Parameter Arena Prefix=180 to Part R1
Added Parameter Arena Prefix=180 to Part R2
Added Parameter Arena Prefix=180 to Part R2
Added Parameter Arena Prefix=180 to Part R3
Added Parameter Arena Prefix=180 to Part R4
Added Parameter Arena Prefix=180 to Part R5
Added Parameter Arena Prefix=180 to Part R5
Added Parameter Arena Prefix=180 to Part R6
Added Parameter Arena Prefix=180 to Part R7
Added Parameter Arena Prefix=180 to Part R8
Added Parameter Arena Prefix=180 to Part R8
Added Parameter Arena Prefix=180 to Part R8
Added Parameter Arena Prefix=180 to Part R8
Added Parameter Arena Prefix=180 to Part R9
Added Parameter Arena Prefix=180 to Part R10
Added Parameter Arena Prefix=180 to Part R11
Added Parameter Arena Prefix=180 to Part R12
Added Parameter Arena Prefix=180 to Part R13
Added Parameter Arena Prefix=180 to Part R14
Added Parameter Arena Prefix=180 to Part R15
Added Parameter Arena Prefix=180 to Part R16
Added Parameter Arena Prefix=180 to Part R17
Added Parameter Arena Prefix=180 to Part R18
Added Parameter Arena Prefix=180 to Part R19
Added Parameter Arena Prefix=180 to Part R20
Added Parameter Arena Prefix=195 to Part Q10
Added Parameter Arena Prefix=195 to Part Q10
Added Parameter Arena Type=Capacitor to Part C1
Added Parameter Arena Type=Capacitor to Part C3
Added Parameter Arena Type=Capacitor to Part C4
Added Parameter Arena Type=Capacitor to Part C5
Added Parameter Arena Type=Capacitor to Part C6
Added Parameter Arena Type=Capacitor to Part C8
Added Parameter Arena Type=Capacitor to Part C9
Added Parameter Arena Type=Capacitor to Part C10
Added Parameter Arena Type=Capacitor to Part C11
Added Parameter Arena Type=Capacitor to Part C12
Added Parameter Arena Type=Capacitor to Part C13
Added Parameter Arena Type=Capacitor to Part C14
Added Parameter Arena Type=Capacitor to Part C15
Added Parameter Arena Type=Capacitor to Part C16
Added Parameter Arena Type=Capacitor to Part C17
Added Parameter Arena Type=Capacitor to Part C18
Added Parameter Arena Type=Capacitor to Part C19
Added Parameter Arena Type=Capacitor to Part C20
Added Parameter Arena Type=Capacitor to Part C21
Added Parameter Arena Type=Capacitor to Part C22
Added Parameter Arena Type=Capacitor to Part C23
Added Parameter Arena Type=Capacitor to Part C24
Added Parameter Arena Type=Capacitor to Part C25
Added Parameter Arena Type=Capacitor to Part C26
Added Parameter Arena Type=Capacitor to Part C28
Added Parameter Arena Type=Capacitor to Part C29
Added Parameter Arena Type=Capacitor to Part C30
Added Parameter Arena Type=Capacitor to Part C31
Added Parameter Arena Type=Capacitor to Part C46
Added Parameter Arena Type=Capacitor to Part C48
Added Parameter Arena Type=Capacitor to Part C49
Added Parameter Arena Type=Connector to Part TP1
Added Parameter Arena Type=Connector to Part TP2
Added Parameter Arena Type=Connector to Part TP3
Added Parameter Arena Type=Connector to Part TP4
Added Parameter Arena Type=Connector to Part TP5
Added Parameter Arena Type=Connector to Part TP6
Added Parameter Arena Type=Connector to Part TP7
Added Parameter Arena Type=Connector to Part TP9
Added Parameter Arena Type=Connector to Part TP10
Added Parameter Arena Type=IC to Part U1
Added Parameter Arena Type=IC to Part U2
Added Parameter Arena Type=IC to Part U3
Added Parameter Arena Type=IC to Part U3
Added Parameter Arena Type=IC to Part U3
Added Parameter Arena Type=IC to Part U3
Added Parameter Arena Type=IC to Part U3
Added Parameter Arena Type=IC to Part U4
Added Parameter Arena Type=IC to Part U5
Added Parameter Arena Type=IC to Part U6
Added Parameter Arena Type=IC to Part U7
Added Parameter Arena Type=IC to Part U11
Added Parameter Arena Type=IC to Part U12
Added Parameter Arena Type=IC to Part U13
Added Parameter Arena Type=Inductor to Part L1
Added Parameter Arena Type=Inductor to Part L2
Added Parameter Arena Type=Inductor to Part L3
Added Parameter Arena Type=Inductor to Part L4
Added Parameter Arena Type=Resistor to Part R1
Added Parameter Arena Type=Resistor to Part R1
Added Parameter Arena Type=Resistor to Part R2
Added Parameter Arena Type=Resistor to Part R2
Added Parameter Arena Type=Resistor to Part R3
Added Parameter Arena Type=Resistor to Part R4
Added Parameter Arena Type=Resistor to Part R5
Added Parameter Arena Type=Resistor to Part R5
Added Parameter Arena Type=Resistor to Part R6
Added Parameter Arena Type=Resistor to Part R7
Added Parameter Arena Type=Resistor to Part R8
Added Parameter Arena Type=Resistor to Part R8
Added Parameter Arena Type=Resistor to Part R8
Added Parameter Arena Type=Resistor to Part R8
Added Parameter Arena Type=Resistor to Part R9
Added Parameter Arena Type=Resistor to Part R10
Added Parameter Arena Type=Resistor to Part R11
Added Parameter Arena Type=Resistor to Part R12
Added Parameter Arena Type=Resistor to Part R13
Added Parameter Arena Type=Resistor to Part R14
Added Parameter Arena Type=Resistor to Part R15
Added Parameter Arena Type=Resistor to Part R16
Added Parameter Arena Type=Resistor to Part R17
Added Parameter Arena Type=Resistor to Part R18
Added Parameter Arena Type=Resistor to Part R19
Added Parameter Arena Type=Resistor to Part R20
Added Parameter Arena Type=Transistor to Part Q10
Added Parameter Arena Type=Transistor to Part Q10
