Removed Parameter Arena Prefix:120 from Part C2
Removed Parameter Arena Prefix:120 from Part C27
Removed Parameter Arena Prefix:120 from Part C32
Removed Parameter Arena Prefix:120 from Part C33
Removed Parameter Arena Prefix:120 from Part C34
Removed Parameter Arena Prefix:120 from Part C37
Removed Parameter Arena Prefix:120 from Part C38
Removed Parameter Arena Prefix:120 from Part C39
Removed Parameter Arena Prefix:120 from Part C40
Removed Parameter Arena Prefix:120 from Part C41
Removed Parameter Arena Prefix:120 from Part C42
Removed Parameter Arena Prefix:120 from Part C43
Removed Parameter Arena Prefix:120 from Part C44
Removed Parameter Arena Prefix:120 from Part C45
Removed Parameter Arena Prefix:120 from Part C47
Removed Parameter Arena Prefix:120 from Part C50
Removed Parameter Arena Prefix:120 from Part C51
Removed Parameter Arena Prefix:120 from Part C52
Removed Parameter Arena Prefix:120 from Part C53
Removed Parameter Arena Prefix:120 from Part C54
Removed Parameter Arena Prefix:120 from Part C55
Removed Parameter Arena Prefix:120 from Part C56
Removed Parameter Arena Prefix:120 from Part C57
Removed Parameter Arena Prefix:120 from Part C58
Removed Parameter Arena Prefix:120 from Part C59
Removed Parameter Arena Prefix:125 from Part J5
Removed Parameter Arena Prefix:125 from Part J5
Removed Parameter Arena Prefix:125 from Part J5
Removed Parameter Arena Prefix:125 from Part J5
Removed Parameter Arena Prefix:125 from Part J5
Removed Parameter Arena Prefix:125 from Part P1
Removed Parameter Arena Prefix:125 from Part P2
Removed Parameter Arena Prefix:125 from Part P3
Removed Parameter Arena Prefix:125 from Part TP11
Removed Parameter Arena Prefix:125 from Part TP12
Removed Parameter Arena Prefix:125 from Part TP13
Removed Parameter Arena Prefix:125 from Part TP14
Removed Parameter Arena Prefix:125 from Part TP15
Removed Parameter Arena Prefix:125 from Part TP16
Removed Parameter Arena Prefix:125 from Part TP17
Removed Parameter Arena Prefix:125 from Part TP18
Removed Parameter Arena Prefix:125 from Part TP25
Removed Parameter Arena Prefix:125 from Part TP27
Removed Parameter Arena Prefix:125 from Part TP28
Removed Parameter Arena Prefix:125 from Part TP29
Removed Parameter Arena Prefix:125 from Part TP30
Removed Parameter Arena Prefix:125 from Part TP31
Removed Parameter Arena Prefix:150 from Part U10
Removed Parameter Arena Prefix:150 from Part U14
Removed Parameter Arena Prefix:150 from Part U14
Removed Parameter Arena Prefix:150 from Part U14
Removed Parameter Arena Prefix:150 from Part U14
Removed Parameter Arena Prefix:150 from Part U14
Removed Parameter Arena Prefix:150 from Part U15
Removed Parameter Arena Prefix:155 from Part L5
Removed Parameter Arena Prefix:180 from Part R21
Removed Parameter Arena Prefix:180 from Part RN1
Removed Parameter Arena Prefix:195 from Part Q1
Removed Parameter Arena Type:Capacitor from Part C2
Removed Parameter Arena Type:Capacitor from Part C27
Removed Parameter Arena Type:Capacitor from Part C32
Removed Parameter Arena Type:Capacitor from Part C33
Removed Parameter Arena Type:Capacitor from Part C34
Removed Parameter Arena Type:Capacitor from Part C37
Removed Parameter Arena Type:Capacitor from Part C38
Removed Parameter Arena Type:Capacitor from Part C39
Removed Parameter Arena Type:Capacitor from Part C40
Removed Parameter Arena Type:Capacitor from Part C41
Removed Parameter Arena Type:Capacitor from Part C42
Removed Parameter Arena Type:Capacitor from Part C43
Removed Parameter Arena Type:Capacitor from Part C44
Removed Parameter Arena Type:Capacitor from Part C45
Removed Parameter Arena Type:Capacitor from Part C47
Removed Parameter Arena Type:Capacitor from Part C50
Removed Parameter Arena Type:Capacitor from Part C51
Removed Parameter Arena Type:Capacitor from Part C52
Removed Parameter Arena Type:Capacitor from Part C53
Removed Parameter Arena Type:Capacitor from Part C54
Removed Parameter Arena Type:Capacitor from Part C55
Removed Parameter Arena Type:Capacitor from Part C56
Removed Parameter Arena Type:Capacitor from Part C57
Removed Parameter Arena Type:Capacitor from Part C58
Removed Parameter Arena Type:Capacitor from Part C59
Removed Parameter Arena Type:Connector from Part J5
Removed Parameter Arena Type:Connector from Part J5
Removed Parameter Arena Type:Connector from Part J5
Removed Parameter Arena Type:Connector from Part J5
Removed Parameter Arena Type:Connector from Part J5
Removed Parameter Arena Type:Connector from Part P1
Removed Parameter Arena Type:Connector from Part P2
Removed Parameter Arena Type:Connector from Part P3
Removed Parameter Arena Type:Connector from Part TP11
Removed Parameter Arena Type:Connector from Part TP12
Removed Parameter Arena Type:Connector from Part TP13
Removed Parameter Arena Type:Connector from Part TP14
Removed Parameter Arena Type:Connector from Part TP15
Removed Parameter Arena Type:Connector from Part TP16
Removed Parameter Arena Type:Connector from Part TP17
Removed Parameter Arena Type:Connector from Part TP18
Removed Parameter Arena Type:Connector from Part TP25
Removed Parameter Arena Type:Connector from Part TP27
Removed Parameter Arena Type:Connector from Part TP28
Removed Parameter Arena Type:Connector from Part TP29
Removed Parameter Arena Type:Connector from Part TP30
Removed Parameter Arena Type:Connector from Part TP31
Removed Parameter Arena Type:IC from Part U10
Removed Parameter Arena Type:IC from Part U14
Removed Parameter Arena Type:IC from Part U14
Removed Parameter Arena Type:IC from Part U14
Removed Parameter Arena Type:IC from Part U14
Removed Parameter Arena Type:IC from Part U14
Removed Parameter Arena Type:IC from Part U15
Removed Parameter Arena Type:Inductor from Part L5
Removed Parameter Arena Type:Resistor from Part R21
Removed Parameter Arena Type:Resistor from Part RN1
Removed Parameter Arena Type:Transistor from Part Q1
Added Parameter LCO p/n=120-00001 to Part C32
Added Parameter LCO p/n=120-00001 to Part C44
Added Parameter LCO p/n=120-00001 to Part C45
Added Parameter LCO p/n=120-00001 to Part C53
Added Parameter LCO p/n=120-00001 to Part C54
Added Parameter LCO p/n=120-00001 to Part C55
Added Parameter LCO p/n=120-00001 to Part C57
Added Parameter LCO p/n=120-00001 to Part C58
Added Parameter LCO p/n=120-00002 to Part C2
Added Parameter LCO p/n=120-00002 to Part C33
Added Parameter LCO p/n=120-00002 to Part C34
Added Parameter LCO p/n=120-00002 to Part C37
Added Parameter LCO p/n=120-00002 to Part C38
Added Parameter LCO p/n=120-00002 to Part C39
Added Parameter LCO p/n=120-00002 to Part C40
Added Parameter LCO p/n=120-00002 to Part C41
Added Parameter LCO p/n=120-00002 to Part C42
Added Parameter LCO p/n=120-00002 to Part C43
Added Parameter LCO p/n=120-00002 to Part C47
Added Parameter LCO p/n=120-00002 to Part C50
Added Parameter LCO p/n=120-00002 to Part C51
Added Parameter LCO p/n=120-00002 to Part C52
Added Parameter LCO p/n=120-00002 to Part C56
Added Parameter LCO p/n=120-00010 to Part C59
Added Parameter LCO p/n=120-00033 to Part C27
Added Parameter LCO p/n=125-00010 to Part P3
Added Parameter LCO p/n=125-00012 to Part P2
Added Parameter LCO p/n=125-00013 to Part TP11
Added Parameter LCO p/n=125-00013 to Part TP12
Added Parameter LCO p/n=125-00013 to Part TP13
Added Parameter LCO p/n=125-00013 to Part TP14
Added Parameter LCO p/n=125-00013 to Part TP15
Added Parameter LCO p/n=125-00013 to Part TP16
Added Parameter LCO p/n=125-00013 to Part TP17
Added Parameter LCO p/n=125-00013 to Part TP18
Added Parameter LCO p/n=125-00013 to Part TP25
Added Parameter LCO p/n=125-00013 to Part TP27
Added Parameter LCO p/n=125-00013 to Part TP28
Added Parameter LCO p/n=125-00013 to Part TP29
Added Parameter LCO p/n=125-00013 to Part TP30
Added Parameter LCO p/n=125-00013 to Part TP31
Added Parameter LCO p/n=125-00023 to Part J5
Added Parameter LCO p/n=125-00023 to Part J5
Added Parameter LCO p/n=125-00023 to Part J5
Added Parameter LCO p/n=125-00023 to Part J5
Added Parameter LCO p/n=125-00023 to Part J5
Added Parameter LCO p/n=125-00025 to Part P1
Added Parameter LCO p/n=150-00031 to Part U15
Added Parameter LCO p/n=150-00036 to Part U14
Added Parameter LCO p/n=150-00036 to Part U14
Added Parameter LCO p/n=150-00036 to Part U14
Added Parameter LCO p/n=150-00036 to Part U14
Added Parameter LCO p/n=150-00036 to Part U14
Added Parameter LCO p/n=150-00037 to Part U10
Added Parameter LCO p/n=155-00005 to Part L5
Added Parameter LCO p/n=180-00043 to Part RN1
Added Parameter LCO p/n=181-01000 to Part R21
Added Parameter LCO p/n=195-00004 to Part Q1
