Removed Parameter Arena Prefix:120 from Part C1
Removed Parameter Arena Prefix:120 from Part C3
Removed Parameter Arena Prefix:120 from Part C4
Removed Parameter Arena Prefix:120 from Part C5
Removed Parameter Arena Prefix:120 from Part C6
Removed Parameter Arena Prefix:120 from Part C8
Removed Parameter Arena Prefix:120 from Part C9
Removed Parameter Arena Prefix:120 from Part C10
Removed Parameter Arena Prefix:120 from Part C11
Removed Parameter Arena Prefix:120 from Part C12
Removed Parameter Arena Prefix:120 from Part C13
Removed Parameter Arena Prefix:120 from Part C14
Removed Parameter Arena Prefix:120 from Part C15
Removed Parameter Arena Prefix:120 from Part C16
Removed Parameter Arena Prefix:120 from Part C17
Removed Parameter Arena Prefix:120 from Part C18
Removed Parameter Arena Prefix:120 from Part C19
Removed Parameter Arena Prefix:120 from Part C20
Removed Parameter Arena Prefix:120 from Part C21
Removed Parameter Arena Prefix:120 from Part C22
Removed Parameter Arena Prefix:120 from Part C23
Removed Parameter Arena Prefix:120 from Part C24
Removed Parameter Arena Prefix:120 from Part C25
Removed Parameter Arena Prefix:120 from Part C26
Removed Parameter Arena Prefix:120 from Part C28
Removed Parameter Arena Prefix:120 from Part C29
Removed Parameter Arena Prefix:120 from Part C30
Removed Parameter Arena Prefix:120 from Part C31
Removed Parameter Arena Prefix:120 from Part C46
Removed Parameter Arena Prefix:120 from Part C48
Removed Parameter Arena Prefix:120 from Part C49
Removed Parameter Arena Prefix:125 from Part TP1
Removed Parameter Arena Prefix:125 from Part TP2
Removed Parameter Arena Prefix:125 from Part TP3
Removed Parameter Arena Prefix:125 from Part TP4
Removed Parameter Arena Prefix:125 from Part TP5
Removed Parameter Arena Prefix:125 from Part TP6
Removed Parameter Arena Prefix:125 from Part TP7
Removed Parameter Arena Prefix:125 from Part TP9
Removed Parameter Arena Prefix:125 from Part TP10
Removed Parameter Arena Prefix:150 from Part U1
Removed Parameter Arena Prefix:150 from Part U2
Removed Parameter Arena Prefix:150 from Part U3
Removed Parameter Arena Prefix:150 from Part U3
Removed Parameter Arena Prefix:150 from Part U3
Removed Parameter Arena Prefix:150 from Part U3
Removed Parameter Arena Prefix:150 from Part U3
Removed Parameter Arena Prefix:150 from Part U4
Removed Parameter Arena Prefix:150 from Part U5
Removed Parameter Arena Prefix:150 from Part U6
Removed Parameter Arena Prefix:150 from Part U7
Removed Parameter Arena Prefix:150 from Part U11
Removed Parameter Arena Prefix:150 from Part U12
Removed Parameter Arena Prefix:150 from Part U13
Removed Parameter Arena Prefix:155 from Part L1
Removed Parameter Arena Prefix:155 from Part L2
Removed Parameter Arena Prefix:155 from Part L3
Removed Parameter Arena Prefix:155 from Part L4
Removed Parameter Arena Prefix:180 from Part R1
Removed Parameter Arena Prefix:180 from Part R1
Removed Parameter Arena Prefix:180 from Part R2
Removed Parameter Arena Prefix:180 from Part R2
Removed Parameter Arena Prefix:180 from Part R3
Removed Parameter Arena Prefix:180 from Part R4
Removed Parameter Arena Prefix:180 from Part R5
Removed Parameter Arena Prefix:180 from Part R5
Removed Parameter Arena Prefix:180 from Part R6
Removed Parameter Arena Prefix:180 from Part R7
Removed Parameter Arena Prefix:180 from Part R8
Removed Parameter Arena Prefix:180 from Part R8
Removed Parameter Arena Prefix:180 from Part R8
Removed Parameter Arena Prefix:180 from Part R8
Removed Parameter Arena Prefix:180 from Part R9
Removed Parameter Arena Prefix:180 from Part R10
Removed Parameter Arena Prefix:180 from Part R11
Removed Parameter Arena Prefix:180 from Part R12
Removed Parameter Arena Prefix:180 from Part R13
Removed Parameter Arena Prefix:180 from Part R14
Removed Parameter Arena Prefix:180 from Part R15
Removed Parameter Arena Prefix:180 from Part R16
Removed Parameter Arena Prefix:180 from Part R17
Removed Parameter Arena Prefix:180 from Part R18
Removed Parameter Arena Prefix:180 from Part R19
Removed Parameter Arena Prefix:180 from Part R20
Removed Parameter Arena Prefix:195 from Part Q10
Removed Parameter Arena Prefix:195 from Part Q10
Removed Parameter Arena Type:Capacitor from Part C1
Removed Parameter Arena Type:Capacitor from Part C3
Removed Parameter Arena Type:Capacitor from Part C4
Removed Parameter Arena Type:Capacitor from Part C5
Removed Parameter Arena Type:Capacitor from Part C6
Removed Parameter Arena Type:Capacitor from Part C8
Removed Parameter Arena Type:Capacitor from Part C9
Removed Parameter Arena Type:Capacitor from Part C10
Removed Parameter Arena Type:Capacitor from Part C11
Removed Parameter Arena Type:Capacitor from Part C12
Removed Parameter Arena Type:Capacitor from Part C13
Removed Parameter Arena Type:Capacitor from Part C14
Removed Parameter Arena Type:Capacitor from Part C15
Removed Parameter Arena Type:Capacitor from Part C16
Removed Parameter Arena Type:Capacitor from Part C17
Removed Parameter Arena Type:Capacitor from Part C18
Removed Parameter Arena Type:Capacitor from Part C19
Removed Parameter Arena Type:Capacitor from Part C20
Removed Parameter Arena Type:Capacitor from Part C21
Removed Parameter Arena Type:Capacitor from Part C22
Removed Parameter Arena Type:Capacitor from Part C23
Removed Parameter Arena Type:Capacitor from Part C24
Removed Parameter Arena Type:Capacitor from Part C25
Removed Parameter Arena Type:Capacitor from Part C26
Removed Parameter Arena Type:Capacitor from Part C28
Removed Parameter Arena Type:Capacitor from Part C29
Removed Parameter Arena Type:Capacitor from Part C30
Removed Parameter Arena Type:Capacitor from Part C31
Removed Parameter Arena Type:Capacitor from Part C46
Removed Parameter Arena Type:Capacitor from Part C48
Removed Parameter Arena Type:Capacitor from Part C49
Removed Parameter Arena Type:Connector from Part TP1
Removed Parameter Arena Type:Connector from Part TP2
Removed Parameter Arena Type:Connector from Part TP3
Removed Parameter Arena Type:Connector from Part TP4
Removed Parameter Arena Type:Connector from Part TP5
Removed Parameter Arena Type:Connector from Part TP6
Removed Parameter Arena Type:Connector from Part TP7
Removed Parameter Arena Type:Connector from Part TP9
Removed Parameter Arena Type:Connector from Part TP10
Removed Parameter Arena Type:IC from Part U1
Removed Parameter Arena Type:IC from Part U2
Removed Parameter Arena Type:IC from Part U3
Removed Parameter Arena Type:IC from Part U3
Removed Parameter Arena Type:IC from Part U3
Removed Parameter Arena Type:IC from Part U3
Removed Parameter Arena Type:IC from Part U3
Removed Parameter Arena Type:IC from Part U4
Removed Parameter Arena Type:IC from Part U5
Removed Parameter Arena Type:IC from Part U6
Removed Parameter Arena Type:IC from Part U7
Removed Parameter Arena Type:IC from Part U11
Removed Parameter Arena Type:IC from Part U12
Removed Parameter Arena Type:IC from Part U13
Removed Parameter Arena Type:Inductor from Part L1
Removed Parameter Arena Type:Inductor from Part L2
Removed Parameter Arena Type:Inductor from Part L3
Removed Parameter Arena Type:Inductor from Part L4
Removed Parameter Arena Type:Resistor from Part R1
Removed Parameter Arena Type:Resistor from Part R1
Removed Parameter Arena Type:Resistor from Part R2
Removed Parameter Arena Type:Resistor from Part R2
Removed Parameter Arena Type:Resistor from Part R3
Removed Parameter Arena Type:Resistor from Part R4
Removed Parameter Arena Type:Resistor from Part R5
Removed Parameter Arena Type:Resistor from Part R5
Removed Parameter Arena Type:Resistor from Part R6
Removed Parameter Arena Type:Resistor from Part R7
Removed Parameter Arena Type:Resistor from Part R8
Removed Parameter Arena Type:Resistor from Part R8
Removed Parameter Arena Type:Resistor from Part R8
Removed Parameter Arena Type:Resistor from Part R8
Removed Parameter Arena Type:Resistor from Part R9
Removed Parameter Arena Type:Resistor from Part R10
Removed Parameter Arena Type:Resistor from Part R11
Removed Parameter Arena Type:Resistor from Part R12
Removed Parameter Arena Type:Resistor from Part R13
Removed Parameter Arena Type:Resistor from Part R14
Removed Parameter Arena Type:Resistor from Part R15
Removed Parameter Arena Type:Resistor from Part R16
Removed Parameter Arena Type:Resistor from Part R17
Removed Parameter Arena Type:Resistor from Part R18
Removed Parameter Arena Type:Resistor from Part R19
Removed Parameter Arena Type:Resistor from Part R20
Removed Parameter Arena Type:Transistor from Part Q10
Removed Parameter Arena Type:Transistor from Part Q10
Added Parameter LCO p/n=120-00001 to Part C15
Added Parameter LCO p/n=120-00001 to Part C16
Added Parameter LCO p/n=120-00001 to Part C21
Added Parameter LCO p/n=120-00001 to Part C30
Added Parameter LCO p/n=120-00001 to Part C31
Added Parameter LCO p/n=120-00001 to Part C48
Added Parameter LCO p/n=120-00002 to Part C3
Added Parameter LCO p/n=120-00002 to Part C4
Added Parameter LCO p/n=120-00002 to Part C5
Added Parameter LCO p/n=120-00002 to Part C9
Added Parameter LCO p/n=120-00002 to Part C11
Added Parameter LCO p/n=120-00002 to Part C12
Added Parameter LCO p/n=120-00002 to Part C13
Added Parameter LCO p/n=120-00002 to Part C14
Added Parameter LCO p/n=120-00002 to Part C18
Added Parameter LCO p/n=120-00002 to Part C20
Added Parameter LCO p/n=120-00002 to Part C22
Added Parameter LCO p/n=120-00002 to Part C23
Added Parameter LCO p/n=120-00002 to Part C25
Added Parameter LCO p/n=120-00002 to Part C28
Added Parameter LCO p/n=120-00002 to Part C29
Added Parameter LCO p/n=120-00006 to Part C17
Added Parameter LCO p/n=120-00006 to Part C24
Added Parameter LCO p/n=120-00006 to Part C46
Added Parameter LCO p/n=120-00010 to Part C10
Added Parameter LCO p/n=120-00016 to Part C19
Added Parameter LCO p/n=120-00016 to Part C26
Added Parameter LCO p/n=120-00029 to Part C6
Added Parameter LCO p/n=120-00031 to Part C1
Added Parameter LCO p/n=120-00031 to Part C8
Added Parameter LCO p/n=120-00032 to Part C49
Added Parameter LCO p/n=125-00013 to Part TP1
Added Parameter LCO p/n=125-00013 to Part TP2
Added Parameter LCO p/n=125-00013 to Part TP3
Added Parameter LCO p/n=125-00013 to Part TP4
Added Parameter LCO p/n=125-00013 to Part TP5
Added Parameter LCO p/n=125-00013 to Part TP6
Added Parameter LCO p/n=125-00013 to Part TP7
Added Parameter LCO p/n=125-00013 to Part TP9
Added Parameter LCO p/n=125-00013 to Part TP10
Added Parameter LCO p/n=150-00023 to Part U6
Added Parameter LCO p/n=150-00025 to Part U12
Added Parameter LCO p/n=150-00028 to Part U3
Added Parameter LCO p/n=150-00028 to Part U3
Added Parameter LCO p/n=150-00028 to Part U3
Added Parameter LCO p/n=150-00028 to Part U3
Added Parameter LCO p/n=150-00028 to Part U3
Added Parameter LCO p/n=150-00029 to Part U2
Added Parameter LCO p/n=150-00062 to Part U11
Added Parameter LCO p/n=150-00062 to Part U13
Added Parameter LCO p/n=150-00063 to Part U1
Added Parameter LCO p/n=150-00063 to Part U4
Added Parameter LCO p/n=150-00063 to Part U5
Added Parameter LCO p/n=150-00064 to Part U7
Added Parameter LCO p/n=155-00010 to Part L1
Added Parameter LCO p/n=155-00010 to Part L2
Added Parameter LCO p/n=155-00010 to Part L3
Added Parameter LCO p/n=155-00010 to Part L4
Added Parameter LCO p/n=180-00053 to Part R14
Added Parameter LCO p/n=180-00063 to Part R7
Added Parameter LCO p/n=181-01000 to Part R16
Added Parameter LCO p/n=181-01001 to Part R15
Added Parameter LCO p/n=181-01001 to Part R17
Added Parameter LCO p/n=181-01001 to Part R20
Added Parameter LCO p/n=181-01002 to Part R13
Added Parameter LCO p/n=181-01003 to Part R10
Added Parameter LCO p/n=181-02000 to Part R3
Added Parameter LCO p/n=181-02000 to Part R4
Added Parameter LCO p/n=181-02002 to Part R11
Added Parameter LCO p/n=181-02490 to Part R18
Added Parameter LCO p/n=181-02490 to Part R19
Added Parameter LCO p/n=181-03321 to Part R12
Added Parameter LCO p/n=181-04992 to Part R9
Added Parameter LCO p/n=181-04993 to Part R6
Added Parameter LCO p/n=195-00005 to Part Q10
Added Parameter LCO p/n=195-00005 to Part Q10
Added Parameter LCO p/n= to Part R1
Added Parameter LCO p/n= to Part R1
Added Parameter LCO p/n= to Part R2
Added Parameter LCO p/n= to Part R2
Added Parameter LCO p/n= to Part R5
Added Parameter LCO p/n= to Part R5
Added Parameter LCO p/n= to Part R8
Added Parameter LCO p/n= to Part R8
Added Parameter LCO p/n= to Part R8
Added Parameter LCO p/n= to Part R8
