Removed Parameter :10K from Part RN1
Removed Parameter Code_JEDEC:MS-026-BFB from Part U14
Removed Parameter Code_JEDEC:MS-026-BFB from Part U14
Removed Parameter Code_JEDEC:MS-026-BFB from Part U14
Removed Parameter Code_JEDEC:MS-026-BFB from Part U14
Removed Parameter Code_JEDEC:MS-026-BFB from Part U14
Removed Parameter ComponentLink1Description:Manufacturer Link from Part U14
Removed Parameter ComponentLink1Description:Manufacturer Link from Part U14
Removed Parameter ComponentLink1Description:Manufacturer Link from Part U14
Removed Parameter ComponentLink1Description:Manufacturer Link from Part U14
Removed Parameter ComponentLink1Description:Manufacturer Link from Part U14
Removed Parameter ComponentLink1URL:http://www.altera.com/products/devices/cpld/max2/mx2-index.jsp from Part U14
Removed Parameter ComponentLink1URL:http://www.altera.com/products/devices/cpld/max2/mx2-index.jsp from Part U14
Removed Parameter ComponentLink1URL:http://www.altera.com/products/devices/cpld/max2/mx2-index.jsp from Part U14
Removed Parameter ComponentLink1URL:http://www.altera.com/products/devices/cpld/max2/mx2-index.jsp from Part U14
Removed Parameter ComponentLink1URL:http://www.altera.com/products/devices/cpld/max2/mx2-index.jsp from Part U14
Removed Parameter ComponentLink2Description:Handbook from Part U14
Removed Parameter ComponentLink2Description:Handbook from Part U14
Removed Parameter ComponentLink2Description:Handbook from Part U14
Removed Parameter ComponentLink2Description:Handbook from Part U14
Removed Parameter ComponentLink2Description:Handbook from Part U14
Removed Parameter ComponentLink2URL:http://www.altera.com/literature/hb/max2/max2_mii5v1.pdf from Part U14
Removed Parameter ComponentLink2URL:http://www.altera.com/literature/hb/max2/max2_mii5v1.pdf from Part U14
Removed Parameter ComponentLink2URL:http://www.altera.com/literature/hb/max2/max2_mii5v1.pdf from Part U14
Removed Parameter ComponentLink2URL:http://www.altera.com/literature/hb/max2/max2_mii5v1.pdf from Part U14
Removed Parameter ComponentLink2URL:http://www.altera.com/literature/hb/max2/max2_mii5v1.pdf from Part U14
Removed Parameter ComponentLink3Description:Packaging Specification from Part U14
Removed Parameter ComponentLink3Description:Packaging Specification from Part U14
Removed Parameter ComponentLink3Description:Packaging Specification from Part U14
Removed Parameter ComponentLink3Description:Packaging Specification from Part U14
Removed Parameter ComponentLink3Description:Packaging Specification from Part U14
Removed Parameter ComponentLink3URL:http://www.altera.com/literature/ds/dspkg.pdf from Part U14
Removed Parameter ComponentLink3URL:http://www.altera.com/literature/ds/dspkg.pdf from Part U14
Removed Parameter ComponentLink3URL:http://www.altera.com/literature/ds/dspkg.pdf from Part U14
Removed Parameter ComponentLink3URL:http://www.altera.com/literature/ds/dspkg.pdf from Part U14
Removed Parameter ComponentLink3URL:http://www.altera.com/literature/ds/dspkg.pdf from Part U14
Removed Parameter DatasheetVersion:ver1.8, Jul-2006 from Part U14
Removed Parameter DatasheetVersion:ver1.8, Jul-2006 from Part U14
Removed Parameter DatasheetVersion:ver1.8, Jul-2006 from Part U14
Removed Parameter DatasheetVersion:ver1.8, Jul-2006 from Part U14
Removed Parameter DatasheetVersion:ver1.8, Jul-2006 from Part U14
Removed Parameter LatestRevisionDate:13-Apr-2006 from Part U14
Removed Parameter LatestRevisionDate:13-Apr-2006 from Part U14
Removed Parameter LatestRevisionDate:13-Apr-2006 from Part U14
Removed Parameter LatestRevisionDate:13-Apr-2006 from Part U14
Removed Parameter LatestRevisionDate:13-Apr-2006 from Part U14
Removed Parameter LatestRevisionDate:17-Jul-2002 from Part C2
Removed Parameter LatestRevisionDate:17-Jul-2002 from Part C27
Removed Parameter LatestRevisionDate:17-Jul-2002 from Part C33
Removed Parameter LatestRevisionDate:17-Jul-2002 from Part C34
Removed Parameter LatestRevisionDate:17-Jul-2002 from Part C37
Removed Parameter LatestRevisionDate:17-Jul-2002 from Part C38
Removed Parameter LatestRevisionDate:17-Jul-2002 from Part C39
Removed Parameter LatestRevisionDate:17-Jul-2002 from Part C40
Removed Parameter LatestRevisionDate:17-Jul-2002 from Part C41
Removed Parameter LatestRevisionDate:17-Jul-2002 from Part C42
Removed Parameter LatestRevisionDate:17-Jul-2002 from Part C43
Removed Parameter LatestRevisionDate:17-Jul-2002 from Part C47
Removed Parameter LatestRevisionDate:17-Jul-2002 from Part C50
Removed Parameter LatestRevisionDate:17-Jul-2002 from Part C51
Removed Parameter LatestRevisionDate:17-Jul-2002 from Part C52
Removed Parameter LatestRevisionDate:17-Jul-2002 from Part C56
Removed Parameter LatestRevisionDate:17-Jul-2002 from Part P1
Removed Parameter LatestRevisionDate:17-Jul-2002 from Part P2
Removed Parameter LatestRevisionDate:17-Jul-2002 from Part P3
Removed Parameter LatestRevisionDate:17-Jul-2002 from Part Q1
Removed Parameter LatestRevisionDate:17-Jul-2002 from Part R21
Removed Parameter LatestRevisionNote:IPC-7351 Footprint Added. from Part U14
Removed Parameter LatestRevisionNote:IPC-7351 Footprint Added. from Part U14
Removed Parameter LatestRevisionNote:IPC-7351 Footprint Added. from Part U14
Removed Parameter LatestRevisionNote:IPC-7351 Footprint Added. from Part U14
Removed Parameter LatestRevisionNote:IPC-7351 Footprint Added. from Part U14
Removed Parameter LatestRevisionNote:Re-released for DXP Platform. from Part C2
Removed Parameter LatestRevisionNote:Re-released for DXP Platform. from Part C27
Removed Parameter LatestRevisionNote:Re-released for DXP Platform. from Part C33
Removed Parameter LatestRevisionNote:Re-released for DXP Platform. from Part C34
Removed Parameter LatestRevisionNote:Re-released for DXP Platform. from Part C37
Removed Parameter LatestRevisionNote:Re-released for DXP Platform. from Part C38
Removed Parameter LatestRevisionNote:Re-released for DXP Platform. from Part C39
Removed Parameter LatestRevisionNote:Re-released for DXP Platform. from Part C40
Removed Parameter LatestRevisionNote:Re-released for DXP Platform. from Part C41
Removed Parameter LatestRevisionNote:Re-released for DXP Platform. from Part C42
Removed Parameter LatestRevisionNote:Re-released for DXP Platform. from Part C43
Removed Parameter LatestRevisionNote:Re-released for DXP Platform. from Part C47
Removed Parameter LatestRevisionNote:Re-released for DXP Platform. from Part C50
Removed Parameter LatestRevisionNote:Re-released for DXP Platform. from Part C51
Removed Parameter LatestRevisionNote:Re-released for DXP Platform. from Part C52
Removed Parameter LatestRevisionNote:Re-released for DXP Platform. from Part C56
Removed Parameter LatestRevisionNote:Re-released for DXP Platform. from Part P1
Removed Parameter LatestRevisionNote:Re-released for DXP Platform. from Part P2
Removed Parameter LatestRevisionNote:Re-released for DXP Platform. from Part P3
Removed Parameter LatestRevisionNote:Re-released for DXP Platform. from Part Q1
Removed Parameter LatestRevisionNote:Re-released for DXP Platform. from Part R21
Removed Parameter Note:All VCCINT pins must be connected to either 3.3V or 2.5V (but not a combination of both). from Part U14
Removed Parameter Note:All VCCINT pins must be connected to either 3.3V or 2.5V (but not a combination of both). from Part U14
Removed Parameter Note:All VCCINT pins must be connected to either 3.3V or 2.5V (but not a combination of both). from Part U14
Removed Parameter Note:All VCCINT pins must be connected to either 3.3V or 2.5V (but not a combination of both). from Part U14
Removed Parameter Note:All VCCINT pins must be connected to either 3.3V or 2.5V (but not a combination of both). from Part U14
Removed Parameter PackageDescription:144-Pin Plastic Thin Quad Flat Pack (TQFP144) from Part U14
Removed Parameter PackageDescription:144-Pin Plastic Thin Quad Flat Pack (TQFP144) from Part U14
Removed Parameter PackageDescription:144-Pin Plastic Thin Quad Flat Pack (TQFP144) from Part U14
Removed Parameter PackageDescription:144-Pin Plastic Thin Quad Flat Pack (TQFP144) from Part U14
Removed Parameter PackageDescription:144-Pin Plastic Thin Quad Flat Pack (TQFP144) from Part U14
Removed Parameter PackageDocument:1995/1996 from Part Q1
Removed Parameter PackageReference:AXIAL-0.3 from Part R21
Removed Parameter PackageReference:CAPR5-4X5 from Part C32
Removed Parameter PackageReference:CAPR5-4X5 from Part C44
Removed Parameter PackageReference:CAPR5-4X5 from Part C45
Removed Parameter PackageReference:CAPR5-4X5 from Part C53
Removed Parameter PackageReference:CAPR5-4X5 from Part C54
Removed Parameter PackageReference:CAPR5-4X5 from Part C55
Removed Parameter PackageReference:CAPR5-4X5 from Part C57
Removed Parameter PackageReference:CAPR5-4X5 from Part C58
Removed Parameter PackageReference:CAPR5-4X5 from Part C59
Removed Parameter PackageReference:E3 from Part Q1
Removed Parameter PackageReference:RAD-0.3 from Part C2
Removed Parameter PackageReference:RAD-0.3 from Part C27
Removed Parameter PackageReference:RAD-0.3 from Part C33
Removed Parameter PackageReference:RAD-0.3 from Part C34
Removed Parameter PackageReference:RAD-0.3 from Part C37
Removed Parameter PackageReference:RAD-0.3 from Part C38
Removed Parameter PackageReference:RAD-0.3 from Part C39
Removed Parameter PackageReference:RAD-0.3 from Part C40
Removed Parameter PackageReference:RAD-0.3 from Part C41
Removed Parameter PackageReference:RAD-0.3 from Part C42
Removed Parameter PackageReference:RAD-0.3 from Part C43
Removed Parameter PackageReference:RAD-0.3 from Part C47
Removed Parameter PackageReference:RAD-0.3 from Part C50
Removed Parameter PackageReference:RAD-0.3 from Part C51
Removed Parameter PackageReference:RAD-0.3 from Part C52
Removed Parameter PackageReference:RAD-0.3 from Part C56
Removed Parameter PackageReference:TQFP144 from Part U14
Removed Parameter PackageReference:TQFP144 from Part U14
Removed Parameter PackageReference:TQFP144 from Part U14
Removed Parameter PackageReference:TQFP144 from Part U14
Removed Parameter PackageReference:TQFP144 from Part U14
Removed Parameter PackageVersion:ver14.3, Jul-2006 from Part U14
Removed Parameter PackageVersion:ver14.3, Jul-2006 from Part U14
Removed Parameter PackageVersion:ver14.3, Jul-2006 from Part U14
Removed Parameter PackageVersion:ver14.3, Jul-2006 from Part U14
Removed Parameter PackageVersion:ver14.3, Jul-2006 from Part U14
Removed Parameter Published:8-Jun-2000 from Part C2
Removed Parameter Published:8-Jun-2000 from Part C27
Removed Parameter Published:8-Jun-2000 from Part C33
Removed Parameter Published:8-Jun-2000 from Part C34
Removed Parameter Published:8-Jun-2000 from Part C37
Removed Parameter Published:8-Jun-2000 from Part C38
Removed Parameter Published:8-Jun-2000 from Part C39
Removed Parameter Published:8-Jun-2000 from Part C40
Removed Parameter Published:8-Jun-2000 from Part C41
Removed Parameter Published:8-Jun-2000 from Part C42
Removed Parameter Published:8-Jun-2000 from Part C43
Removed Parameter Published:8-Jun-2000 from Part C47
Removed Parameter Published:8-Jun-2000 from Part C50
Removed Parameter Published:8-Jun-2000 from Part C51
Removed Parameter Published:8-Jun-2000 from Part C52
Removed Parameter Published:8-Jun-2000 from Part C56
Removed Parameter Published:8-Jun-2000 from Part Q1
Removed Parameter Published:8-Jun-2000 from Part R21
Removed Parameter Published:15-Jul-2004 from Part U14
Removed Parameter Published:15-Jul-2004 from Part U14
Removed Parameter Published:15-Jul-2004 from Part U14
Removed Parameter Published:15-Jul-2004 from Part U14
Removed Parameter Published:15-Jul-2004 from Part U14
Removed Parameter Published:23-Sep-2002 from Part C32
Removed Parameter Published:23-Sep-2002 from Part C44
Removed Parameter Published:23-Sep-2002 from Part C45
Removed Parameter Published:23-Sep-2002 from Part C53
Removed Parameter Published:23-Sep-2002 from Part C54
Removed Parameter Published:23-Sep-2002 from Part C55
Removed Parameter Published:23-Sep-2002 from Part C57
Removed Parameter Published:23-Sep-2002 from Part C58
Removed Parameter Published:23-Sep-2002 from Part C59
Removed Parameter Publisher:Altium Limited from Part C2
Removed Parameter Publisher:Altium Limited from Part C27
Removed Parameter Publisher:Altium Limited from Part C32
Removed Parameter Publisher:Altium Limited from Part C33
Removed Parameter Publisher:Altium Limited from Part C34
Removed Parameter Publisher:Altium Limited from Part C37
Removed Parameter Publisher:Altium Limited from Part C38
Removed Parameter Publisher:Altium Limited from Part C39
Removed Parameter Publisher:Altium Limited from Part C40
Removed Parameter Publisher:Altium Limited from Part C41
Removed Parameter Publisher:Altium Limited from Part C42
Removed Parameter Publisher:Altium Limited from Part C43
Removed Parameter Publisher:Altium Limited from Part C44
Removed Parameter Publisher:Altium Limited from Part C45
Removed Parameter Publisher:Altium Limited from Part C47
Removed Parameter Publisher:Altium Limited from Part C50
Removed Parameter Publisher:Altium Limited from Part C51
Removed Parameter Publisher:Altium Limited from Part C52
Removed Parameter Publisher:Altium Limited from Part C53
Removed Parameter Publisher:Altium Limited from Part C54
Removed Parameter Publisher:Altium Limited from Part C55
Removed Parameter Publisher:Altium Limited from Part C56
Removed Parameter Publisher:Altium Limited from Part C57
Removed Parameter Publisher:Altium Limited from Part C58
Removed Parameter Publisher:Altium Limited from Part C59
Removed Parameter Publisher:Altium Limited from Part P1
Removed Parameter Publisher:Altium Limited from Part P2
Removed Parameter Publisher:Altium Limited from Part P3
Removed Parameter Publisher:Altium Limited from Part Q1
Removed Parameter Publisher:Altium Limited from Part R21
Removed Parameter Publisher:Altium Limited from Part U14
Removed Parameter Publisher:Altium Limited from Part U14
Removed Parameter Publisher:Altium Limited from Part U14
Removed Parameter Publisher:Altium Limited from Part U14
Removed Parameter Publisher:Altium Limited from Part U14
