Change Value of Parameter Manufacturer in Part U2 Old= New=VISHAY
Change Value of Parameter Manuf p/n in Part U2 Old= New=DG642DY-E3
Change Value of Parameter Vendor in Part U2 Old= New=Newark
Change Value of Parameter Vendor p/n in Part U2 Old= New=49K9688
Change Value of Parameter Manufacturer in Part U3 Old= New=VISHAY
Change Value of Parameter Manuf p/n in Part U3 Old= New=DG213DY-T1-E3
Change Value of Parameter Vendor in Part U3 Old= New=DigiKey
Change Value of Parameter Vendor p/n in Part U3 Old= New=DG213DY-T1-E3CT-ND
Change Value of Parameter Manufacturer in Part U3 Old= New=VISHAY
Change Value of Parameter Manuf p/n in Part U3 Old= New=DG213DY-T1-E3
Change Value of Parameter Vendor in Part U3 Old= New=DigiKey
Change Value of Parameter Vendor p/n in Part U3 Old= New=DG213DY-T1-E3CT-ND
Change Value of Parameter Manufacturer in Part U3 Old= New=VISHAY
Change Value of Parameter Manuf p/n in Part U3 Old= New=DG213DY-T1-E3
Change Value of Parameter Vendor in Part U3 Old= New=DigiKey
Change Value of Parameter Vendor p/n in Part U3 Old= New=DG213DY-T1-E3CT-ND
Change Value of Parameter Manufacturer in Part U3 Old= New=VISHAY
Change Value of Parameter Manuf p/n in Part U3 Old= New=DG213DY-T1-E3
Change Value of Parameter Vendor in Part U3 Old= New=DigiKey
Change Value of Parameter Vendor p/n in Part U3 Old= New=DG213DY-T1-E3CT-ND
Change Value of Parameter Manufacturer in Part U3 Old= New=VISHAY
Change Value of Parameter Manuf p/n in Part U3 Old= New=DG213DY-T1-E3
Change Value of Parameter Vendor in Part U3 Old= New=DigiKey
Change Value of Parameter Vendor p/n in Part U3 Old= New=DG213DY-T1-E3CT-ND
Added Parameter PackageReference= to Part U3
Added Parameter PackageReference= to Part U3
Added Parameter PackageReference= to Part U3
Added Parameter PackageReference= to Part U3
Added Parameter Published= to Part U3
Added Parameter Published= to Part U3
Added Parameter Published= to Part U3
Added Parameter Published= to Part U3
Added Parameter Publisher= to Part U3
Added Parameter Publisher= to Part U3
Added Parameter Publisher= to Part U3
Added Parameter Publisher= to Part U3
Added Parameter Value= to Part U3
Added Parameter Value= to Part U3
Added Parameter Value= to Part U3
Added Parameter Value= to Part U3
