Added Parameter Vendor= to Part C7
Added Parameter Vendor= to Part C35
Added Parameter Vendor= to Part C36
Added Parameter Vendor= to Part D1
Added Parameter Vendor= to Part D2
Added Parameter Vendor= to Part D3
Added Parameter Vendor= to Part D4
Added Parameter Vendor= to Part D5
Added Parameter Vendor= to Part D6
Added Parameter Vendor= to Part R22
Added Parameter Vendor= to Part R23
Added Parameter Vendor= to Part R24
Added Parameter Vendor= to Part R25
Added Parameter Vendor= to Part R26
Added Parameter Vendor= to Part R27
Added Parameter Vendor= to Part SW1
Added Parameter Vendor= to Part TP8
Added Parameter Vendor= to Part TP19
Added Parameter Vendor= to Part TP20
Added Parameter Vendor= to Part TP21
Added Parameter Vendor= to Part TP22
Added Parameter Vendor= to Part TP23
Added Parameter Vendor= to Part TP24
Added Parameter Vendor= to Part TP26
Added Parameter Vendor= to Part U8
Added Parameter Vendor= to Part U9
Added Parameter Vendor p/n= to Part C7
Added Parameter Vendor p/n= to Part C35
Added Parameter Vendor p/n= to Part C36
Added Parameter Vendor p/n= to Part D1
Added Parameter Vendor p/n= to Part D2
Added Parameter Vendor p/n= to Part D3
Added Parameter Vendor p/n= to Part D4
Added Parameter Vendor p/n= to Part D5
Added Parameter Vendor p/n= to Part D6
Added Parameter Vendor p/n= to Part R22
Added Parameter Vendor p/n= to Part R23
Added Parameter Vendor p/n= to Part R24
Added Parameter Vendor p/n= to Part R25
Added Parameter Vendor p/n= to Part R26
Added Parameter Vendor p/n= to Part R27
Added Parameter Vendor p/n= to Part SW1
Added Parameter Vendor p/n= to Part TP8
Added Parameter Vendor p/n= to Part TP19
Added Parameter Vendor p/n= to Part TP20
Added Parameter Vendor p/n= to Part TP21
Added Parameter Vendor p/n= to Part TP22
Added Parameter Vendor p/n= to Part TP23
Added Parameter Vendor p/n= to Part TP24
Added Parameter Vendor p/n= to Part TP26
Added Parameter Vendor p/n= to Part U8
Added Parameter Vendor p/n= to Part U9
