Removed Pin From Net: NetName=ADC_DAT7 Pin=J5-24
Removed Pin From Net: NetName=ADC_DAT6 Pin=J5-26
Removed Pin From Net: NetName=ADC_DAT5 Pin=J5-28
Removed Pin From Net: NetName=ADC_DAT4 Pin=J5-30
Removed Pin From Net: NetName=ADC_DAT3 Pin=J5-34
Removed Pin From Net: NetName=ADC_DAT2 Pin=J5-36
Removed Pin From Net: NetName=ADC_DAT1 Pin=J5-38
Removed Pin From Net: NetName=ADC_DAT0 Pin=J5-40
Removed Pin From Net: NetName=B3_SCL Pin=J5-138
Removed Pin From Net: NetName=B3_SDA Pin=J5-144
Added Pin To Net: NetName=B3_SCL Pin=J5-128
Added Pin To Net: NetName=B3_SDA Pin=J5-130
Added Pin To Net: NetName=ADC_DAT7 Pin=J5-138
Added Pin To Net: NetName=ADC_DAT6 Pin=J5-140
Added Pin To Net: NetName=ADC_DAT5 Pin=J5-142
Added Pin To Net: NetName=ADC_DAT4 Pin=J5-144
Added Pin To Net: NetName=ADC_DAT3 Pin=J5-148
Added Pin To Net: NetName=ADC_DAT2 Pin=J5-150
Added Pin To Net: NetName=ADC_DAT1 Pin=J5-152
Added Pin To Net: NetName=ADC_DAT0 Pin=J5-154
