Removed Pin From Net: NetName=NetR8A_1 Pin=R8A-3
Removed Pin From Net: NetName=NetR8B_1 Pin=R8B-3
Removed Pin From Net: NetName=NetR8C_1 Pin=R8C-3
Removed Pin From Net: NetName=NetR8D_1 Pin=R8D-3
Removed Pin From Net: NetName=A Pin=U1A-0
Removed Pin From Net: NetName=A Pin=U1A-0
Removed Pin From Net: NetName=A Pin=U1A-0
Removed Pin From Net: NetName=A Pin=U1A-0
Removed Pin From Net: NetName=A Pin=U1A-0
Removed Pin From Net: NetName=A Pin=U1A-0
Removed Pin From Net: NetName=A Pin=U1B-0
Removed Pin From Net: NetName=A Pin=U1B-0
Removed Pin From Net: NetName=A Pin=U1B-0
Removed Pin From Net: NetName=A Pin=U1B-0
Removed Pin From Net: NetName=A Pin=U1B-0
Removed Pin From Net: NetName=A Pin=U1B-0
Removed Pin From Net: NetName=A Pin=U1C-0
Removed Pin From Net: NetName=A Pin=U1C-0
Removed Pin From Net: NetName=A Pin=U1C-0
Removed Pin From Net: NetName=A Pin=U1C-0
Removed Pin From Net: NetName=A Pin=U1C-0
Removed Pin From Net: NetName=A Pin=U1C-0
Removed Pin From Net: NetName=A Pin=U1D-0
Removed Pin From Net: NetName=A Pin=U1D-0
Removed Pin From Net: NetName=A Pin=U1D-0
Removed Pin From Net: NetName=A Pin=U1D-0
Removed Pin From Net: NetName=A Pin=U1D-0
Removed Pin From Net: NetName=A Pin=U1D-0
Removed Pin From Net: NetName=A Pin=U4A-0
Removed Pin From Net: NetName=A Pin=U4A-0
Removed Pin From Net: NetName=A Pin=U4A-0
Removed Pin From Net: NetName=A Pin=U4A-0
Removed Pin From Net: NetName=A Pin=U4A-0
Removed Pin From Net: NetName=A Pin=U4A-0
Removed Pin From Net: NetName=A Pin=U4B-0
Removed Pin From Net: NetName=A Pin=U4B-0
Removed Pin From Net: NetName=A Pin=U4B-0
Removed Pin From Net: NetName=A Pin=U4B-0
Removed Pin From Net: NetName=A Pin=U4B-0
Removed Pin From Net: NetName=A Pin=U4B-0
Removed Pin From Net: NetName=A Pin=U4C-0
Removed Pin From Net: NetName=A Pin=U4C-0
Removed Pin From Net: NetName=A Pin=U4C-0
Removed Pin From Net: NetName=A Pin=U4C-0
Removed Pin From Net: NetName=A Pin=U4C-0
Removed Pin From Net: NetName=A Pin=U4C-0
Removed Pin From Net: NetName=A Pin=U4D-0
Removed Pin From Net: NetName=A Pin=U4D-0
Removed Pin From Net: NetName=A Pin=U4D-0
Removed Pin From Net: NetName=A Pin=U4D-0
Removed Pin From Net: NetName=A Pin=U4D-0
Removed Pin From Net: NetName=A Pin=U4D-0
Removed Pin From Net: NetName=A Pin=U5A-0
Removed Pin From Net: NetName=A Pin=U5A-0
Removed Pin From Net: NetName=A Pin=U5A-0
Removed Pin From Net: NetName=A Pin=U5A-0
Removed Pin From Net: NetName=A Pin=U5A-0
Removed Pin From Net: NetName=A Pin=U5A-0
Removed Pin From Net: NetName=A Pin=U5B-0
Removed Pin From Net: NetName=A Pin=U5B-0
Removed Pin From Net: NetName=A Pin=U5B-0
Removed Pin From Net: NetName=A Pin=U5B-0
Removed Pin From Net: NetName=A Pin=U5B-0
Removed Pin From Net: NetName=A Pin=U5B-0
Removed Pin From Net: NetName=A Pin=U5C-0
Removed Pin From Net: NetName=A Pin=U5C-0
Removed Pin From Net: NetName=A Pin=U5C-0
Removed Pin From Net: NetName=A Pin=U5C-0
Removed Pin From Net: NetName=A Pin=U5C-0
Removed Pin From Net: NetName=A Pin=U5C-0
Removed Pin From Net: NetName=A Pin=U5D-0
Removed Pin From Net: NetName=A Pin=U5D-0
Removed Pin From Net: NetName=A Pin=U5D-0
Removed Pin From Net: NetName=A Pin=U5D-0
Removed Pin From Net: NetName=A Pin=U5D-0
Removed Pin From Net: NetName=A Pin=U5D-0
Removed Pin From Net: NetName=NetR8A_1 Pin=U7A-8
Removed Pin From Net: NetName=NetR8B_1 Pin=U7B-8
Removed Pin From Net: NetName=NetR8C_1 Pin=U7C-8
Removed Pin From Net: NetName=NetR8D_1 Pin=U7D-8
Added Pin To Net: NetName=NetR5A_1 Pin=R8A-3
Added Pin To Net: NetName=NetR5B_1 Pin=R8B-3
Added Pin To Net: NetName=NetR5C_1 Pin=R8C-3
Added Pin To Net: NetName=NetR5D_1 Pin=R8D-3
Added Pin To Net: NetName=NetR8A_1 Pin=R18A-1
Added Pin To Net: NetName=NetR8B_1 Pin=R18B-1
Added Pin To Net: NetName=NetR8C_1 Pin=R18C-1
Added Pin To Net: NetName=NetR8D_1 Pin=R18D-1
Added Pin To Net: NetName=GND Pin=U1A-0
Added Pin To Net: NetName=GND Pin=U1A-0
Added Pin To Net: NetName=GND Pin=U1A-0
Added Pin To Net: NetName=GND Pin=U1A-0
Added Pin To Net: NetName=GND Pin=U1A-0
Added Pin To Net: NetName=GND Pin=U1A-0
Added Pin To Net: NetName=GND Pin=U1B-0
Added Pin To Net: NetName=GND Pin=U1B-0
Added Pin To Net: NetName=GND Pin=U1B-0
Added Pin To Net: NetName=GND Pin=U1B-0
Added Pin To Net: NetName=GND Pin=U1B-0
Added Pin To Net: NetName=GND Pin=U1B-0
Added Pin To Net: NetName=GND Pin=U1C-0
Added Pin To Net: NetName=GND Pin=U1C-0
Added Pin To Net: NetName=GND Pin=U1C-0
Added Pin To Net: NetName=GND Pin=U1C-0
Added Pin To Net: NetName=GND Pin=U1C-0
Added Pin To Net: NetName=GND Pin=U1C-0
Added Pin To Net: NetName=GND Pin=U1D-0
Added Pin To Net: NetName=GND Pin=U1D-0
Added Pin To Net: NetName=GND Pin=U1D-0
Added Pin To Net: NetName=GND Pin=U1D-0
Added Pin To Net: NetName=GND Pin=U1D-0
Added Pin To Net: NetName=GND Pin=U1D-0
Added Pin To Net: NetName=GND Pin=U4A-0
Added Pin To Net: NetName=GND Pin=U4A-0
Added Pin To Net: NetName=GND Pin=U4A-0
Added Pin To Net: NetName=GND Pin=U4A-0
Added Pin To Net: NetName=GND Pin=U4A-0
Added Pin To Net: NetName=GND Pin=U4A-0
Added Pin To Net: NetName=GND Pin=U4B-0
Added Pin To Net: NetName=GND Pin=U4B-0
Added Pin To Net: NetName=GND Pin=U4B-0
Added Pin To Net: NetName=GND Pin=U4B-0
Added Pin To Net: NetName=GND Pin=U4B-0
Added Pin To Net: NetName=GND Pin=U4B-0
Added Pin To Net: NetName=GND Pin=U4C-0
Added Pin To Net: NetName=GND Pin=U4C-0
Added Pin To Net: NetName=GND Pin=U4C-0
Added Pin To Net: NetName=GND Pin=U4C-0
Added Pin To Net: NetName=GND Pin=U4C-0
Added Pin To Net: NetName=GND Pin=U4C-0
Added Pin To Net: NetName=GND Pin=U4D-0
Added Pin To Net: NetName=GND Pin=U4D-0
Added Pin To Net: NetName=GND Pin=U4D-0
Added Pin To Net: NetName=GND Pin=U4D-0
Added Pin To Net: NetName=GND Pin=U4D-0
Added Pin To Net: NetName=GND Pin=U4D-0
Added Pin To Net: NetName=GND Pin=U5A-0
Added Pin To Net: NetName=GND Pin=U5A-0
Added Pin To Net: NetName=GND Pin=U5A-0
Added Pin To Net: NetName=GND Pin=U5A-0
Added Pin To Net: NetName=GND Pin=U5A-0
Added Pin To Net: NetName=GND Pin=U5A-0
Added Pin To Net: NetName=GND Pin=U5B-0
Added Pin To Net: NetName=GND Pin=U5B-0
Added Pin To Net: NetName=GND Pin=U5B-0
Added Pin To Net: NetName=GND Pin=U5B-0
Added Pin To Net: NetName=GND Pin=U5B-0
Added Pin To Net: NetName=GND Pin=U5B-0
Added Pin To Net: NetName=GND Pin=U5C-0
Added Pin To Net: NetName=GND Pin=U5C-0
Added Pin To Net: NetName=GND Pin=U5C-0
Added Pin To Net: NetName=GND Pin=U5C-0
Added Pin To Net: NetName=GND Pin=U5C-0
Added Pin To Net: NetName=GND Pin=U5C-0
Added Pin To Net: NetName=GND Pin=U5D-0
Added Pin To Net: NetName=GND Pin=U5D-0
Added Pin To Net: NetName=GND Pin=U5D-0
Added Pin To Net: NetName=GND Pin=U5D-0
Added Pin To Net: NetName=GND Pin=U5D-0
Added Pin To Net: NetName=GND Pin=U5D-0
Added Pin To Net: NetName=NetR8A_1 Pin=U7A-5
Added Pin To Net: NetName=NetR8B_1 Pin=U7B-5
Added Pin To Net: NetName=NetR8C_1 Pin=U7C-5
Added Pin To Net: NetName=NetR8D_1 Pin=U7D-5
Added Pin To Net: NetName=NetR8A_2 Pin=R8A-2
Added Pin To Net: NetName=NetR8A_2 Pin=U7A-8
Added Net: Name=NetR8A_2
Added Pin To Net: NetName=NetR8B_2 Pin=R8B-2
Added Pin To Net: NetName=NetR8B_2 Pin=U7B-8
Added Net: Name=NetR8B_2
Added Pin To Net: NetName=NetR8C_2 Pin=R8C-2
Added Pin To Net: NetName=NetR8C_2 Pin=U7C-8
Added Net: Name=NetR8C_2
Added Pin To Net: NetName=NetR8D_2 Pin=R8D-2
Added Pin To Net: NetName=NetR8D_2 Pin=U7D-8
Added Net: Name=NetR8D_2
