Added Component: Designator=C6A(1812)
Added Component: Designator=C6B(1812)
Added Component: Designator=C6C(1812)
Added Component: Designator=C6D(1812)
Added Component: Designator=J5(QMS EDGE PWR PINS)
Added Component: Designator=P1(HDR2X10)
Added Component: Designator=P2(HDR1X2)
Added Component: Designator=Q10A(TO-71)
Added Component: Designator=Q10B(TO-71)
Added Component: Designator=Q10C(TO-71)
Added Component: Designator=Q10D(TO-71)
Added Component: Designator=R1A(Vishay 3 pin)
Added Component: Designator=R1B(Vishay 3 pin)
Added Component: Designator=R1C(Vishay 3 pin)
Added Component: Designator=R1D(Vishay 3 pin)
Added Component: Designator=R2A(vishay 3 pin)
Added Component: Designator=R2B(vishay 3 pin)
Added Component: Designator=R2C(vishay 3 pin)
Added Component: Designator=R2D(vishay 3 pin)
Added Component: Designator=R5A(Vishay 3 pin)
Added Component: Designator=R5B(Vishay 3 pin)
Added Component: Designator=R5C(Vishay 3 pin)
Added Component: Designator=R5D(Vishay 3 pin)
Added Component: Designator=R8A(VISHAY 6 pin)
Added Component: Designator=R8B(VISHAY 6 pin)
Added Component: Designator=R8C(VISHAY 6 pin)
Added Component: Designator=R8D(VISHAY 6 pin)
Added Component: Designator=U1A(MSOP with PowerPAD)
Added Component: Designator=U1B(MSOP with PowerPAD)
Added Component: Designator=U1C(MSOP with PowerPAD)
Added Component: Designator=U1D(MSOP with PowerPAD)
Added Component: Designator=U4A(MSOP with PowerPAD)
Added Component: Designator=U4B(MSOP with PowerPAD)
Added Component: Designator=U4C(MSOP with PowerPAD)
Added Component: Designator=U4D(MSOP with PowerPAD)
Added Component: Designator=U5A(MSOP with PowerPAD)
Added Component: Designator=U5B(MSOP with PowerPAD)
Added Component: Designator=U5C(MSOP with PowerPAD)
Added Component: Designator=U5D(MSOP with PowerPAD)
Added Component: Designator=U8(THALER 8-PIN SOP)
Added Component: Designator=U9(QFN48_M)
Added Component: Designator=U12A(SOT-363)
Added Component: Designator=U12B(SOT-363)
Added Component: Designator=U12C(SOT-363)
Added Component: Designator=U12D(SOT-363)
Added Component: Designator=U14(TQFP144_L)
Added Net: Name=+3.3V
Added Pin To Net: NetName=+5ANA Pin=U9-18
Added Pin To Net: NetName=+5ANA Pin=U12A-2
Added Pin To Net: NetName=+5ANA Pin=U12A-5
Added Pin To Net: NetName=+5ANA Pin=U12B-2
Added Pin To Net: NetName=+5ANA Pin=U12B-5
Added Pin To Net: NetName=+5ANA Pin=U12C-2
Added Pin To Net: NetName=+5ANA Pin=U12C-5
Added Pin To Net: NetName=+5ANA Pin=U12D-2
Added Pin To Net: NetName=+5ANA Pin=U12D-5
Added Net: Name=+5ANA
Added Pin To Net: NetName=+5VANA Pin=J5-PC03
Added Pin To Net: NetName=+5VANA Pin=U4A-7
Added Pin To Net: NetName=+5VANA Pin=U4B-7
Added Pin To Net: NetName=+5VANA Pin=U4C-7
Added Pin To Net: NetName=+5VANA Pin=U4D-7
Added Net: Name=+5VANA
Added Pin To Net: NetName=+12V Pin=J5-PC01
Added Pin To Net: NetName=+12V Pin=U8-2
Added Net: Name=+12V
Added Pin To Net: NetName=+28V Pin=J5-PC05
Added Pin To Net: NetName=+28V Pin=U1A-7
Added Pin To Net: NetName=+28V Pin=U1B-7
Added Pin To Net: NetName=+28V Pin=U1C-7
Added Pin To Net: NetName=+28V Pin=U1D-7
Added Net: Name=+28V
Added Pin To Net: NetName=+CLK_100 Pin=J5-55
Added Net: Name=+CLK_100
Added Pin To Net: NetName=-5ANA Pin=U4A-4
Added Pin To Net: NetName=-5ANA Pin=U4B-4
Added Pin To Net: NetName=-5ANA Pin=U4C-4
Added Pin To Net: NetName=-5ANA Pin=U4D-4
Added Net: Name=-5ANA
Added Pin To Net: NetName=-5VANA Pin=J5-PC04
Added Net: Name=-5VANA
Added Pin To Net: NetName=-12V Pin=J5-PC02
Added Net: Name=-12V
Added Pin To Net: NetName=-CLK_100 Pin=J5-57
Added Net: Name=-CLK_100
Added Pin To Net: NetName=/GAIN_4X Pin=J5-102
Added Net: Name=/GAIN_4X
Added Pin To Net: NetName=/RESET_BLANK Pin=J5-100
Added Net: Name=/RESET_BLANK
Added Pin To Net: NetName=4.096VREF Pin=U8-6
Added Net: Name=4.096VREF
Added Pin To Net: NetName=A1_OUT Pin=J5-3
Added Net: Name=A1_OUT
Added Pin To Net: NetName=A2_OUT Pin=J5-7
Added Net: Name=A2_OUT
Added Pin To Net: NetName=A3_OUT Pin=J5-13
Added Net: Name=A3_OUT
Added Pin To Net: NetName=A4_OUT Pin=J5-17
Added Net: Name=A4_OUT
Added Pin To Net: NetName=ADC_DAT0 Pin=J5-24
Added Pin To Net: NetName=ADC_DAT0 Pin=U14-1
Added Net: Name=ADC_DAT0
Added Pin To Net: NetName=ADC_DAT1 Pin=J5-26
Added Pin To Net: NetName=ADC_DAT1 Pin=U14-2
Added Net: Name=ADC_DAT1
Added Pin To Net: NetName=ADC_DAT2 Pin=J5-28
Added Pin To Net: NetName=ADC_DAT2 Pin=U14-3
Added Net: Name=ADC_DAT2
Added Pin To Net: NetName=ADC_DAT3 Pin=J5-30
Added Pin To Net: NetName=ADC_DAT3 Pin=U14-4
Added Net: Name=ADC_DAT3
Added Pin To Net: NetName=ADC_DAT4 Pin=J5-34
Added Pin To Net: NetName=ADC_DAT4 Pin=U14-5
Added Net: Name=ADC_DAT4
Added Pin To Net: NetName=ADC_DAT5 Pin=J5-36
Added Pin To Net: NetName=ADC_DAT5 Pin=U14-6
Added Net: Name=ADC_DAT5
Added Pin To Net: NetName=ADC_DAT6 Pin=J5-38
Added Pin To Net: NetName=ADC_DAT6 Pin=U14-7
Added Net: Name=ADC_DAT6
Added Pin To Net: NetName=ADC_DAT7 Pin=J5-40
Added Pin To Net: NetName=ADC_DAT7 Pin=U14-8
Added Net: Name=ADC_DAT7
Added Pin To Net: NetName=ASP_SEL_N Pin=J5-43
Added Pin To Net: NetName=ASP_SEL_N Pin=U9-27
Added Pin To Net: NetName=ASP_SEL_N Pin=U14-11
Added Net: Name=ASP_SEL_N
Added Pin To Net: NetName=A Pin=J5-PC07
Added Pin To Net: NetName=A Pin=P2-1
Added Pin To Net: NetName=A Pin=Q10A-3
Added Pin To Net: NetName=A Pin=Q10B-3
Added Pin To Net: NetName=A Pin=Q10C-3
Added Pin To Net: NetName=A Pin=Q10D-3
Added Pin To Net: NetName=A Pin=U1A-0
Added Pin To Net: NetName=A Pin=U1A-0
Added Pin To Net: NetName=A Pin=U1A-0
Added Pin To Net: NetName=A Pin=U1A-0
Added Pin To Net: NetName=A Pin=U1A-0
Added Pin To Net: NetName=A Pin=U1A-0
Added Pin To Net: NetName=A Pin=U1A-4
Added Pin To Net: NetName=A Pin=U1B-0
Added Pin To Net: NetName=A Pin=U1B-0
Added Pin To Net: NetName=A Pin=U1B-0
Added Pin To Net: NetName=A Pin=U1B-0
Added Pin To Net: NetName=A Pin=U1B-0
Added Pin To Net: NetName=A Pin=U1B-0
Added Pin To Net: NetName=A Pin=U1B-4
Added Pin To Net: NetName=A Pin=U1C-0
Added Pin To Net: NetName=A Pin=U1C-0
Added Pin To Net: NetName=A Pin=U1C-0
Added Pin To Net: NetName=A Pin=U1C-0
Added Pin To Net: NetName=A Pin=U1C-0
Added Pin To Net: NetName=A Pin=U1C-0
Added Pin To Net: NetName=A Pin=U1C-4
Added Pin To Net: NetName=A Pin=U1D-0
Added Pin To Net: NetName=A Pin=U1D-0
Added Pin To Net: NetName=A Pin=U1D-0
Added Pin To Net: NetName=A Pin=U1D-0
Added Pin To Net: NetName=A Pin=U1D-0
Added Pin To Net: NetName=A Pin=U1D-0
Added Pin To Net: NetName=A Pin=U1D-4
Added Pin To Net: NetName=A Pin=U4A-0
Added Pin To Net: NetName=A Pin=U4A-0
Added Pin To Net: NetName=A Pin=U4A-0
Added Pin To Net: NetName=A Pin=U4A-0
Added Pin To Net: NetName=A Pin=U4A-0
Added Pin To Net: NetName=A Pin=U4A-0
Added Pin To Net: NetName=A Pin=U4A-3
Added Pin To Net: NetName=A Pin=U4B-0
Added Pin To Net: NetName=A Pin=U4B-0
Added Pin To Net: NetName=A Pin=U4B-0
Added Pin To Net: NetName=A Pin=U4B-0
Added Pin To Net: NetName=A Pin=U4B-0
Added Pin To Net: NetName=A Pin=U4B-0
Added Pin To Net: NetName=A Pin=U4B-3
Added Pin To Net: NetName=A Pin=U4C-0
Added Pin To Net: NetName=A Pin=U4C-0
Added Pin To Net: NetName=A Pin=U4C-0
Added Pin To Net: NetName=A Pin=U4C-0
Added Pin To Net: NetName=A Pin=U4C-0
Added Pin To Net: NetName=A Pin=U4C-0
Added Pin To Net: NetName=A Pin=U4C-3
Added Pin To Net: NetName=A Pin=U4D-0
Added Pin To Net: NetName=A Pin=U4D-0
Added Pin To Net: NetName=A Pin=U4D-0
Added Pin To Net: NetName=A Pin=U4D-0
Added Pin To Net: NetName=A Pin=U4D-0
Added Pin To Net: NetName=A Pin=U4D-0
Added Pin To Net: NetName=A Pin=U4D-3
Added Pin To Net: NetName=A Pin=U5A-0
Added Pin To Net: NetName=A Pin=U5A-0
Added Pin To Net: NetName=A Pin=U5A-0
Added Pin To Net: NetName=A Pin=U5A-0
Added Pin To Net: NetName=A Pin=U5A-0
Added Pin To Net: NetName=A Pin=U5A-0
Added Pin To Net: NetName=A Pin=U5B-0
Added Pin To Net: NetName=A Pin=U5B-0
Added Pin To Net: NetName=A Pin=U5B-0
Added Pin To Net: NetName=A Pin=U5B-0
Added Pin To Net: NetName=A Pin=U5B-0
Added Pin To Net: NetName=A Pin=U5B-0
Added Pin To Net: NetName=A Pin=U5C-0
Added Pin To Net: NetName=A Pin=U5C-0
Added Pin To Net: NetName=A Pin=U5C-0
Added Pin To Net: NetName=A Pin=U5C-0
Added Pin To Net: NetName=A Pin=U5C-0
Added Pin To Net: NetName=A Pin=U5C-0
Added Pin To Net: NetName=A Pin=U5D-0
Added Pin To Net: NetName=A Pin=U5D-0
Added Pin To Net: NetName=A Pin=U5D-0
Added Pin To Net: NetName=A Pin=U5D-0
Added Pin To Net: NetName=A Pin=U5D-0
Added Pin To Net: NetName=A Pin=U5D-0
Added Pin To Net: NetName=A Pin=U8-4
Added Pin To Net: NetName=A Pin=U9-19
Added Pin To Net: NetName=A Pin=U12A-1
Added Pin To Net: NetName=A Pin=U12A-4
Added Pin To Net: NetName=A Pin=U12B-1
Added Pin To Net: NetName=A Pin=U12B-4
Added Pin To Net: NetName=A Pin=U12C-1
Added Pin To Net: NetName=A Pin=U12C-4
Added Pin To Net: NetName=A Pin=U12D-1
Added Pin To Net: NetName=A Pin=U12D-4
Added Net: Name=A
Added Pin To Net: NetName=B3_SCL Pin=J5-138
Added Net: Name=B3_SCL
Added Pin To Net: NetName=B3_SDA Pin=J5-144
Added Net: Name=B3_SDA
Added Pin To Net: NetName=CH1_BIAS_ADJ Pin=U9-12
Added Net: Name=CH1_BIAS_ADJ
Added Pin To Net: NetName=CH2_BIAS_ADJ Pin=U9-13
Added Net: Name=CH2_BIAS_ADJ
Added Pin To Net: NetName=CH3_BIAS_ADJ Pin=U9-14
Added Net: Name=CH3_BIAS_ADJ
Added Pin To Net: NetName=CH4_BIAS_ADJ Pin=U9-15
Added Net: Name=CH4_BIAS_ADJ
Added Pin To Net: NetName=CLK_100 Pin=U14-20
Added Net: Name=CLK_100
Added Pin To Net: NetName=CLK_ENBL Pin=P1-15
Added Pin To Net: NetName=CLK_ENBL Pin=U14-30
Added Net: Name=CLK_ENBL
Added Net: Name=COMMOUTA
Added Net: Name=COMMOUTB
Added Net: Name=COMMOUTC
Added Net: Name=COMMOUTD
Added Pin To Net: NetName=CONVST_N Pin=J5-81
Added Pin To Net: NetName=CONVST_N Pin=U14-12
Added Net: Name=CONVST_N
Added Pin To Net: NetName=CS_N Pin=U14-14
Added Net: Name=CS_N
Added Pin To Net: NetName=DAT_STB Pin=P1-9
Added Pin To Net: NetName=DAT_STB Pin=U14-27
Added Net: Name=DAT_STB
Added Pin To Net: NetName=DB0 Pin=U14-73
Added Net: Name=DB0
Added Pin To Net: NetName=DB1 Pin=U14-74
Added Net: Name=DB1
Added Pin To Net: NetName=DB2 Pin=U14-75
Added Net: Name=DB2
Added Pin To Net: NetName=DB3 Pin=U14-76
Added Net: Name=DB3
Added Pin To Net: NetName=DB4 Pin=U14-77
Added Net: Name=DB4
Added Pin To Net: NetName=DB5 Pin=U14-78
Added Net: Name=DB5
Added Pin To Net: NetName=DB6 Pin=U14-79
Added Net: Name=DB6
Added Pin To Net: NetName=DB7 Pin=U14-80
Added Net: Name=DB7
Added Pin To Net: NetName=DB8 Pin=U14-81
Added Net: Name=DB8
Added Pin To Net: NetName=DB9 Pin=U14-84
Added Net: Name=DB9
Added Pin To Net: NetName=DB10 Pin=U14-85
Added Net: Name=DB10
Added Pin To Net: NetName=DB11 Pin=U14-86
Added Net: Name=DB11
Added Pin To Net: NetName=DB12 Pin=U14-87
Added Net: Name=DB12
Added Pin To Net: NetName=DB13 Pin=U14-88
Added Net: Name=DB13
Added Pin To Net: NetName=DB14 Pin=U14-89
Added Net: Name=DB14
Added Pin To Net: NetName=DB15 Pin=U14-91
Added Net: Name=DB15
Added Pin To Net: NetName=DB16 Pin=U14-93
Added Net: Name=DB16
Added Pin To Net: NetName=DB17 Pin=U14-94
Added Net: Name=DB17
Added Pin To Net: NetName=DB18 Pin=U14-95
Added Net: Name=DB18
Added Pin To Net: NetName=DB19 Pin=U14-96
Added Net: Name=DB19
Added Pin To Net: NetName=DB20 Pin=U14-97
Added Net: Name=DB20
Added Pin To Net: NetName=DB21 Pin=U14-98
Added Net: Name=DB21
Added Pin To Net: NetName=DB22 Pin=U14-101
Added Net: Name=DB22
Added Pin To Net: NetName=DB23 Pin=U14-102
Added Net: Name=DB23
Added Pin To Net: NetName=DB24 Pin=U14-103
Added Net: Name=DB24
Added Pin To Net: NetName=DB25 Pin=U14-104
Added Net: Name=DB25
Added Pin To Net: NetName=DB26 Pin=U14-105
Added Net: Name=DB26
Added Pin To Net: NetName=DB27 Pin=U14-106
Added Net: Name=DB27
Added Pin To Net: NetName=DB28 Pin=U14-107
Added Net: Name=DB28
Added Pin To Net: NetName=DB29 Pin=U14-108
Added Net: Name=DB29
Added Pin To Net: NetName=DB30 Pin=U14-109
Added Net: Name=DB30
Added Pin To Net: NetName=DB31 Pin=U14-110
Added Net: Name=DB31
Added Pin To Net: NetName=DB32 Pin=U14-111
Added Net: Name=DB32
Added Pin To Net: NetName=DB33 Pin=U14-112
Added Net: Name=DB33
Added Pin To Net: NetName=DB34 Pin=U14-113
Added Net: Name=DB34
Added Pin To Net: NetName=DB35 Pin=U14-114
Added Net: Name=DB35
Added Pin To Net: NetName=DB36 Pin=U14-117
Added Net: Name=DB36
Added Pin To Net: NetName=DB37 Pin=U14-118
Added Net: Name=DB37
Added Pin To Net: NetName=DB38 Pin=U14-119
Added Net: Name=DB38
Added Pin To Net: NetName=DB39 Pin=U14-120
Added Net: Name=DB39
Added Pin To Net: NetName=DB40 Pin=U14-121
Added Net: Name=DB40
Added Pin To Net: NetName=DB41 Pin=U14-122
Added Net: Name=DB41
Added Pin To Net: NetName=DB42 Pin=U14-123
Added Net: Name=DB42
Added Pin To Net: NetName=DB43 Pin=U14-124
Added Net: Name=DB43
Added Pin To Net: NetName=DB44 Pin=U14-125
Added Net: Name=DB44
Added Pin To Net: NetName=DB45 Pin=U14-127
Added Net: Name=DB45
Added Pin To Net: NetName=DB46 Pin=U14-129
Added Net: Name=DB46
Added Pin To Net: NetName=DB47 Pin=U14-130
Added Net: Name=DB47
Added Pin To Net: NetName=DB48 Pin=U14-131
Added Net: Name=DB48
Added Pin To Net: NetName=DB49 Pin=U14-132
Added Net: Name=DB49
Added Pin To Net: NetName=DB50 Pin=U14-133
Added Net: Name=DB50
Added Pin To Net: NetName=DB51 Pin=U14-134
Added Net: Name=DB51
Added Pin To Net: NetName=DB52 Pin=U14-137
Added Net: Name=DB52
Added Pin To Net: NetName=DB53 Pin=U14-138
Added Net: Name=DB53
Added Pin To Net: NetName=DB54 Pin=U14-139
Added Net: Name=DB54
Added Pin To Net: NetName=DB55 Pin=U14-140
Added Net: Name=DB55
Added Pin To Net: NetName=DB56 Pin=U14-141
Added Net: Name=DB56
Added Pin To Net: NetName=DB57 Pin=U14-142
Added Net: Name=DB57
Added Pin To Net: NetName=DB58 Pin=U14-143
Added Net: Name=DB58
Added Pin To Net: NetName=DB59 Pin=U14-144
Added Net: Name=DB59
Added Pin To Net: NetName=DB60 Pin=U14-69
Added Net: Name=DB60
Added Pin To Net: NetName=DB61 Pin=U14-70
Added Net: Name=DB61
Added Pin To Net: NetName=DB62 Pin=U14-71
Added Net: Name=DB62
Added Pin To Net: NetName=DB63 Pin=U14-72
Added Net: Name=DB63
Added Pin To Net: NetName=DC_HOLD Pin=J5-99
Added Net: Name=DC_HOLD
Added Pin To Net: NetName=DFF_ENBL Pin=P1-17
Added Pin To Net: NetName=DFF_ENBL Pin=U14-31
Added Net: Name=DFF_ENBL
Added Pin To Net: NetName=END Pin=P1-13
Added Pin To Net: NetName=END Pin=U14-29
Added Net: Name=END
Added Pin To Net: NetName=GND Pin=J5-1
Added Pin To Net: NetName=GND Pin=J5-2
Added Pin To Net: NetName=GND Pin=J5-5
Added Pin To Net: NetName=GND Pin=J5-9
Added Pin To Net: NetName=GND Pin=J5-11
Added Pin To Net: NetName=GND Pin=J5-12
Added Pin To Net: NetName=GND Pin=J5-15
Added Pin To Net: NetName=GND Pin=J5-19
Added Pin To Net: NetName=GND Pin=J5-21
Added Pin To Net: NetName=GND Pin=J5-22
Added Pin To Net: NetName=GND Pin=J5-31
Added Pin To Net: NetName=GND Pin=J5-32
Added Pin To Net: NetName=GND Pin=J5-41
Added Pin To Net: NetName=GND Pin=J5-42
Added Pin To Net: NetName=GND Pin=J5-51
Added Pin To Net: NetName=GND Pin=J5-52
Added Pin To Net: NetName=GND Pin=J5-53
Added Pin To Net: NetName=GND Pin=J5-54
Added Pin To Net: NetName=GND Pin=J5-63
Added Pin To Net: NetName=GND Pin=J5-64
Added Pin To Net: NetName=GND Pin=J5-73
Added Pin To Net: NetName=GND Pin=J5-74
Added Pin To Net: NetName=GND Pin=J5-83
Added Pin To Net: NetName=GND Pin=J5-84
Added Pin To Net: NetName=GND Pin=J5-89
Added Pin To Net: NetName=GND Pin=J5-93
Added Pin To Net: NetName=GND Pin=J5-94
Added Pin To Net: NetName=GND Pin=J5-98
Added Pin To Net: NetName=GND Pin=J5-103
Added Pin To Net: NetName=GND Pin=J5-104
Added Pin To Net: NetName=GND Pin=J5-105
Added Pin To Net: NetName=GND Pin=J5-106
Added Pin To Net: NetName=GND Pin=J5-110
Added Pin To Net: NetName=GND Pin=J5-115
Added Pin To Net: NetName=GND Pin=J5-116
Added Pin To Net: NetName=GND Pin=J5-120
Added Pin To Net: NetName=GND Pin=J5-125
Added Pin To Net: NetName=GND Pin=J5-126
Added Pin To Net: NetName=GND Pin=J5-135
Added Pin To Net: NetName=GND Pin=J5-136
Added Pin To Net: NetName=GND Pin=J5-145
Added Pin To Net: NetName=GND Pin=J5-146
Added Pin To Net: NetName=GND Pin=J5-155
Added Pin To Net: NetName=GND Pin=J5-156
Added Pin To Net: NetName=GND Pin=J5-PC08
Added Pin To Net: NetName=GND Pin=P2-2
Added Pin To Net: NetName=GND Pin=U9-8
Added Pin To Net: NetName=GND Pin=U9-28
Added Pin To Net: NetName=GND Pin=U14-10
Added Pin To Net: NetName=GND Pin=U14-17
Added Pin To Net: NetName=GND Pin=U14-26
Added Pin To Net: NetName=GND Pin=U14-47
Added Pin To Net: NetName=GND Pin=U14-54
Added Pin To Net: NetName=GND Pin=U14-65
Added Pin To Net: NetName=GND Pin=U14-83
Added Pin To Net: NetName=GND Pin=U14-92
Added Pin To Net: NetName=GND Pin=U14-99
Added Pin To Net: NetName=GND Pin=U14-115
Added Pin To Net: NetName=GND Pin=U14-128
Added Pin To Net: NetName=GND Pin=U14-135
Added Net: Name=GND
Added Pin To Net: NetName=MON_CCD1 Pin=U9-33
Added Net: Name=MON_CCD1
Added Pin To Net: NetName=MON_CCD2 Pin=U9-34
Added Net: Name=MON_CCD2
Added Pin To Net: NetName=MON_CCD3 Pin=U9-36
Added Net: Name=MON_CCD3
Added Pin To Net: NetName=MON_CCD4 Pin=U9-37
Added Net: Name=MON_CCD4
Added Pin To Net: NetName=MUX Pin=P1-11
Added Pin To Net: NetName=MUX Pin=U14-28
Added Net: Name=MUX
Added Pin To Net: NetName=NetC1A_1 Pin=C6A-2
Added Pin To Net: NetName=NetC1A_1 Pin=R1A-1
Added Pin To Net: NetName=NetC1A_1 Pin=R2A-1
Added Pin To Net: NetName=NetC1A_1 Pin=U1A-6
Added Net: Name=NetC1A_1
Added Pin To Net: NetName=NetC1A_2 Pin=Q10A-2
Added Pin To Net: NetName=NetC1A_2 Pin=U1A-2
Added Net: Name=NetC1A_2
Added Pin To Net: NetName=NetC1B_1 Pin=C6B-2
Added Pin To Net: NetName=NetC1B_1 Pin=R1B-1
Added Pin To Net: NetName=NetC1B_1 Pin=R2B-1
Added Pin To Net: NetName=NetC1B_1 Pin=U1B-6
Added Net: Name=NetC1B_1
Added Pin To Net: NetName=NetC1B_2 Pin=Q10B-2
Added Pin To Net: NetName=NetC1B_2 Pin=U1B-2
Added Net: Name=NetC1B_2
Added Pin To Net: NetName=NetC1C_1 Pin=C6C-2
Added Pin To Net: NetName=NetC1C_1 Pin=R1C-1
Added Pin To Net: NetName=NetC1C_1 Pin=R2C-1
Added Pin To Net: NetName=NetC1C_1 Pin=U1C-6
Added Net: Name=NetC1C_1
Added Pin To Net: NetName=NetC1C_2 Pin=Q10C-2
Added Pin To Net: NetName=NetC1C_2 Pin=U1C-2
Added Net: Name=NetC1C_2
Added Pin To Net: NetName=NetC1D_1 Pin=C6D-2
Added Pin To Net: NetName=NetC1D_1 Pin=R1D-1
Added Pin To Net: NetName=NetC1D_1 Pin=R2D-1
Added Pin To Net: NetName=NetC1D_1 Pin=U1D-6
Added Net: Name=NetC1D_1
Added Pin To Net: NetName=NetC1D_2 Pin=Q10D-2
Added Pin To Net: NetName=NetC1D_2 Pin=U1D-2
Added Net: Name=NetC1D_2
Added Pin To Net: NetName=NetC6A_1 Pin=C6A-1
Added Pin To Net: NetName=NetC6A_1 Pin=Q10A-7
Added Net: Name=NetC6A_1
Added Pin To Net: NetName=NetC6B_1 Pin=C6B-1
Added Pin To Net: NetName=NetC6B_1 Pin=Q10B-7
Added Net: Name=NetC6B_1
Added Pin To Net: NetName=NetC6C_1 Pin=C6C-1
Added Pin To Net: NetName=NetC6C_1 Pin=Q10C-7
Added Net: Name=NetC6C_1
Added Pin To Net: NetName=NetC6D_1 Pin=C6D-1
Added Pin To Net: NetName=NetC6D_1 Pin=Q10D-7
Added Net: Name=NetC6D_1
Added Pin To Net: NetName=NetC7_2 Pin=U8-8
Added Net: Name=NetC7_2
Added Pin To Net: NetName=NetC8A_2 Pin=Q10A-6
Added Pin To Net: NetName=NetC8A_2 Pin=U1A-3
Added Net: Name=NetC8A_2
Added Pin To Net: NetName=NetC8B_2 Pin=Q10B-6
Added Pin To Net: NetName=NetC8B_2 Pin=U1B-3
Added Net: Name=NetC8B_2
Added Pin To Net: NetName=NetC8C_2 Pin=Q10C-6
Added Pin To Net: NetName=NetC8C_2 Pin=U1C-3
Added Net: Name=NetC8C_2
Added Pin To Net: NetName=NetC8D_2 Pin=Q10D-6
Added Pin To Net: NetName=NetC8D_2 Pin=U1D-3
Added Net: Name=NetC8D_2
Added Pin To Net: NetName=NetC9A_1 Pin=U5A-7
Added Net: Name=NetC9A_1
Added Pin To Net: NetName=NetC9B_1 Pin=U5B-7
Added Net: Name=NetC9B_1
Added Pin To Net: NetName=NetC9C_1 Pin=U5C-7
Added Net: Name=NetC9C_1
Added Pin To Net: NetName=NetC9D_1 Pin=U5D-7
Added Net: Name=NetC9D_1
Added Net: Name=NetC12A_2
Added Net: Name=NetC12B_2
Added Net: Name=NetC12C_2
Added Net: Name=NetC12D_2
Added Pin To Net: NetName=NetC13A_2 Pin=U5A-4
Added Net: Name=NetC13A_2
Added Pin To Net: NetName=NetC13B_2 Pin=U5B-4
Added Net: Name=NetC13B_2
Added Pin To Net: NetName=NetC13C_2 Pin=U5C-4
Added Net: Name=NetC13C_2
Added Pin To Net: NetName=NetC13D_2 Pin=U5D-4
Added Net: Name=NetC13D_2
Added Net: Name=NetC16A_1
Added Net: Name=NetC16B_1
Added Net: Name=NetC16C_1
Added Net: Name=NetC16D_1
Added Net: Name=NetC17A_2
Added Net: Name=NetC17B_2
Added Net: Name=NetC17C_2
Added Net: Name=NetC17D_2
Added Net: Name=NetC22A_2
Added Net: Name=NetC22B_2
Added Net: Name=NetC22C_2
Added Net: Name=NetC22D_2
Added Net: Name=NetC23A_2
Added Net: Name=NetC23B_2
Added Net: Name=NetC23C_2
Added Net: Name=NetC23D_2
Added Net: Name=NetC26A_1
Added Net: Name=NetC26B_1
Added Net: Name=NetC26C_1
Added Net: Name=NetC26D_1
Added Pin To Net: NetName=NetC34_2 Pin=U14-19
Added Pin To Net: NetName=NetC34_2 Pin=U14-56
Added Pin To Net: NetName=NetC34_2 Pin=U14-90
Added Pin To Net: NetName=NetC34_2 Pin=U14-126
Added Net: Name=NetC34_2
Added Net: Name=NetC46A_2
Added Net: Name=NetC46B_2
Added Net: Name=NetC46C_2
Added Net: Name=NetC46D_2
Added Pin To Net: NetName=NetC49A_1 Pin=U12A-6
Added Net: Name=NetC49A_1
Added Pin To Net: NetName=NetC49A_2 Pin=U12A-3
Added Net: Name=NetC49A_2
Added Pin To Net: NetName=NetC49B_1 Pin=U12B-6
Added Net: Name=NetC49B_1
Added Pin To Net: NetName=NetC49B_2 Pin=U12B-3
Added Net: Name=NetC49B_2
Added Pin To Net: NetName=NetC49C_1 Pin=U12C-6
Added Net: Name=NetC49C_1
Added Pin To Net: NetName=NetC49C_2 Pin=U12C-3
Added Net: Name=NetC49C_2
Added Pin To Net: NetName=NetC49D_1 Pin=U12D-6
Added Net: Name=NetC49D_1
Added Pin To Net: NetName=NetC49D_2 Pin=U12D-3
Added Net: Name=NetC49D_2
Added Pin To Net: NetName=NetQ10A_1 Pin=Q10A-1
Added Pin To Net: NetName=NetQ10A_1 Pin=Q10A-5
Added Net: Name=NetQ10A_1
Added Pin To Net: NetName=NetQ10B_1 Pin=Q10B-1
Added Pin To Net: NetName=NetQ10B_1 Pin=Q10B-5
Added Net: Name=NetQ10B_1
Added Pin To Net: NetName=NetQ10C_1 Pin=Q10C-1
Added Pin To Net: NetName=NetQ10C_1 Pin=Q10C-5
Added Net: Name=NetQ10C_1
Added Pin To Net: NetName=NetQ10D_1 Pin=Q10D-1
Added Pin To Net: NetName=NetQ10D_1 Pin=Q10D-5
Added Net: Name=NetQ10D_1
Added Pin To Net: NetName=NetR1A_2 Pin=R1A-2
Added Net: Name=NetR1A_2
Added Pin To Net: NetName=NetR1A_3 Pin=R1A-3
Added Pin To Net: NetName=NetR1A_3 Pin=R2A-3
Added Pin To Net: NetName=NetR1A_3 Pin=R5A-3
Added Pin To Net: NetName=NetR1A_3 Pin=R8A-4
Added Pin To Net: NetName=NetR1A_3 Pin=U5A-6
Added Net: Name=NetR1A_3
Added Pin To Net: NetName=NetR1B_2 Pin=R1B-2
Added Net: Name=NetR1B_2
Added Pin To Net: NetName=NetR1B_3 Pin=R1B-3
Added Pin To Net: NetName=NetR1B_3 Pin=R2B-3
Added Pin To Net: NetName=NetR1B_3 Pin=R5B-3
Added Pin To Net: NetName=NetR1B_3 Pin=R8B-4
Added Pin To Net: NetName=NetR1B_3 Pin=U5B-6
Added Net: Name=NetR1B_3
Added Pin To Net: NetName=NetR1C_2 Pin=R1C-2
Added Net: Name=NetR1C_2
Added Pin To Net: NetName=NetR1C_3 Pin=R1C-3
Added Pin To Net: NetName=NetR1C_3 Pin=R2C-3
Added Pin To Net: NetName=NetR1C_3 Pin=R5C-3
Added Pin To Net: NetName=NetR1C_3 Pin=R8C-4
Added Pin To Net: NetName=NetR1C_3 Pin=U5C-6
Added Net: Name=NetR1C_3
Added Pin To Net: NetName=NetR1D_2 Pin=R1D-2
Added Net: Name=NetR1D_2
Added Pin To Net: NetName=NetR1D_3 Pin=R1D-3
Added Pin To Net: NetName=NetR1D_3 Pin=R2D-3
Added Pin To Net: NetName=NetR1D_3 Pin=R5D-3
Added Pin To Net: NetName=NetR1D_3 Pin=R8D-4
Added Pin To Net: NetName=NetR1D_3 Pin=U5D-6
Added Net: Name=NetR1D_3
Added Pin To Net: NetName=NetR2A_2 Pin=R2A-2
Added Net: Name=NetR2A_2
Added Pin To Net: NetName=NetR2B_2 Pin=R2B-2
Added Net: Name=NetR2B_2
Added Pin To Net: NetName=NetR2C_2 Pin=R2C-2
Added Net: Name=NetR2C_2
Added Pin To Net: NetName=NetR2D_2 Pin=R2D-2
Added Net: Name=NetR2D_2
Added Pin To Net: NetName=NetR5A_1 Pin=R5A-1
Added Pin To Net: NetName=NetR5A_1 Pin=R8A-2
Added Pin To Net: NetName=NetR5A_1 Pin=U4A-6
Added Net: Name=NetR5A_1
Added Pin To Net: NetName=NetR5A_2 Pin=R5A-2
Added Pin To Net: NetName=NetR5A_2 Pin=U4A-2
Added Net: Name=NetR5A_2
Added Pin To Net: NetName=NetR5B_1 Pin=R5B-1
Added Pin To Net: NetName=NetR5B_1 Pin=R8B-2
Added Pin To Net: NetName=NetR5B_1 Pin=U4B-6
Added Net: Name=NetR5B_1
Added Pin To Net: NetName=NetR5B_2 Pin=R5B-2
Added Pin To Net: NetName=NetR5B_2 Pin=U4B-2
Added Net: Name=NetR5B_2
Added Pin To Net: NetName=NetR5C_1 Pin=R5C-1
Added Pin To Net: NetName=NetR5C_1 Pin=R8C-2
Added Pin To Net: NetName=NetR5C_1 Pin=U4C-6
Added Net: Name=NetR5C_1
Added Pin To Net: NetName=NetR5C_2 Pin=R5C-2
Added Pin To Net: NetName=NetR5C_2 Pin=U4C-2
Added Net: Name=NetR5C_2
Added Pin To Net: NetName=NetR5D_1 Pin=R5D-1
Added Pin To Net: NetName=NetR5D_1 Pin=R8D-2
Added Pin To Net: NetName=NetR5D_1 Pin=U4D-6
Added Net: Name=NetR5D_1
Added Pin To Net: NetName=NetR5D_2 Pin=R5D-2
Added Pin To Net: NetName=NetR5D_2 Pin=U4D-2
Added Net: Name=NetR5D_2
Added Net: Name=NetR6A_1
Added Net: Name=NetR6B_1
Added Net: Name=NetR6C_1
Added Net: Name=NetR6D_1
Added Pin To Net: NetName=NetR8A_1 Pin=R8A-1
Added Pin To Net: NetName=NetR8A_1 Pin=R8A-3
Added Net: Name=NetR8A_1
Added Pin To Net: NetName=NetR8A_5 Pin=R8A-5
Added Net: Name=NetR8A_5
Added Pin To Net: NetName=NetR8A_6 Pin=R8A-6
Added Net: Name=NetR8A_6
Added Pin To Net: NetName=NetR8B_1 Pin=R8B-1
Added Pin To Net: NetName=NetR8B_1 Pin=R8B-3
Added Net: Name=NetR8B_1
Added Pin To Net: NetName=NetR8B_5 Pin=R8B-5
Added Net: Name=NetR8B_5
Added Pin To Net: NetName=NetR8B_6 Pin=R8B-6
Added Net: Name=NetR8B_6
Added Pin To Net: NetName=NetR8C_1 Pin=R8C-1
Added Pin To Net: NetName=NetR8C_1 Pin=R8C-3
Added Net: Name=NetR8C_1
Added Pin To Net: NetName=NetR8C_5 Pin=R8C-5
Added Net: Name=NetR8C_5
Added Pin To Net: NetName=NetR8C_6 Pin=R8C-6
Added Net: Name=NetR8C_6
Added Pin To Net: NetName=NetR8D_1 Pin=R8D-1
Added Pin To Net: NetName=NetR8D_1 Pin=R8D-3
Added Net: Name=NetR8D_1
Added Pin To Net: NetName=NetR8D_5 Pin=R8D-5
Added Net: Name=NetR8D_5
Added Pin To Net: NetName=NetR8D_6 Pin=R8D-6
Added Net: Name=NetR8D_6
Added Net: Name=NetR15A_1
Added Net: Name=NetR15B_1
Added Net: Name=NetR15C_1
Added Net: Name=NetR15D_1
Added Net: Name=NetR16A_1
Added Net: Name=NetR16B_1
Added Net: Name=NetR16C_1
Added Net: Name=NetR16D_1
Added Net: Name=NetR17A_2
Added Net: Name=NetR17B_2
Added Net: Name=NetR17C_2
Added Net: Name=NetR17D_2
Added Net: Name=NetR18A_1
Added Net: Name=NetR18B_1
Added Net: Name=NetR18C_1
Added Net: Name=NetR18D_1
Added Net: Name=NetR20A_2
Added Net: Name=NetR20B_2
Added Net: Name=NetR20C_2
Added Net: Name=NetR20D_2
Added Pin To Net: NetName=NetTP5A_1 Pin=U5A-3
Added Net: Name=NetTP5A_1
Added Pin To Net: NetName=NetTP5B_1 Pin=U5B-3
Added Net: Name=NetTP5B_1
Added Pin To Net: NetName=NetTP5C_1 Pin=U5C-3
Added Net: Name=NetTP5C_1
Added Pin To Net: NetName=NetTP5D_1 Pin=U5D-3
Added Net: Name=NetTP5D_1
Added Net: Name=NetTP10A_1
Added Net: Name=NetTP10B_1
Added Net: Name=NetTP10C_1
Added Net: Name=NetTP10D_1
Added Pin To Net: NetName=NetU3A_7 Pin=U5A-2
Added Net: Name=NetU3A_7
Added Pin To Net: NetName=NetU3B_7 Pin=U5B-2
Added Net: Name=NetU3B_7
Added Pin To Net: NetName=NetU3C_7 Pin=U5C-2
Added Net: Name=NetU3C_7
Added Pin To Net: NetName=NetU3D_7 Pin=U5D-2
Added Net: Name=NetU3D_7
Added Pin To Net: NetName=Q0 Pin=P1-2
Added Pin To Net: NetName=Q0 Pin=U14-15
Added Net: Name=Q0
Added Pin To Net: NetName=Q1 Pin=P1-4
Added Pin To Net: NetName=Q1 Pin=U14-16
Added Net: Name=Q1
Added Pin To Net: NetName=RD_N Pin=U14-13
Added Net: Name=RD_N
Added Pin To Net: NetName=RESET_N Pin=U14-61
Added Net: Name=RESET_N
Added Pin To Net: NetName=SCLK Pin=J5-108
Added Pin To Net: NetName=SCLK Pin=U9-10
Added Net: Name=SCLK
Added Pin To Net: NetName=SEL0 Pin=P1-1
Added Pin To Net: NetName=SEL0 Pin=U14-21
Added Net: Name=SEL0
Added Pin To Net: NetName=SEL1 Pin=P1-3
Added Pin To Net: NetName=SEL1 Pin=U14-22
Added Net: Name=SEL1
Added Pin To Net: NetName=SEL2 Pin=P1-5
Added Pin To Net: NetName=SEL2 Pin=U14-23
Added Net: Name=SEL2
Added Pin To Net: NetName=SIMO Pin=J5-112
Added Pin To Net: NetName=SIMO Pin=U9-11
Added Net: Name=SIMO
Added Pin To Net: NetName=SOMI Pin=J5-114
Added Pin To Net: NetName=SOMI Pin=U9-9
Added Net: Name=SOMI
Added Pin To Net: NetName=SPI_CLK Pin=U14-18
Added Net: Name=SPI_CLK
Added Pin To Net: NetName=START_ACQ Pin=P1-7
Added Pin To Net: NetName=START_ACQ Pin=U14-24
Added Net: Name=START_ACQ
Added Pin To Net: NetName=TCK Pin=U14-35
Added Net: Name=TCK
Added Pin To Net: NetName=TDI Pin=U14-34
Added Net: Name=TDI
Added Pin To Net: NetName=TDO Pin=U14-36
Added Net: Name=TDO
Added Pin To Net: NetName=TMS Pin=U14-33
Added Net: Name=TMS
Added Pin To Net: NetName=VCC Pin=J5-PC06
Added Pin To Net: NetName=VCC Pin=U9-7
Added Pin To Net: NetName=VCC Pin=U14-9
Added Pin To Net: NetName=VCC Pin=U14-25
Added Pin To Net: NetName=VCC Pin=U14-46
Added Pin To Net: NetName=VCC Pin=U14-64
Added Pin To Net: NetName=VCC Pin=U14-82
Added Pin To Net: NetName=VCC Pin=U14-100
Added Pin To Net: NetName=VCC Pin=U14-116
Added Pin To Net: NetName=VCC Pin=U14-136
Added Net: Name=VCC
Added Class: Name=Analog
Added Class: Name=CH1
Added Class: Name=CH2
Added Class: Name=CH3
Added Class: Name=CH4
Added Class: Name=CPLD 
Added Class: Name=DB[0..63]
Added Class: Name=Sinistro_ASP_11A
Added Room: Name=Analog
Added Room: Name=CH1
Added Room: Name=CH2
Added Room: Name=CH3
Added Room: Name=CH4
Added Room: Name=CPLD 
