Added Parameter Manufacturer= to Part C1
Added Parameter Manufacturer= to Part C3
Added Parameter Manufacturer= to Part C4
Added Parameter Manufacturer= to Part C5
Added Parameter Manufacturer= to Part C6
Added Parameter Manufacturer= to Part C8
Added Parameter Manufacturer= to Part C9
Added Parameter Manufacturer= to Part C10
Added Parameter Manufacturer= to Part C11
Added Parameter Manufacturer= to Part C12
Added Parameter Manufacturer= to Part C13
Added Parameter Manufacturer= to Part C14
Added Parameter Manufacturer= to Part C15
Added Parameter Manufacturer= to Part C16
Added Parameter Manufacturer= to Part C17
Added Parameter Manufacturer= to Part C18
Added Parameter Manufacturer= to Part C19
Added Parameter Manufacturer= to Part C20
Added Parameter Manufacturer= to Part C21
Added Parameter Manufacturer= to Part C22
Added Parameter Manufacturer= to Part C23
Added Parameter Manufacturer= to Part C24
Added Parameter Manufacturer= to Part C25
Added Parameter Manufacturer= to Part C26
Added Parameter Manufacturer= to Part C28
Added Parameter Manufacturer= to Part C29
Added Parameter Manufacturer= to Part C30
Added Parameter Manufacturer= to Part C31
Added Parameter Manufacturer= to Part C46
Added Parameter Manufacturer= to Part C48
Added Parameter Manufacturer= to Part C49
Added Parameter Manufacturer= to Part L1
Added Parameter Manufacturer= to Part L2
Added Parameter Manufacturer= to Part L3
Added Parameter Manufacturer= to Part L4
Added Parameter Manufacturer= to Part Q10
Added Parameter Manufacturer= to Part Q10
Added Parameter Manufacturer= to Part R1
Added Parameter Manufacturer= to Part R1
Added Parameter Manufacturer= to Part R2
Added Parameter Manufacturer= to Part R2
Added Parameter Manufacturer= to Part R3
Added Parameter Manufacturer= to Part R4
Added Parameter Manufacturer= to Part R5
Added Parameter Manufacturer= to Part R5
Added Parameter Manufacturer= to Part R6
Added Parameter Manufacturer= to Part R7
Added Parameter Manufacturer= to Part R8
Added Parameter Manufacturer= to Part R8
Added Parameter Manufacturer= to Part R8
Added Parameter Manufacturer= to Part R8
Added Parameter Manufacturer= to Part R9
Added Parameter Manufacturer= to Part R10
Added Parameter Manufacturer= to Part R11
Added Parameter Manufacturer= to Part R12
Added Parameter Manufacturer= to Part R13
Added Parameter Manufacturer= to Part R14
Added Parameter Manufacturer= to Part R15
Added Parameter Manufacturer= to Part R16
Added Parameter Manufacturer= to Part R17
Added Parameter Manufacturer= to Part R18
Added Parameter Manufacturer= to Part R19
Added Parameter Manufacturer= to Part R20
Added Parameter Manufacturer= to Part TP1
Added Parameter Manufacturer= to Part TP2
Added Parameter Manufacturer= to Part TP3
Added Parameter Manufacturer= to Part TP4
Added Parameter Manufacturer= to Part TP5
Added Parameter Manufacturer= to Part TP6
Added Parameter Manufacturer= to Part TP7
Added Parameter Manufacturer= to Part TP9
Added Parameter Manufacturer= to Part TP10
Added Parameter Manufacturer= to Part U1
Added Parameter Manufacturer= to Part U2
Added Parameter Manufacturer= to Part U3
Added Parameter Manufacturer= to Part U3
Added Parameter Manufacturer= to Part U3
Added Parameter Manufacturer= to Part U3
Added Parameter Manufacturer= to Part U3
Added Parameter Manufacturer= to Part U4
Added Parameter Manufacturer= to Part U5
Added Parameter Manufacturer= to Part U6
Added Parameter Manufacturer= to Part U7
Added Parameter Manufacturer= to Part U11
Added Parameter Manufacturer= to Part U12
Added Parameter Manufacturer= to Part U13
Added Parameter Manuf p/n= to Part C1
Added Parameter Manuf p/n= to Part C3
Added Parameter Manuf p/n= to Part C4
Added Parameter Manuf p/n= to Part C5
Added Parameter Manuf p/n= to Part C6
Added Parameter Manuf p/n= to Part C8
Added Parameter Manuf p/n= to Part C9
Added Parameter Manuf p/n= to Part C10
Added Parameter Manuf p/n= to Part C11
Added Parameter Manuf p/n= to Part C12
Added Parameter Manuf p/n= to Part C13
Added Parameter Manuf p/n= to Part C14
Added Parameter Manuf p/n= to Part C15
Added Parameter Manuf p/n= to Part C16
Added Parameter Manuf p/n= to Part C17
Added Parameter Manuf p/n= to Part C18
Added Parameter Manuf p/n= to Part C19
Added Parameter Manuf p/n= to Part C20
Added Parameter Manuf p/n= to Part C21
Added Parameter Manuf p/n= to Part C22
Added Parameter Manuf p/n= to Part C23
Added Parameter Manuf p/n= to Part C24
Added Parameter Manuf p/n= to Part C25
Added Parameter Manuf p/n= to Part C26
Added Parameter Manuf p/n= to Part C28
Added Parameter Manuf p/n= to Part C29
Added Parameter Manuf p/n= to Part C30
Added Parameter Manuf p/n= to Part C31
Added Parameter Manuf p/n= to Part C46
Added Parameter Manuf p/n= to Part C48
Added Parameter Manuf p/n= to Part C49
Added Parameter Manuf p/n= to Part L1
Added Parameter Manuf p/n= to Part L2
Added Parameter Manuf p/n= to Part L3
Added Parameter Manuf p/n= to Part L4
Added Parameter Manuf p/n= to Part Q10
Added Parameter Manuf p/n= to Part Q10
Added Parameter Manuf p/n= to Part R1
Added Parameter Manuf p/n= to Part R1
Added Parameter Manuf p/n= to Part R2
Added Parameter Manuf p/n= to Part R2
Added Parameter Manuf p/n= to Part R3
Added Parameter Manuf p/n= to Part R4
Added Parameter Manuf p/n= to Part R5
Added Parameter Manuf p/n= to Part R5
Added Parameter Manuf p/n= to Part R6
Added Parameter Manuf p/n= to Part R7
Added Parameter Manuf p/n= to Part R8
Added Parameter Manuf p/n= to Part R8
Added Parameter Manuf p/n= to Part R8
Added Parameter Manuf p/n= to Part R8
Added Parameter Manuf p/n= to Part R9
Added Parameter Manuf p/n= to Part R10
Added Parameter Manuf p/n= to Part R11
Added Parameter Manuf p/n= to Part R12
Added Parameter Manuf p/n= to Part R13
Added Parameter Manuf p/n= to Part R14
Added Parameter Manuf p/n= to Part R15
Added Parameter Manuf p/n= to Part R16
Added Parameter Manuf p/n= to Part R17
Added Parameter Manuf p/n= to Part R18
Added Parameter Manuf p/n= to Part R19
Added Parameter Manuf p/n= to Part R20
Added Parameter Manuf p/n= to Part TP1
Added Parameter Manuf p/n= to Part TP2
Added Parameter Manuf p/n= to Part TP3
Added Parameter Manuf p/n= to Part TP4
Added Parameter Manuf p/n= to Part TP5
Added Parameter Manuf p/n= to Part TP6
Added Parameter Manuf p/n= to Part TP7
Added Parameter Manuf p/n= to Part TP9
Added Parameter Manuf p/n= to Part TP10
Added Parameter Manuf p/n= to Part U1
Added Parameter Manuf p/n= to Part U2
Added Parameter Manuf p/n= to Part U3
Added Parameter Manuf p/n= to Part U3
Added Parameter Manuf p/n= to Part U3
Added Parameter Manuf p/n= to Part U3
Added Parameter Manuf p/n= to Part U3
Added Parameter Manuf p/n= to Part U4
Added Parameter Manuf p/n= to Part U5
Added Parameter Manuf p/n= to Part U6
Added Parameter Manuf p/n= to Part U7
Added Parameter Manuf p/n= to Part U11
Added Parameter Manuf p/n= to Part U12
Added Parameter Manuf p/n= to Part U13
