Change Value of Parameter COST in Part U14 Old= New=39.71
Change Value of Parameter Manufacturer in Part U14 Old= New=ALTERA
Change Value of Parameter Manuf p/n in Part U14 Old= New=EPM570T144C3
Change Value of Parameter Vendor in Part U14 Old= New=DIGIKEY
Change Value of Parameter Vendor p/n in Part U14 Old= New=544-1300-ND
Change Value of Parameter COST in Part U14 Old= New=39.71
Change Value of Parameter Manufacturer in Part U14 Old= New=ALTERA
Change Value of Parameter Manuf p/n in Part U14 Old= New=EPM570T144C3
Change Value of Parameter Vendor in Part U14 Old= New=DIGIKEY
Change Value of Parameter Vendor p/n in Part U14 Old= New=544-1300-ND
Change Value of Parameter COST in Part U14 Old= New=39.71
Change Value of Parameter Manufacturer in Part U14 Old= New=ALTERA
Change Value of Parameter Manuf p/n in Part U14 Old= New=EPM570T144C3
Change Value of Parameter Vendor in Part U14 Old= New=DIGIKEY
Change Value of Parameter Vendor p/n in Part U14 Old= New=544-1300-ND
Change Value of Parameter COST in Part U14 Old= New=39.71
Change Value of Parameter Manufacturer in Part U14 Old= New=ALTERA
Change Value of Parameter Manuf p/n in Part U14 Old= New=EPM570T144C3
Change Value of Parameter Vendor in Part U14 Old= New=DIGIKEY
Change Value of Parameter Vendor p/n in Part U14 Old= New=544-1300-ND
Added Parameter Value=EPM570T144C3 to Part U14
Added Parameter Value=EPM570T144C3 to Part U14
Added Parameter Value=EPM570T144C3 to Part U14
Added Parameter Value=EPM570T144C3 to Part U14
