Removed Pin From Net: NetName=GND Pin=U1A-0
Removed Pin From Net: NetName=GND Pin=U1A-0
Removed Pin From Net: NetName=GND Pin=U1A-0
Removed Pin From Net: NetName=GND Pin=U1A-0
Removed Pin From Net: NetName=GND Pin=U1A-0
Removed Pin From Net: NetName=GND Pin=U1A-0
Removed Pin From Net: NetName=GND Pin=U1B-0
Removed Pin From Net: NetName=GND Pin=U1B-0
Removed Pin From Net: NetName=GND Pin=U1B-0
Removed Pin From Net: NetName=GND Pin=U1B-0
Removed Pin From Net: NetName=GND Pin=U1B-0
Removed Pin From Net: NetName=GND Pin=U1B-0
Removed Pin From Net: NetName=GND Pin=U1C-0
Removed Pin From Net: NetName=GND Pin=U1C-0
Removed Pin From Net: NetName=GND Pin=U1C-0
Removed Pin From Net: NetName=GND Pin=U1C-0
Removed Pin From Net: NetName=GND Pin=U1C-0
Removed Pin From Net: NetName=GND Pin=U1C-0
Removed Pin From Net: NetName=GND Pin=U1D-0
Removed Pin From Net: NetName=GND Pin=U1D-0
Removed Pin From Net: NetName=GND Pin=U1D-0
Removed Pin From Net: NetName=GND Pin=U1D-0
Removed Pin From Net: NetName=GND Pin=U1D-0
Removed Pin From Net: NetName=GND Pin=U1D-0
Removed Pin From Net: NetName=GND Pin=U4A-0
Removed Pin From Net: NetName=GND Pin=U4A-0
Removed Pin From Net: NetName=GND Pin=U4A-0
Removed Pin From Net: NetName=GND Pin=U4A-0
Removed Pin From Net: NetName=GND Pin=U4A-0
Removed Pin From Net: NetName=GND Pin=U4A-0
Removed Pin From Net: NetName=GND Pin=U4B-0
Removed Pin From Net: NetName=GND Pin=U4B-0
Removed Pin From Net: NetName=GND Pin=U4B-0
Removed Pin From Net: NetName=GND Pin=U4B-0
Removed Pin From Net: NetName=GND Pin=U4B-0
Removed Pin From Net: NetName=GND Pin=U4B-0
Removed Pin From Net: NetName=GND Pin=U4C-0
Removed Pin From Net: NetName=GND Pin=U4C-0
Removed Pin From Net: NetName=GND Pin=U4C-0
Removed Pin From Net: NetName=GND Pin=U4C-0
Removed Pin From Net: NetName=GND Pin=U4C-0
Removed Pin From Net: NetName=GND Pin=U4C-0
Removed Pin From Net: NetName=GND Pin=U4D-0
Removed Pin From Net: NetName=GND Pin=U4D-0
Removed Pin From Net: NetName=GND Pin=U4D-0
Removed Pin From Net: NetName=GND Pin=U4D-0
Removed Pin From Net: NetName=GND Pin=U4D-0
Removed Pin From Net: NetName=GND Pin=U4D-0
Removed Pin From Net: NetName=GND Pin=U5A-0
Removed Pin From Net: NetName=GND Pin=U5A-0
Removed Pin From Net: NetName=GND Pin=U5A-0
Removed Pin From Net: NetName=GND Pin=U5A-0
Removed Pin From Net: NetName=GND Pin=U5A-0
Removed Pin From Net: NetName=GND Pin=U5A-0
Removed Pin From Net: NetName=GND Pin=U5B-0
Removed Pin From Net: NetName=GND Pin=U5B-0
Removed Pin From Net: NetName=GND Pin=U5B-0
Removed Pin From Net: NetName=GND Pin=U5B-0
Removed Pin From Net: NetName=GND Pin=U5B-0
Removed Pin From Net: NetName=GND Pin=U5B-0
Removed Pin From Net: NetName=GND Pin=U5C-0
Removed Pin From Net: NetName=GND Pin=U5C-0
Removed Pin From Net: NetName=GND Pin=U5C-0
Removed Pin From Net: NetName=GND Pin=U5C-0
Removed Pin From Net: NetName=GND Pin=U5C-0
Removed Pin From Net: NetName=GND Pin=U5C-0
Removed Pin From Net: NetName=GND Pin=U5D-0
Removed Pin From Net: NetName=GND Pin=U5D-0
Removed Pin From Net: NetName=GND Pin=U5D-0
Removed Pin From Net: NetName=GND Pin=U5D-0
Removed Pin From Net: NetName=GND Pin=U5D-0
Removed Pin From Net: NetName=GND Pin=U5D-0
Added Pin To Net: NetName=E Pin=U1A-0
Added Pin To Net: NetName=E Pin=U1A-0
Added Pin To Net: NetName=E Pin=U1A-0
Added Pin To Net: NetName=E Pin=U1A-0
Added Pin To Net: NetName=E Pin=U1A-0
Added Pin To Net: NetName=E Pin=U1A-0
Added Pin To Net: NetName=E Pin=U1B-0
Added Pin To Net: NetName=E Pin=U1B-0
Added Pin To Net: NetName=E Pin=U1B-0
Added Pin To Net: NetName=E Pin=U1B-0
Added Pin To Net: NetName=E Pin=U1B-0
Added Pin To Net: NetName=E Pin=U1B-0
Added Pin To Net: NetName=E Pin=U1C-0
Added Pin To Net: NetName=E Pin=U1C-0
Added Pin To Net: NetName=E Pin=U1C-0
Added Pin To Net: NetName=E Pin=U1C-0
Added Pin To Net: NetName=E Pin=U1C-0
Added Pin To Net: NetName=E Pin=U1C-0
Added Pin To Net: NetName=E Pin=U1D-0
Added Pin To Net: NetName=E Pin=U1D-0
Added Pin To Net: NetName=E Pin=U1D-0
Added Pin To Net: NetName=E Pin=U1D-0
Added Pin To Net: NetName=E Pin=U1D-0
Added Pin To Net: NetName=E Pin=U1D-0
Added Pin To Net: NetName=E Pin=U4A-0
Added Pin To Net: NetName=E Pin=U4A-0
Added Pin To Net: NetName=E Pin=U4A-0
Added Pin To Net: NetName=E Pin=U4A-0
Added Pin To Net: NetName=E Pin=U4A-0
Added Pin To Net: NetName=E Pin=U4A-0
Added Pin To Net: NetName=E Pin=U4B-0
Added Pin To Net: NetName=E Pin=U4B-0
Added Pin To Net: NetName=E Pin=U4B-0
Added Pin To Net: NetName=E Pin=U4B-0
Added Pin To Net: NetName=E Pin=U4B-0
Added Pin To Net: NetName=E Pin=U4B-0
Added Pin To Net: NetName=E Pin=U4C-0
Added Pin To Net: NetName=E Pin=U4C-0
Added Pin To Net: NetName=E Pin=U4C-0
Added Pin To Net: NetName=E Pin=U4C-0
Added Pin To Net: NetName=E Pin=U4C-0
Added Pin To Net: NetName=E Pin=U4C-0
Added Pin To Net: NetName=E Pin=U4D-0
Added Pin To Net: NetName=E Pin=U4D-0
Added Pin To Net: NetName=E Pin=U4D-0
Added Pin To Net: NetName=E Pin=U4D-0
Added Pin To Net: NetName=E Pin=U4D-0
Added Pin To Net: NetName=E Pin=U4D-0
Added Pin To Net: NetName=E Pin=U5A-0
Added Pin To Net: NetName=E Pin=U5A-0
Added Pin To Net: NetName=E Pin=U5A-0
Added Pin To Net: NetName=E Pin=U5A-0
Added Pin To Net: NetName=E Pin=U5A-0
Added Pin To Net: NetName=E Pin=U5A-0
Added Pin To Net: NetName=E Pin=U5B-0
Added Pin To Net: NetName=E Pin=U5B-0
Added Pin To Net: NetName=E Pin=U5B-0
Added Pin To Net: NetName=E Pin=U5B-0
Added Pin To Net: NetName=E Pin=U5B-0
Added Pin To Net: NetName=E Pin=U5B-0
Added Pin To Net: NetName=E Pin=U5C-0
Added Pin To Net: NetName=E Pin=U5C-0
Added Pin To Net: NetName=E Pin=U5C-0
Added Pin To Net: NetName=E Pin=U5C-0
Added Pin To Net: NetName=E Pin=U5C-0
Added Pin To Net: NetName=E Pin=U5C-0
Added Pin To Net: NetName=E Pin=U5D-0
Added Pin To Net: NetName=E Pin=U5D-0
Added Pin To Net: NetName=E Pin=U5D-0
Added Pin To Net: NetName=E Pin=U5D-0
Added Pin To Net: NetName=E Pin=U5D-0
Added Pin To Net: NetName=E Pin=U5D-0
Added Net: Name=E
