Removed Parameter Note:Each set of VCCIO pins can be connected to 3.3V, 2.5V, 1.8V, or 1.5V. from Part U14
Removed Parameter Note:Each set of VCCIO pins can be connected to 3.3V, 2.5V, 1.8V, or 1.5V. from Part U14
Removed Parameter Note:Each set of VCCIO pins can be connected to 3.3V, 2.5V, 1.8V, or 1.5V. from Part U14
Removed Parameter Note:Each set of VCCIO pins can be connected to 3.3V, 2.5V, 1.8V, or 1.5V. from Part U14
Removed Parameter Note:Each set of VCCIO pins can be connected to 3.3V, 2.5V, 1.8V, or 1.5V. from Part U14
Added Parameter Arena Prefix=120 to Part C2
Added Parameter Arena Prefix=120 to Part C27
Added Parameter Arena Prefix=120 to Part C32
Added Parameter Arena Prefix=120 to Part C33
Added Parameter Arena Prefix=120 to Part C34
Added Parameter Arena Prefix=120 to Part C37
Added Parameter Arena Prefix=120 to Part C38
Added Parameter Arena Prefix=120 to Part C39
Added Parameter Arena Prefix=120 to Part C40
Added Parameter Arena Prefix=120 to Part C41
Added Parameter Arena Prefix=120 to Part C42
Added Parameter Arena Prefix=120 to Part C43
Added Parameter Arena Prefix=120 to Part C44
Added Parameter Arena Prefix=120 to Part C45
Added Parameter Arena Prefix=120 to Part C47
Added Parameter Arena Prefix=120 to Part C50
Added Parameter Arena Prefix=120 to Part C51
Added Parameter Arena Prefix=120 to Part C52
Added Parameter Arena Prefix=120 to Part C53
Added Parameter Arena Prefix=120 to Part C54
Added Parameter Arena Prefix=120 to Part C55
Added Parameter Arena Prefix=120 to Part C56
Added Parameter Arena Prefix=120 to Part C57
Added Parameter Arena Prefix=120 to Part C58
Added Parameter Arena Prefix=120 to Part C59
Added Parameter Arena Prefix=125 to Part J5
Added Parameter Arena Prefix=125 to Part J5
Added Parameter Arena Prefix=125 to Part J5
Added Parameter Arena Prefix=125 to Part J5
Added Parameter Arena Prefix=125 to Part J5
Added Parameter Arena Prefix=125 to Part P1
Added Parameter Arena Prefix=125 to Part P2
Added Parameter Arena Prefix=125 to Part P3
Added Parameter Arena Prefix=125 to Part TP11
Added Parameter Arena Prefix=125 to Part TP12
Added Parameter Arena Prefix=125 to Part TP13
Added Parameter Arena Prefix=125 to Part TP14
Added Parameter Arena Prefix=125 to Part TP15
Added Parameter Arena Prefix=125 to Part TP16
Added Parameter Arena Prefix=125 to Part TP17
Added Parameter Arena Prefix=125 to Part TP18
Added Parameter Arena Prefix=125 to Part TP25
Added Parameter Arena Prefix=125 to Part TP27
Added Parameter Arena Prefix=125 to Part TP28
Added Parameter Arena Prefix=125 to Part TP29
Added Parameter Arena Prefix=125 to Part TP30
Added Parameter Arena Prefix=125 to Part TP31
Added Parameter Arena Prefix=150 to Part U10
Added Parameter Arena Prefix=150 to Part U14
Added Parameter Arena Prefix=150 to Part U14
Added Parameter Arena Prefix=150 to Part U14
Added Parameter Arena Prefix=150 to Part U14
Added Parameter Arena Prefix=150 to Part U14
Added Parameter Arena Prefix=150 to Part U15
Added Parameter Arena Prefix=155 to Part L5
Added Parameter Arena Prefix=180 to Part R21
Added Parameter Arena Prefix=180 to Part RN1
Added Parameter Arena Prefix=195 to Part Q1
Added Parameter Arena Type=Capacitor to Part C2
Added Parameter Arena Type=Capacitor to Part C27
Added Parameter Arena Type=Capacitor to Part C32
Added Parameter Arena Type=Capacitor to Part C33
Added Parameter Arena Type=Capacitor to Part C34
Added Parameter Arena Type=Capacitor to Part C37
Added Parameter Arena Type=Capacitor to Part C38
Added Parameter Arena Type=Capacitor to Part C39
Added Parameter Arena Type=Capacitor to Part C40
Added Parameter Arena Type=Capacitor to Part C41
Added Parameter Arena Type=Capacitor to Part C42
Added Parameter Arena Type=Capacitor to Part C43
Added Parameter Arena Type=Capacitor to Part C44
Added Parameter Arena Type=Capacitor to Part C45
Added Parameter Arena Type=Capacitor to Part C47
Added Parameter Arena Type=Capacitor to Part C50
Added Parameter Arena Type=Capacitor to Part C51
Added Parameter Arena Type=Capacitor to Part C52
Added Parameter Arena Type=Capacitor to Part C53
Added Parameter Arena Type=Capacitor to Part C54
Added Parameter Arena Type=Capacitor to Part C55
Added Parameter Arena Type=Capacitor to Part C56
Added Parameter Arena Type=Capacitor to Part C57
Added Parameter Arena Type=Capacitor to Part C58
Added Parameter Arena Type=Capacitor to Part C59
Added Parameter Arena Type=Connector to Part J5
Added Parameter Arena Type=Connector to Part J5
Added Parameter Arena Type=Connector to Part J5
Added Parameter Arena Type=Connector to Part J5
Added Parameter Arena Type=Connector to Part J5
Added Parameter Arena Type=Connector to Part P1
Added Parameter Arena Type=Connector to Part P2
Added Parameter Arena Type=Connector to Part P3
Added Parameter Arena Type=Connector to Part TP11
Added Parameter Arena Type=Connector to Part TP12
Added Parameter Arena Type=Connector to Part TP13
Added Parameter Arena Type=Connector to Part TP14
Added Parameter Arena Type=Connector to Part TP15
Added Parameter Arena Type=Connector to Part TP16
Added Parameter Arena Type=Connector to Part TP17
Added Parameter Arena Type=Connector to Part TP18
Added Parameter Arena Type=Connector to Part TP25
Added Parameter Arena Type=Connector to Part TP27
Added Parameter Arena Type=Connector to Part TP28
Added Parameter Arena Type=Connector to Part TP29
Added Parameter Arena Type=Connector to Part TP30
Added Parameter Arena Type=Connector to Part TP31
Added Parameter Arena Type=IC to Part U10
Added Parameter Arena Type=IC to Part U14
Added Parameter Arena Type=IC to Part U14
Added Parameter Arena Type=IC to Part U14
Added Parameter Arena Type=IC to Part U14
Added Parameter Arena Type=IC to Part U14
Added Parameter Arena Type=IC to Part U15
Added Parameter Arena Type=Inductor to Part L5
Added Parameter Arena Type=Resistor to Part R21
Added Parameter Arena Type=Resistor to Part RN1
Added Parameter Arena Type=Transistor to Part Q1
