Added Component: Designator=D1(SMD_0805_LED)
Added Component: Designator=D2(SMD_0805_LED)
Added Component: Designator=D3(SMD_0805_LED)
Added Component: Designator=D4(SMD_0805_LED)
Added Component: Designator=D5(SMD_0805_LED)
Added Component: Designator=D6(SMD_0805_LED)
Added Component: Designator=R22(SMD_0805)
Added Component: Designator=R23(SMD_0805)
Added Component: Designator=R24(SMD_0805)
Added Component: Designator=R25(SMD_0805)
Added Component: Designator=R26(SMD_0805)
Added Component: Designator=R27(SMD_0805)
Added Component: Designator=SW1(SMD_DIP GULL WING 16PIN)
Added Pin To Net: NetName=-12V Pin=D1-CATH
Added Pin To Net: NetName=-5ANA Pin=D2-CATH
Added Pin To Net: NetName=+28V Pin=D3-ANOD
Added Pin To Net: NetName=+12V Pin=D4-ANOD
Added Pin To Net: NetName=+5ANA Pin=D5-ANOD
Added Pin To Net: NetName=VCC Pin=D6-ANOD
Added Pin To Net: NetName=A Pin=SW1-9
Added Pin To Net: NetName=A Pin=SW1-10
Added Pin To Net: NetName=A Pin=SW1-11
Added Pin To Net: NetName=A Pin=SW1-12
Added Pin To Net: NetName=A Pin=SW1-13
Added Pin To Net: NetName=GND Pin=SW1-14
Added Pin To Net: NetName=NetD1_ANOD Pin=D1-ANOD
Added Pin To Net: NetName=NetD1_ANOD Pin=R25-2
Added Net: Name=NetD1_ANOD
Added Pin To Net: NetName=NetD2_ANOD Pin=D2-ANOD
Added Pin To Net: NetName=NetD2_ANOD Pin=R26-2
Added Net: Name=NetD2_ANOD
Added Pin To Net: NetName=NetD3_CATH Pin=D3-CATH
Added Pin To Net: NetName=NetD3_CATH Pin=R22-2
Added Net: Name=NetD3_CATH
Added Pin To Net: NetName=NetD4_CATH Pin=D4-CATH
Added Pin To Net: NetName=NetD4_CATH Pin=R23-2
Added Net: Name=NetD4_CATH
Added Pin To Net: NetName=NetD5_CATH Pin=D5-CATH
Added Pin To Net: NetName=NetD5_CATH Pin=R24-2
Added Net: Name=NetD5_CATH
Added Pin To Net: NetName=NetD6_CATH Pin=D6-CATH
Added Pin To Net: NetName=NetD6_CATH Pin=R27-2
Added Net: Name=NetD6_CATH
Added Pin To Net: NetName=NetR22_1 Pin=R22-1
Added Pin To Net: NetName=NetR22_1 Pin=SW1-8
Added Net: Name=NetR22_1
Added Pin To Net: NetName=NetR23_1 Pin=R23-1
Added Pin To Net: NetName=NetR23_1 Pin=SW1-7
Added Net: Name=NetR23_1
Added Pin To Net: NetName=NetR24_1 Pin=R24-1
Added Pin To Net: NetName=NetR24_1 Pin=SW1-6
Added Net: Name=NetR24_1
Added Pin To Net: NetName=NetR25_1 Pin=R25-1
Added Pin To Net: NetName=NetR25_1 Pin=SW1-5
Added Net: Name=NetR25_1
Added Pin To Net: NetName=NetR26_1 Pin=R26-1
Added Pin To Net: NetName=NetR26_1 Pin=SW1-4
Added Net: Name=NetR26_1
Added Pin To Net: NetName=NetR27_1 Pin=R27-1
Added Pin To Net: NetName=NetR27_1 Pin=SW1-3
Added Net: Name=NetR27_1
Added Member To Class: ClassName=Analog Member=Component D1 LED SMD
Added Member To Class: ClassName=Analog Member=Component D2 LED SMD
Added Member To Class: ClassName=Analog Member=Component D3 LED SMD
Added Member To Class: ClassName=Analog Member=Component D4 LED SMD
Added Member To Class: ClassName=Analog Member=Component D5 LED SMD
Added Member To Class: ClassName=Analog Member=Component D6 LED SMD
Added Member To Class: ClassName=Analog Member=Component R22 Res SMD
Added Member To Class: ClassName=Analog Member=Component R23 Res SMD
Added Member To Class: ClassName=Analog Member=Component R24 Res SMD
Added Member To Class: ClassName=Analog Member=Component R25 Res SMD
Added Member To Class: ClassName=Analog Member=Component R26 Res SMD
Added Member To Class: ClassName=Analog Member=Component R27 Res SMD
Added Member To Class: ClassName=Analog Member=Component SW1 SW-SPST-8POS
