Removed Parameter Arena Prefix:120 from Part C7
Removed Parameter Arena Prefix:120 from Part C35
Removed Parameter Arena Prefix:120 from Part C36
Removed Parameter Arena Prefix:120 from Part C60
Removed Parameter Arena Prefix:120 from Part C61
Removed Parameter Arena Prefix:125 from Part TP8
Removed Parameter Arena Prefix:125 from Part TP19
Removed Parameter Arena Prefix:125 from Part TP20
Removed Parameter Arena Prefix:125 from Part TP21
Removed Parameter Arena Prefix:125 from Part TP22
Removed Parameter Arena Prefix:125 from Part TP23
Removed Parameter Arena Prefix:125 from Part TP24
Removed Parameter Arena Prefix:125 from Part TP26
Removed Parameter Arena Prefix:140 from Part D1
Removed Parameter Arena Prefix:140 from Part D2
Removed Parameter Arena Prefix:140 from Part D3
Removed Parameter Arena Prefix:140 from Part D4
Removed Parameter Arena Prefix:140 from Part D5
Removed Parameter Arena Prefix:140 from Part D6
Removed Parameter Arena Prefix:150 from Part U8
Removed Parameter Arena Prefix:150 from Part U9
Removed Parameter Arena Prefix:180 from Part R22
Removed Parameter Arena Prefix:180 from Part R23
Removed Parameter Arena Prefix:180 from Part R24
Removed Parameter Arena Prefix:180 from Part R25
Removed Parameter Arena Prefix:180 from Part R26
Removed Parameter Arena Prefix:180 from Part R27
Removed Parameter Arena Prefix:185 from Part SW1
Removed Parameter Arena Type:Capacitor from Part C7
Removed Parameter Arena Type:Capacitor from Part C35
Removed Parameter Arena Type:Capacitor from Part C36
Removed Parameter Arena Type:Capacitor from Part C60
Removed Parameter Arena Type:Capacitor from Part C61
Removed Parameter Arena Type:Connector from Part TP8
Removed Parameter Arena Type:Connector from Part TP19
Removed Parameter Arena Type:Connector from Part TP20
Removed Parameter Arena Type:Connector from Part TP21
Removed Parameter Arena Type:Connector from Part TP22
Removed Parameter Arena Type:Connector from Part TP23
Removed Parameter Arena Type:Connector from Part TP24
Removed Parameter Arena Type:Connector from Part TP26
Removed Parameter Arena Type:Diode from Part D1
Removed Parameter Arena Type:Diode from Part D2
Removed Parameter Arena Type:Diode from Part D3
Removed Parameter Arena Type:Diode from Part D4
Removed Parameter Arena Type:Diode from Part D5
Removed Parameter Arena Type:Diode from Part D6
Removed Parameter Arena Type:IC from Part U8
Removed Parameter Arena Type:IC from Part U9
Removed Parameter Arena Type:Resistor from Part R22
Removed Parameter Arena Type:Resistor from Part R23
Removed Parameter Arena Type:Resistor from Part R24
Removed Parameter Arena Type:Resistor from Part R25
Removed Parameter Arena Type:Resistor from Part R26
Removed Parameter Arena Type:Resistor from Part R27
Removed Parameter Arena Type:Switch from Part SW1
Added Parameter LCO p/n=120-00002 to Part C35
Added Parameter LCO p/n=120-00002 to Part C36
Added Parameter LCO p/n=120-00006 to Part C7
Added Parameter LCO p/n=120-00006 to Part C60
Added Parameter LCO p/n=120-00006 to Part C61
Added Parameter LCO p/n=125-00013 to Part TP8
Added Parameter LCO p/n=125-00013 to Part TP19
Added Parameter LCO p/n=125-00013 to Part TP20
Added Parameter LCO p/n=125-00013 to Part TP21
Added Parameter LCO p/n=125-00013 to Part TP22
Added Parameter LCO p/n=125-00013 to Part TP23
Added Parameter LCO p/n=125-00013 to Part TP24
Added Parameter LCO p/n=125-00013 to Part TP26
Added Parameter LCO p/n=140-00008 to Part D1
Added Parameter LCO p/n=140-00008 to Part D2
Added Parameter LCO p/n=140-00008 to Part D3
Added Parameter LCO p/n=140-00008 to Part D4
Added Parameter LCO p/n=140-00008 to Part D5
Added Parameter LCO p/n=140-00008 to Part D6
Added Parameter LCO p/n=150-00049 to Part U9
Added Parameter LCO p/n=150-00052 to Part U8
Added Parameter LCO p/n=181-01001 to Part R23
Added Parameter LCO p/n=181-01001 to Part R25
Added Parameter LCO p/n=181-01500 to Part R27
Added Parameter LCO p/n=181-02611 to Part R22
Added Parameter LCO p/n=181-03010 to Part R24
Added Parameter LCO p/n=181-03010 to Part R26
Added Parameter LCO p/n=185-00007 to Part SW1
