Removed Pin From Net: NetName=A+_AXIS4 Pin=P8-1
Removed Pin From Net: NetName=A+_AXIS4 Pin=P8-2
Removed Pin From Net: NetName=A+_AXIS4 Pin=P8-3
Removed Pin From Net: NetName=A+_AXIS4 Pin=P8-4
Removed Pin From Net: NetName=A-_AXIS4 Pin=P8-5
Removed Pin From Net: NetName=A-_AXIS4 Pin=P8-7
Removed Pin From Net: NetName=B+_AXIS4 Pin=P8-9
Removed Pin From Net: NetName=B+_AXIS4 Pin=P8-10
Removed Pin From Net: NetName=B+_AXIS4 Pin=P8-11
Removed Pin From Net: NetName=B+_AXIS4 Pin=P8-12
Removed Pin From Net: NetName=B-_AXIS4 Pin=P8-14
Removed Pin From Net: NetName=B-_AXIS4 Pin=P8-16
Added Pin To Net: NetName=B+_AXIS4 Pin=P8-1
Added Pin To Net: NetName=A-_AXIS4 Pin=P8-2
Added Pin To Net: NetName=B+_AXIS4 Pin=P8-3
Added Pin To Net: NetName=A-_AXIS4 Pin=P8-4
Added Pin To Net: NetName=B+_AXIS4 Pin=P8-5
Added Pin To Net: NetName=B+_AXIS4 Pin=P8-7
Added Pin To Net: NetName=B-_AXIS4 Pin=P8-9
Added Pin To Net: NetName=A+_AXIS4 Pin=P8-10
Added Pin To Net: NetName=B-_AXIS4 Pin=P8-11
Added Pin To Net: NetName=A+_AXIS4 Pin=P8-12
Added Pin To Net: NetName=A+_AXIS4 Pin=P8-14
Added Pin To Net: NetName=A+_AXIS4 Pin=P8-16
