Removed Parameter LatestRevisionDate:17-Jul-2002 from Part P4
Removed Parameter LatestRevisionNote:Re-released for DXP Platform. from Part P4
Removed Parameter Publisher:Altium Limited from Part P4
Removed Parameter To Do list: from Part U1
Added Parameter Arena Prefix= to Part P1
Added Parameter Arena Prefix= to Part P3
Added Parameter Arena Prefix= to Part P4
Added Parameter Arena Prefix= to Part P8
Added Parameter Arena Prefix= to Part P9
Added Parameter Arena Prefix= to Part U2
Added Parameter Arena Type= to Part P1
Added Parameter Arena Type= to Part P3
Added Parameter Arena Type= to Part P4
Added Parameter Arena Type= to Part P8
Added Parameter Arena Type= to Part P9
Added Parameter Arena Type= to Part U2
Added Parameter COST= to Part P1
Added Parameter COST= to Part P3
Added Parameter COST= to Part P4
Added Parameter COST= to Part P8
Added Parameter COST= to Part P9
Added Parameter COST= to Part U2
Added Parameter LCO p/n= to Part P1
Added Parameter LCO p/n= to Part P3
Added Parameter LCO p/n= to Part P4
Added Parameter LCO p/n= to Part P8
Added Parameter LCO p/n= to Part P9
Added Parameter LCO p/n= to Part U2
Added Parameter Manufacturer= to Part P1
Added Parameter Manufacturer= to Part P3
Added Parameter Manufacturer= to Part P4
Added Parameter Manufacturer= to Part P8
Added Parameter Manufacturer= to Part P9
Added Parameter Manufacturer= to Part U2
Added Parameter Manuf p/n= to Part P1
Added Parameter Manuf p/n= to Part P3
Added Parameter Manuf p/n= to Part P4
Added Parameter Manuf p/n= to Part P8
Added Parameter Manuf p/n= to Part P9
Added Parameter Manuf p/n= to Part U2
Added Parameter VALUE= to Part P1
Added Parameter VALUE= to Part P3
Added Parameter VALUE= to Part P4
Added Parameter VALUE= to Part P8
Added Parameter VALUE= to Part P9
Added Parameter VALUE= to Part U2
Added Parameter Vendor= to Part P1
Added Parameter Vendor= to Part P3
Added Parameter Vendor= to Part P4
Added Parameter Vendor= to Part P8
Added Parameter Vendor= to Part P9
Added Parameter Vendor= to Part U2
Added Parameter Vendor Mult.= to Part P1
Added Parameter Vendor Mult.= to Part P3
Added Parameter Vendor Mult.= to Part P4
Added Parameter Vendor Mult.= to Part P8
Added Parameter Vendor Mult.= to Part P9
Added Parameter Vendor Mult.= to Part U2
Added Parameter Vendor p/n= to Part P1
Added Parameter Vendor p/n= to Part P3
Added Parameter Vendor p/n= to Part P4
Added Parameter Vendor p/n= to Part P8
Added Parameter Vendor p/n= to Part P9
Added Parameter Vendor p/n= to Part U2
