Removed Pin From Net: NetName=VDD Pin=J1-1
Removed Pin From Net: NetName=GND Pin=J2-1
Removed Pin From Net: NetName=SG Pin=J3-1
Removed Pin From Net: NetName=TGB Pin=J4-1
Removed Pin From Net: NetName=P2B Pin=J5-1
Removed Pin From Net: NetName=P1B Pin=J6-1
Removed Pin From Net: NetName=P3B Pin=J7-1
Removed Pin From Net: NetName=P1A Pin=J8-1
Removed Pin From Net: NetName=P2A Pin=J9-1
Removed Pin From Net: NetName=TGA Pin=J10-1
Removed Pin From Net: NetName=A2OUT Pin=J11-1
Removed Pin From Net: NetName=VRD Pin=J12-1
Removed Pin From Net: NetName=RG Pin=J13-1
Removed Pin From Net: NetName=VOD Pin=J14-1
Removed Pin From Net: NetName=S2Q2 Pin=J15-1
Removed Pin From Net: NetName=S1Q2 Pin=J16-1
Removed Pin From Net: NetName=S3 Pin=J17-1
Removed Pin From Net: NetName=S1Q1 Pin=J18-1
Removed Pin From Net: NetName=S2Q1 Pin=J19-1
Removed Pin From Net: NetName=P3A Pin=J20-1
Removed Pin From Net: NetName=S1Q4 Pin=J21-1
Removed Pin From Net: NetName=S2Q4 Pin=J22-1
Removed Pin From Net: NetName=S2Q3 Pin=J23-1
Removed Pin From Net: NetName=S1Q3 Pin=J24-1
Removed Pin From Net: NetName=A4OUT Pin=J25-1
Removed Pin From Net: NetName=A3OUT Pin=J26-1
Removed Pin From Net: NetName=A1OUT Pin=J27-1
Added Pin To Net: NetName=A1OUT Pin=J1-1
Added Pin To Net: NetName=A4OUT Pin=J2-1
Added Pin To Net: NetName=A3OUT Pin=J3-1
Added Pin To Net: NetName=A2OUT Pin=J4-1
Added Pin To Net: NetName=S2Q1 Pin=J5-1
Added Pin To Net: NetName=S1Q1 Pin=J6-1
Added Pin To Net: NetName=S3 Pin=J7-1
Added Pin To Net: NetName=S1Q2 Pin=J8-1
Added Pin To Net: NetName=S2Q2 Pin=J9-1
Added Pin To Net: NetName=P3A Pin=J10-1
Added Pin To Net: NetName=S1Q4 Pin=J11-1
Added Pin To Net: NetName=S2Q3 Pin=J12-1
Added Pin To Net: NetName=S1Q3 Pin=J13-1
Added Pin To Net: NetName=S2Q4 Pin=J14-1
Added Pin To Net: NetName=VOD Pin=J15-1
Added Pin To Net: NetName=RG Pin=J16-1
Added Pin To Net: NetName=VRD Pin=J17-1
Added Pin To Net: NetName=GND Pin=J18-1
Added Pin To Net: NetName=VDD Pin=J19-1
Added Pin To Net: NetName=TGB Pin=J20-1
Added Pin To Net: NetName=SG Pin=J21-1
Added Pin To Net: NetName=P2B Pin=J22-1
Added Pin To Net: NetName=TGA Pin=J23-1
Added Pin To Net: NetName=P1B Pin=J24-1
Added Pin To Net: NetName=P2A Pin=J25-1
Added Pin To Net: NetName=P3B Pin=J26-1
Added Pin To Net: NetName=P1A Pin=J27-1
