###############################################################################
### Altium HDL Synthesizer 1.0.0.1
### Copyright (C) 2005, Altium Limited. All Rights Reserved
###############################################################################
### Timestamp: 9/17/2009 6:00:34 PM
###############################################################################
### Options:
###
### Synthesizing X_0 for CoolRunnerXPLA3
### Entity                  : X_0
### Verilog95               : False
### VHDL87                  : False
### Insert Toplevel Buffers : True
### RAM Inference           : Block

###############################################################################
### Compilation Report
###############################################################################

analyzing entity x_0_4_lambert_pld_project
analyzing architecture structure
###############################################################################
### Elaboration Report
###############################################################################

executing X_0_4_Lambert_PLD_Project(structure)

###############################################################################
### Synthesis Report
###############################################################################

##E|Could not find X_0 in design.

###############################################################################
Synthesis failed.
###############################################################################
