iMPACT Version: Mar  3 2009 08:28:25

iMPACT log file Started on Tue Sep 03 10:16:50 2013

Preference Table
Name                 Setting             
StartupClock         Auto_Correction     
AutoSignature        False               
KeepSVF              False               
ConcurrentMode       False               
UseHighz             False               
ConfigOnFailure      Stop                
UserLevel            Novice              
MessageLevel         Detailed            
svfUseTime           false               
SpiByteSwap          Auto_Correction     
'1': Loading file 'point4_lambert_pld_project_revc.jed' ...
done.
INFO:iMPACT:1777 - 
   Reading C:/Xilinx/11.1/ISE/xpla3/data/xcr3128xl.bsd...
INFO:iMPACT:501 - '1': Added Device xcr3128xl successfully.
----------------------------------------------------------------------
----------------------------------------------------------------------


'1': Erasing device...
'1': Erasure completed successfully.
Elapsed time =      0 sec.


'1': Programming device...
done.
'1': Programming completed successfully.
Elapsed time =      0 sec.
